Log file open, 01/14/19 19:41:15
LogWindows: Failed to load 'aqProf.dll' (GetLastError=126)
LogWindows: File 'aqProf.dll' does not exist
LogWindows: Failed to load 'VSPerf140.dll' (GetLastError=126)
LogWindows: File 'VSPerf140.dll' does not exist
LogWindows: Failed to load 'VtuneApi.dll' (GetLastError=126)
LogWindows: File 'VtuneApi.dll' does not exist
LogWindows: Failed to load 'VtuneApi32e.dll' (GetLastError=126)
LogWindows: File 'VtuneApi32e.dll' does not exist
LogInit: Display: Running engine for game: SP_Prototype
LogPlatformFile: Not using cached read wrapper
LogTaskGraph: Started task graph with 5 named threads and 23 total threads with 3 sets of task threads.
LogStats: Stats thread started at 0.295094
LogD3D11RHI: Loaded GFSDK_Aftermath_Lib.x64.dll
LogICUInternationalization: Display: ICU TimeZone Detection - Raw Offset: +0:00, Platform Override: ''
LogPluginManager: Mounting plugin Paper2D
LogPluginManager: Mounting plugin AISupport
LogPluginManager: Mounting plugin LightPropagationVolume
LogPluginManager: Mounting plugin CLionSourceCodeAccess
LogPluginManager: Mounting plugin CodeLiteSourceCodeAccess
LogPluginManager: Mounting plugin GitSourceControl
LogPluginManager: Mounting plugin KDevelopSourceCodeAccess
LogPluginManager: Mounting plugin NullSourceCodeAccess
LogPluginManager: Mounting plugin PerforceSourceControl
LogPluginManager: Mounting plugin SubversionSourceControl
LogPluginManager: Mounting plugin UObjectPlugin
LogPluginManager: Mounting plugin VisualStudioCodeSourceCodeAccess
LogPluginManager: Mounting plugin VisualStudioSourceCodeAccess
LogPluginManager: Mounting plugin XCodeSourceCodeAccess
LogPluginManager: Mounting plugin AssetManagerEditor
LogPluginManager: Mounting plugin CryptoKeys
LogPluginManager: Mounting plugin DataValidation
LogPluginManager: Mounting plugin FacialAnimation
LogPluginManager: Mounting plugin GameplayTagsEditor
LogPluginManager: Mounting plugin MacGraphicsSwitching
LogPluginManager: Mounting plugin MeshEditor
LogPluginManager: Mounting plugin MobileLauncherProfileWizard
LogPluginManager: Mounting plugin PluginBrowser
LogPluginManager: Mounting plugin SpeedTreeImporter
LogPluginManager: Mounting plugin DatasmithContent
LogPluginManager: Mounting plugin AlembicImporter
LogPluginManager: Mounting plugin AppleImageUtils
LogPluginManager: Mounting plugin AppleVision
LogPluginManager: Mounting plugin BackChannel
LogPluginManager: Mounting plugin CharacterAI
LogPluginManager: Mounting plugin GeometryCache
LogPluginManager: Mounting plugin HTML5Networking
LogPluginManager: Mounting plugin ProxyLODPlugin
LogPluginManager: Mounting plugin MagicLeap
LogPluginManager: Mounting plugin MagicLeapEmulator
LogPluginManager: Mounting plugin MagicLeapMedia
LogPluginManager: Mounting plugin AndroidMedia
LogPluginManager: Mounting plugin AvfMedia
LogPluginManager: Mounting plugin ImgMedia
LogPluginManager: Mounting plugin LinearTimecode
LogPluginManager: Mounting plugin MediaCompositing
LogPluginManager: Mounting plugin MediaPlayerEditor
LogPluginManager: Mounting plugin WmfMedia
LogPluginManager: Mounting plugin TcpMessaging
LogPluginManager: Mounting plugin UdpMessaging
LogPluginManager: Mounting plugin ActorSequence
LogPluginManager: Mounting plugin LevelSequenceEditor
LogPluginManager: Mounting plugin MatineeToLevelSequence
LogPluginManager: Mounting plugin NetcodeUnitTest
LogPluginManager: Mounting plugin NUTUnrealEngine4
LogPluginManager: Mounting plugin OnlineSubsystemGooglePlay
LogPluginManager: Mounting plugin OnlineSubsystemIOS
LogPluginManager: Mounting plugin OnlineSubsystem
LogPluginManager: Mounting plugin OnlineSubsystemNull
LogPluginManager: Mounting plugin OnlineSubsystemUtils
LogPluginManager: Mounting plugin LauncherChunkInstaller
LogPluginManager: Mounting plugin AndroidDeviceProfileSelector
LogPluginManager: Mounting plugin AndroidMoviePlayer
LogPluginManager: Mounting plugin AndroidPermission
LogPluginManager: Mounting plugin AppleMoviePlayer
LogPluginManager: Mounting plugin ArchVisCharacter
LogPluginManager: Mounting plugin AudioCapture
LogPluginManager: Mounting plugin CableComponent
LogPluginManager: Mounting plugin CustomMeshComponent
LogPluginManager: Mounting plugin EditableMesh
LogPluginManager: Mounting plugin ExampleDeviceProfileSelector
LogPluginManager: Mounting plugin GoogleCloudMessaging
LogPluginManager: Mounting plugin ImmediatePhysics
LogPluginManager: Mounting plugin IOSDeviceProfileSelector
LogPluginManager: Mounting plugin LinuxDeviceProfileSelector
LogPluginManager: Mounting plugin LocationServicesBPLibrary
LogPluginManager: Mounting plugin MobilePatchingUtils
LogPluginManager: Mounting plugin OculusVR
LogPluginManager: Plugin shader directory ../../../Engine/Plugins/Runtime/Oculus/OculusVR/Shaders found
LogPluginManager: Mapping shader source directory ../../../Engine/Plugins/Runtime/Oculus/OculusVR/Shaders to virtual directory /Plugin/OculusVR
LogPluginManager: Mounting plugin PhysXVehicles
LogPluginManager: Mounting plugin ProceduralMeshComponent
LogPluginManager: Mounting plugin RuntimePhysXCooking
LogPluginManager: Mounting plugin SteamVR
LogPluginManager: Mounting plugin WindowsMoviePlayer
LogStreaming: Display: Took  0.228s to configure plugins.
LogInit: Using libcurl 7.55.1-DEV
LogInit:  - built for x86_64-pc-win32
LogInit:  - supports SSL with OpenSSL/1.0.2h
LogInit:  - supports HTTP deflate (compression) using libz 1.2.8
LogInit:  - other features:
LogInit:      CURL_VERSION_SSL
LogInit:      CURL_VERSION_LIBZ
LogInit:      CURL_VERSION_IPV6
LogInit:      CURL_VERSION_ASYNCHDNS
LogInit:      CURL_VERSION_LARGEFILE
LogInit:      CURL_VERSION_IDN
LogInit:  CurlRequestOptions (configurable via config and command line):
LogInit:  - bVerifyPeer = false  - Libcurl will NOT verify peer certificate
LogInit:  - bUseHttpProxy = false  - Libcurl will NOT use HTTP proxy
LogInit:  - bDontReuseConnections = false  - Libcurl will reuse connections
LogInit:  - CertBundlePath = nullptr  - Libcurl will use whatever was configured at build time.
LogInit:  - MaxHostConnections = 16  - Libcurl will limit the number of connections to a host
LogInit:  - LocalHostAddr = Default
LogInit:  - BufferSize = 65536
LogInit: WinSock: version 1.1 (2.2), MaxSocks=32767, MaxUdp=65467
LogInit: Build: ++UE4+Release-4.20-CL-4369336
LogInit: Engine Version: 4.20.3-4369336+++UE4+Release-4.20
LogInit: Compatible Engine Version: 4.20.0-4212847+++UE4+Release-4.20
LogInit: Net CL: 4212847
LogInit: OS: Windows 10 (), CPU: Intel(R) Core(TM) i7-7700K CPU @ 4.20GHz, GPU: NVIDIA GeForce GTX 1070
LogInit: Compiled (64-bit): Sep 17 2018 12:26:19
LogInit: Compiled with Visual C++: 19.13.26129.00
LogInit: Build Configuration: Development
LogInit: Branch Name: ++UE4+Release-4.20
LogInit: Command Line:  
LogInit: Base Directory: C:/Program Files/Epic Games/UE_4.20/Engine/Binaries/Win64/
LogInit: Installed Engine Build: 1
LogDevObjectVersion: Number of dev versions registered: 20
LogDevObjectVersion:   Dev-Blueprints (B0D832E4-1F89-4F0D-ACCF-7EB736FD4AA2): 10
LogDevObjectVersion:   Dev-Build (E1C64328-A22C-4D53-A36C-8E866417BD8C): 0
LogDevObjectVersion:   Dev-Core (375EC13C-06E4-48FB-B500-84F0262A717E): 2
LogDevObjectVersion:   Dev-Editor (E4B068ED-F494-42E9-A231-DA0B2E46BB41): 24
LogDevObjectVersion:   Dev-Framework (CFFC743F-43B0-4480-9391-14DF171D2073): 34
LogDevObjectVersion:   Dev-Mobile (B02B49B5-BB20-44E9-A304-32B752E40360): 2
LogDevObjectVersion:   Dev-Networking (A4E4105C-59A1-49B5-A7C5-40C4547EDFEE): 0
LogDevObjectVersion:   Dev-Online (39C831C9-5AE6-47DC-9A44-9C173E1C8E7C): 0
LogDevObjectVersion:   Dev-Physics (78F01B33-EBEA-4F98-B9B4-84EACCB95AA2): 0
LogDevObjectVersion:   Dev-Platform (6631380F-2D4D-43E0-8009-CF276956A95A): 0
LogDevObjectVersion:   Dev-Rendering (12F88B9F-8875-4AFC-A67C-D90C383ABD29): 26
LogDevObjectVersion:   Dev-Sequencer (7B5AE74C-D270-4C10-A958-57980B212A5A): 9
LogDevObjectVersion:   Dev-VR (D7296918-1DD6-4BDD-9DE2-64A83CC13884): 2
LogDevObjectVersion:   Dev-LoadTimes (C2A15278-BFE7-4AFE-6C17-90FF531DF755): 1
LogDevObjectVersion:   Private-Geometry (6EACA3D4-40EC-4CC1-B786-8BED09428FC5): 3
LogDevObjectVersion:   Dev-AnimPhys (29E575DD-E0A3-4627-9D10-D276232CDCEA): 17
LogDevObjectVersion:   Dev-ReflectionCapture (6B266CEC-1EC7-4B8F-A30B-E4D90942FC07): 1
LogDevObjectVersion:   Dev-Automation (0DF73D61-A23F-47EA-B727-89E90C41499A): 1
LogDevObjectVersion:   FortniteMain (601D1886-AC64-4F84-AA16-D3DE0DEAC7D6): 12
LogDevObjectVersion:   Dev-Enterprise (9DFFBCD6-494F-0158-E221-12823C92A888): 1
LogStreaming: Display: Took  0.013s to delete old logs.
LogInit: Presizing for max 8388607 objects, including 0 objects not considered by GC, pre-allocating 0 bytes for permanent pool.
LogInit: Object subsystem initialized
[2019.01.14-19.41.16:356][  0]LogInit: Selected Device Profile: [Windows]
[2019.01.14-19.41.16:356][  0]LogInit: Applying CVar settings loaded from the selected device profile: [Windows]
[2019.01.14-19.41.16:402][  0]LogHAL: Display: Platform has ~ 8 GB [8516988928 / 8589934592 / 8], which maps to Default [LargestMinGB=32, LargerMinGB=12, DefaultMinGB=8, SmallerMinGB=6, SmallestMinGB=0)
[2019.01.14-19.41.16:404][  0]LogInit: Setting Device Profile CVar: [[r.Vulkan.UseRealUBs:1]]
[2019.01.14-19.41.16:404][  0]LogInit: Going up to parent DeviceProfile []
[2019.01.14-19.41.16:410][  0]LogInit: Computer: DESKTOP-Q1TNV3O
[2019.01.14-19.41.16:410][  0]LogInit: User: Aaron
[2019.01.14-19.41.16:410][  0]LogInit: CPU Page size=4096, Cores=4
[2019.01.14-19.41.16:410][  0]LogInit: High frequency timer resolution =10.000000 MHz
[2019.01.14-19.41.16:411][  0]LogMemory: Memory total: Physical=7.9GB (8GB approx)
[2019.01.14-19.41.16:411][  0]LogMemory: Platform Memory Stats for Windows
[2019.01.14-19.41.16:411][  0]LogMemory: Process Physical Memory: 101.02 MB used, 101.02 MB peak
[2019.01.14-19.41.16:411][  0]LogMemory: Process Virtual Memory: 89.16 MB used, 89.16 MB peak
[2019.01.14-19.41.16:411][  0]LogMemory: Physical Memory: 7051.12 MB used,  1071.32 MB free, 8122.43 MB total
[2019.01.14-19.41.16:411][  0]LogMemory: Virtual Memory: 4640.80 MB used,  1071.32 MB free, 134217728.00 MB total
[2019.01.14-19.41.16:583][  0]LogInit: Using OS detected language (en-US).
[2019.01.14-19.41.16:583][  0]LogInit: Using OS detected locale (en-GB).
[2019.01.14-19.41.16:586][  0]LogTextLocalizationManager: No specific localization for 'en-US' exists, so the 'en' localization will be used.
[2019.01.14-19.41.16:942][  0]LogStreaming: Display: Took  0.359s to InitEngineTextLocalization.
[2019.01.14-19.41.16:943][  0]LogInit: Setting process to per monitor DPI aware
[2019.01.14-19.41.17:058][  0]LogSlate: New Slate User Created.  User Index 0, Is Virtual User: 0
[2019.01.14-19.41.17:059][  0]LogSlate: Slate User Registered.  User Index 0, Is Virtual User: 0
[2019.01.14-19.41.19:387][  0]LogHMD: Failed to initialize OpenVR with code 110
[2019.01.14-19.41.19:387][  0]LogD3D11RHI: D3D11 adapters:
[2019.01.14-19.41.19:462][  0]LogD3D11RHI:    0. 'NVIDIA GeForce GTX 1070' (Feature Level 11_0)
[2019.01.14-19.41.19:462][  0]LogD3D11RHI:       8088/0/4061 MB DedicatedVideo/DedicatedSystem/SharedSystem, Outputs:2, VendorId:0x10de
[2019.01.14-19.41.19:464][  0]LogD3D11RHI:    1. 'Microsoft Basic Render Driver' (Feature Level 11_0)
[2019.01.14-19.41.19:464][  0]LogD3D11RHI:       0/0/4061 MB DedicatedVideo/DedicatedSystem/SharedSystem, Outputs:0, VendorId:0x1414
[2019.01.14-19.41.19:464][  0]LogD3D11RHI: Chosen D3D11 Adapter: 0
[2019.01.14-19.41.19:473][  0]LogD3D11RHI: Creating new Direct3DDevice
[2019.01.14-19.41.19:473][  0]LogD3D11RHI:     GPU DeviceId: 0x1b81 (for the marketing name, search the web for "GPU Device Id")
[2019.01.14-19.41.19:473][  0]LogWindows: EnumDisplayDevices:
[2019.01.14-19.41.19:473][  0]LogWindows:    0. 'NVIDIA GeForce GTX 1070' (P:0 D:1)
[2019.01.14-19.41.19:473][  0]LogWindows:    1. 'NVIDIA GeForce GTX 1070' (P:1 D:1)
[2019.01.14-19.41.19:474][  0]LogWindows:    2. 'NVIDIA GeForce GTX 1070' (P:0 D:0)
[2019.01.14-19.41.19:474][  0]LogWindows:    3. 'NVIDIA GeForce GTX 1070' (P:0 D:0)
[2019.01.14-19.41.19:474][  0]LogWindows: DebugString: FoundDriverCount:4 
[2019.01.14-19.41.19:474][  0]LogD3D11RHI:     Adapter Name: NVIDIA GeForce GTX 1070
[2019.01.14-19.41.19:476][  0]LogD3D11RHI:   Driver Version: 391.35 (internal:23.21.13.9135, unified:391.35)
[2019.01.14-19.41.19:476][  0]LogD3D11RHI:      Driver Date: 3-23-2018
[2019.01.14-19.41.19:476][  0]LogRHI: Texture pool is 5661 MB (70% of 8088 MB)
[2019.01.14-19.41.19:519][  0]LogD3D11RHI: Async texture creation enabled
[2019.01.14-19.41.19:575][  0]LogD3D11RHI: GPU Timing Frequency: 1000.000000 (Debug: 2 2)
[2019.01.14-19.41.19:582][  0]LogShaderCompilers: Guid format shader working directory is 11 characters bigger than the processId version (A:/test/SCollab-Proto/SP_Prototype/Intermediate/Shaders/WorkingDirectory/25412/).
[2019.01.14-19.41.19:582][  0]LogShaderCompilers: Cleaned the shader compiler working directory 'C:/Users/Aaron/AppData/Local/Temp/UnrealShaderWorkingDir/AA20B3944E9AF3FB91D4F48CB2A9BB08/'.
[2019.01.14-19.41.19:816][  0]LogTemp: Display: Loaded TP AllDesktopTargetPlatform
[2019.01.14-19.41.19:828][  0]LogTemp: Display: Loaded TP MacClientTargetPlatform
[2019.01.14-19.41.19:839][  0]LogTemp: Display: Loaded TP MacNoEditorTargetPlatform
[2019.01.14-19.41.19:850][  0]LogTemp: Display: Loaded TP MacServerTargetPlatform
[2019.01.14-19.41.19:866][  0]LogTemp: Display: Loaded TP MacTargetPlatform
[2019.01.14-19.41.19:878][  0]LogTemp: Display: Loaded TP WindowsClientTargetPlatform
[2019.01.14-19.41.19:890][  0]LogTemp: Display: Loaded TP WindowsNoEditorTargetPlatform
[2019.01.14-19.41.19:901][  0]LogTemp: Display: Loaded TP WindowsServerTargetPlatform
[2019.01.14-19.41.19:908][  0]LogTemp: Display: Loaded TP WindowsTargetPlatform
[2019.01.14-19.41.19:974][  0]LogTemp: Display: Loaded TP AndroidTargetPlatform
[2019.01.14-19.41.19:974][  0]LogTemp: Display: Loaded TP AndroidTargetPlatform
[2019.01.14-19.41.19:974][  0]LogTemp: Display: Loaded TP AndroidTargetPlatform
[2019.01.14-19.41.19:974][  0]LogTemp: Display: Loaded TP AndroidTargetPlatform
[2019.01.14-19.41.19:974][  0]LogTemp: Display: Loaded TP AndroidTargetPlatform
[2019.01.14-19.41.19:974][  0]LogTemp: Display: Loaded TP AndroidTargetPlatform
[2019.01.14-19.41.19:974][  0]LogTemp: Display: Loaded TP AndroidTargetPlatform
[2019.01.14-19.41.19:974][  0]LogTemp: Display: Loaded TP AndroidTargetPlatform
[2019.01.14-19.41.19:974][  0]LogTemp: Display: Loaded TP AndroidTargetPlatform
[2019.01.14-19.41.19:974][  0]LogTemp: Display: Loaded TP AndroidTargetPlatform
[2019.01.14-19.41.19:974][  0]LogTemp: Display: Loaded TP AndroidTargetPlatform
[2019.01.14-19.41.19:974][  0]LogTemp: Display: Loaded TP AndroidTargetPlatform
[2019.01.14-19.41.19:974][  0]LogTemp: Display: Loaded TP AndroidTargetPlatform
[2019.01.14-19.41.19:974][  0]LogTemp: Display: Loaded TP AndroidTargetPlatform
[2019.01.14-19.41.19:974][  0]LogTemp: Display: Loaded TP AndroidTargetPlatform
[2019.01.14-19.41.19:974][  0]LogTemp: Display: Loaded TP AndroidTargetPlatform
[2019.01.14-19.41.19:974][  0]LogTemp: Display: Loaded TP AndroidTargetPlatform
[2019.01.14-19.41.19:974][  0]LogTemp: Display: Loaded TP AndroidTargetPlatform
[2019.01.14-19.41.19:977][  0]LogTemp: Display: Loaded TP HTML5TargetPlatform
[2019.01.14-19.41.20:042][  0]LogTemp: Display: Loaded TP IOSTargetPlatform
[2019.01.14-19.41.20:042][  0]LogTemp: Display: Loaded TP IOSTargetPlatform
[2019.01.14-19.41.20:061][  0]LogTemp: Display: Loaded TP TVOSTargetPlatform
[2019.01.14-19.41.20:061][  0]LogTemp: Display: Loaded TP TVOSTargetPlatform
[2019.01.14-19.41.20:073][  0]LogTemp: Display: Loaded TP LinuxClientTargetPlatform
[2019.01.14-19.41.20:084][  0]LogTemp: Display: Loaded TP LinuxNoEditorTargetPlatform
[2019.01.14-19.41.20:095][  0]LogTemp: Display: Loaded TP LinuxServerTargetPlatform
[2019.01.14-19.41.20:112][  0]LogTemp: Display: Loaded TP LinuxTargetPlatform
[2019.01.14-19.41.20:120][  0]LogTemp: Display: Loaded TP LuminTargetPlatform
[2019.01.14-19.41.20:120][  0]LogTargetPlatformManager: Display: Building Assets For Windows
[2019.01.14-19.41.20:232][  0]LogXGEController: Cleaning working directory: C:/Users/Aaron/AppData/Local/Temp/UnrealXGEWorkingDir/
[2019.01.14-19.41.20:232][  0]LogXGEController: Cannot use XGE Controller as Incredibuild is not installed on this machine.
[2019.01.14-19.41.20:232][  0]LogShaderCompilers: Cannot use XGE Shader Compiler as Incredibuild is not installed on this machine.
[2019.01.14-19.41.20:232][  0]LogShaderCompilers: Display: Using Local Shader Compiler.
[2019.01.14-19.41.21:772][  0]LogDerivedDataCache: Display: Max Cache Size: 512 MB
[2019.01.14-19.41.21:996][  0]LogDerivedDataCache: Loaded boot cache 0.22s 71MB C:/Users/Aaron/AppData/Local/UnrealEngine/4.20/DerivedDataCache/Boot.ddc.
[2019.01.14-19.41.21:996][  0]LogDerivedDataCache: Display: Loaded Boot cache: C:/Users/Aaron/AppData/Local/UnrealEngine/4.20/DerivedDataCache/Boot.ddc
[2019.01.14-19.41.21:997][  0]LogDerivedDataCache: FDerivedDataBackendGraph:  Pak pak cache file A:/test/SCollab-Proto/SP_Prototype/DerivedDataCache/DDC.ddp not found, will not use a pak cache.
[2019.01.14-19.41.21:997][  0]LogDerivedDataCache: Unable to find inner node Pak for hierarchical cache Hierarchy.
[2019.01.14-19.41.21:997][  0]LogDerivedDataCache: FDerivedDataBackendGraph:  CompressedPak pak cache file A:/test/SCollab-Proto/SP_Prototype/DerivedDataCache/Compressed.ddp not found, will not use a pak cache.
[2019.01.14-19.41.21:997][  0]LogDerivedDataCache: Unable to find inner node CompressedPak for hierarchical cache Hierarchy.
[2019.01.14-19.41.22:013][  0]LogDerivedDataCache: Display: Pak cache opened for reading ../../../Engine/DerivedDataCache/Compressed.ddp.
[2019.01.14-19.41.22:025][  0]LogDerivedDataCache: Using Local data cache path C:/Users/Aaron/AppData/Local/UnrealEngine/Common/DerivedDataCache: Writable
[2019.01.14-19.41.22:025][  0]LogDerivedDataCache: Shared data cache path not found in *engine.ini, will not use an Shared cache.
[2019.01.14-19.41.22:025][  0]LogDerivedDataCache: Unable to find inner node Shared for hierarchical cache Hierarchy.
[2019.01.14-19.41.22:042][  0]LogMaterial: Verifying Global Shaders for PCD3D_SM5
[2019.01.14-19.41.22:047][  0]LogSlate: Using FreeType 2.6.0
[2019.01.14-19.41.22:062][  0]LogSlate: SlateFontServices - WITH_FREETYPE: 1, WITH_HARFBUZZ: 1
[2019.01.14-19.41.22:263][  0]LogAssetRegistry: FAssetRegistry took 0.0286 seconds to start up
[2019.01.14-19.41.22:655][  0]LogInit: Selected Device Profile: [Windows]
[2019.01.14-19.41.22:929][  0]LogSimplygon: Simplygon DLL not present - disabling.
[2019.01.14-19.41.22:945][  0]LogMeshReduction: Using SimplygonSwarm for distributed automatic mesh merging
[2019.01.14-19.41.22:945][  0]LogMeshReduction: Using ProxyLODMeshReduction for automatic mesh merging
[2019.01.14-19.41.22:946][  0]LogMeshReduction: Using QuadricMeshReduction for automatic static mesh reduction
[2019.01.14-19.41.22:946][  0]LogMeshReduction: No automatic skeletal mesh reduction module available
[2019.01.14-19.41.22:998][  0]LogNetVersion: SP_Prototype 1.0.0, NetCL: 4212847, EngineNetVer: 5, GameNetVer: 0 (Checksum: 1960140471)
[2019.01.14-19.41.23:187][  0]LogNavigation: Error: [/Script/Engine.RecastNavMesh] found in the DefaultEngine.ini file. This class has been moved. Please rename that section to [/Script/NavigationSystem.RecastNavMesh]
[2019.01.14-19.41.24:128][  0]LogPackageLocalizationCache: Processed 11 localized package path(s) for 2 prioritized culture(s) in 0.108413 seconds
[2019.01.14-19.41.24:135][  0]LogUObjectArray: 38425 objects as part of root set at end of initial load.
[2019.01.14-19.41.24:135][  0]LogUObjectAllocator: 6690864 out of 0 bytes used by permanent object pool.
[2019.01.14-19.41.24:135][  0]LogUObjectArray: CloseDisregardForGC: 0/0 objects in disregard for GC pool
[2019.01.14-19.41.26:611][  0]LogTcpMessaging: Initializing TcpMessaging bridge
[2019.01.14-19.41.26:626][  0]LogUdpMessaging: Initializing bridge on interface 0.0.0.0:0 to multicast group 230.0.0.1:6666.
[2019.01.14-19.41.26:908][  0]SourceControl: Source control is disabled
[2019.01.14-19.41.27:790][  0]LogAndroidPermission: UAndroidPermissionCallbackProxy::GetInstance
[2019.01.14-19.41.27:853][  0]LogOcInput: OculusInput pre-init called
[2019.01.14-19.41.27:972][  0]LogEngine: Initializing Engine...
[2019.01.14-19.41.27:977][  0]LogHMD: Failed to initialize OpenVR with code 110
[2019.01.14-19.41.27:981][  0]LogStats: UGameplayTagsManager::ConstructGameplayTagTree: ImportINI prefixes -  0.000 s
[2019.01.14-19.41.27:981][  0]LogStats: UGameplayTagsManager::ConstructGameplayTagTree: Construct from data asset -  0.000 s
[2019.01.14-19.41.27:981][  0]LogStats: UGameplayTagsManager::ConstructGameplayTagTree: ImportINI -  0.000 s
[2019.01.14-19.41.27:981][  0]LogStats: UGameplayTagsManager::ConstructGameplayTagTree: GameplayTagTreeChangedEvent.Broadcast -  0.000 s
[2019.01.14-19.41.28:291][  0]LogInit: Initializing FReadOnlyCVARCache
[2019.01.14-19.41.28:352][  0]LogAIModule: Creating AISystem for world Untitled
[2019.01.14-19.41.28:398][  0]LogInit: XAudio2 using 'Speakers (Realtek High Definition Audio)' : 2 channels at 48 kHz using 16 bits per sample (channel mask 0x3)
[2019.01.14-19.41.28:448][  0]LogInit: FAudioDevice initialized.
[2019.01.14-19.41.28:450][  0]LogNetVersion: Set ProjectVersion to 1.0.0.0. Version Checksum will be recalculated on next use.
[2019.01.14-19.41.28:513][  0]LogDerivedDataCache: Saved boot cache 0.06s 71MB C:/Users/Aaron/AppData/Local/UnrealEngine/4.20/DerivedDataCache/Boot.ddc.
[2019.01.14-19.41.28:522][  0]LogInit: Texture streaming: Enabled
[2019.01.14-19.41.28:588][  0]LogEngineSessionManager: EngineSessionManager initialized
[2019.01.14-19.41.28:662][  0]LogInit: Transaction tracking system initialized
[2019.01.14-19.41.28:714][  0]BlueprintLog: New page: Editor Load
[2019.01.14-19.41.28:899][  0]LocalizationService: Localization service is disabled
[2019.01.14-19.41.29:429][  0]LogCook: Display: Max memory allowance for cook 16384mb min free memory 0mb
[2019.01.14-19.41.29:429][  0]LogCook: Display: Mobile HDR setting 1
[2019.01.14-19.41.29:430][  0]LogGameplayTags: Display: UGameplayTagsManager::DoneAddingNativeTags. DelegateIsBound: 0
[2019.01.14-19.41.29:430][  0]LogStats: UGameplayTagsManager::ConstructGameplayTagTree: ImportINI prefixes -  0.000 s
[2019.01.14-19.41.29:430][  0]LogStats: UGameplayTagsManager::ConstructGameplayTagTree: Construct from data asset -  0.000 s
[2019.01.14-19.41.29:430][  0]LogStats: UGameplayTagsManager::ConstructGameplayTagTree: ImportINI -  0.000 s
[2019.01.14-19.41.29:430][  0]LogStats: UGameplayTagsManager::ConstructGameplayTagTree: GameplayTagTreeChangedEvent.Broadcast -  0.000 s
[2019.01.14-19.41.29:704][  0]LogFileCache: Scanning file cache for directory 'A:/test/SCollab-Proto/SP_Prototype/Content/' took 0.02s
[2019.01.14-19.41.29:704][  0]Cmd: MAP LOAD FILE="A:/test/SCollab-Proto/SP_Prototype/Content/TopDownBP/Maps/TopDownExampleMap.umap" TEMPLATE=0 SHOWPROGRESS=1 FEATURELEVEL=3
[2019.01.14-19.41.29:738][  0]LightingResults: New page: Lighting Build
[2019.01.14-19.41.29:754][  0]MapCheck: New page: Map Check
[2019.01.14-19.41.29:754][  0]LightingResults: New page: Lighting Build
[2019.01.14-19.41.31:119][  0]LogAIModule: Creating AISystem for world TopDownExampleMap
[2019.01.14-19.41.31:176][  0]LogEditorServer: Finished looking for orphan Actors (0.000 secs)
[2019.01.14-19.41.31:205][  0]Cmd: MAP CHECKDEP NOCLEARLOG
[2019.01.14-19.41.31:266][  0]MapCheck: Map check complete: 0 Error(s), 0 Warning(s), took 60.479ms to complete.
[2019.01.14-19.41.31:266][  0]LogFileHelpers: Loading map 'TopDownExampleMap' took 1.563
[2019.01.14-19.41.31:438][  0]LogSlate: Updating window title bar state: overlay mode, drag disabled, window buttons hidden, title bar hidden
[2019.01.14-19.41.31:446][  0]LogSlate: Updating window title bar state: overlay mode, drag disabled, window buttons hidden, title bar hidden
[2019.01.14-19.41.31:451][  0]LogSlate: Updating window title bar state: overlay mode, drag disabled, window buttons hidden, title bar hidden
[2019.01.14-19.41.31:459][  0]LogSlate: Updating window title bar state: overlay mode, drag disabled, window buttons hidden, title bar hidden
[2019.01.14-19.41.31:481][  0]LogCollectionManager: Loaded 0 collections in 0.001591 seconds
[2019.01.14-19.41.31:541][  0]LogFileCache: Scanning file cache for directory 'A:/test/SCollab-Proto/SP_Prototype/Saved/Collections/' took 0.01s
[2019.01.14-19.41.31:541][  0]LogFileCache: Scanning file cache for directory 'A:/test/SCollab-Proto/SP_Prototype/Content/Developers/Aaron/Collections/' took 0.01s
[2019.01.14-19.41.31:541][  0]LogFileCache: Scanning file cache for directory 'A:/test/SCollab-Proto/SP_Prototype/Content/Collections/' took 0.01s
[2019.01.14-19.41.31:541][  0]LogCollectionManager: Rebuilt the GUID cache for 0 collections in 0.000000 seconds
[2019.01.14-19.41.31:551][  0]LogContentBrowser: Native class hierarchy populated in 0.0080 seconds. Added 2572 classes and 603 folders.
[2019.01.14-19.41.31:564][  0]LogContentBrowser: Native class hierarchy updated for 'WidgetCarousel' in 0.0002 seconds. Added 0 classes and 0 folders.
[2019.01.14-19.41.31:907][  0]LogContentBrowser: Native class hierarchy updated for 'AddContentDialog' in 0.0003 seconds. Added 0 classes and 0 folders.
[2019.01.14-19.41.31:918][  0]LogContentBrowser: Native class hierarchy updated for 'SceneOutliner' in 0.0003 seconds. Added 1 classes and 2 folders.
[2019.01.14-19.41.32:084][  0]LogSlate: Took 0.004765 seconds to synchronously load lazily loaded font '../../../Engine/Content/Slate/Fonts/Roboto-Regular.ttf' (155K)
[2019.01.14-19.41.32:092][  0]LogSlate: Took 0.004066 seconds to synchronously load lazily loaded font '../../../Engine/Content/Slate/Fonts/Roboto-Bold.ttf' (160K)
[2019.01.14-19.41.32:104][  0]LogSlate: Took 0.003996 seconds to synchronously load lazily loaded font '../../../Engine/Content/Editor/Slate/Fonts/FontAwesome.ttf' (139K)
[2019.01.14-19.41.32:240][  0]LogRenderer: Reallocating scene render targets to support 1240x572 Format 10 NumSamples 1 (Frame:1).
[2019.01.14-19.41.32:476][  0]LogContentBrowser: Native class hierarchy updated for 'HierarchicalLODOutliner' in 0.0003 seconds. Added 0 classes and 0 folders.
[2019.01.14-19.41.32:476][  0]LogLoad: (Engine Initialization) Total time: 20.25 seconds
[2019.01.14-19.41.32:476][  0]LogLoad: (Engine Initialization) Total Blueprint compile time: 0.00 seconds
[2019.01.14-19.41.32:524][  0]LogContentStreaming: Texture pool size now 1000 MB
[2019.01.14-19.41.32:568][  0]LogSlate: Took 0.004318 seconds to synchronously load lazily loaded font '../../../Engine/Content/Slate/Fonts/Roboto-Light.ttf' (167K)
[2019.01.14-19.41.32:617][  1]LogAssetRegistry: Asset discovery search completed in 10.3785 seconds
[2019.01.14-19.41.32:619][  1]LogCollectionManager: Rebuilt the object cache for 0 collections in 0.000000 seconds (found 0 objects)
[2019.01.14-19.41.32:619][  1]LogCollectionManager: Fixed up redirectors for 0 collections in 0.000571 seconds (updated 0 objects)
[2019.01.14-19.41.59:234][161]LogSlate: FSceneViewport::OnFocusLost() reason 0
[2019.01.14-19.42.02:476][548]LogSlate: Took 0.000148 seconds to synchronously load lazily loaded font '../../../Engine/Content/Slate/Fonts/Roboto-Light.ttf' (167K)
[2019.01.14-19.42.06:065][548]LogAIModule: Creating AISystem for world BlockOut
[2019.01.14-19.42.06:144][548]LogAssetEditorManager: Opening Asset editor for World /Game/Levels/BlockOut.BlockOut
[2019.01.14-19.42.06:169][548]Cmd: MAP LOAD FILE="A:/test/SCollab-Proto/SP_Prototype/Content/Levels/BlockOut.umap" TEMPLATE=0 SHOWPROGRESS=1 FEATURELEVEL=3
[2019.01.14-19.42.06:169][548]LightingResults: New page: Lighting Build
[2019.01.14-19.42.06:170][548]LoadErrors: New page: Loading map: BlockOut.umap
[2019.01.14-19.42.06:175][548]MapCheck: New page: Map Check
[2019.01.14-19.42.06:175][548]LightingResults: New page: Lighting Build
[2019.01.14-19.42.06:307][548]LogEditorServer: Finished looking for orphan Actors (0.000 secs)
[2019.01.14-19.42.06:354][548]Cmd: MAP CHECKDEP NOCLEARLOG
[2019.01.14-19.42.06:434][548]MapCheck: Map check complete: 0 Error(s), 0 Warning(s), took 80.287ms to complete.
[2019.01.14-19.42.06:434][548]LogFileHelpers: Loading map 'BlockOut' took 0.267
[2019.01.14-19.42.37:115][664]LogFactory: FactoryCreateFile: StaticMesh with FbxFactory (0 0 E:\Collab\jack noyce\14-01-19\Ladder-jack-14-01-19\Ladder\Ladder-jack-14-01-19.FBX)
[2019.01.14-19.42.37:147][664]LogFbx: Loading FBX Scene from E:\Collab\jack noyce\14-01-19\Ladder-jack-14-01-19\Ladder\Ladder-jack-14-01-19.FBX
[2019.01.14-19.42.37:155][664]LogFbx: FBX Scene Loaded Succesfully
[2019.01.14-19.42.38:511][664]LogSlate: Window 'FBX Import Options' being destroyed
[2019.01.14-19.42.38:656][664]LogFbx: Warning: Triangulating static mesh Ladder001
[2019.01.14-19.42.38:678][664]LogStaticMesh: Building static mesh Ladder-jack-14-01-19...
[2019.01.14-19.42.38:691][664]LogStaticMesh: Built static mesh [0.01s] /Game/Models/Jack/Ladder-jack-14-01-19.Ladder-jack-14-01-19
[2019.01.14-19.42.43:057][ 73]LogSlate: FSceneViewport::OnFocusLost() reason 0
[2019.01.14-19.42.43:195][ 87]LogActorFactory: Actor Factory created Ladder-jack-14-01-19
[2019.01.14-19.42.43:869][148]LogActorFactory: Actor Factory created Ladder-jack-14-01-19
[2019.01.14-19.43.26:623][864]LogSlate: FSceneViewport::OnFocusLost() reason 0
[2019.01.14-19.43.28:034][ 25]LogEditorFactories: Performing atomic reimport of [E:/Collab/jack noyce/14-01-19/Ladder-jack-14-01-19/Ladder/Ladder-jack-14-01-19.FBX]
[2019.01.14-19.43.28:054][ 25]LogFbx: Loading FBX Scene from E:/Collab/jack noyce/14-01-19/Ladder-jack-14-01-19/Ladder/Ladder-jack-14-01-19.FBX
[2019.01.14-19.43.28:058][ 25]LogFbx: FBX Scene Loaded Succesfully
[2019.01.14-19.43.28:062][ 25]LogFbx: Warning: Triangulating static mesh Ladder001
[2019.01.14-19.43.28:080][ 25]LogStaticMesh: Building static mesh Ladder-jack-14-01-19...
[2019.01.14-19.43.28:089][ 25]LogStaticMesh: Built static mesh [0.01s] /Game/Models/Jack/Ladder-jack-14-01-19.Ladder-jack-14-01-19
[2019.01.14-19.43.28:100][ 25]LogEditorFactories: -- imported successfully
[2019.01.14-19.43.41:969][583]LogEditorFactories: Performing atomic reimport of [E:/Collab/jack noyce/14-01-19/Ladder-jack-14-01-19/Ladder/Ladder-jack-14-01-19.FBX]
[2019.01.14-19.43.41:987][583]LogFbx: Loading FBX Scene from E:/Collab/jack noyce/14-01-19/Ladder-jack-14-01-19/Ladder/Ladder-jack-14-01-19.FBX
[2019.01.14-19.43.41:992][583]LogFbx: FBX Scene Loaded Succesfully
[2019.01.14-19.43.41:993][583]LogFbx: Warning: Triangulating static mesh Ladder001
[2019.01.14-19.43.42:013][583]LogStaticMesh: Building static mesh Ladder-jack-14-01-19...
[2019.01.14-19.43.42:021][583]LogStaticMesh: Built static mesh [0.01s] /Game/Models/Jack/Ladder-jack-14-01-19.Ladder-jack-14-01-19
[2019.01.14-19.43.42:030][583]LogEditorFactories: -- imported successfully
[2019.01.14-19.43.54:417][942]LogSlate: FSceneViewport::OnFocusLost() reason 2
[2019.01.14-19.43.56:406][141]LogEditorFactories: Performing atomic reimport of [E:/Collab/jack noyce/14-01-19/Ladder-jack-14-01-19/Ladder/Ladder-jack-14-01-19.FBX]
[2019.01.14-19.43.56:425][141]LogFbx: Loading FBX Scene from E:/Collab/jack noyce/14-01-19/Ladder-jack-14-01-19/Ladder/Ladder-jack-14-01-19.FBX
[2019.01.14-19.43.56:429][141]LogFbx: FBX Scene Loaded Succesfully
[2019.01.14-19.43.56:430][141]LogFbx: Warning: Triangulating static mesh Ladder001
[2019.01.14-19.43.56:448][141]LogStaticMesh: Building static mesh Ladder-jack-14-01-19...
[2019.01.14-19.43.56:457][141]LogStaticMesh: Built static mesh [0.01s] /Game/Models/Jack/Ladder-jack-14-01-19.Ladder-jack-14-01-19
[2019.01.14-19.43.56:466][141]LogEditorFactories: -- imported successfully
[2019.01.14-19.44.02:214][816]Cmd: TRANSACTION UNDO
[2019.01.14-19.44.02:214][816]LogEditorTransaction: Undo Move Actors
[2019.01.14-19.44.50:986][217]LogEditorViewport: Clicking on Actor (LMB): StaticMeshActor (scaffold04-andrew-11-01-24)
[2019.01.14-19.44.53:178][453]LogEditorViewport: Clicking on Actor (CTRL LMB): StaticMeshActor (scaffold04-andrew-11-01-23)
[2019.01.14-19.44.57:883][ 12]LogEditorViewport: Clicking on Actor (LMB): StaticMeshActor (Ladder-jack-14-01-19)
[2019.01.14-19.45.03:817][668]LogEditorViewport: Clicking on Actor (LMB): StaticMeshActor (Base_StaticMesh)
[2019.01.14-19.45.08:474][ 57]LogSlate: FSceneViewport::OnFocusLost() reason 0
[2019.01.14-19.45.08:666][ 70]Cmd: OBJ SAVEPACKAGE PACKAGE="/Game/Levels/BlockOut" FILE="A:/test/SCollab-Proto/SP_Prototype/Content/Levels/BlockOut.umap" SILENT=true AUTOSAVING=false KEEPDIRTY=false
[2019.01.14-19.45.11:025][ 70]LogSavePackage: Moving 'A:/test/SCollab-Proto/SP_Prototype/Saved/BlockOut623393E54E1E7DE201690B9943AD4F1D.tmp' to 'A:/test/SCollab-Proto/SP_Prototype/Content/Levels/BlockOut.umap'
[2019.01.14-19.45.28:839][433]LogSlate: FSceneViewport::OnFocusLost() reason 2
[2019.01.14-19.46.20:380][ 74]LogEditorViewport: Clicking on Actor (LMB): BP_Sky_Sphere_C (BP_Sky_Sphere)
[2019.01.14-19.47.57:015][ 53]LogSlate: FSceneViewport::OnFocusLost() reason 0
[2019.01.14-19.47.57:175][ 71]LogActorFactory: Actor Factory created Ladder-jack-14-01-19
[2019.01.14-19.47.57:848][148]LogActorFactory: Actor Factory created Ladder-jack-14-01-19
[2019.01.14-19.48.43:784][ 96]LogEditorViewport: Clicking on Actor (LMB): StaticMeshActor (Base_StaticMesh)
[2019.01.14-19.48.51:507][952]LogSlate: FSceneViewport::OnFocusLost() reason 0
[2019.01.14-19.48.51:676][964]Cmd: OBJ SAVEPACKAGE PACKAGE="/Game/Levels/BlockOut" FILE="A:/test/SCollab-Proto/SP_Prototype/Content/Levels/BlockOut.umap" SILENT=true AUTOSAVING=false KEEPDIRTY=false
[2019.01.14-19.48.53:552][964]LogSavePackage: Moving 'A:/test/SCollab-Proto/SP_Prototype/Saved/BlockOut87CA8F7F42A131EACC2F9ABF33D74BCF.tmp' to 'A:/test/SCollab-Proto/SP_Prototype/Content/Levels/BlockOut.umap'
[2019.01.14-19.48.54:250][ 35]LogTemp: Repeating last play command: Selected Viewport
[2019.01.14-19.48.54:267][ 35]LogBlueprintUserMessages: Early PlayInEditor Detection: Level '/Game/Levels/BlockOut.BlockOut:PersistentLevel' has LevelScriptBlueprint '/Game/Levels/BlockOut.BlockOut:PersistentLevel.BlockOut' with GeneratedClass '/Game/Levels/BlockOut.BlockOut_C' with ClassGeneratedBy '/Game/Levels/BlockOut.BlockOut:PersistentLevel.BlockOut'
[2019.01.14-19.48.54:268][ 35]LogPlayLevel: PlayLevel: No blueprints needed recompiling
[2019.01.14-19.48.54:286][ 35]PIE: New page: PIE session: BlockOut (14 Jan 2019 19:48:54)
[2019.01.14-19.48.54:287][ 35]LogPlayLevel: Creating play world package: /Game/Levels/UEDPIE_0_BlockOut
[2019.01.14-19.48.54:574][ 35]LogPlayLevel: PIE: StaticDuplicateObject took: (0.287747s)
[2019.01.14-19.48.54:575][ 35]LogAIModule: Creating AISystem for world BlockOut
[2019.01.14-19.48.54:575][ 35]LogPlayLevel: PIE: World Init took: (0.000946s)
[2019.01.14-19.48.54:576][ 35]LogPlayLevel: PIE: Created PIE world by copying editor world from /Game/Levels/BlockOut.BlockOut to /Game/Levels/UEDPIE_0_BlockOut.BlockOut (0.289295s)
[2019.01.14-19.48.54:605][ 35]LogInit: XAudio2 using 'Speakers (Realtek High Definition Audio)' : 2 channels at 48 kHz using 16 bits per sample (channel mask 0x3)
[2019.01.14-19.48.54:628][ 35]LogInit: FAudioDevice initialized.
[2019.01.14-19.48.54:673][ 35]LogLoad: Game class is 'TopDownGameMode_C'
[2019.01.14-19.48.54:693][ 35]LogWorld: Bringing World /Game/Levels/UEDPIE_0_BlockOut.BlockOut up for play (max tick rate 0) at 2019.01.14-19.48.54
[2019.01.14-19.48.54:695][ 35]LogWorld: Bringing up level for play took: 0.016898
[2019.01.14-19.48.54:724][ 35]LogContentBrowser: Native class hierarchy updated for 'MovieSceneCapture' in 0.0003 seconds. Added 10 classes and 0 folders.
[2019.01.14-19.48.54:746][ 35]PIE: Play in editor start time for /Game/Levels/UEDPIE_0_BlockOut -0.408
[2019.01.14-19.48.54:747][ 35]LogBlueprintUserMessages: Late PlayInEditor Detection: Level '/Game/Levels/BlockOut.BlockOut:PersistentLevel' has LevelScriptBlueprint '/Game/Levels/BlockOut.BlockOut:PersistentLevel.BlockOut' with GeneratedClass '/Game/Levels/BlockOut.BlockOut_C' with ClassGeneratedBy '/Game/Levels/BlockOut.BlockOut:PersistentLevel.BlockOut'
[2019.01.14-19.49.00:152][674]LogBlueprintUserMessages: Early EndPlayMap Detection: Level '/Game/Levels/BlockOut.BlockOut:PersistentLevel' has LevelScriptBlueprint '/Game/Levels/BlockOut.BlockOut:PersistentLevel.BlockOut' with GeneratedClass '/Game/Levels/BlockOut.BlockOut_C' with ClassGeneratedBy '/Game/Levels/BlockOut.BlockOut:PersistentLevel.BlockOut'
[2019.01.14-19.49.00:153][674]LogSlate: Updating window title bar state: overlay mode, drag disabled, window buttons hidden, title bar hidden
[2019.01.14-19.49.00:193][674]LogPlayLevel: Display: Shutting down PIE online subsystems
[2019.01.14-19.49.00:193][674]LogBlueprintUserMessages: Late EndPlayMap Detection: Level '/Game/Levels/BlockOut.BlockOut:PersistentLevel' has LevelScriptBlueprint '/Game/Levels/BlockOut.BlockOut:PersistentLevel.BlockOut' with GeneratedClass '/Game/Levels/BlockOut.BlockOut_C' with ClassGeneratedBy '/Game/Levels/BlockOut.BlockOut:PersistentLevel.BlockOut'
[2019.01.14-19.49.00:219][674]LogSlate: Updating window title bar state: overlay mode, drag disabled, window buttons hidden, title bar hidden
[2019.01.14-19.49.00:275][676]LogPlayLevel: Display: Destroying online subsystem :Context_3
[2019.01.14-19.49.00:726][729]Cmd: SELECT NONE
[2019.01.14-19.49.02:371][925]LogSlate: FSceneViewport::OnFocusLost() reason 0
[2019.01.14-19.49.02:487][939]LogTemp: Repeating last play command: Selected Viewport
[2019.01.14-19.49.02:500][939]LogBlueprintUserMessages: Early PlayInEditor Detection: Level '/Game/Levels/BlockOut.BlockOut:PersistentLevel' has LevelScriptBlueprint '/Game/Levels/BlockOut.BlockOut:PersistentLevel.BlockOut' with GeneratedClass '/Game/Levels/BlockOut.BlockOut_C' with ClassGeneratedBy '/Game/Levels/BlockOut.BlockOut:PersistentLevel.BlockOut'
[2019.01.14-19.49.02:500][939]LogPlayLevel: PlayLevel: No blueprints needed recompiling
[2019.01.14-19.49.02:500][939]PIE: New page: PIE session: BlockOut (14 Jan 2019 19:49:02)
[2019.01.14-19.49.02:500][939]LogPlayLevel: Creating play world package: /Game/Levels/UEDPIE_0_BlockOut
[2019.01.14-19.49.02:656][939]LogPlayLevel: PIE: StaticDuplicateObject took: (0.155816s)
[2019.01.14-19.49.02:657][939]LogAIModule: Creating AISystem for world BlockOut
[2019.01.14-19.49.02:657][939]LogPlayLevel: PIE: World Init took: (0.000526s)
[2019.01.14-19.49.02:657][939]LogPlayLevel: PIE: Created PIE world by copying editor world from /Game/Levels/BlockOut.BlockOut to /Game/Levels/UEDPIE_0_BlockOut.BlockOut (0.156646s)
[2019.01.14-19.49.02:680][939]LogInit: XAudio2 using 'Speakers (Realtek High Definition Audio)' : 2 channels at 48 kHz using 16 bits per sample (channel mask 0x3)
[2019.01.14-19.49.02:712][939]LogInit: FAudioDevice initialized.
[2019.01.14-19.49.02:742][939]LogLoad: Game class is 'TopDownGameMode_C'
[2019.01.14-19.49.02:754][939]LogWorld: Bringing World /Game/Levels/UEDPIE_0_BlockOut.BlockOut up for play (max tick rate 0) at 2019.01.14-19.49.02
[2019.01.14-19.49.02:755][939]LogWorld: Bringing up level for play took: 0.012472
[2019.01.14-19.49.02:768][939]PIE: Play in editor start time for /Game/Levels/UEDPIE_0_BlockOut -0.386
[2019.01.14-19.49.02:769][939]LogBlueprintUserMessages: Late PlayInEditor Detection: Level '/Game/Levels/BlockOut.BlockOut:PersistentLevel' has LevelScriptBlueprint '/Game/Levels/BlockOut.BlockOut:PersistentLevel.BlockOut' with GeneratedClass '/Game/Levels/BlockOut.BlockOut_C' with ClassGeneratedBy '/Game/Levels/BlockOut.BlockOut:PersistentLevel.BlockOut'
[2019.01.14-19.49.26:822][824]LogBlueprintUserMessages: Early EndPlayMap Detection: Level '/Game/Levels/BlockOut.BlockOut:PersistentLevel' has LevelScriptBlueprint '/Game/Levels/BlockOut.BlockOut:PersistentLevel.BlockOut' with GeneratedClass '/Game/Levels/BlockOut.BlockOut_C' with ClassGeneratedBy '/Game/Levels/BlockOut.BlockOut:PersistentLevel.BlockOut'
[2019.01.14-19.49.26:822][824]LogSlate: Updating window title bar state: overlay mode, drag disabled, window buttons hidden, title bar hidden
[2019.01.14-19.49.26:861][824]LogPlayLevel: Display: Shutting down PIE online subsystems
[2019.01.14-19.49.26:862][824]LogBlueprintUserMessages: Late EndPlayMap Detection: Level '/Game/Levels/BlockOut.BlockOut:PersistentLevel' has LevelScriptBlueprint '/Game/Levels/BlockOut.BlockOut:PersistentLevel.BlockOut' with GeneratedClass '/Game/Levels/BlockOut.BlockOut_C' with ClassGeneratedBy '/Game/Levels/BlockOut.BlockOut:PersistentLevel.BlockOut'
[2019.01.14-19.49.26:883][824]LogSlate: Updating window title bar state: overlay mode, drag disabled, window buttons hidden, title bar hidden
[2019.01.14-19.49.26:937][826]LogPlayLevel: Display: Destroying online subsystem :Context_4
[2019.01.14-19.49.29:200][ 81]LogEditorViewport: Clicking on Actor (LMB): StaticMeshActor (cloth_cover_ben_wilkinson_10-01-19)
[2019.01.14-19.49.46:882][993]Cmd: DELETE
[2019.01.14-19.49.46:882][993]Cmd: ACTOR DELETE
[2019.01.14-19.49.46:924][993]LogEditorActor: Deleted Actor: StaticMeshActor
[2019.01.14-19.49.46:942][993]LogEditorActor: Deleted 1 Actors (0.060 secs)
[2019.01.14-19.49.49:400][283]LogSlate: FSceneViewport::OnFocusLost() reason 0
[2019.01.14-19.59.22:196][988]Cmd: OBJ SAVEPACKAGE PACKAGE="/Game/Levels/BlockOut" FILE="A:/test/SCollab-Proto/SP_Prototype/Saved/Autosaves/Game/Levels/BlockOut_Auto1.umap" SILENT=true AUTOSAVING=true KEEPDIRTY=false
[2019.01.14-19.59.24:137][988]LogSavePackage: Moving 'A:/test/SCollab-Proto/SP_Prototype/Saved/BlockOut_Auto16E912FDC424BF35CF887ACBDA6F458DA.tmp' to 'A:/test/SCollab-Proto/SP_Prototype/Saved/Autosaves/Game/Levels/BlockOut_Auto1.umap'
[2019.01.14-19.59.24:148][988]LogFileHelpers: Editor autosave (incl. sublevels) for '/Game/Levels/BlockOut' took 1.971
[2019.01.14-19.59.24:149][988]LogFileHelpers: Editor autosave (incl. sublevels) for all levels took 1.971
[2019.01.14-19.59.24:151][988]OBJ SavePackage: Generating thumbnails for [1] asset(s) in package [/Game/Models/Jack/Ladder-jack-14-01-19] ([1] browsable assets)...
[2019.01.14-19.59.24:168][988]OBJ SavePackage:     Rendered thumbnail for [StaticMesh /Game/Models/Jack/Ladder-jack-14-01-19.Ladder-jack-14-01-19]
[2019.01.14-19.59.24:168][988]OBJ SavePackage: Finished generating thumbnails for package [/Game/Models/Jack/Ladder-jack-14-01-19]
[2019.01.14-19.59.24:184][988]LogSavePackage: Moving 'A:/test/SCollab-Proto/SP_Prototype/Saved/Ladder-jack-14-01-19_Auto16E55714D408707EDFB692FA47BAAEECB.tmp' to 'A:/test/SCollab-Proto/SP_Prototype/Saved/Autosaves/Game/Models/Jack/Ladder-jack-14-01-19_Auto1.uasset'
[2019.01.14-19.59.24:185][988]LogFileHelpers: Auto-saving content packages took 0.034
[2019.01.14-20.11.57:752][347]LogSlate: FSceneViewport::OnFocusLost() reason 0
[2019.01.14-20.11.57:859][360]LogTemp: Repeating last play command: Selected Viewport
[2019.01.14-20.11.57:875][360]LogBlueprintUserMessages: Early PlayInEditor Detection: Level '/Game/Levels/BlockOut.BlockOut:PersistentLevel' has LevelScriptBlueprint '/Game/Levels/BlockOut.BlockOut:PersistentLevel.BlockOut' with GeneratedClass '/Game/Levels/BlockOut.BlockOut_C' with ClassGeneratedBy '/Game/Levels/BlockOut.BlockOut:PersistentLevel.BlockOut'
[2019.01.14-20.11.57:875][360]LogPlayLevel: PlayLevel: No blueprints needed recompiling
[2019.01.14-20.11.57:876][360]PIE: New page: PIE session: BlockOut (14 Jan 2019 20:11:57)
[2019.01.14-20.11.57:876][360]LogPlayLevel: Creating play world package: /Game/Levels/UEDPIE_0_BlockOut
[2019.01.14-20.11.58:173][360]LogPlayLevel: PIE: StaticDuplicateObject took: (0.296639s)
[2019.01.14-20.11.58:174][360]LogAIModule: Creating AISystem for world BlockOut
[2019.01.14-20.11.58:174][360]LogPlayLevel: PIE: World Init took: (0.001147s)
[2019.01.14-20.11.58:175][360]LogPlayLevel: PIE: Created PIE world by copying editor world from /Game/Levels/BlockOut.BlockOut to /Game/Levels/UEDPIE_0_BlockOut.BlockOut (0.298205s)
[2019.01.14-20.11.58:199][360]LogInit: XAudio2 using 'Speakers (Realtek High Definition Audio)' : 2 channels at 48 kHz using 16 bits per sample (channel mask 0x3)
[2019.01.14-20.11.58:223][360]LogInit: FAudioDevice initialized.
[2019.01.14-20.11.58:251][360]LogLoad: Game class is 'TopDownGameMode_C'
[2019.01.14-20.11.58:266][360]LogWorld: Bringing World /Game/Levels/UEDPIE_0_BlockOut.BlockOut up for play (max tick rate 0) at 2019.01.14-20.11.58
[2019.01.14-20.11.58:266][360]LogWorld: Bringing up level for play took: 0.014742
[2019.01.14-20.11.58:284][360]PIE: Play in editor start time for /Game/Levels/UEDPIE_0_BlockOut 1.101
[2019.01.14-20.11.58:285][360]LogBlueprintUserMessages: Late PlayInEditor Detection: Level '/Game/Levels/BlockOut.BlockOut:PersistentLevel' has LevelScriptBlueprint '/Game/Levels/BlockOut.BlockOut:PersistentLevel.BlockOut' with GeneratedClass '/Game/Levels/BlockOut.BlockOut_C' with ClassGeneratedBy '/Game/Levels/BlockOut.BlockOut:PersistentLevel.BlockOut'
[2019.01.14-20.12.27:116][816]LogBlueprintUserMessages: Early EndPlayMap Detection: Level '/Game/Levels/BlockOut.BlockOut:PersistentLevel' has LevelScriptBlueprint '/Game/Levels/BlockOut.BlockOut:PersistentLevel.BlockOut' with GeneratedClass '/Game/Levels/BlockOut.BlockOut_C' with ClassGeneratedBy '/Game/Levels/BlockOut.BlockOut:PersistentLevel.BlockOut'
[2019.01.14-20.12.27:118][816]LogSlate: Updating window title bar state: overlay mode, drag disabled, window buttons hidden, title bar hidden
[2019.01.14-20.12.27:160][816]LogPlayLevel: Display: Shutting down PIE online subsystems
[2019.01.14-20.12.27:161][816]LogBlueprintUserMessages: Late EndPlayMap Detection: Level '/Game/Levels/BlockOut.BlockOut:PersistentLevel' has LevelScriptBlueprint '/Game/Levels/BlockOut.BlockOut:PersistentLevel.BlockOut' with GeneratedClass '/Game/Levels/BlockOut.BlockOut_C' with ClassGeneratedBy '/Game/Levels/BlockOut.BlockOut:PersistentLevel.BlockOut'
[2019.01.14-20.12.27:186][816]LogSlate: Updating window title bar state: overlay mode, drag disabled, window buttons hidden, title bar hidden
[2019.01.14-20.12.27:243][818]LogPlayLevel: Display: Destroying online subsystem :Context_5
[2019.01.14-20.12.28:238][936]LogSlate: FSceneViewport::OnFocusLost() reason 0
[2019.01.14-20.12.34:948][705]LogAssetEditorManager: Opening Asset editor for StaticMesh /Game/Models/Andrew/scaffold02-andrew-11-01-19.scaffold02-andrew-11-01-19
[2019.01.14-20.12.41:531][388]LogRenderer: Reallocating scene render targets to support 1432x924 Format 10 NumSamples 1 (Frame:1).
[2019.01.14-20.12.41:531][388]LogSlate: Took 0.006166 seconds to synchronously load lazily loaded font '../../../Engine/Content/Slate/Fonts/Roboto-Italic.ttf' (157K)
[2019.01.14-20.12.45:342][789]LogSlate: FSceneViewport::OnFocusLost() reason 2
[2019.01.14-20.12.55:835][992]LogSlate: FSceneViewport::OnFocusLost() reason 2
[2019.01.14-20.13.00:334][527]LogSlate: FSceneViewport::OnFocusLost() reason 2
[2019.01.14-20.13.04:048][956]Cmd: OBJ SAVEPACKAGE PACKAGE="/Game/Models/Andrew/scaffold02-andrew-11-01-19" FILE="A:/test/SCollab-Proto/SP_Prototype/Content/Models/Andrew/scaffold02-andrew-11-01-19.uasset" SILENT=true
[2019.01.14-20.13.04:123][956]LogSavePackage: Moving 'A:/test/SCollab-Proto/SP_Prototype/Saved/scaffold02-andrew-11-01-1957440BD5412B89DEEFA647A1D1F12802.tmp' to 'A:/test/SCollab-Proto/SP_Prototype/Content/Models/Andrew/scaffold02-andrew-11-01-19.uasset'
[2019.01.14-20.13.08:846][485]LogSlate: FSceneViewport::OnFocusLost() reason 0
[2019.01.14-20.13.08:962][499]LogTemp: Repeating last play command: Selected Viewport
[2019.01.14-20.13.08:975][499]LogBlueprintUserMessages: Early PlayInEditor Detection: Level '/Game/Levels/BlockOut.BlockOut:PersistentLevel' has LevelScriptBlueprint '/Game/Levels/BlockOut.BlockOut:PersistentLevel.BlockOut' with GeneratedClass '/Game/Levels/BlockOut.BlockOut_C' with ClassGeneratedBy '/Game/Levels/BlockOut.BlockOut:PersistentLevel.BlockOut'
[2019.01.14-20.13.08:975][499]LogPlayLevel: PlayLevel: No blueprints needed recompiling
[2019.01.14-20.13.08:975][499]PIE: New page: PIE session: BlockOut (14 Jan 2019 20:13:08)
[2019.01.14-20.13.08:975][499]LogPlayLevel: Creating play world package: /Game/Levels/UEDPIE_0_BlockOut
[2019.01.14-20.13.09:133][499]LogPlayLevel: PIE: StaticDuplicateObject took: (0.157370s)
[2019.01.14-20.13.09:133][499]LogAIModule: Creating AISystem for world BlockOut
[2019.01.14-20.13.09:133][499]LogPlayLevel: PIE: World Init took: (0.000592s)
[2019.01.14-20.13.09:133][499]LogPlayLevel: PIE: Created PIE world by copying editor world from /Game/Levels/BlockOut.BlockOut to /Game/Levels/UEDPIE_0_BlockOut.BlockOut (0.158273s)
[2019.01.14-20.13.09:158][499]LogInit: XAudio2 using 'Speakers (Realtek High Definition Audio)' : 2 channels at 48 kHz using 16 bits per sample (channel mask 0x3)
[2019.01.14-20.13.09:181][499]LogInit: FAudioDevice initialized.
[2019.01.14-20.13.09:212][499]LogLoad: Game class is 'TopDownGameMode_C'
[2019.01.14-20.13.09:227][499]LogWorld: Bringing World /Game/Levels/UEDPIE_0_BlockOut.BlockOut up for play (max tick rate 0) at 2019.01.14-20.13.09
[2019.01.14-20.13.09:228][499]LogWorld: Bringing up level for play took: 0.015962
[2019.01.14-20.13.09:242][499]PIE: Play in editor start time for /Game/Levels/UEDPIE_0_BlockOut 0.053
[2019.01.14-20.13.09:243][499]LogBlueprintUserMessages: Late PlayInEditor Detection: Level '/Game/Levels/BlockOut.BlockOut:PersistentLevel' has LevelScriptBlueprint '/Game/Levels/BlockOut.BlockOut:PersistentLevel.BlockOut' with GeneratedClass '/Game/Levels/BlockOut.BlockOut_C' with ClassGeneratedBy '/Game/Levels/BlockOut.BlockOut:PersistentLevel.BlockOut'
[2019.01.14-20.13.19:928][775]LogBlueprintUserMessages: Early EndPlayMap Detection: Level '/Game/Levels/BlockOut.BlockOut:PersistentLevel' has LevelScriptBlueprint '/Game/Levels/BlockOut.BlockOut:PersistentLevel.BlockOut' with GeneratedClass '/Game/Levels/BlockOut.BlockOut_C' with ClassGeneratedBy '/Game/Levels/BlockOut.BlockOut:PersistentLevel.BlockOut'
[2019.01.14-20.13.19:928][775]LogSlate: Updating window title bar state: overlay mode, drag disabled, window buttons hidden, title bar hidden
[2019.01.14-20.13.19:967][775]LogPlayLevel: Display: Shutting down PIE online subsystems
[2019.01.14-20.13.19:968][775]LogBlueprintUserMessages: Late EndPlayMap Detection: Level '/Game/Levels/BlockOut.BlockOut:PersistentLevel' has LevelScriptBlueprint '/Game/Levels/BlockOut.BlockOut:PersistentLevel.BlockOut' with GeneratedClass '/Game/Levels/BlockOut.BlockOut_C' with ClassGeneratedBy '/Game/Levels/BlockOut.BlockOut:PersistentLevel.BlockOut'
[2019.01.14-20.13.19:992][775]LogSlate: Updating window title bar state: overlay mode, drag disabled, window buttons hidden, title bar hidden
[2019.01.14-20.13.20:047][777]LogPlayLevel: Display: Destroying online subsystem :Context_7
[2019.01.14-20.13.21:834][914]LogSlate: FSceneViewport::OnFocusLost() reason 2
[2019.01.14-20.13.23:987][166]LogSlate: FSceneViewport::OnFocusLost() reason 2
[2019.01.14-20.13.31:094][ 12]LogSlate: Window 'scaffold02-andrew-11-01-19' being destroyed
[2019.01.14-20.13.31:097][ 12]LogSlate: Window 'scaffold02-andrew-11-01-19' being destroyed
[2019.01.14-20.13.43:591][304]LogEditorViewport: Clicking on Actor (LMB): StaticMeshActor (cloth_cover_ben_wilkinson_10-01-20)
[2019.01.14-20.13.45:704][532]LogSlate: FSceneViewport::OnFocusLost() reason 0
[2019.01.14-20.13.45:834][546]LogTemp: Repeating last play command: Selected Viewport
[2019.01.14-20.13.45:846][546]LogBlueprintUserMessages: Early PlayInEditor Detection: Level '/Game/Levels/BlockOut.BlockOut:PersistentLevel' has LevelScriptBlueprint '/Game/Levels/BlockOut.BlockOut:PersistentLevel.BlockOut' with GeneratedClass '/Game/Levels/BlockOut.BlockOut_C' with ClassGeneratedBy '/Game/Levels/BlockOut.BlockOut:PersistentLevel.BlockOut'
[2019.01.14-20.13.45:846][546]LogPlayLevel: PlayLevel: No blueprints needed recompiling
[2019.01.14-20.13.45:846][546]PIE: New page: PIE session: BlockOut (14 Jan 2019 20:13:45)
[2019.01.14-20.13.45:846][546]LogPlayLevel: Creating play world package: /Game/Levels/UEDPIE_0_BlockOut
[2019.01.14-20.13.46:001][546]LogPlayLevel: PIE: StaticDuplicateObject took: (0.155672s)
[2019.01.14-20.13.46:002][546]LogAIModule: Creating AISystem for world BlockOut
[2019.01.14-20.13.46:002][546]LogPlayLevel: PIE: World Init took: (0.000749s)
[2019.01.14-20.13.46:003][546]LogPlayLevel: PIE: Created PIE world by copying editor world from /Game/Levels/BlockOut.BlockOut to /Game/Levels/UEDPIE_0_BlockOut.BlockOut (0.156787s)
[2019.01.14-20.13.46:032][546]LogInit: XAudio2 using 'Speakers (Realtek High Definition Audio)' : 2 channels at 48 kHz using 16 bits per sample (channel mask 0x3)
[2019.01.14-20.13.46:056][546]LogInit: FAudioDevice initialized.
[2019.01.14-20.13.46:087][546]LogLoad: Game class is 'TopDownGameMode_C'
[2019.01.14-20.13.46:099][546]LogWorld: Bringing World /Game/Levels/UEDPIE_0_BlockOut.BlockOut up for play (max tick rate 0) at 2019.01.14-20.13.46
[2019.01.14-20.13.46:100][546]LogWorld: Bringing up level for play took: 0.013061
[2019.01.14-20.13.46:116][546]PIE: Play in editor start time for /Game/Levels/UEDPIE_0_BlockOut 0.923
[2019.01.14-20.13.46:117][546]LogBlueprintUserMessages: Late PlayInEditor Detection: Level '/Game/Levels/BlockOut.BlockOut:PersistentLevel' has LevelScriptBlueprint '/Game/Levels/BlockOut.BlockOut:PersistentLevel.BlockOut' with GeneratedClass '/Game/Levels/BlockOut.BlockOut_C' with ClassGeneratedBy '/Game/Levels/BlockOut.BlockOut:PersistentLevel.BlockOut'
[2019.01.14-20.14.01:774][420]LogBlueprintUserMessages: Early EndPlayMap Detection: Level '/Game/Levels/BlockOut.BlockOut:PersistentLevel' has LevelScriptBlueprint '/Game/Levels/BlockOut.BlockOut:PersistentLevel.BlockOut' with GeneratedClass '/Game/Levels/BlockOut.BlockOut_C' with ClassGeneratedBy '/Game/Levels/BlockOut.BlockOut:PersistentLevel.BlockOut'
[2019.01.14-20.14.01:774][420]LogSlate: Updating window title bar state: overlay mode, drag disabled, window buttons hidden, title bar hidden
[2019.01.14-20.14.01:812][420]LogPlayLevel: Display: Shutting down PIE online subsystems
[2019.01.14-20.14.01:813][420]LogBlueprintUserMessages: Late EndPlayMap Detection: Level '/Game/Levels/BlockOut.BlockOut:PersistentLevel' has LevelScriptBlueprint '/Game/Levels/BlockOut.BlockOut:PersistentLevel.BlockOut' with GeneratedClass '/Game/Levels/BlockOut.BlockOut_C' with ClassGeneratedBy '/Game/Levels/BlockOut.BlockOut:PersistentLevel.BlockOut'
[2019.01.14-20.14.01:839][420]LogSlate: Updating window title bar state: overlay mode, drag disabled, window buttons hidden, title bar hidden
[2019.01.14-20.14.01:895][422]LogPlayLevel: Display: Destroying online subsystem :Context_8
[2019.01.14-20.14.04:233][686]LogEditorViewport: Clicking on Actor (LMB): StaticMeshActor (scaffold03-andrew-11-01-54)
[2019.01.14-20.14.19:562][236]LogSlate: FSceneViewport::OnFocusLost() reason 0
[2019.01.14-20.14.26:688][ 21]LogSlate: FSceneViewport::OnFocusLost() reason 0
[2019.01.14-20.14.26:811][ 33]LogActorFactory: Actor Factory created crate-david-14-01-19
[2019.01.14-20.14.28:332][210]LogActorFactory: Actor Factory created crate-david-14-01-19
[2019.01.14-20.14.29:201][309]LogSlate: FSceneViewport::OnFocusLost() reason 0
[2019.01.14-20.14.29:325][323]LogActorFactory: Actor Factory created crate-david-14-01-19
[2019.01.14-20.14.30:294][435]LogActorFactory: Actor Factory created crate-david-14-01-19
[2019.01.14-20.14.34:512][930]LogSlate: FSceneViewport::OnFocusLost() reason 0
[2019.01.14-20.14.34:644][945]LogActorFactory: Actor Factory created crate-david-14-01-19
[2019.01.14-20.14.35:686][ 66]LogActorFactory: Actor Factory created crate-david-14-01-19
[2019.01.14-20.14.40:787][668]LogSlate: FSceneViewport::OnFocusLost() reason 0
[2019.01.14-20.14.40:919][684]LogTemp: Repeating last play command: Selected Viewport
[2019.01.14-20.14.40:932][684]LogBlueprintUserMessages: Early PlayInEditor Detection: Level '/Game/Levels/BlockOut.BlockOut:PersistentLevel' has LevelScriptBlueprint '/Game/Levels/BlockOut.BlockOut:PersistentLevel.BlockOut' with GeneratedClass '/Game/Levels/BlockOut.BlockOut_C' with ClassGeneratedBy '/Game/Levels/BlockOut.BlockOut:PersistentLevel.BlockOut'
[2019.01.14-20.14.40:932][684]LogPlayLevel: PlayLevel: No blueprints needed recompiling
[2019.01.14-20.14.40:932][684]PIE: New page: PIE session: BlockOut (14 Jan 2019 20:14:40)
[2019.01.14-20.14.40:932][684]LogPlayLevel: Creating play world package: /Game/Levels/UEDPIE_0_BlockOut
[2019.01.14-20.14.41:087][684]LogPlayLevel: PIE: StaticDuplicateObject took: (0.154199s)
[2019.01.14-20.14.41:087][684]LogAIModule: Creating AISystem for world BlockOut
[2019.01.14-20.14.41:087][684]LogPlayLevel: PIE: World Init took: (0.000599s)
[2019.01.14-20.14.41:088][684]LogPlayLevel: PIE: Created PIE world by copying editor world from /Game/Levels/BlockOut.BlockOut to /Game/Levels/UEDPIE_0_BlockOut.BlockOut (0.155147s)
[2019.01.14-20.14.41:111][684]LogInit: XAudio2 using 'Speakers (Realtek High Definition Audio)' : 2 channels at 48 kHz using 16 bits per sample (channel mask 0x3)
[2019.01.14-20.14.41:134][684]LogInit: FAudioDevice initialized.
[2019.01.14-20.14.41:167][684]LogLoad: Game class is 'TopDownGameMode_C'
[2019.01.14-20.14.41:181][684]LogWorld: Bringing World /Game/Levels/UEDPIE_0_BlockOut.BlockOut up for play (max tick rate 0) at 2019.01.14-20.14.41
[2019.01.14-20.14.41:182][684]LogWorld: Bringing up level for play took: 0.015187
[2019.01.14-20.14.41:197][684]PIE: Play in editor start time for /Game/Levels/UEDPIE_0_BlockOut -0.001
[2019.01.14-20.14.41:198][684]LogBlueprintUserMessages: Late PlayInEditor Detection: Level '/Game/Levels/BlockOut.BlockOut:PersistentLevel' has LevelScriptBlueprint '/Game/Levels/BlockOut.BlockOut:PersistentLevel.BlockOut' with GeneratedClass '/Game/Levels/BlockOut.BlockOut_C' with ClassGeneratedBy '/Game/Levels/BlockOut.BlockOut:PersistentLevel.BlockOut'
[2019.01.14-20.16.20:707][608]LogBlueprintUserMessages: Early EndPlayMap Detection: Level '/Game/Levels/BlockOut.BlockOut:PersistentLevel' has LevelScriptBlueprint '/Game/Levels/BlockOut.BlockOut:PersistentLevel.BlockOut' with GeneratedClass '/Game/Levels/BlockOut.BlockOut_C' with ClassGeneratedBy '/Game/Levels/BlockOut.BlockOut:PersistentLevel.BlockOut'
[2019.01.14-20.16.20:707][608]LogSlate: Updating window title bar state: overlay mode, drag disabled, window buttons hidden, title bar hidden
[2019.01.14-20.16.20:744][608]LogPlayLevel: Display: Shutting down PIE online subsystems
[2019.01.14-20.16.20:745][608]LogBlueprintUserMessages: Late EndPlayMap Detection: Level '/Game/Levels/BlockOut.BlockOut:PersistentLevel' has LevelScriptBlueprint '/Game/Levels/BlockOut.BlockOut:PersistentLevel.BlockOut' with GeneratedClass '/Game/Levels/BlockOut.BlockOut_C' with ClassGeneratedBy '/Game/Levels/BlockOut.BlockOut:PersistentLevel.BlockOut'
[2019.01.14-20.16.20:768][608]LogSlate: Updating window title bar state: overlay mode, drag disabled, window buttons hidden, title bar hidden
[2019.01.14-20.16.20:825][610]LogPlayLevel: Display: Destroying online subsystem :Context_9
[2019.01.14-20.16.22:247][778]LogSlate: FSceneViewport::OnFocusLost() reason 2
[2019.01.14-20.16.23:530][930]SourceControl: fatal: C:/Program Files/Epic Games/UE_4.20/Engine/Content: 'C:/Program Files/Epic Games/UE_4.20/Engine/Content' is outside repository
[2019.01.14-20.16.23:799][930]LogFileHelpers: Warning: FilenameToLongPackageName failed to convert '../../../Engine/Plugins/Runtime/AppleARKit/Content/ARKitCameraMaterial.uasset'. Attempt result was '../../../Engine/Plugins/Runtime/AppleARKit/Content/ARKitCameraMaterial', but the path contains illegal characters '.'
[2019.01.14-20.16.23:806][930]LogSlate: FSceneViewport::OnFocusLost() reason 2
[2019.01.14-20.16.25:382][930]LogSlate: Window 'Save Content' being destroyed
[2019.01.14-20.16.25:392][930]LogSlate: FSceneViewport::OnFocusLost() reason 2
[2019.01.14-20.16.25:450][930]LogSlate: FSceneViewport::OnFocusLost() reason 2
[2019.01.14-20.16.26:084][930]Cmd: OBJ SAVEPACKAGE PACKAGE="/Game/Levels/BlockOut" FILE="A:/test/SCollab-Proto/SP_Prototype/Content/Levels/BlockOut.umap" SILENT=true AUTOSAVING=false KEEPDIRTY=false
[2019.01.14-20.16.28:045][930]LogSavePackage: Moving 'A:/test/SCollab-Proto/SP_Prototype/Saved/BlockOutF97F24624DB4D138277962BB45776FAC.tmp' to 'A:/test/SCollab-Proto/SP_Prototype/Content/Levels/BlockOut.umap'
[2019.01.14-20.16.28:076][930]LogFileHelpers: Saving map 'BlockOut' took 2.623
[2019.01.14-20.16.28:089][930]LogSlate: FSceneViewport::OnFocusLost() reason 2
[2019.01.14-20.16.36:716][930]LogSlate: Window 'Submit Files' being destroyed
[2019.01.14-20.16.36:725][930]LogSlate: FSceneViewport::OnFocusLost() reason 2
[2019.01.14-20.16.36:836][930]LogSlate: FSceneViewport::OnFocusLost() reason 2
[2019.01.14-20.16.38:376][930]LogSourceControl: commit successful: [ArtMaster a5e8f5f] Enviroment
[2019.01.14-20.16.38:463][930]SourceControl: [ArtMaster a5e8f5f] Enviroment
[2019.01.14-20.16.38:463][930]SourceControl:  2 files changed, 0 insertions(+), 0 deletions(-)
[2019.01.14-20.16.38:470][930]SourceControl: Commited [ArtMaster a5e8f5f] Enviroment.
[2019.01.14-20.16.42:891][456]LogSlate: FSceneViewport::OnFocusLost() reason 0
[2019.01.14-20.16.44:467][473]LogSlate: Window 'Save Content' being destroyed
[2019.01.14-20.16.44:477][473]LogSlate: FSceneViewport::OnFocusLost() reason 2
[2019.01.14-20.16.44:535][473]LogSlate: FSceneViewport::OnFocusLost() reason 2
[2019.01.14-20.16.44:539][473]Cmd: OBJ SAVEPACKAGE PACKAGE="/Game/Models/Jack/Ladder-jack-14-01-19" FILE="A:/test/SCollab-Proto/SP_Prototype/Content/Models/Jack/Ladder-jack-14-01-19.uasset" SILENT=true
[2019.01.14-20.16.44:547][473]LogSavePackage: Moving 'A:/test/SCollab-Proto/SP_Prototype/Saved/Ladder-jack-14-01-19853E0B5B44281A1F483A4BA06C368FF1.tmp' to 'A:/test/SCollab-Proto/SP_Prototype/Content/Models/Jack/Ladder-jack-14-01-19.uasset'
[2019.01.14-20.16.44:787][473]LogSlate: Window 'SP_Prototype - Unreal Editor' being destroyed
[2019.01.14-20.16.45:015][474]Cmd: QUIT_EDITOR
[2019.01.14-20.16.45:788][474]LogWindowsTextInputMethodSystem: Display: IME system now deactivated.
[2019.01.14-20.16.45:803][474]LogExit: Preparing to exit.
[2019.01.14-20.16.46:053][474]LogExit: Editor shut down
[2019.01.14-20.16.46:054][474]LogExit: Transaction tracking system shut down
[2019.01.14-20.16.46:815][474]LogExit: Object subsystem successfully closed.
[2019.01.14-20.16.46:842][474]LogShaderCompilers: Display: Shaders left to compile 0
[2019.01.14-20.16.46:848][474]LogD3D11RHI: Shutdown
[2019.01.14-20.16.46:848][474]LogD3D11RHI: CleanupD3DDevice
[2019.01.14-20.16.46:857][474]LogD3D11RHI: ~FD3D11DynamicRHI
[2019.01.14-20.16.46:911][474]LogModuleManager: Shutting down and abandoning module StaticMeshEditor (618)
[2019.01.14-20.16.46:911][474]LogModuleManager: Shutting down and abandoning module MovieSceneCapture (616)
[2019.01.14-20.16.46:911][474]LogModuleManager: Shutting down and abandoning module Voice (614)
[2019.01.14-20.16.46:912][474]LogModuleManager: Shutting down and abandoning module MeshBuilder (612)
[2019.01.14-20.16.46:912][474]LogModuleManager: Shutting down and abandoning module HierarchicalLODOutliner (610)
[2019.01.14-20.16.46:912][474]LogModuleManager: Shutting down and abandoning module SceneOutliner (608)
[2019.01.14-20.16.46:912][474]LogModuleManager: Shutting down and abandoning module AddContentDialog (606)
[2019.01.14-20.16.46:915][474]LogModuleManager: Shutting down and abandoning module WidgetCarousel (605)
[2019.01.14-20.16.46:915][474]LogModuleManager: Shutting down and abandoning module EditorWidgets (602)
[2019.01.14-20.16.46:915][474]LogModuleManager: Shutting down and abandoning module CollectionManager (600)
[2019.01.14-20.16.46:916][474]LogModuleManager: Shutting down and abandoning module StatsViewer (598)
[2019.01.14-20.16.46:916][474]LogModuleManager: Shutting down and abandoning module FoliageEdit (596)
[2019.01.14-20.16.46:917][474]LogModuleManager: Shutting down and abandoning module LandscapeEditor (594)
[2019.01.14-20.16.46:918][474]LogModuleManager: Shutting down and abandoning module MeshPaintMode (592)
[2019.01.14-20.16.46:918][474]LogModuleManager: Shutting down and abandoning module SceneDepthPickerMode (590)
[2019.01.14-20.16.46:918][474]LogModuleManager: Shutting down and abandoning module ActorPickerMode (588)
[2019.01.14-20.16.46:918][474]LogModuleManager: Shutting down and abandoning module GeometryMode (586)
[2019.01.14-20.16.46:918][474]LogModuleManager: Shutting down and abandoning module TextureAlignMode (584)
[2019.01.14-20.16.46:918][474]LogModuleManager: Shutting down and abandoning module BspMode (582)
[2019.01.14-20.16.46:918][474]LogModuleManager: Shutting down and abandoning module PIEPreviewDeviceProfileSelector (580)
[2019.01.14-20.16.46:918][474]LogModuleManager: Shutting down and abandoning module SequenceRecorderSections (578)
[2019.01.14-20.16.46:919][474]LogModuleManager: Shutting down and abandoning module AutomationWorker (576)
[2019.01.14-20.16.46:919][474]LogModuleManager: Shutting down and abandoning module AudioCaptureEditor (574)
[2019.01.14-20.16.46:919][474]LogModuleManager: Shutting down and abandoning module SequenceRecorder (573)
[2019.01.14-20.16.46:919][474]LogModuleManager: Shutting down and abandoning module MatineeToLevelSequence (570)
[2019.01.14-20.16.46:920][474]LogModuleManager: Shutting down and abandoning module LevelSequenceEditor (568)
[2019.01.14-20.16.46:921][474]LogModuleManager: Shutting down and abandoning module PlacementMode (567)
[2019.01.14-20.16.46:921][474]LogModuleManager: Shutting down and abandoning module MaterialEditor (566)
[2019.01.14-20.16.46:923][474]LogModuleManager: Shutting down and abandoning module WmfMediaFactory (562)
[2019.01.14-20.16.46:923][474]LogModuleManager: Shutting down and abandoning module WmfMediaEditor (560)
[2019.01.14-20.16.46:923][474]LogModuleManager: Shutting down and abandoning module MediaPlayerEditor (558)
[2019.01.14-20.16.46:924][474]LogModuleManager: Shutting down and abandoning module OpenExrWrapper (556)
[2019.01.14-20.16.46:924][474]LogModuleManager: Shutting down and abandoning module ImgMediaFactory (554)
[2019.01.14-20.16.46:924][474]LogModuleManager: Shutting down and abandoning module ImgMediaEditor (552)
[2019.01.14-20.16.46:924][474]LogModuleManager: Shutting down and abandoning module AvfMediaFactory (550)
[2019.01.14-20.16.46:924][474]LogModuleManager: Shutting down and abandoning module AvfMediaEditor (548)
[2019.01.14-20.16.46:924][474]LogModuleManager: Shutting down and abandoning module AndroidMediaFactory (546)
[2019.01.14-20.16.46:924][474]LogModuleManager: Shutting down and abandoning module AndroidMediaEditor (544)
[2019.01.14-20.16.46:924][474]LogModuleManager: Shutting down and abandoning module MagicLeapCameraPreviewFactory (542)
[2019.01.14-20.16.46:924][474]LogModuleManager: Shutting down and abandoning module MagicLeapMediaFactory (540)
[2019.01.14-20.16.46:924][474]LogModuleManager: Shutting down and abandoning module MagicLeapMediaEditor (538)
[2019.01.14-20.16.46:924][474]LogModuleManager: Shutting down and abandoning module CharacterAI (536)
[2019.01.14-20.16.46:924][474]LogModuleManager: Shutting down and abandoning module SmartSnapping (534)
[2019.01.14-20.16.46:924][474]LogModuleManager: Shutting down and abandoning module SessionServices (532)
[2019.01.14-20.16.46:924][474]LogModuleManager: Shutting down and abandoning module ViewportSnapping (530)
[2019.01.14-20.16.46:924][474]LogModuleManager: Shutting down and abandoning module ViewportInteraction (528)
[2019.01.14-20.16.46:924][474]LogModuleManager: Shutting down and abandoning module ClothPainter (526)
[2019.01.14-20.16.46:925][474]LogModuleManager: Shutting down and abandoning module SkeletalMeshEditor (525)
[2019.01.14-20.16.46:926][474]LogModuleManager: Shutting down and abandoning module LogVisualizer (522)
[2019.01.14-20.16.46:928][474]LogModuleManager: Shutting down and abandoning module IntroTutorials (520)
[2019.01.14-20.16.46:929][474]LogModuleManager: Shutting down and abandoning module GameProjectGeneration (519)
[2019.01.14-20.16.46:930][474]LogModuleManager: Shutting down and abandoning module LuminPlatformEditor (516)
[2019.01.14-20.16.46:930][474]LogModuleManager: Shutting down and abandoning module IOSPlatformEditor (514)
[2019.01.14-20.16.46:930][474]LogModuleManager: Shutting down and abandoning module HTML5PlatformEditor (512)
[2019.01.14-20.16.46:930][474]LogModuleManager: Shutting down and abandoning module AndroidPlatformEditor (510)
[2019.01.14-20.16.46:930][474]LogModuleManager: Shutting down and abandoning module AndroidDeviceDetection (509)
[2019.01.14-20.16.47:280][474]LogModuleManager: Shutting down and abandoning module WindowsPlatformEditor (506)
[2019.01.14-20.16.47:280][474]LogModuleManager: Shutting down and abandoning module LuminRuntimeSettings (504)
[2019.01.14-20.16.47:280][474]LogModuleManager: Shutting down and abandoning module IOSRuntimeSettings (502)
[2019.01.14-20.16.47:280][474]LogModuleManager: Shutting down and abandoning module AndroidRuntimeSettings (500)
[2019.01.14-20.16.47:280][474]LogModuleManager: Shutting down and abandoning module InputBindingEditor (498)
[2019.01.14-20.16.47:280][474]LogModuleManager: Shutting down and abandoning module MergeActors (496)
[2019.01.14-20.16.47:281][474]LogModuleManager: Shutting down and abandoning module LocalizationDashboard (494)
[2019.01.14-20.16.47:281][474]LogModuleManager: Shutting down and abandoning module LocalizationService (493)
[2019.01.14-20.16.47:282][474]LogModuleManager: Shutting down and abandoning module HardwareTargeting (490)
[2019.01.14-20.16.47:282][474]LogModuleManager: Shutting down and abandoning module DeviceProfileEditor (488)
[2019.01.14-20.16.47:282][474]LogModuleManager: Shutting down and abandoning module UndoHistory (486)
[2019.01.14-20.16.47:282][474]LogModuleManager: Shutting down and abandoning module XmlParser (484)
[2019.01.14-20.16.47:282][474]LogModuleManager: Shutting down and abandoning module Blutility (482)
[2019.01.14-20.16.47:282][474]LogModuleManager: Shutting down and abandoning module ProjectSettingsViewer (480)
[2019.01.14-20.16.47:283][474]LogModuleManager: Shutting down and abandoning module ProjectTargetPlatformEditor (479)
[2019.01.14-20.16.47:283][474]LogModuleManager: Shutting down and abandoning module EditorSettingsViewer (476)
[2019.01.14-20.16.47:283][474]LogModuleManager: Shutting down and abandoning module SettingsEditor (474)
[2019.01.14-20.16.47:284][474]LogModuleManager: Shutting down and abandoning module ProjectLauncher (472)
[2019.01.14-20.16.47:284][474]LogModuleManager: Shutting down and abandoning module SessionFrontend (470)
[2019.01.14-20.16.47:285][474]LogModuleManager: Shutting down and abandoning module ProfilerClient (468)
[2019.01.14-20.16.47:285][474]LogModuleManager: Shutting down and abandoning module DeviceManager (466)
[2019.01.14-20.16.47:285][474]LogModuleManager: Shutting down and abandoning module TargetDeviceServices (465)
[2019.01.14-20.16.47:341][474]LogModuleManager: Shutting down and abandoning module AutomationController (462)
[2019.01.14-20.16.47:341][474]LogModuleManager: Shutting down and abandoning module AutomationWindow (460)
[2019.01.14-20.16.47:342][474]LogModuleManager: Shutting down and abandoning module Layers (458)
[2019.01.14-20.16.47:343][474]LogModuleManager: Shutting down and abandoning module ComponentVisualizers (456)
[2019.01.14-20.16.47:343][474]LogModuleManager: Shutting down and abandoning module DetailCustomizations (454)
[2019.01.14-20.16.47:343][474]LogModuleManager: Shutting down and abandoning module PackagesDialog (452)
[2019.01.14-20.16.47:344][474]LogModuleManager: Shutting down and abandoning module Persona (450)
[2019.01.14-20.16.47:344][474]LogModuleManager: Shutting down and abandoning module AdvancedPreviewScene (449)
[2019.01.14-20.16.47:345][474]LogModuleManager: Shutting down and abandoning module AnimGraph (447)
[2019.01.14-20.16.47:345][474]LogModuleManager: Shutting down and abandoning module Kismet (444)
[2019.01.14-20.16.47:347][474]LogModuleManager: Shutting down and abandoning module GraphEditor (442)
[2019.01.14-20.16.47:348][474]LogModuleManager: Shutting down and abandoning module ClassViewer (440)
[2019.01.14-20.16.47:348][474]LogModuleManager: Shutting down and abandoning module Toolbox (438)
[2019.01.14-20.16.47:348][474]LogModuleManager: Shutting down and abandoning module ModuleUI (436)
[2019.01.14-20.16.47:348][474]LogModuleManager: Shutting down and abandoning module MovieSceneTools (434)
[2019.01.14-20.16.47:349][474]LogModuleManager: Shutting down and abandoning module OutputLog (432)
[2019.01.14-20.16.47:349][474]LogModuleManager: Shutting down and abandoning module GammaUI (430)
[2019.01.14-20.16.47:349][474]LogModuleManager: Shutting down and abandoning module Documentation (428)
[2019.01.14-20.16.47:349][474]LogModuleManager: Shutting down and abandoning module MovieSceneTracks (426)
[2019.01.14-20.16.47:349][474]LogModuleManager: Shutting down and abandoning module MovieScene (424)
[2019.01.14-20.16.47:349][474]LogModuleManager: Shutting down and abandoning module StreamingPauseRendering (422)
[2019.01.14-20.16.47:350][474]LogModuleManager: Shutting down and abandoning module LauncherPlatform (420)
[2019.01.14-20.16.47:350][474]LogModuleManager: Shutting down and abandoning module AnalyticsET (418)
[2019.01.14-20.16.47:350][474]LogModuleManager: Shutting down and abandoning module PortalServices (416)
[2019.01.14-20.16.47:350][474]LogModuleManager: Shutting down and abandoning module PortalRpc (414)
[2019.01.14-20.16.47:350][474]LogModuleManager: Shutting down and abandoning module MessagingRpc (412)
[2019.01.14-20.16.47:350][474]LogModuleManager: Shutting down and abandoning module AIModule (410)
[2019.01.14-20.16.47:350][474]LogModuleManager: Shutting down and abandoning module GameplayDebugger (409)
[2019.01.14-20.16.47:350][474]LogModuleManager: Shutting down and abandoning module AITestSuite (407)
[2019.01.14-20.16.47:351][474]LogModuleManager: Shutting down and abandoning module NavigationSystem (405)
[2019.01.14-20.16.47:351][474]LogModuleManager: Shutting down and abandoning module DesktopPlatform (402)
[2019.01.14-20.16.47:351][474]LogModuleManager: Shutting down and abandoning module ProfilerService (400)
[2019.01.14-20.16.47:517][474]LogModuleManager: Shutting down and abandoning module TaskGraph (398)
[2019.01.14-20.16.47:518][474]LogModuleManager: Shutting down and abandoning module SteamVRController (396)
[2019.01.14-20.16.47:518][474]LogModuleManager: Shutting down and abandoning module ProceduralMeshComponentEditor (394)
[2019.01.14-20.16.47:518][474]LogModuleManager: Shutting down and abandoning module ProceduralMeshComponent (392)
[2019.01.14-20.16.47:518][474]LogModuleManager: Shutting down and abandoning module OculusInput (390)
[2019.01.14-20.16.47:518][474]LogModuleManager: Shutting down and abandoning module MobilePatchingUtils (388)
[2019.01.14-20.16.47:518][474]LogModuleManager: Shutting down and abandoning module EditableMesh (386)
[2019.01.14-20.16.47:519][474]LogModuleManager: Shutting down and abandoning module CustomMeshComponent (384)
[2019.01.14-20.16.47:519][474]LogModuleManager: Shutting down and abandoning module CableComponent (382)
[2019.01.14-20.16.47:519][474]LogModuleManager: Shutting down and abandoning module AudioCapture (380)
[2019.01.14-20.16.47:519][474]LogModuleManager: Shutting down and abandoning module ArchVisCharacter (378)
[2019.01.14-20.16.47:519][474]LogModuleManager: Shutting down and abandoning module AndroidPermission (376)
[2019.01.14-20.16.47:519][474]LogModuleManager: Shutting down and abandoning module NUTUnrealEngine4 (374)
[2019.01.14-20.16.47:519][474]LogModuleManager: Shutting down and abandoning module NetcodeUnitTest (372)
[2019.01.14-20.16.47:520][474]LogModuleManager: Shutting down and abandoning module MediaCompositingEditor (370)
[2019.01.14-20.16.47:520][474]LogModuleManager: Shutting down and abandoning module MediaCompositing (368)
[2019.01.14-20.16.47:520][474]LogModuleManager: Shutting down and abandoning module LinearTimecode (366)
[2019.01.14-20.16.47:520][474]LogModuleManager: Shutting down and abandoning module ImgMedia (364)
[2019.01.14-20.16.47:523][474]LogModuleManager: Shutting down and abandoning module HTML5Networking (362)
[2019.01.14-20.16.47:523][474]LogModuleManager: Shutting down and abandoning module GeometryCacheTracks (360)
[2019.01.14-20.16.47:523][474]LogModuleManager: Shutting down and abandoning module GeometryCacheSequencer (358)
[2019.01.14-20.16.47:523][474]LogModuleManager: Shutting down and abandoning module BackChannel (356)
[2019.01.14-20.16.47:523][474]LogModuleManager: Shutting down and abandoning module AppleVision (354)
[2019.01.14-20.16.47:524][474]LogModuleManager: Shutting down and abandoning module AppleImageUtils (352)
[2019.01.14-20.16.47:524][474]LogModuleManager: Shutting down and abandoning module AlembicImporter (350)
[2019.01.14-20.16.47:524][474]LogModuleManager: Shutting down and abandoning module AlembicLibrary (349)
[2019.01.14-20.16.47:524][474]LogModuleManager: Shutting down and abandoning module GeometryCache (348)
[2019.01.14-20.16.47:524][474]LogModuleManager: Shutting down and abandoning module GeometryCacheEd (347)
[2019.01.14-20.16.47:524][474]LogModuleManager: Shutting down and abandoning module DatasmithContentEditor (342)
[2019.01.14-20.16.47:524][474]LogModuleManager: Shutting down and abandoning module DatasmithContent (340)
[2019.01.14-20.16.47:524][474]LogModuleManager: Shutting down and abandoning module SpeedTreeImporter (338)
[2019.01.14-20.16.47:524][474]LogModuleManager: Shutting down and abandoning module PluginBrowser (336)
[2019.01.14-20.16.47:526][474]LogModuleManager: Shutting down and abandoning module MobileLauncherProfileWizard (334)
[2019.01.14-20.16.47:526][474]LogModuleManager: Shutting down and abandoning module PolygonModeling (332)
[2019.01.14-20.16.47:526][474]LogModuleManager: Shutting down and abandoning module MeshEditor (330)
[2019.01.14-20.16.47:527][474]LogModuleManager: Shutting down and abandoning module CryptoKeysOpenSSL (328)
[2019.01.14-20.16.47:527][474]LogModuleManager: Shutting down and abandoning module CryptoKeys (326)
[2019.01.14-20.16.47:527][474]LogModuleManager: Shutting down and abandoning module VisualStudioSourceCodeAccess (324)
[2019.01.14-20.16.47:527][474]LogModuleManager: Shutting down and abandoning module VisualStudioCodeSourceCodeAccess (322)
[2019.01.14-20.16.47:527][474]LogModuleManager: Shutting down and abandoning module UObjectPlugin (320)
[2019.01.14-20.16.47:527][474]LogModuleManager: Shutting down and abandoning module SubversionSourceControl (318)
[2019.01.14-20.16.47:528][474]LogModuleManager: Shutting down and abandoning module PerforceSourceControl (316)
[2019.01.14-20.16.47:530][474]LogModuleManager: Shutting down and abandoning module GitSourceControl (314)
[2019.01.14-20.16.47:530][474]LogModuleManager: Shutting down and abandoning module SourceControl (313)
[2019.01.14-20.16.47:530][474]LogModuleManager: Shutting down and abandoning module CLionSourceCodeAccess (310)
[2019.01.14-20.16.47:530][474]LogModuleManager: Shutting down and abandoning module LightPropagationVolumeEditor (308)
[2019.01.14-20.16.47:530][474]LogModuleManager: Shutting down and abandoning module PaperTiledImporter (306)
[2019.01.14-20.16.47:530][474]LogModuleManager: Shutting down and abandoning module PaperSpriteSheetImporter (304)
[2019.01.14-20.16.47:530][474]LogModuleManager: Shutting down and abandoning module Paper2DEditor (302)
[2019.01.14-20.16.47:531][474]LogModuleManager: Shutting down and abandoning module MeshPaint (301)
[2019.01.14-20.16.47:531][474]LogModuleManager: Shutting down and abandoning module RuntimePhysXCooking (298)
[2019.01.14-20.16.47:531][474]LogModuleManager: Shutting down and abandoning module PhysXVehiclesEditor (296)
[2019.01.14-20.16.47:531][474]LogModuleManager: Shutting down and abandoning module PhysXVehicles (294)
[2019.01.14-20.16.47:531][474]LogModuleManager: Shutting down and abandoning module OculusEditor (292)
[2019.01.14-20.16.47:532][474]LogModuleManager: Shutting down and abandoning module LocationServicesBPLibrary (290)
[2019.01.14-20.16.47:532][474]LogModuleManager: Shutting down and abandoning module ImmediatePhysicsEditor (288)
[2019.01.14-20.16.47:532][474]LogModuleManager: Shutting down and abandoning module ImmediatePhysics (286)
[2019.01.14-20.16.47:532][474]LogModuleManager: Shutting down and abandoning module ActorSequence (284)
[2019.01.14-20.16.47:532][474]LogModuleManager: Shutting down and abandoning module UdpMessaging (282)
[2019.01.14-20.16.47:633][474]LogModuleManager: Shutting down and abandoning module TcpMessaging (280)
[2019.01.14-20.16.47:734][474]LogModuleManager: Shutting down and abandoning module MagicLeapAudio (278)
[2019.01.14-20.16.47:734][474]LogModuleManager: Shutting down and abandoning module GameplayTagsEditor (276)
[2019.01.14-20.16.47:734][474]LogModuleManager: Shutting down and abandoning module FacialAnimationEditor (274)
[2019.01.14-20.16.47:734][474]LogModuleManager: Shutting down and abandoning module FacialAnimation (272)
[2019.01.14-20.16.47:734][474]LogModuleManager: Shutting down and abandoning module DataValidation (270)
[2019.01.14-20.16.47:734][474]LogModuleManager: Shutting down and abandoning module AssetManagerEditor (268)
[2019.01.14-20.16.47:735][474]LogModuleManager: Shutting down and abandoning module LevelEditor (267)
[2019.01.14-20.16.47:736][474]LogModuleManager: Shutting down and abandoning module PixelInspectorModule (266)
[2019.01.14-20.16.47:736][474]LogModuleManager: Shutting down and abandoning module CommonMenuExtensions (264)
[2019.01.14-20.16.47:736][474]LogModuleManager: Shutting down and abandoning module MainFrame (262)
[2019.01.14-20.16.47:737][474]LogModuleManager: Shutting down and abandoning module HotReload (261)
[2019.01.14-20.16.47:738][474]LogModuleManager: Shutting down and abandoning module ContentBrowser (257)
[2019.01.14-20.16.47:739][474]LogModuleManager: Shutting down and abandoning module TreeMap (255)
[2019.01.14-20.16.47:739][474]LogModuleManager: Shutting down and abandoning module LightPropagationVolumeRuntime (252)
[2019.01.14-20.16.47:739][474]LogModuleManager: Shutting down and abandoning module AISupportModule (250)
[2019.01.14-20.16.47:739][474]LogModuleManager: Shutting down and abandoning module Paper2D (248)
[2019.01.14-20.16.47:740][474]LogModuleManager: Shutting down and abandoning module WindowsMoviePlayer (246)
[2019.01.14-20.16.47:740][474]LogModuleManager: Shutting down and abandoning module WmfMedia (244)
[2019.01.14-20.16.47:741][474]LogModuleManager: Shutting down and abandoning module Media (243)
[2019.01.14-20.16.47:747][474]LogModuleManager: Shutting down and abandoning module PacketHandler (240)
[2019.01.14-20.16.47:747][474]LogModuleManager: Shutting down and abandoning module ClothingSystemEditor (238)
[2019.01.14-20.16.47:747][474]LogModuleManager: Shutting down and abandoning module ClothingSystemRuntime (236)
[2019.01.14-20.16.47:748][474]LogModuleManager: Shutting down and abandoning module MediaAssets (234)
[2019.01.14-20.16.47:748][474]LogModuleManager: Shutting down and abandoning module Overlay (232)
[2019.01.14-20.16.47:748][474]LogModuleManager: Shutting down and abandoning module OverlayEditor (231)
[2019.01.14-20.16.47:748][474]LogModuleManager: Shutting down and abandoning module VREditor (228)
[2019.01.14-20.16.47:748][474]LogModuleManager: Shutting down and abandoning module StringTableEditor (226)
[2019.01.14-20.16.47:749][474]LogModuleManager: Shutting down and abandoning module GameplayTasksEditor (224)
[2019.01.14-20.16.47:749][474]LogModuleManager: Shutting down and abandoning module BehaviorTreeEditor (222)
[2019.01.14-20.16.47:751][474]LogModuleManager: Shutting down and abandoning module FunctionalTesting (220)
[2019.01.14-20.16.47:751][474]LogModuleManager: Shutting down and abandoning module CollisionAnalyzer (218)
[2019.01.14-20.16.47:752][474]LogModuleManager: Shutting down and abandoning module WorkspaceMenuStructure (217)
[2019.01.14-20.16.47:752][474]LogModuleManager: Shutting down and abandoning module UMG (214)
[2019.01.14-20.16.47:752][474]LogModuleManager: Shutting down and abandoning module UMGEditor (213)
[2019.01.14-20.16.47:753][474]LogModuleManager: Shutting down and abandoning module Sequencer (212)
[2019.01.14-20.16.47:755][474]LogModuleManager: Shutting down and abandoning module MessageLog (209)
[2019.01.14-20.16.47:755][474]LogModuleManager: Shutting down and abandoning module SlateReflector (204)
[2019.01.14-20.16.47:756][474]LogModuleManager: Shutting down and abandoning module Slate (202)
[2019.01.14-20.16.47:756][474]LogModuleManager: Shutting down and abandoning module EditorStyle (200)
[2019.01.14-20.16.47:758][474]LogModuleManager: Shutting down and abandoning module MRMesh (198)
[2019.01.14-20.16.47:759][474]LogModuleManager: Shutting down and abandoning module SourceCodeAccess (196)
[2019.01.14-20.16.47:759][474]LogModuleManager: Shutting down and abandoning module HeadMountedDisplay (194)
[2019.01.14-20.16.47:759][474]LogModuleManager: Shutting down and abandoning module XAudio2 (192)
[2019.01.14-20.16.47:759][474]LogModuleManager: Shutting down and abandoning module Networking (190)
[2019.01.14-20.16.47:759][474]LogModuleManager: Shutting down and abandoning module Core (188)
[2019.01.14-20.16.47:759][474]LogModuleManager: Shutting down and abandoning module LevelSequence (186)
[2019.01.14-20.16.47:759][474]LogModuleManager: Shutting down and abandoning module KismetCompiler (184)
[2019.01.14-20.16.47:759][474]LogModuleManager: Shutting down and abandoning module MeshUtilities (182)
[2019.01.14-20.16.47:759][474]LogModuleManager: Shutting down and abandoning module MeshMergeUtilities (181)
[2019.01.14-20.16.47:760][474]LogModuleManager: Shutting down and abandoning module MeshReductionInterface (180)
[2019.01.14-20.16.47:760][474]LogModuleManager: Shutting down and abandoning module SimplygonSwarm (179)
[2019.01.14-20.16.47:760][474]LogModuleManager: Shutting down and abandoning module ProxyLODMeshReduction (177)
[2019.01.14-20.16.47:760][474]LogModuleManager: Shutting down and abandoning module SimplygonMeshReduction (175)
[2019.01.14-20.16.47:761][474]LogModuleManager: Shutting down and abandoning module QuadricMeshReduction (173)
[2019.01.14-20.16.47:761][474]LogModuleManager: Shutting down and abandoning module MaterialBaking (169)
[2019.01.14-20.16.47:762][474]LogModuleManager: Shutting down and abandoning module DirectoryWatcher (165)
[2019.01.14-20.16.47:762][474]LogModuleManager: Shutting down and abandoning module DerivedDataCache (162)
[2019.01.14-20.16.47:794][474]LogDerivedDataCache: Shutdown
[2019.01.14-20.16.47:794][474]LogModuleManager: Shutting down and abandoning module XGEController (160)
[2019.01.14-20.16.47:795][474]LogXGEController: Cleaning working directory: C:/Users/Aaron/AppData/Local/Temp/UnrealXGEWorkingDir/
[2019.01.14-20.16.47:795][474]LogModuleManager: Shutting down and abandoning module TargetPlatform (158)
[2019.01.14-20.16.47:795][474]LogModuleManager: Shutting down and abandoning module VulkanShaderFormat (157)
[2019.01.14-20.16.47:796][474]LogModuleManager: Shutting down and abandoning module ShaderFormatVectorVM (155)
[2019.01.14-20.16.47:796][474]LogModuleManager: Shutting down and abandoning module ShaderFormatOpenGL (153)
[2019.01.14-20.16.47:796][474]LogModuleManager: Shutting down and abandoning module ShaderFormatD3D (151)
[2019.01.14-20.16.47:796][474]LogModuleManager: Shutting down and abandoning module MetalShaderFormat (149)
[2019.01.14-20.16.47:797][474]LogModuleManager: Shutting down and abandoning module TextureFormatUncompressed (147)
[2019.01.14-20.16.47:797][474]LogModuleManager: Shutting down and abandoning module TextureFormatPVR (145)
[2019.01.14-20.16.47:797][474]LogModuleManager: Shutting down and abandoning module TextureFormatDXT (143)
[2019.01.14-20.16.47:797][474]LogModuleManager: Shutting down and abandoning module TextureFormatIntelISPCTexComp (141)
[2019.01.14-20.16.47:798][474]LogModuleManager: Shutting down and abandoning module TextureFormatASTC (139)
[2019.01.14-20.16.47:798][474]LogModuleManager: Shutting down and abandoning module ImageWrapper (138)
[2019.01.14-20.16.47:798][474]LogModuleManager: Shutting down and abandoning module TextureFormatAndroid (135)
[2019.01.14-20.16.47:798][474]LogModuleManager: Shutting down and abandoning module AudioFormatOpus (133)
[2019.01.14-20.16.47:798][474]LogModuleManager: Shutting down and abandoning module AudioFormatOgg (131)
[2019.01.14-20.16.47:798][474]LogModuleManager: Shutting down and abandoning module AudioFormatADPCM (129)
[2019.01.14-20.16.47:798][474]LogModuleManager: Shutting down and abandoning module LuminTargetPlatform (127)
[2019.01.14-20.16.47:798][474]LogModuleManager: Shutting down and abandoning module LinuxTargetPlatform (125)
[2019.01.14-20.16.47:798][474]LogModuleManager: Shutting down and abandoning module LinuxServerTargetPlatform (123)
[2019.01.14-20.16.47:798][474]LogModuleManager: Shutting down and abandoning module LinuxNoEditorTargetPlatform (121)
[2019.01.14-20.16.47:798][474]LogModuleManager: Shutting down and abandoning module LinuxClientTargetPlatform (119)
[2019.01.14-20.16.47:798][474]LogModuleManager: Shutting down and abandoning module TVOSTargetPlatform (117)
[2019.01.14-20.16.47:803][474]LogModuleManager: Shutting down and abandoning module Messaging (115)
[2019.01.14-20.16.47:803][474]LogModuleManager: Shutting down and abandoning module IOSTargetPlatform (113)
[2019.01.14-20.16.47:807][474]LogModuleManager: Shutting down and abandoning module HTML5TargetPlatform (111)
[2019.01.14-20.16.47:807][474]LogModuleManager: Shutting down and abandoning module AndroidTargetPlatform (109)
[2019.01.14-20.16.47:835][474]LogModuleManager: Shutting down and abandoning module WindowsTargetPlatform (107)
[2019.01.14-20.16.47:835][474]LogModuleManager: Shutting down and abandoning module WindowsServerTargetPlatform (105)
[2019.01.14-20.16.47:835][474]LogModuleManager: Shutting down and abandoning module WindowsNoEditorTargetPlatform (103)
[2019.01.14-20.16.47:835][474]LogModuleManager: Shutting down and abandoning module WindowsClientTargetPlatform (101)
[2019.01.14-20.16.47:835][474]LogModuleManager: Shutting down and abandoning module MacTargetPlatform (99)
[2019.01.14-20.16.47:835][474]LogModuleManager: Shutting down and abandoning module MacServerTargetPlatform (97)
[2019.01.14-20.16.47:835][474]LogModuleManager: Shutting down and abandoning module MacNoEditorTargetPlatform (95)
[2019.01.14-20.16.47:835][474]LogModuleManager: Shutting down and abandoning module MacClientTargetPlatform (93)
[2019.01.14-20.16.47:835][474]LogModuleManager: Shutting down and abandoning module AllDesktopTargetPlatform (91)
[2019.01.14-20.16.47:835][474]LogModuleManager: Shutting down and abandoning module InputCore (88)
[2019.01.14-20.16.47:835][474]LogModuleManager: Shutting down and abandoning module Settings (86)
[2019.01.14-20.16.47:835][474]LogModuleManager: Shutting down and abandoning module PhysXCooking (84)
[2019.01.14-20.16.47:835][474]LogModuleManager: Shutting down and abandoning module SteamVR (82)
[2019.01.14-20.16.47:835][474]LogModuleManager: Shutting down and abandoning module OculusHMD (80)
[2019.01.14-20.16.47:835][474]LogModuleManager: Shutting down and abandoning module ExampleDeviceProfileSelector (78)
[2019.01.14-20.16.47:835][474]LogModuleManager: Shutting down and abandoning module LauncherChunkInstaller (76)
[2019.01.14-20.16.47:835][474]LogModuleManager: Shutting down and abandoning module OnlineBlueprintSupport (74)
[2019.01.14-20.16.47:835][474]LogModuleManager: Shutting down and abandoning module OnlineSubsystem (70)
[2019.01.14-20.16.47:836][474]LogModuleManager: Shutting down and abandoning module XMPP (65)
[2019.01.14-20.16.47:837][474]LogModuleManager: Shutting down and abandoning module WebSockets (64)
[2019.01.14-20.16.47:842][474]LogModuleManager: Shutting down and abandoning module HTTP (61)
[2019.01.14-20.16.47:843][474]LogHttp: Display: Http module shutting down, but needs to wait on 1 outstanding Http requests:
[2019.01.14-20.16.47:843][474]LogHttp: Display: 	verb=[POST] url=[https://datarouter.ol.epicgames.com/datarouter/api/v1/public/data?SessionID=%7BA434452A-49A0-E51D-BAD9-3CB7649E23EE%7D&AppID=UEEditor.Rocket.Release&AppVersion=4.20.3-4369336%2B%2B%2BUE4%2BRelease-4.20&UserID=ee4701f04e774c04ae38448673ca0dad%7Ceee2f7cc516f4142b42b75df1bb8b69d%7Cf95d2dd5-5af9-4301-859f-e9678002d1de&AppEnvironment=datacollector-binary&UploadType=eteventstream] status=Processing
[2019.01.14-20.16.47:869][474]LogModuleManager: Shutting down and abandoning module SSL (60)
[2019.01.14-20.16.47:870][474]LogModuleManager: Shutting down and abandoning module MagicLeapEmulator (56)
[2019.01.14-20.16.47:870][474]LogModuleManager: Shutting down and abandoning module MagicLeapPrivileges (54)
[2019.01.14-20.16.47:870][474]LogModuleManager: Shutting down and abandoning module MagicLeapIdentity (52)
[2019.01.14-20.16.47:870][474]LogModuleManager: Shutting down and abandoning module MagicLeapHelperVulkan (50)
[2019.01.14-20.16.47:870][474]LogModuleManager: Shutting down and abandoning module MagicLeapHelperOpenGL (48)
[2019.01.14-20.16.47:871][474]LogModuleManager: Shutting down and abandoning module MagicLeapSecureStorage (46)
[2019.01.14-20.16.47:871][474]LogModuleManager: Shutting down and abandoning module MagicLeapGestures (44)
[2019.01.14-20.16.47:871][474]LogModuleManager: Shutting down and abandoning module MagicLeapEyeTracker (42)
[2019.01.14-20.16.47:871][474]LogModuleManager: Shutting down and abandoning module MagicLeapController (40)
[2019.01.14-20.16.47:871][474]LogSlate: Slate User Destroyed.  User Index 0, Is Virtual User: 0
[2019.01.14-20.16.47:871][474]LogModuleManager: Shutting down and abandoning module MagicLeap (38)
[2019.01.14-20.16.47:871][474]LogModuleManager: Shutting down and abandoning module AnimationModifiers (36)
[2019.01.14-20.16.47:872][474]LogModuleManager: Shutting down and abandoning module PropertyEditor (35)
[2019.01.14-20.16.47:872][474]LogModuleManager: Shutting down and abandoning module AudioEditor (32)
[2019.01.14-20.16.47:873][474]LogModuleManager: Shutting down and abandoning module TextureCompressor (30)
[2019.01.14-20.16.47:875][474]LogModuleManager: Shutting down and abandoning module ShaderCore (28)
[2019.01.14-20.16.47:875][474]LogModuleManager: Shutting down and abandoning module Landscape (26)
[2019.01.14-20.16.47:875][474]LogModuleManager: Shutting down and abandoning module SlateRHIRenderer (24)
[2019.01.14-20.16.47:876][474]LogModuleManager: Shutting down and abandoning module OpenGLDrv (22)
[2019.01.14-20.16.47:877][474]LogModuleManager: Shutting down and abandoning module D3D11RHI (20)
[2019.01.14-20.16.47:877][474]LogModuleManager: Shutting down and abandoning module AnimGraphRuntime (18)
[2019.01.14-20.16.47:877][474]LogModuleManager: Shutting down and abandoning module Renderer (16)
[2019.01.14-20.16.47:877][474]LogModuleManager: Shutting down and abandoning module Engine (14)
[2019.01.14-20.16.47:877][474]LogModuleManager: Shutting down and abandoning module CoreUObject (12)
[2019.01.14-20.16.47:877][474]LogModuleManager: Shutting down and abandoning module NetworkFile (10)
[2019.01.14-20.16.47:877][474]LogModuleManager: Shutting down and abandoning module CookedIterativeFile (8)
[2019.01.14-20.16.47:877][474]LogModuleManager: Shutting down and abandoning module StreamingFile (6)
[2019.01.14-20.16.47:878][474]LogModuleManager: Shutting down and abandoning module SandboxFile (4)
[2019.01.14-20.16.47:878][474]LogModuleManager: Shutting down and abandoning module PakFile (2)
[2019.01.14-20.16.47:883][474]LogExit: Exiting.
[2019.01.14-20.16.47:894][474]Log file closed, 01/14/19 20:16:47
