Log file open, 05/01/19 09:43:54
LogWindows: Failed to load 'aqProf.dll' (GetLastError=126)
LogWindows: File 'aqProf.dll' does not exist
LogWindows: Failed to load 'VSPerf140.dll' (GetLastError=126)
LogWindows: File 'VSPerf140.dll' does not exist
LogWindows: Failed to load 'VtuneApi.dll' (GetLastError=126)
LogWindows: File 'VtuneApi.dll' does not exist
LogWindows: Failed to load 'VtuneApi32e.dll' (GetLastError=126)
LogWindows: File 'VtuneApi32e.dll' does not exist
LogInit: Display: Running engine for game: SP_Prototype
LogPlatformFile: Not using cached read wrapper
LogTaskGraph: Started task graph with 5 named threads and 23 total threads with 3 sets of task threads.
LogStats: Stats thread started at 0.325307
LogD3D11RHI: Loaded GFSDK_Aftermath_Lib.x64.dll
LogICUInternationalization: Display: ICU TimeZone Detection - Raw Offset: +0:00, Platform Override: ''
LogPluginManager: Mounting plugin Paper2D
LogPluginManager: Mounting plugin AISupport
LogPluginManager: Mounting plugin LightPropagationVolume
LogPluginManager: Mounting plugin CLionSourceCodeAccess
LogPluginManager: Mounting plugin CodeLiteSourceCodeAccess
LogPluginManager: Mounting plugin GitSourceControl
LogPluginManager: Mounting plugin KDevelopSourceCodeAccess
LogPluginManager: Mounting plugin NullSourceCodeAccess
LogPluginManager: Mounting plugin PerforceSourceControl
LogPluginManager: Mounting plugin SubversionSourceControl
LogPluginManager: Mounting plugin UObjectPlugin
LogPluginManager: Mounting plugin VisualStudioCodeSourceCodeAccess
LogPluginManager: Mounting plugin VisualStudioSourceCodeAccess
LogPluginManager: Mounting plugin XCodeSourceCodeAccess
LogPluginManager: Mounting plugin AssetManagerEditor
LogPluginManager: Mounting plugin CryptoKeys
LogPluginManager: Mounting plugin DataValidation
LogPluginManager: Mounting plugin FacialAnimation
LogPluginManager: Mounting plugin GameplayTagsEditor
LogPluginManager: Mounting plugin MacGraphicsSwitching
LogPluginManager: Mounting plugin MeshEditor
LogPluginManager: Mounting plugin MobileLauncherProfileWizard
LogPluginManager: Mounting plugin PluginBrowser
LogPluginManager: Mounting plugin SpeedTreeImporter
LogPluginManager: Mounting plugin DatasmithContent
LogPluginManager: Mounting plugin AlembicImporter
LogPluginManager: Mounting plugin AppleImageUtils
LogPluginManager: Mounting plugin AppleVision
LogPluginManager: Mounting plugin BackChannel
LogPluginManager: Mounting plugin CharacterAI
LogPluginManager: Mounting plugin GeometryCache
LogPluginManager: Mounting plugin HTML5Networking
LogPluginManager: Mounting plugin ProxyLODPlugin
LogPluginManager: Mounting plugin MagicLeap
LogPluginManager: Mounting plugin MagicLeapEmulator
LogPluginManager: Mounting plugin MagicLeapMedia
LogPluginManager: Mounting plugin AndroidMedia
LogPluginManager: Mounting plugin AvfMedia
LogPluginManager: Mounting plugin ImgMedia
LogPluginManager: Mounting plugin LinearTimecode
LogPluginManager: Mounting plugin MediaCompositing
LogPluginManager: Mounting plugin MediaPlayerEditor
LogPluginManager: Mounting plugin WmfMedia
LogPluginManager: Mounting plugin TcpMessaging
LogPluginManager: Mounting plugin UdpMessaging
LogPluginManager: Mounting plugin ActorSequence
LogPluginManager: Mounting plugin LevelSequenceEditor
LogPluginManager: Mounting plugin MatineeToLevelSequence
LogPluginManager: Mounting plugin NetcodeUnitTest
LogPluginManager: Mounting plugin NUTUnrealEngine4
LogPluginManager: Mounting plugin OnlineSubsystemGooglePlay
LogPluginManager: Mounting plugin OnlineSubsystemIOS
LogPluginManager: Mounting plugin OnlineSubsystem
LogPluginManager: Mounting plugin OnlineSubsystemNull
LogPluginManager: Mounting plugin OnlineSubsystemUtils
LogPluginManager: Mounting plugin LauncherChunkInstaller
LogPluginManager: Mounting plugin AndroidDeviceProfileSelector
LogPluginManager: Mounting plugin AndroidMoviePlayer
LogPluginManager: Mounting plugin AndroidPermission
LogPluginManager: Mounting plugin AppleMoviePlayer
LogPluginManager: Mounting plugin ArchVisCharacter
LogPluginManager: Mounting plugin AudioCapture
LogPluginManager: Mounting plugin CableComponent
LogPluginManager: Mounting plugin CustomMeshComponent
LogPluginManager: Mounting plugin EditableMesh
LogPluginManager: Mounting plugin ExampleDeviceProfileSelector
LogPluginManager: Mounting plugin GoogleCloudMessaging
LogPluginManager: Mounting plugin ImmediatePhysics
LogPluginManager: Mounting plugin IOSDeviceProfileSelector
LogPluginManager: Mounting plugin LinuxDeviceProfileSelector
LogPluginManager: Mounting plugin LocationServicesBPLibrary
LogPluginManager: Mounting plugin MobilePatchingUtils
LogPluginManager: Mounting plugin OculusVR
LogPluginManager: Plugin shader directory ../../../Engine/Plugins/Runtime/Oculus/OculusVR/Shaders found
LogPluginManager: Mapping shader source directory ../../../Engine/Plugins/Runtime/Oculus/OculusVR/Shaders to virtual directory /Plugin/OculusVR
LogPluginManager: Mounting plugin PhysXVehicles
LogPluginManager: Mounting plugin ProceduralMeshComponent
LogPluginManager: Mounting plugin RuntimePhysXCooking
LogPluginManager: Mounting plugin SteamVR
LogPluginManager: Mounting plugin WindowsMoviePlayer
LogStreaming: Display: Took  0.272s to configure plugins.
LogInit: Using libcurl 7.55.1-DEV
LogInit:  - built for x86_64-pc-win32
LogInit:  - supports SSL with OpenSSL/1.0.2h
LogInit:  - supports HTTP deflate (compression) using libz 1.2.8
LogInit:  - other features:
LogInit:      CURL_VERSION_SSL
LogInit:      CURL_VERSION_LIBZ
LogInit:      CURL_VERSION_IPV6
LogInit:      CURL_VERSION_ASYNCHDNS
LogInit:      CURL_VERSION_LARGEFILE
LogInit:      CURL_VERSION_IDN
LogInit:  CurlRequestOptions (configurable via config and command line):
LogInit:  - bVerifyPeer = false  - Libcurl will NOT verify peer certificate
LogInit:  - bUseHttpProxy = false  - Libcurl will NOT use HTTP proxy
LogInit:  - bDontReuseConnections = false  - Libcurl will reuse connections
LogInit:  - CertBundlePath = nullptr  - Libcurl will use whatever was configured at build time.
LogInit:  - MaxHostConnections = 16  - Libcurl will limit the number of connections to a host
LogInit:  - LocalHostAddr = Default
LogInit:  - BufferSize = 65536
LogInit: WinSock: version 1.1 (2.2), MaxSocks=32767, MaxUdp=65467
LogInit: Build: ++UE4+Release-4.20-CL-4369336
LogInit: Engine Version: 4.20.3-4369336+++UE4+Release-4.20
LogInit: Compatible Engine Version: 4.20.0-4212847+++UE4+Release-4.20
LogInit: Net CL: 4212847
LogInit: OS: Windows 10 (), CPU: Intel(R) Xeon(R) CPU E5-1620 v3 @ 3.50GHz, GPU: NVIDIA GeForce GTX 970
LogInit: Compiled (64-bit): Sep 17 2018 12:26:19
LogInit: Compiled with Visual C++: 19.13.26129.00
LogInit: Build Configuration: Development
LogInit: Branch Name: ++UE4+Release-4.20
LogInit: Command Line:  
LogInit: Base Directory: C:/Epic/UE4/UE_4.20/Engine/Binaries/Win64/
LogInit: Installed Engine Build: 1
LogDevObjectVersion: Number of dev versions registered: 20
LogDevObjectVersion:   Dev-Blueprints (B0D832E4-1F89-4F0D-ACCF-7EB736FD4AA2): 10
LogDevObjectVersion:   Dev-Build (E1C64328-A22C-4D53-A36C-8E866417BD8C): 0
LogDevObjectVersion:   Dev-Core (375EC13C-06E4-48FB-B500-84F0262A717E): 2
LogDevObjectVersion:   Dev-Editor (E4B068ED-F494-42E9-A231-DA0B2E46BB41): 24
LogDevObjectVersion:   Dev-Framework (CFFC743F-43B0-4480-9391-14DF171D2073): 34
LogDevObjectVersion:   Dev-Mobile (B02B49B5-BB20-44E9-A304-32B752E40360): 2
LogDevObjectVersion:   Dev-Networking (A4E4105C-59A1-49B5-A7C5-40C4547EDFEE): 0
LogDevObjectVersion:   Dev-Online (39C831C9-5AE6-47DC-9A44-9C173E1C8E7C): 0
LogDevObjectVersion:   Dev-Physics (78F01B33-EBEA-4F98-B9B4-84EACCB95AA2): 0
LogDevObjectVersion:   Dev-Platform (6631380F-2D4D-43E0-8009-CF276956A95A): 0
LogDevObjectVersion:   Dev-Rendering (12F88B9F-8875-4AFC-A67C-D90C383ABD29): 26
LogDevObjectVersion:   Dev-Sequencer (7B5AE74C-D270-4C10-A958-57980B212A5A): 9
LogDevObjectVersion:   Dev-VR (D7296918-1DD6-4BDD-9DE2-64A83CC13884): 2
LogDevObjectVersion:   Dev-LoadTimes (C2A15278-BFE7-4AFE-6C17-90FF531DF755): 1
LogDevObjectVersion:   Private-Geometry (6EACA3D4-40EC-4CC1-B786-8BED09428FC5): 3
LogDevObjectVersion:   Dev-AnimPhys (29E575DD-E0A3-4627-9D10-D276232CDCEA): 17
LogDevObjectVersion:   Dev-ReflectionCapture (6B266CEC-1EC7-4B8F-A30B-E4D90942FC07): 1
LogDevObjectVersion:   Dev-Automation (0DF73D61-A23F-47EA-B727-89E90C41499A): 1
LogDevObjectVersion:   FortniteMain (601D1886-AC64-4F84-AA16-D3DE0DEAC7D6): 12
LogDevObjectVersion:   Dev-Enterprise (9DFFBCD6-494F-0158-E221-12823C92A888): 1
LogStreaming: Display: Took  0.007s to delete old logs.
LogInit: Presizing for max 8388607 objects, including 0 objects not considered by GC, pre-allocating 0 bytes for permanent pool.
LogInit: Object subsystem initialized
[2019.05.01-08.43.55:036][  0]LogInit: Selected Device Profile: [Windows]
[2019.05.01-08.43.55:036][  0]LogInit: Applying CVar settings loaded from the selected device profile: [Windows]
[2019.05.01-08.43.55:076][  0]LogHAL: Display: Platform has ~ 16 GB [17092038656 / 17179869184 / 16], which maps to Larger [LargestMinGB=32, LargerMinGB=12, DefaultMinGB=8, SmallerMinGB=6, SmallestMinGB=0)
[2019.05.01-08.43.55:076][  0]LogInit: Setting Device Profile CVar: [[r.Vulkan.UseRealUBs:1]]
[2019.05.01-08.43.55:076][  0]LogInit: Going up to parent DeviceProfile []
[2019.05.01-08.43.55:077][  0]LogInit: Computer: C115-14
[2019.05.01-08.43.55:077][  0]LogInit: User: s017290g
[2019.05.01-08.43.55:077][  0]LogInit: CPU Page size=4096, Cores=4
[2019.05.01-08.43.55:078][  0]LogInit: High frequency timer resolution =3.410076 MHz
[2019.05.01-08.43.55:078][  0]LogMemory: Memory total: Physical=15.9GB (16GB approx)
[2019.05.01-08.43.55:078][  0]LogMemory: Platform Memory Stats for Windows
[2019.05.01-08.43.55:078][  0]LogMemory: Process Physical Memory: 101.47 MB used, 101.47 MB peak
[2019.05.01-08.43.55:078][  0]LogMemory: Process Virtual Memory: 93.07 MB used, 93.07 MB peak
[2019.05.01-08.43.55:078][  0]LogMemory: Physical Memory: 5172.74 MB used,  11127.50 MB free, 16300.24 MB total
[2019.05.01-08.43.55:078][  0]LogMemory: Virtual Memory: 4642.39 MB used,  11127.50 MB free, 134217728.00 MB total
[2019.05.01-08.43.55:164][  0]LogInit: Using OS detected language (en-US).
[2019.05.01-08.43.55:164][  0]LogInit: Using OS detected locale (en-GB).
[2019.05.01-08.43.55:166][  0]LogTextLocalizationManager: No specific localization for 'en-US' exists, so the 'en' localization will be used.
[2019.05.01-08.43.55:578][  0]LogStreaming: Display: Took  0.414s to InitEngineTextLocalization.
[2019.05.01-08.43.55:579][  0]LogInit: Setting process to per monitor DPI aware
[2019.05.01-08.43.55:625][  0]LogSlate: New Slate User Created.  User Index 0, Is Virtual User: 0
[2019.05.01-08.43.55:625][  0]LogSlate: Slate User Registered.  User Index 0, Is Virtual User: 0
[2019.05.01-08.43.56:003][  0]LogHMD: Failed to initialize OpenVR with code 110
[2019.05.01-08.43.56:003][  0]LogD3D11RHI: D3D11 adapters:
[2019.05.01-08.43.56:136][  0]LogD3D11RHI:    0. 'NVIDIA GeForce GTX 970' (Feature Level 11_0)
[2019.05.01-08.43.56:136][  0]LogD3D11RHI:       4043/0/8150 MB DedicatedVideo/DedicatedSystem/SharedSystem, Outputs:2, VendorId:0x10de
[2019.05.01-08.43.56:140][  0]LogD3D11RHI:    1. 'Microsoft Basic Render Driver' (Feature Level 11_0)
[2019.05.01-08.43.56:140][  0]LogD3D11RHI:       0/0/8150 MB DedicatedVideo/DedicatedSystem/SharedSystem, Outputs:0, VendorId:0x1414
[2019.05.01-08.43.56:140][  0]LogD3D11RHI: Chosen D3D11 Adapter: 0
[2019.05.01-08.43.56:160][  0]LogD3D11RHI: Creating new Direct3DDevice
[2019.05.01-08.43.56:160][  0]LogD3D11RHI:     GPU DeviceId: 0x13c2 (for the marketing name, search the web for "GPU Device Id")
[2019.05.01-08.43.56:160][  0]LogWindows: EnumDisplayDevices:
[2019.05.01-08.43.56:161][  0]LogWindows:    0. 'NVIDIA GeForce GTX 970' (P:0 D:1)
[2019.05.01-08.43.56:162][  0]LogWindows:    1. 'NVIDIA GeForce GTX 970' (P:1 D:1)
[2019.05.01-08.43.56:163][  0]LogWindows:    2. 'NVIDIA GeForce GTX 970' (P:0 D:0)
[2019.05.01-08.43.56:164][  0]LogWindows:    3. 'NVIDIA GeForce GTX 970' (P:0 D:0)
[2019.05.01-08.43.56:165][  0]LogWindows: DebugString: FoundDriverCount:4 
[2019.05.01-08.43.56:165][  0]LogD3D11RHI:     Adapter Name: NVIDIA GeForce GTX 970
[2019.05.01-08.43.56:165][  0]LogD3D11RHI:   Driver Version: 398.82 (internal:24.21.13.9882, unified:398.82)
[2019.05.01-08.43.56:165][  0]LogD3D11RHI:      Driver Date: 7-30-2018
[2019.05.01-08.43.56:165][  0]LogRHI: Texture pool is 2830 MB (70% of 4043 MB)
[2019.05.01-08.43.56:222][  0]LogD3D11RHI: Async texture creation enabled
[2019.05.01-08.43.56:241][  0]LogD3D11RHI: GPU Timing Frequency: 1000.000000 (Debug: 2 2)
[2019.05.01-08.43.56:286][  0]LogShaderCompilers: Guid format shader working directory is -28 characters bigger than the processId version (../../../../../../Users/s017290g/Documents/GitHub/SCollab-Proto/SP_Prototype/Intermediate/Shaders/WorkingDirectory/13736/).
[2019.05.01-08.43.56:287][  0]LogShaderCompilers: Cleaned the shader compiler working directory 'C:/Users/s017290g/AppData/Local/Temp/UnrealShaderWorkingDir/DC3227014E92390D47AB9AAFDA4D1B49/'.
[2019.05.01-08.43.56:736][  0]LogTemp: Display: Loaded TP AllDesktopTargetPlatform
[2019.05.01-08.43.56:754][  0]LogTemp: Display: Loaded TP MacClientTargetPlatform
[2019.05.01-08.43.56:781][  0]LogTemp: Display: Loaded TP MacNoEditorTargetPlatform
[2019.05.01-08.43.56:799][  0]LogTemp: Display: Loaded TP MacServerTargetPlatform
[2019.05.01-08.43.56:817][  0]LogTemp: Display: Loaded TP MacTargetPlatform
[2019.05.01-08.43.56:834][  0]LogTemp: Display: Loaded TP WindowsClientTargetPlatform
[2019.05.01-08.43.56:852][  0]LogTemp: Display: Loaded TP WindowsNoEditorTargetPlatform
[2019.05.01-08.43.56:869][  0]LogTemp: Display: Loaded TP WindowsServerTargetPlatform
[2019.05.01-08.43.56:878][  0]LogTemp: Display: Loaded TP WindowsTargetPlatform
[2019.05.01-08.43.56:980][  0]LogTemp: Display: Loaded TP AndroidTargetPlatform
[2019.05.01-08.43.56:980][  0]LogTemp: Display: Loaded TP AndroidTargetPlatform
[2019.05.01-08.43.56:980][  0]LogTemp: Display: Loaded TP AndroidTargetPlatform
[2019.05.01-08.43.56:980][  0]LogTemp: Display: Loaded TP AndroidTargetPlatform
[2019.05.01-08.43.56:980][  0]LogTemp: Display: Loaded TP AndroidTargetPlatform
[2019.05.01-08.43.56:980][  0]LogTemp: Display: Loaded TP AndroidTargetPlatform
[2019.05.01-08.43.56:980][  0]LogTemp: Display: Loaded TP AndroidTargetPlatform
[2019.05.01-08.43.56:980][  0]LogTemp: Display: Loaded TP AndroidTargetPlatform
[2019.05.01-08.43.56:980][  0]LogTemp: Display: Loaded TP AndroidTargetPlatform
[2019.05.01-08.43.56:981][  0]LogTemp: Display: Loaded TP AndroidTargetPlatform
[2019.05.01-08.43.56:981][  0]LogTemp: Display: Loaded TP AndroidTargetPlatform
[2019.05.01-08.43.56:981][  0]LogTemp: Display: Loaded TP AndroidTargetPlatform
[2019.05.01-08.43.56:981][  0]LogTemp: Display: Loaded TP AndroidTargetPlatform
[2019.05.01-08.43.56:981][  0]LogTemp: Display: Loaded TP AndroidTargetPlatform
[2019.05.01-08.43.56:981][  0]LogTemp: Display: Loaded TP AndroidTargetPlatform
[2019.05.01-08.43.56:981][  0]LogTemp: Display: Loaded TP AndroidTargetPlatform
[2019.05.01-08.43.56:981][  0]LogTemp: Display: Loaded TP AndroidTargetPlatform
[2019.05.01-08.43.56:981][  0]LogTemp: Display: Loaded TP AndroidTargetPlatform
[2019.05.01-08.43.56:983][  0]LogTemp: Display: Loaded TP HTML5TargetPlatform
[2019.05.01-08.43.57:077][  0]LogTemp: Display: Loaded TP IOSTargetPlatform
[2019.05.01-08.43.57:077][  0]LogTemp: Display: Loaded TP IOSTargetPlatform
[2019.05.01-08.43.57:140][  0]LogTemp: Display: Loaded TP TVOSTargetPlatform
[2019.05.01-08.43.57:140][  0]LogTemp: Display: Loaded TP TVOSTargetPlatform
[2019.05.01-08.43.57:158][  0]LogTemp: Display: Loaded TP LinuxClientTargetPlatform
[2019.05.01-08.43.57:179][  0]LogTemp: Display: Loaded TP LinuxNoEditorTargetPlatform
[2019.05.01-08.43.57:201][  0]LogTemp: Display: Loaded TP LinuxServerTargetPlatform
[2019.05.01-08.43.57:218][  0]LogTemp: Display: Loaded TP LinuxTargetPlatform
[2019.05.01-08.43.57:230][  0]LogTemp: Display: Loaded TP LuminTargetPlatform
[2019.05.01-08.43.57:230][  0]LogTargetPlatformManager: Display: Building Assets For Windows
[2019.05.01-08.43.57:442][  0]LogXGEController: Cleaning working directory: C:/Users/s017290g/AppData/Local/Temp/UnrealXGEWorkingDir/
[2019.05.01-08.43.57:443][  0]LogXGEController: Cannot use XGE Controller as Incredibuild is not installed on this machine.
[2019.05.01-08.43.57:443][  0]LogShaderCompilers: Cannot use XGE Shader Compiler as Incredibuild is not installed on this machine.
[2019.05.01-08.43.57:443][  0]LogShaderCompilers: Display: Using Local Shader Compiler.
[2019.05.01-08.43.58:596][  0]LogDerivedDataCache: Display: Max Cache Size: 512 MB
[2019.05.01-08.43.58:711][  0]LogDerivedDataCache: Loaded boot cache 0.12s 87MB C:/Users/s017290g/AppData/Local/UnrealEngine/4.20/DerivedDataCache/Boot.ddc.
[2019.05.01-08.43.58:712][  0]LogDerivedDataCache: Display: Loaded Boot cache: C:/Users/s017290g/AppData/Local/UnrealEngine/4.20/DerivedDataCache/Boot.ddc
[2019.05.01-08.43.58:712][  0]LogDerivedDataCache: FDerivedDataBackendGraph:  Pak pak cache file ../../../../../../Users/s017290g/Documents/GitHub/SCollab-Proto/SP_Prototype/DerivedDataCache/DDC.ddp not found, will not use a pak cache.
[2019.05.01-08.43.58:712][  0]LogDerivedDataCache: Unable to find inner node Pak for hierarchical cache Hierarchy.
[2019.05.01-08.43.58:712][  0]LogDerivedDataCache: FDerivedDataBackendGraph:  CompressedPak pak cache file ../../../../../../Users/s017290g/Documents/GitHub/SCollab-Proto/SP_Prototype/DerivedDataCache/Compressed.ddp not found, will not use a pak cache.
[2019.05.01-08.43.58:712][  0]LogDerivedDataCache: Unable to find inner node CompressedPak for hierarchical cache Hierarchy.
[2019.05.01-08.43.58:729][  0]LogDerivedDataCache: Display: Pak cache opened for reading ../../../Engine/DerivedDataCache/Compressed.ddp.
[2019.05.01-08.43.58:742][  0]LogDerivedDataCache: Using Local data cache path C:/Users/s017290g/AppData/Local/UnrealEngine/Common/DerivedDataCache: Writable
[2019.05.01-08.43.58:742][  0]LogDerivedDataCache: Shared data cache path not found in *engine.ini, will not use an Shared cache.
[2019.05.01-08.43.58:742][  0]LogDerivedDataCache: Unable to find inner node Shared for hierarchical cache Hierarchy.
[2019.05.01-08.43.58:785][  0]LogMaterial: Verifying Global Shaders for PCD3D_SM5
[2019.05.01-08.43.58:787][  0]LogSlate: Using FreeType 2.6.0
[2019.05.01-08.43.58:788][  0]LogSlate: SlateFontServices - WITH_FREETYPE: 1, WITH_HARFBUZZ: 1
[2019.05.01-08.43.58:879][  0]LogAssetRegistry: FAssetRegistry took 0.0271 seconds to start up
[2019.05.01-08.43.59:416][  0]LogInit: Selected Device Profile: [Windows]
[2019.05.01-08.43.59:591][  0]LogSimplygon: Simplygon DLL not present - disabling.
[2019.05.01-08.43.59:597][  0]LogMeshReduction: Using SimplygonSwarm for distributed automatic mesh merging
[2019.05.01-08.43.59:597][  0]LogMeshReduction: Using ProxyLODMeshReduction for automatic mesh merging
[2019.05.01-08.43.59:597][  0]LogMeshReduction: Using QuadricMeshReduction for automatic static mesh reduction
[2019.05.01-08.43.59:597][  0]LogMeshReduction: No automatic skeletal mesh reduction module available
[2019.05.01-08.43.59:627][  0]LogNetVersion: SP_Prototype 1.0.0, NetCL: 4212847, EngineNetVer: 5, GameNetVer: 0 (Checksum: 1960140471)
[2019.05.01-08.43.59:720][  0]LogNavigation: Error: [/Script/Engine.RecastNavMesh] found in the DefaultEngine.ini file. This class has been moved. Please rename that section to [/Script/NavigationSystem.RecastNavMesh]
[2019.05.01-08.44.00:396][  0]LogPackageLocalizationCache: Processed 11 localized package path(s) for 2 prioritized culture(s) in 0.213945 seconds
[2019.05.01-08.44.00:408][  0]LogUObjectArray: 38425 objects as part of root set at end of initial load.
[2019.05.01-08.44.00:408][  0]LogUObjectAllocator: 6690864 out of 0 bytes used by permanent object pool.
[2019.05.01-08.44.00:408][  0]LogUObjectArray: CloseDisregardForGC: 0/0 objects in disregard for GC pool
[2019.05.01-08.44.01:748][  0]LogTcpMessaging: Initializing TcpMessaging bridge
[2019.05.01-08.44.01:762][  0]LogUdpMessaging: Initializing bridge on interface 0.0.0.0:0 to multicast group 230.0.0.1:6666.
[2019.05.01-08.44.01:998][  0]SourceControl: Source control is disabled
[2019.05.01-08.44.01:998][  0]LogWindows: Warning: CreateProc failed: The system cannot find the file specified. (0x00000002)
[2019.05.01-08.44.01:998][  0]LogWindows: Warning: URL: C:/Program Files/Git/bin/git.exe version
[2019.05.01-08.44.01:999][  0]LogWindows: Warning: CreateProc failed: The system cannot find the file specified. (0x00000002)
[2019.05.01-08.44.01:999][  0]LogWindows: Warning: URL: C:/Program Files (x86)/Git/bin/git.exe version
[2019.05.01-08.44.01:999][  0]LogWindows: Warning: CreateProc failed: The system cannot find the file specified. (0x00000002)
[2019.05.01-08.44.01:999][  0]LogWindows: Warning: URL: C:\Users\s017290g\AppData\Local/Programs/Git/cmd/git.exe version
[2019.05.01-08.44.02:000][  0]LogWindows: Warning: CreateProc failed: The system cannot find the file specified. (0x00000002)
[2019.05.01-08.44.02:000][  0]LogWindows: Warning: URL: C:/Program Files (x86)/SmartGit/git/bin/git.exe version
[2019.05.01-08.44.02:000][  0]LogWindows: Warning: CreateProc failed: The system cannot find the file specified. (0x00000002)
[2019.05.01-08.44.02:000][  0]LogWindows: Warning: URL: C:/Program Files (x86)/SmartGit/bin/git.exe version
[2019.05.01-08.44.02:000][  0]LogWindows: Warning: CreateProc failed: The system cannot find the file specified. (0x00000002)
[2019.05.01-08.44.02:001][  0]LogWindows: Warning: URL: C:\Users\s017290g\AppData\Local/Atlassian/SourceTree/git_local/bin/git.exe version
[2019.05.01-08.44.02:001][  0]LogWindows: Warning: CreateProc failed: The system cannot find the file specified. (0x00000002)
[2019.05.01-08.44.02:001][  0]LogWindows: Warning: URL: C:/Program Files (x86)/fournova/Tower/vendor/Git/bin/git.exe version
[2019.05.01-08.44.02:004][  0]LogWindows: Warning: CreateProc failed: The system cannot find the file specified. (0x00000002)
[2019.05.01-08.44.02:004][  0]LogWindows: Warning: URL: C:/Program Files/Git/bin/git.exe version
[2019.05.01-08.44.02:004][  0]LogWindows: Warning: CreateProc failed: The system cannot find the file specified. (0x00000002)
[2019.05.01-08.44.02:004][  0]LogWindows: Warning: URL: C:/Program Files (x86)/Git/bin/git.exe version
[2019.05.01-08.44.02:005][  0]LogWindows: Warning: CreateProc failed: The system cannot find the file specified. (0x00000002)
[2019.05.01-08.44.02:005][  0]LogWindows: Warning: URL: C:\Users\s017290g\AppData\Local/Programs/Git/cmd/git.exe version
[2019.05.01-08.44.02:005][  0]LogWindows: Warning: CreateProc failed: The system cannot find the file specified. (0x00000002)
[2019.05.01-08.44.02:005][  0]LogWindows: Warning: URL: C:/Program Files (x86)/SmartGit/git/bin/git.exe version
[2019.05.01-08.44.02:006][  0]LogWindows: Warning: CreateProc failed: The system cannot find the file specified. (0x00000002)
[2019.05.01-08.44.02:006][  0]LogWindows: Warning: URL: C:/Program Files (x86)/SmartGit/bin/git.exe version
[2019.05.01-08.44.02:006][  0]LogWindows: Warning: CreateProc failed: The system cannot find the file specified. (0x00000002)
[2019.05.01-08.44.02:006][  0]LogWindows: Warning: URL: C:\Users\s017290g\AppData\Local/Atlassian/SourceTree/git_local/bin/git.exe version
[2019.05.01-08.44.02:007][  0]LogWindows: Warning: CreateProc failed: The system cannot find the file specified. (0x00000002)
[2019.05.01-08.44.02:007][  0]LogWindows: Warning: URL: C:/Program Files (x86)/fournova/Tower/vendor/Git/bin/git.exe version
[2019.05.01-08.44.02:010][  0]LogWindows: Warning: CreateProc failed: The system cannot find the file specified. (0x00000002)
[2019.05.01-08.44.02:010][  0]LogWindows: Warning: URL: C:/Program Files/Git/bin/git.exe version
[2019.05.01-08.44.02:011][  0]LogWindows: Warning: CreateProc failed: The system cannot find the file specified. (0x00000002)
[2019.05.01-08.44.02:011][  0]LogWindows: Warning: URL: C:/Program Files (x86)/Git/bin/git.exe version
[2019.05.01-08.44.02:011][  0]LogWindows: Warning: CreateProc failed: The system cannot find the file specified. (0x00000002)
[2019.05.01-08.44.02:011][  0]LogWindows: Warning: URL: C:\Users\s017290g\AppData\Local/Programs/Git/cmd/git.exe version
[2019.05.01-08.44.02:012][  0]LogWindows: Warning: CreateProc failed: The system cannot find the file specified. (0x00000002)
[2019.05.01-08.44.02:012][  0]LogWindows: Warning: URL: C:/Program Files (x86)/SmartGit/git/bin/git.exe version
[2019.05.01-08.44.02:012][  0]LogWindows: Warning: CreateProc failed: The system cannot find the file specified. (0x00000002)
[2019.05.01-08.44.02:012][  0]LogWindows: Warning: URL: C:/Program Files (x86)/SmartGit/bin/git.exe version
[2019.05.01-08.44.02:013][  0]LogWindows: Warning: CreateProc failed: The system cannot find the file specified. (0x00000002)
[2019.05.01-08.44.02:013][  0]LogWindows: Warning: URL: C:\Users\s017290g\AppData\Local/Atlassian/SourceTree/git_local/bin/git.exe version
[2019.05.01-08.44.02:013][  0]LogWindows: Warning: CreateProc failed: The system cannot find the file specified. (0x00000002)
[2019.05.01-08.44.02:013][  0]LogWindows: Warning: URL: C:/Program Files (x86)/fournova/Tower/vendor/Git/bin/git.exe version
[2019.05.01-08.44.02:279][  0]LogAndroidPermission: UAndroidPermissionCallbackProxy::GetInstance
[2019.05.01-08.44.02:430][  0]LogOcInput: OculusInput pre-init called
[2019.05.01-08.44.02:567][  0]LogEngine: Initializing Engine...
[2019.05.01-08.44.02:568][  0]LogHMD: Failed to initialize OpenVR with code 110
[2019.05.01-08.44.02:570][  0]LogStats: UGameplayTagsManager::ConstructGameplayTagTree: ImportINI prefixes -  0.000 s
[2019.05.01-08.44.02:570][  0]LogStats: UGameplayTagsManager::ConstructGameplayTagTree: Construct from data asset -  0.000 s
[2019.05.01-08.44.02:571][  0]LogStats: UGameplayTagsManager::ConstructGameplayTagTree: ImportINI -  0.000 s
[2019.05.01-08.44.02:571][  0]LogStats: UGameplayTagsManager::ConstructGameplayTagTree: GameplayTagTreeChangedEvent.Broadcast -  0.000 s
[2019.05.01-08.44.02:846][  0]LogInit: Initializing FReadOnlyCVARCache
[2019.05.01-08.44.02:867][  0]LogAIModule: Creating AISystem for world Untitled
[2019.05.01-08.44.02:882][  0]LogInit: XAudio2 using 'Speakers (Realtek High Definition Audio)' : 2 channels at 48 kHz using 32 bits per sample (channel mask 0x3)
[2019.05.01-08.44.02:922][  0]LogInit: FAudioDevice initialized.
[2019.05.01-08.44.02:922][  0]LogNetVersion: Set ProjectVersion to 1.0.0.0. Version Checksum will be recalculated on next use.
[2019.05.01-08.44.03:052][  0]LogDerivedDataCache: Saved boot cache 0.13s 87MB C:/Users/s017290g/AppData/Local/UnrealEngine/4.20/DerivedDataCache/Boot.ddc.
[2019.05.01-08.44.03:070][  0]LogInit: Texture streaming: Enabled
[2019.05.01-08.44.03:135][  0]LogEngineSessionManager: EngineSessionManager initialized
[2019.05.01-08.44.03:177][  0]LogInit: Transaction tracking system initialized
[2019.05.01-08.44.03:222][  0]BlueprintLog: New page: Editor Load
[2019.05.01-08.44.03:459][  0]LocalizationService: Localization service is disabled
[2019.05.01-08.44.03:923][  0]LogCook: Display: Max memory allowance for cook 16384mb min free memory 0mb
[2019.05.01-08.44.03:923][  0]LogCook: Display: Mobile HDR setting 1
[2019.05.01-08.44.03:923][  0]LogGameplayTags: Display: UGameplayTagsManager::DoneAddingNativeTags. DelegateIsBound: 0
[2019.05.01-08.44.03:923][  0]LogStats: UGameplayTagsManager::ConstructGameplayTagTree: ImportINI prefixes -  0.000 s
[2019.05.01-08.44.03:923][  0]LogStats: UGameplayTagsManager::ConstructGameplayTagTree: Construct from data asset -  0.000 s
[2019.05.01-08.44.03:923][  0]LogStats: UGameplayTagsManager::ConstructGameplayTagTree: ImportINI -  0.000 s
[2019.05.01-08.44.03:924][  0]LogStats: UGameplayTagsManager::ConstructGameplayTagTree: GameplayTagTreeChangedEvent.Broadcast -  0.000 s
[2019.05.01-08.44.04:113][  0]LogFileCache: Scanning file cache for directory 'C:/Users/s017290g/Documents/GitHub/SCollab-Proto/SP_Prototype/Content/' took 0.03s
[2019.05.01-08.44.04:113][  0]LogWindows: Warning: CreateProc failed: The system cannot find the file specified. (0x00000002)
[2019.05.01-08.44.04:113][  0]LogWindows: Warning: URL: C:/Program Files/Git/bin/git.exe version
[2019.05.01-08.44.04:114][  0]LogWindows: Warning: CreateProc failed: The system cannot find the file specified. (0x00000002)
[2019.05.01-08.44.04:114][  0]LogWindows: Warning: URL: C:/Program Files (x86)/Git/bin/git.exe version
[2019.05.01-08.44.04:114][  0]LogWindows: Warning: CreateProc failed: The system cannot find the file specified. (0x00000002)
[2019.05.01-08.44.04:114][  0]LogWindows: Warning: URL: C:\Users\s017290g\AppData\Local/Programs/Git/cmd/git.exe version
[2019.05.01-08.44.04:115][  0]LogWindows: Warning: CreateProc failed: The system cannot find the file specified. (0x00000002)
[2019.05.01-08.44.04:115][  0]LogWindows: Warning: URL: C:/Program Files (x86)/SmartGit/git/bin/git.exe version
[2019.05.01-08.44.04:115][  0]LogWindows: Warning: CreateProc failed: The system cannot find the file specified. (0x00000002)
[2019.05.01-08.44.04:115][  0]LogWindows: Warning: URL: C:/Program Files (x86)/SmartGit/bin/git.exe version
[2019.05.01-08.44.04:116][  0]LogWindows: Warning: CreateProc failed: The system cannot find the file specified. (0x00000002)
[2019.05.01-08.44.04:116][  0]LogWindows: Warning: URL: C:\Users\s017290g\AppData\Local/Atlassian/SourceTree/git_local/bin/git.exe version
[2019.05.01-08.44.04:116][  0]LogWindows: Warning: CreateProc failed: The system cannot find the file specified. (0x00000002)
[2019.05.01-08.44.04:116][  0]LogWindows: Warning: URL: C:/Program Files (x86)/fournova/Tower/vendor/Git/bin/git.exe version
[2019.05.01-08.44.04:116][  0]Cmd: MAP LOAD FILE="../../../../../../Users/s017290g/Documents/GitHub/SCollab-Proto/SP_Prototype/Content/TopDownBP/Maps/TopDownExampleMap.umap" TEMPLATE=0 SHOWPROGRESS=1 FEATURELEVEL=3
[2019.05.01-08.44.04:117][  0]LightingResults: New page: Lighting Build
[2019.05.01-08.44.04:123][  0]MapCheck: New page: Map Check
[2019.05.01-08.44.04:123][  0]LightingResults: New page: Lighting Build
[2019.05.01-08.44.04:373][  0]LogLinker: Warning: Can't find file '/Game/AIAgent/TestPawn2'
[2019.05.01-08.44.04:373][  0]LogLinker: Warning: Can't find file for asset '/Game/AIAgent/TestPawn2' while loading ../../../../../../Users/s017290g/Documents/GitHub/SCollab-Proto/SP_Prototype/Content/SpawnActor/SpawnPoint.uasset.
[2019.05.01-08.44.04:373][  0]LoadErrors: Error: /Game/SpawnActor/SpawnPoint : Can't find file for asset. /Game/AIAgent/TestPawn2
[2019.05.01-08.44.04:375][  0]LogLinker: Warning: Can't find file '/Game/AIAgent/TestPawn2'
[2019.05.01-08.44.04:375][  0]LogLinker: Warning: Can't find file for asset '/Game/AIAgent/TestPawn2' while loading ../../../../../../Users/s017290g/Documents/GitHub/SCollab-Proto/SP_Prototype/Content/SpawnActor/SpawnPoint.uasset.
[2019.05.01-08.44.04:376][  0]LoadErrors: Error: /Game/SpawnActor/SpawnPoint : Can't find file for asset. /Game/AIAgent/TestPawn2
[2019.05.01-08.44.04:376][  0]LogLinker: Warning: Can't find file '/Game/AIAgent/TestPawn2'
[2019.05.01-08.44.04:377][  0]LogLinker: Warning: Can't find file for asset '/Game/AIAgent/TestPawn2' while loading ../../../../../../Users/s017290g/Documents/GitHub/SCollab-Proto/SP_Prototype/Content/TopDownBP/Maps/TopDownExampleMap.umap.
[2019.05.01-08.44.04:377][  0]LoadErrors: Error: /Game/TopDownBP/Maps/TopDownExampleMap : Can't find file for asset. /Game/AIAgent/TestPawn2
[2019.05.01-08.44.04:377][  0]LogLinker: Warning: Can't find file '/Game/AIAgent/TestPawn2'
[2019.05.01-08.44.04:378][  0]LogLinker: Warning: Can't find file for asset '/Game/AIAgent/TestPawn2' while loading ../../../../../../Users/s017290g/Documents/GitHub/SCollab-Proto/SP_Prototype/Content/TopDownBP/Maps/TopDownExampleMap.umap.
[2019.05.01-08.44.04:378][  0]LoadErrors: Error: /Game/TopDownBP/Maps/TopDownExampleMap : Can't find file for asset. /Game/AIAgent/TestPawn2
[2019.05.01-08.44.04:378][  0]LogLinker: Warning: Can't find file '/Game/AIAgent/TestPawn2'
[2019.05.01-08.44.04:379][  0]LogLinker: Warning: Can't find file for asset '/Game/AIAgent/TestPawn2' while loading ../../../../../../Users/s017290g/Documents/GitHub/SCollab-Proto/SP_Prototype/Content/TopDownBP/Maps/TopDownExampleMap.umap.
[2019.05.01-08.44.04:379][  0]LoadErrors: Error: /Game/TopDownBP/Maps/TopDownExampleMap : Can't find file for asset. /Game/AIAgent/TestPawn2
[2019.05.01-08.44.04:380][  0]LogLinker: Warning: Can't find file '/Game/AIAgent/TestPawn2'
[2019.05.01-08.44.04:380][  0]LoadErrors: Failed to load /Game/AIAgent/TestPawn2.TestPawn2_C Referenced by K2Node_SpawnActorFromClass_0
[2019.05.01-08.44.04:381][  0]LogLinker: Warning: Can't find file for asset '/Game/AIAgent/TestPawn2' while loading ../../../../../../Users/s017290g/Documents/GitHub/SCollab-Proto/SP_Prototype/Content/TopDownBP/Maps/TopDownExampleMap.umap.
[2019.05.01-08.44.04:381][  0]LoadErrors: Failed to load /Game/AIAgent/TestPawn2.TestPawn2_C Referenced by K2Node_SpawnActorFromClass_0
[2019.05.01-08.44.04:381][  0]LoadErrors: Error: /Game/TopDownBP/Maps/TopDownExampleMap : Can't find file for asset. /Game/AIAgent/TestPawn2
[2019.05.01-08.44.04:381][  0]LogLinker: Warning: Can't find file '/Game/AIAgent/TestPawn2'
[2019.05.01-08.44.04:381][  0]LoadErrors: Failed to load /Game/AIAgent/TestPawn2.TestPawn2_C Referenced by K2Node_SpawnActorFromClass_0
[2019.05.01-08.44.04:382][  0]LogLinker: Warning: Can't find file for asset '/Game/AIAgent/TestPawn2' while loading ../../../../../../Users/s017290g/Documents/GitHub/SCollab-Proto/SP_Prototype/Content/TopDownBP/Maps/TopDownExampleMap.umap.
[2019.05.01-08.44.04:382][  0]LoadErrors: Failed to load /Game/AIAgent/TestPawn2.TestPawn2_C Referenced by K2Node_SpawnActorFromClass_0
[2019.05.01-08.44.04:382][  0]LoadErrors: Error: /Game/TopDownBP/Maps/TopDownExampleMap : Can't find file for asset. /Game/AIAgent/TestPawn2
[2019.05.01-08.44.04:385][  0]LogBlueprint: Error: [Compiler SpawnPoint] Spawn node  SpawnActor NONE  must have a  Class  specified.
[2019.05.01-08.44.04:385][  0]LogBlueprint: Warning: [Compiler SpawnPoint] Input pin  Instigator  specifying non-default value no longer exists on node  SpawnActor NONE . Please refresh node or reset pin to default value to remove pin.
[2019.05.01-08.44.04:386][  0]LogBlueprint: Warning: [Compiler SpawnPoint] [0012.91] Compile of SpawnPoint failed. 1 Fatal Issue(s) 1 Warning(s) [in 3 ms] (/Game/SpawnActor/SpawnPoint.SpawnPoint)
[2019.05.01-08.44.05:282][  0]LogAIModule: Creating AISystem for world TopDownExampleMap
[2019.05.01-08.44.05:297][  0]LogEditorServer: Finished looking for orphan Actors (0.000 secs)
[2019.05.01-08.44.05:334][  0]Cmd: MAP CHECKDEP NOCLEARLOG
[2019.05.01-08.44.05:568][  0]MapCheck: Map check complete: 0 Error(s), 0 Warning(s), took 232.993ms to complete.
[2019.05.01-08.44.05:568][  0]LogFileHelpers: Loading map 'TopDownExampleMap' took 1.452
[2019.05.01-08.44.05:750][  0]LogSlate: Updating window title bar state: overlay mode, drag disabled, window buttons hidden, title bar hidden
[2019.05.01-08.44.05:760][  0]LogSlate: Updating window title bar state: overlay mode, drag disabled, window buttons hidden, title bar hidden
[2019.05.01-08.44.05:769][  0]LogSlate: Updating window title bar state: overlay mode, drag disabled, window buttons hidden, title bar hidden
[2019.05.01-08.44.05:778][  0]LogSlate: Updating window title bar state: overlay mode, drag disabled, window buttons hidden, title bar hidden
[2019.05.01-08.44.05:789][  0]LogCollectionManager: Loaded 0 collections in 0.003831 seconds
[2019.05.01-08.44.05:858][  0]LogFileCache: Scanning file cache for directory 'C:/Users/s017290g/Documents/GitHub/SCollab-Proto/SP_Prototype/Saved/Collections/' took 0.01s
[2019.05.01-08.44.05:858][  0]LogFileCache: Scanning file cache for directory 'C:/Users/s017290g/Documents/GitHub/SCollab-Proto/SP_Prototype/Content/Developers/s017290g/Collections/' took 0.01s
[2019.05.01-08.44.05:858][  0]LogFileCache: Scanning file cache for directory 'C:/Users/s017290g/Documents/GitHub/SCollab-Proto/SP_Prototype/Content/Collections/' took 0.01s
[2019.05.01-08.44.05:858][  0]LogCollectionManager: Rebuilt the GUID cache for 0 collections in 0.000000 seconds
[2019.05.01-08.44.05:871][  0]LogContentBrowser: Native class hierarchy populated in 0.0124 seconds. Added 2572 classes and 603 folders.
[2019.05.01-08.44.05:884][  0]LogContentBrowser: Native class hierarchy updated for 'WidgetCarousel' in 0.0004 seconds. Added 0 classes and 0 folders.
[2019.05.01-08.44.05:984][  0]LogContentBrowser: Native class hierarchy updated for 'AddContentDialog' in 0.0003 seconds. Added 0 classes and 0 folders.
[2019.05.01-08.44.05:992][  0]LogContentBrowser: Native class hierarchy updated for 'SceneOutliner' in 0.0004 seconds. Added 1 classes and 2 folders.
[2019.05.01-08.44.06:009][  0]LogSlate: Took 0.000326 seconds to synchronously load lazily loaded font '../../../Engine/Content/Slate/Fonts/Roboto-Regular.ttf' (155K)
[2019.05.01-08.44.06:012][  0]LogSlate: Took 0.000250 seconds to synchronously load lazily loaded font '../../../Engine/Content/Slate/Fonts/Roboto-Bold.ttf' (160K)
[2019.05.01-08.44.06:017][  0]LogSlate: Took 0.000224 seconds to synchronously load lazily loaded font '../../../Engine/Content/Editor/Slate/Fonts/FontAwesome.ttf' (139K)
[2019.05.01-08.44.06:105][  0]LogRenderer: Reallocating scene render targets to support 1208x576 Format 10 NumSamples 1 (Frame:1).
[2019.05.01-08.44.06:278][  0]LogContentBrowser: Native class hierarchy updated for 'HierarchicalLODOutliner' in 0.0008 seconds. Added 0 classes and 0 folders.
[2019.05.01-08.44.06:278][  0]LogLoad: (Engine Initialization) Total time: 14.80 seconds
[2019.05.01-08.44.06:278][  0]LogLoad: (Engine Initialization) Total Blueprint compile time: 0.00 seconds
[2019.05.01-08.44.06:291][  0]LogWindowsTextInputMethodSystem: Display: IME system now deactivated.
[2019.05.01-08.44.06:322][  0]LogContentStreaming: Texture pool size now 1000 MB
[2019.05.01-08.44.06:341][  0]LogSlate: FSceneViewport::OnFocusLost() reason 2
[2019.05.01-08.44.06:419][  0]LogSlate: Took 0.000288 seconds to synchronously load lazily loaded font '../../../Engine/Content/Slate/Fonts/Roboto-Light.ttf' (167K)
[2019.05.01-08.44.06:554][  3]LogAssetRegistry: Asset discovery search completed in 7.6967 seconds
[2019.05.01-08.44.06:556][  3]LogCollectionManager: Rebuilt the object cache for 0 collections in 0.000000 seconds (found 0 objects)
[2019.05.01-08.44.06:556][  3]LogCollectionManager: Fixed up redirectors for 0 collections in 0.000113 seconds (updated 0 objects)
[2019.05.01-08.44.07:320][ 84]LogSlate: Took 0.000289 seconds to synchronously load lazily loaded font '../../../Engine/Content/Slate/Fonts/Roboto-Light.ttf' (167K)
[2019.05.01-08.44.09:331][322]LogSlate: Window 'Message Log' being destroyed
[2019.05.01-08.44.09:333][322]LogSlate: Window 'Message Log' being destroyed
[2019.05.01-08.44.10:155][419]LogSlate: FSceneViewport::OnFocusLost() reason 0
[2019.05.01-08.44.22:861][875]LogAssetEditorManager: Opening Asset editor for World /Game/Levels/MechanicsLevel.MechanicsLevel
[2019.05.01-08.44.25:875][875]LogSlate: Window 'Save Content' being destroyed
[2019.05.01-08.44.26:219][875]LogSavePackage: Moving '../../../../../../Users/s017290g/Documents/GitHub/SCollab-Proto/SP_Prototype/Saved/MechanicsLevelE37B2246404AB96E95882C9BBA8CC3C6.tmp' to '../../../../../../Users/s017290g/Documents/GitHub/SCollab-Proto/SP_Prototype/Content/Levels/MechanicsLevel.umap'
[2019.05.01-08.44.26:226][875]LogFileHelpers: Saving map 'MechanicsLevel' took 0.342
[2019.05.01-08.44.26:231][875]Cmd: MAP LOAD FILE="../../../../../../Users/s017290g/Documents/GitHub/SCollab-Proto/SP_Prototype/Content/Levels/MechanicsLevel.umap" TEMPLATE=0 SHOWPROGRESS=1 FEATURELEVEL=3
[2019.05.01-08.44.26:231][875]LightingResults: New page: Lighting Build
[2019.05.01-08.44.26:232][875]LoadErrors: New page: Loading map: MechanicsLevel.umap
[2019.05.01-08.44.26:233][875]MapCheck: New page: Map Check
[2019.05.01-08.44.26:233][875]LightingResults: New page: Lighting Build
[2019.05.01-08.44.26:265][875]LogEditorServer: Finished looking for orphan Actors (0.000 secs)
[2019.05.01-08.44.26:265][875]LogAIModule: Creating AISystem for world MechanicsLevel
[2019.05.01-08.44.26:329][875]Cmd: MAP CHECKDEP NOCLEARLOG
[2019.05.01-08.44.26:588][875]MapCheck: Map check complete: 0 Error(s), 0 Warning(s), took 258.963ms to complete.
[2019.05.01-08.44.26:590][875]LogFileHelpers: Loading map 'MechanicsLevel' took 0.359
[2019.05.01-08.44.30:952][355]LogSlate: FSceneViewport::OnFocusLost() reason 0
[2019.05.01-08.44.32:033][483]LogSlate: FSceneViewport::OnFocusLost() reason 0
[2019.05.01-08.44.32:388][515]Cmd: BRUSH ADD SELECTNEWBRUSH
[2019.05.01-08.44.35:703][878]LogSlate: FSceneViewport::OnFocusLost() reason 0
[2019.05.01-08.44.43:637][818]LogSlate: FSceneViewport::OnFocusLost() reason 0
[2019.05.01-08.44.43:703][826]LogTemp: Repeating last play command: Selected Viewport
[2019.05.01-08.44.43:726][826]LogPlayLevel: PlayLevel: No blueprints needed recompiling
[2019.05.01-08.44.45:268][826]LogSlate: Window 'Message' being destroyed
[2019.05.01-08.44.50:526][437]LogSavePackage: Moving '../../../../../../Users/s017290g/Documents/GitHub/SCollab-Proto/SP_Prototype/Saved/MechanicsLevel518D71164342338877C53AB6AB0F5420.tmp' to '../../../../../../Users/s017290g/Documents/GitHub/SCollab-Proto/SP_Prototype/Content/Levels/MechanicsLevel.umap'
[2019.05.01-08.44.51:098][497]LogTemp: Repeating last play command: Selected Viewport
[2019.05.01-08.44.51:120][497]LogPlayLevel: PlayLevel: No blueprints needed recompiling
[2019.05.01-08.44.52:001][497]LogSlate: Window 'Message' being destroyed
[2019.05.01-08.44.52:713][582]LogTemp: Repeating last play command: Selected Viewport
[2019.05.01-08.44.52:736][582]LogPlayLevel: PlayLevel: No blueprints needed recompiling
[2019.05.01-08.44.53:439][582]LogSlate: Window 'Message' being destroyed
[2019.05.01-08.44.59:868][336]Cmd: SELECT NONE
[2019.05.01-08.45.00:473][408]LogEditorViewport: Clicking on Actor (LMB): SpawnPoint_C (SpawnPoint)
[2019.05.01-08.45.03:936][812]LogSlate: FSceneViewport::OnFocusLost() reason 0
[2019.05.01-08.45.11:509][713]LogEditorViewport: Clicking on Actor (LMB): SpawnPoint_C (SpawnPoint)
[2019.05.01-08.45.17:905][477]Cmd: DELETE
[2019.05.01-08.45.17:906][477]Cmd: ACTOR DELETE
[2019.05.01-08.45.17:909][477]LogEditorActor: Deleted Actor: SpawnPoint_C
[2019.05.01-08.45.17:931][477]LogEditorActor: Deleted 1 Actors (0.025 secs)
[2019.05.01-08.45.18:179][507]LogSlate: FSceneViewport::OnFocusLost() reason 0
[2019.05.01-08.45.25:340][350]LogSlate: FSceneViewport::OnFocusLost() reason 0
[2019.05.01-08.45.25:495][367]LogAssetEditorManager: Opening Asset editor for Blueprint /Game/SpawnActor/SpawnPoint.SpawnPoint
[2019.05.01-08.45.26:082][367]LogContentBrowser: Native class hierarchy updated for 'BlueprintGraph' in 0.0008 seconds. Added 116 classes and 0 folders.
[2019.05.01-08.45.27:199][367]LogSlate: Took 0.000504 seconds to synchronously load lazily loaded font '../../../Engine/Content/Slate/Fonts/Roboto-BoldCondensed.ttf' (158K)
[2019.05.01-08.45.27:352][368]LogSlate: Took 0.000382 seconds to synchronously load lazily loaded font '../../../Engine/Content/Slate/Fonts/Roboto-Italic.ttf' (157K)
[2019.05.01-08.45.38:105][578]Cmd: OBJ SAVEPACKAGE PACKAGE="/Game/SpawnActor/SpawnPoint" FILE="../../../../../../Users/s017290g/Documents/GitHub/SCollab-Proto/SP_Prototype/Content/SpawnActor/SpawnPoint.uasset" SILENT=true
[2019.05.01-08.45.38:209][578]LogSavePackage: Moving '../../../../../../Users/s017290g/Documents/GitHub/SCollab-Proto/SP_Prototype/Saved/SpawnPoint9CA1CFF14278B964887716B8CCA4F1B0.tmp' to '../../../../../../Users/s017290g/Documents/GitHub/SCollab-Proto/SP_Prototype/Content/SpawnActor/SpawnPoint.uasset'
[2019.05.01-08.45.39:106][678]BlueprintLog: New page: Compile SpawnPoint
[2019.05.01-08.45.39:117][678]LogBlueprint: Error: [Compiler SpawnPoint] Spawn node  SpawnActor NONE  must have a  Class  specified.
[2019.05.01-08.45.39:288][678]LogBlueprint: Warning: [Compiler SpawnPoint] [0107.81] Compile of SpawnPoint failed. 1 Fatal Issue(s) 0 Warning(s) [in 181 ms] (/Game/SpawnActor/SpawnPoint.SpawnPoint)
[2019.05.01-08.46.15:579][912]BlueprintLog: New page: Compile SpawnPoint
[2019.05.01-08.46.17:517][111]LogTemp: Repeating last play command: Selected Viewport
[2019.05.01-08.46.17:543][111]LogPlayLevel: PlayLevel: No blueprints needed recompiling
[2019.05.01-08.46.17:557][111]PIE: New page: PIE session: MechanicsLevel (1 May 2019 10:46:17)
[2019.05.01-08.46.17:557][111]LogPlayLevel: Creating play world package: /Game/Levels/UEDPIE_0_MechanicsLevel
[2019.05.01-08.46.17:559][111]LogPlayLevel: PIE: StaticDuplicateObject took: (0.002374s)
[2019.05.01-08.46.17:560][111]LogAIModule: Creating AISystem for world MechanicsLevel
[2019.05.01-08.46.17:560][111]LogPlayLevel: PIE: World Init took: (0.000737s)
[2019.05.01-08.46.17:560][111]LogPlayLevel: PIE: Created PIE world by copying editor world from /Game/Levels/MechanicsLevel.MechanicsLevel to /Game/Levels/UEDPIE_0_MechanicsLevel.MechanicsLevel (0.003243s)
[2019.05.01-08.46.17:597][111]LogInit: XAudio2 using 'Speakers (Realtek High Definition Audio)' : 2 channels at 48 kHz using 32 bits per sample (channel mask 0x3)
[2019.05.01-08.46.17:612][111]LogInit: FAudioDevice initialized.
[2019.05.01-08.46.17:653][111]LogLoad: Game class is 'TopDownGameMode_C'
[2019.05.01-08.46.17:658][111]LogWorld: Bringing World /Game/Levels/UEDPIE_0_MechanicsLevel.MechanicsLevel up for play (max tick rate 0) at 2019.05.01-09.46.17
[2019.05.01-08.46.17:658][111]LogWorld: Bringing up level for play took: 0.001238
[2019.05.01-08.46.17:698][111]LogContentBrowser: Native class hierarchy updated for 'MovieSceneCapture' in 0.0009 seconds. Added 10 classes and 0 folders.
[2019.05.01-08.46.17:707][111]LogBlueprintUserMessages: [TopDownCharacter_C_0] 80.0
[2019.05.01-08.46.17:715][111]PIE: Play in editor start time for /Game/Levels/UEDPIE_0_MechanicsLevel -0.524
[2019.05.01-08.46.18:157][157]LogBlueprintUserMessages: [TopDownCharacter_C_0] 80.0
[2019.05.01-08.46.20:066][386]LogBlueprintUserMessages: [TopDownCharacter_C_0] 60.0
[2019.05.01-08.46.21:385][544]LogBlueprintUserMessages: [SpawnPoint_5] 4.836543
[2019.05.01-08.46.22:483][673]LogSlate: Updating window title bar state: overlay mode, drag disabled, window buttons hidden, title bar hidden
[2019.05.01-08.46.22:522][673]LogPlayLevel: Display: Shutting down PIE online subsystems
[2019.05.01-08.46.22:572][673]LogSlate: Updating window title bar state: overlay mode, drag disabled, window buttons hidden, title bar hidden
[2019.05.01-08.46.22:593][674]LogPlayLevel: Display: Destroying online subsystem :Context_3
[2019.05.01-08.46.27:067][194]LogSlate: FSceneViewport::OnFocusLost() reason 0
[2019.05.01-08.46.34:391][ 69]LogSlate: FSceneViewport::OnFocusLost() reason 0
[2019.05.01-08.46.34:475][ 79]LogTemp: Repeating last play command: Selected Viewport
[2019.05.01-08.46.34:497][ 79]LogPlayLevel: PlayLevel: No blueprints needed recompiling
[2019.05.01-08.46.34:497][ 79]PIE: New page: PIE session: MechanicsLevel (1 May 2019 10:46:34)
[2019.05.01-08.46.34:497][ 79]LogPlayLevel: Creating play world package: /Game/Levels/UEDPIE_0_MechanicsLevel
[2019.05.01-08.46.34:499][ 79]LogPlayLevel: PIE: StaticDuplicateObject took: (0.002343s)
[2019.05.01-08.46.34:500][ 79]LogAIModule: Creating AISystem for world MechanicsLevel
[2019.05.01-08.46.34:500][ 79]LogPlayLevel: PIE: World Init took: (0.000631s)
[2019.05.01-08.46.34:500][ 79]LogPlayLevel: PIE: Created PIE world by copying editor world from /Game/Levels/MechanicsLevel.MechanicsLevel to /Game/Levels/UEDPIE_0_MechanicsLevel.MechanicsLevel (0.003085s)
[2019.05.01-08.46.34:532][ 79]LogInit: XAudio2 using 'Speakers (Realtek High Definition Audio)' : 2 channels at 48 kHz using 32 bits per sample (channel mask 0x3)
[2019.05.01-08.46.34:545][ 79]LogInit: FAudioDevice initialized.
[2019.05.01-08.46.34:579][ 79]LogLoad: Game class is 'TopDownGameMode_C'
[2019.05.01-08.46.34:580][ 79]LogWorld: Bringing World /Game/Levels/UEDPIE_0_MechanicsLevel.MechanicsLevel up for play (max tick rate 0) at 2019.05.01-09.46.34
[2019.05.01-08.46.34:580][ 79]LogWorld: Bringing up level for play took: 0.000553
[2019.05.01-08.46.34:594][ 79]LogBlueprintUserMessages: [TopDownCharacter_C_0] 80.0
[2019.05.01-08.46.34:596][ 79]PIE: Play in editor start time for /Game/Levels/UEDPIE_0_MechanicsLevel 0.357
[2019.05.01-08.46.35:770][219]LogBlueprintUserMessages: [TopDownCharacter_C_0] 80.0
[2019.05.01-08.46.35:771][219]LogBlueprintUserMessages: [SpawnPoint_5] 2.614185
[2019.05.01-08.46.37:079][376]LogBlueprintUserMessages: [TopDownCharacter_C_0] 60.0
[2019.05.01-08.46.37:696][450]LogBlueprintUserMessages: [TopDownCharacter_C_0] 40.0
[2019.05.01-08.46.51:238][ 71]LogSlate: Updating window title bar state: overlay mode, drag disabled, window buttons hidden, title bar hidden
[2019.05.01-08.46.51:275][ 71]LogPlayLevel: Display: Shutting down PIE online subsystems
[2019.05.01-08.46.51:312][ 71]LogSlate: Updating window title bar state: overlay mode, drag disabled, window buttons hidden, title bar hidden
[2019.05.01-08.46.51:341][ 73]LogPlayLevel: Display: Destroying online subsystem :Context_4
[2019.05.01-08.46.52:319][190]LogSlate: FSceneViewport::OnFocusLost() reason 0
[2019.05.01-08.46.52:454][197]LogSavePackage: Moving '../../../../../../Users/s017290g/Documents/GitHub/SCollab-Proto/SP_Prototype/Saved/MechanicsLevel0F2116504E01E6F92923EBA117155E13.tmp' to '../../../../../../Users/s017290g/Documents/GitHub/SCollab-Proto/SP_Prototype/Content/Levels/MechanicsLevel.umap'
[2019.05.01-08.46.53:262][281]Cmd: OBJ SAVEPACKAGE PACKAGE="/Game/SpawnActor/SpawnPoint" FILE="../../../../../../Users/s017290g/Documents/GitHub/SCollab-Proto/SP_Prototype/Content/SpawnActor/SpawnPoint.uasset" SILENT=true
[2019.05.01-08.46.53:301][281]LogSavePackage: Moving '../../../../../../Users/s017290g/Documents/GitHub/SCollab-Proto/SP_Prototype/Saved/SpawnPointC11375DA4FC14B55F2D820ACD07CECBD.tmp' to '../../../../../../Users/s017290g/Documents/GitHub/SCollab-Proto/SP_Prototype/Content/SpawnActor/SpawnPoint.uasset'
[2019.05.01-08.47.00:677][118]Cmd: OBJ SAVEPACKAGE PACKAGE="/Game/SpawnActor/SpawnPoint" FILE="../../../../../../Users/s017290g/Documents/GitHub/SCollab-Proto/SP_Prototype/Content/SpawnActor/SpawnPoint.uasset" SILENT=true
[2019.05.01-08.47.00:715][118]LogSavePackage: Moving '../../../../../../Users/s017290g/Documents/GitHub/SCollab-Proto/SP_Prototype/Saved/SpawnPointA43166E8457FBECA4C00668DA3B67199.tmp' to '../../../../../../Users/s017290g/Documents/GitHub/SCollab-Proto/SP_Prototype/Content/SpawnActor/SpawnPoint.uasset'
[2019.05.01-08.47.02:379][311]LogSlate: FSceneViewport::OnFocusLost() reason 0
[2019.05.01-08.47.04:861][607]LogSlate: FSceneViewport::OnFocusLost() reason 0
[2019.05.01-08.47.11:711][394]Cmd: SELECT NONE
[2019.05.01-08.47.12:960][543]LogSlate: FSceneViewport::OnFocusLost() reason 0
[2019.05.01-08.47.27:468][274]LogTemp: Repeating last play command: Selected Viewport
[2019.05.01-08.47.27:491][274]LogPlayLevel: PlayLevel: No blueprints needed recompiling
[2019.05.01-08.47.27:491][274]PIE: New page: PIE session: MechanicsLevel (1 May 2019 10:47:27)
[2019.05.01-08.47.27:491][274]LogPlayLevel: Creating play world package: /Game/Levels/UEDPIE_0_MechanicsLevel
[2019.05.01-08.47.27:494][274]LogPlayLevel: PIE: StaticDuplicateObject took: (0.002408s)
[2019.05.01-08.47.27:494][274]LogAIModule: Creating AISystem for world MechanicsLevel
[2019.05.01-08.47.27:494][274]LogPlayLevel: PIE: World Init took: (0.000654s)
[2019.05.01-08.47.27:494][274]LogPlayLevel: PIE: Created PIE world by copying editor world from /Game/Levels/MechanicsLevel.MechanicsLevel to /Game/Levels/UEDPIE_0_MechanicsLevel.MechanicsLevel (0.003172s)
[2019.05.01-08.47.27:530][274]LogInit: XAudio2 using 'Speakers (Realtek High Definition Audio)' : 2 channels at 48 kHz using 32 bits per sample (channel mask 0x3)
[2019.05.01-08.47.27:545][274]LogInit: FAudioDevice initialized.
[2019.05.01-08.47.27:574][274]LogLoad: Game class is 'TopDownGameMode_C'
[2019.05.01-08.47.27:575][274]LogWorld: Bringing World /Game/Levels/UEDPIE_0_MechanicsLevel.MechanicsLevel up for play (max tick rate 0) at 2019.05.01-09.47.27
[2019.05.01-08.47.27:576][274]LogWorld: Bringing up level for play took: 0.000970
[2019.05.01-08.47.27:593][274]LogBlueprintUserMessages: [TopDownCharacter_C_0] 80.0
[2019.05.01-08.47.27:597][274]PIE: Play in editor start time for /Game/Levels/UEDPIE_0_MechanicsLevel -0.642
[2019.05.01-08.47.28:713][398]LogBlueprintUserMessages: [TopDownCharacter_C_0] 80.0
[2019.05.01-08.47.29:772][525]LogBlueprintUserMessages: [SpawnPoint_5] 3.118595
[2019.05.01-08.47.30:862][656]LogSlate: FSceneViewport::OnFocusLost() reason 2
[2019.05.01-08.47.34:552][ 68]LogAssetEditorManager: Opening Asset editor for Blueprint /Game/TopDownBP/Blueprints/TopDownCharacter.TopDownCharacter
[2019.05.01-08.47.40:419][555]LogSlate: Updating window title bar state: overlay mode, drag disabled, window buttons hidden, title bar hidden
[2019.05.01-08.47.40:482][555]LogPlayLevel: Display: Shutting down PIE online subsystems
[2019.05.01-08.47.40:541][555]LogSlate: Updating window title bar state: overlay mode, drag disabled, window buttons hidden, title bar hidden
[2019.05.01-08.47.40:628][556]LogPlayLevel: Display: Destroying online subsystem :Context_5
[2019.05.01-08.52.47:362][ 19]BlueprintLog: New page: Compile TopDownCharacter
[2019.05.01-08.52.48:454][ 32]LogSavePackage: Moving '../../../../../../Users/s017290g/Documents/GitHub/SCollab-Proto/SP_Prototype/Saved/TopDownCharacter2EF833764A9189BBBEDE6DA1BF25F8C5.tmp' to '../../../../../../Users/s017290g/Documents/GitHub/SCollab-Proto/SP_Prototype/Content/TopDownBP/Blueprints/TopDownCharacter.uasset'
[2019.05.01-08.53.15:558][200]LogAssetEditorManager: Opening Asset editor for WidgetBlueprint /Game/Chloe/UI/HUD_Proto.HUD_Proto
[2019.05.01-08.53.17:511][267]LogSlate: Window 'HUD_Proto*' being destroyed
[2019.05.01-08.53.19:319][459]LogSlate: Prevented a slow task dialog from being summoned while a context menu was open
[2019.05.01-08.53.22:886][849]BlueprintLog: New page: Compile TopDownCharacter
[2019.05.01-08.54.01:853][800]LogEditorTransaction: Undo Move Widget
[2019.05.01-08.54.02:142][807]LogEditorTransaction: Undo Remove Widget
[2019.05.01-08.54.09:627][337]LogUObjectHash: Warning: Ambiguous search, could be CanvasPanel /Game/Chloe/UI/Ingame.Ingame:WidgetTree.CanvasPanel_0 or CanvasPanel /Game/Chloe/Weapon_Inventory/Weapon_Widget.Weapon_Widget:WidgetTree.CanvasPanel_0
[2019.05.01-08.54.09:627][337]LogUObjectHash: Warning: Ambiguous search, could be CanvasPanel /Game/Chloe/UI/Ingame.Ingame:WidgetTree.CanvasPanel_0 or CanvasPanel /Game/Chloe/UI/HUD_Proto.HUD_Proto:WidgetTree.CanvasPanel_0
[2019.05.01-08.54.09:627][337]LogUObjectHash: Warning: Ambiguous search, could be CanvasPanel /Game/Chloe/UI/Ingame.Ingame:WidgetTree.CanvasPanel_0 or CanvasPanel /Game/Chloe/Weapon_Inventory/Weapon_Widget.SKEL_Weapon_Widget_C:WidgetTree.CanvasPanel_0
[2019.05.01-08.54.09:627][337]LogUObjectHash: Warning: Ambiguous search, could be CanvasPanel /Game/Chloe/UI/Ingame.Ingame:WidgetTree.CanvasPanel_0 or CanvasPanel /Game/Chloe/UI/Ingame.Ingame_C:WidgetTree.CanvasPanel_0
[2019.05.01-08.54.09:628][337]LogUObjectHash: Warning: Ambiguous search, could be CanvasPanel /Game/Chloe/UI/Ingame.Ingame:WidgetTree.CanvasPanel_0 or CanvasPanel /Game/Chloe/Weapon_Inventory/Weapon_Widget.Weapon_Widget_C:WidgetTree.CanvasPanel_0
[2019.05.01-08.54.09:628][337]LogUObjectHash: Warning: Ambiguous search, could be CanvasPanel /Game/Chloe/UI/Ingame.Ingame:WidgetTree.CanvasPanel_0 or CanvasPanel /Engine/Transient.World_7:HUD_Proto_C_2.WidgetTree_0.CanvasPanel_0
[2019.05.01-08.54.09:628][337]LogUObjectHash: Warning: Ambiguous search, could be CanvasPanel /Game/Chloe/UI/Ingame.Ingame:WidgetTree.CanvasPanel_0 or CanvasPanel /Engine/Transient.World_7:HUD_Proto_C_3.WidgetTree_0.CanvasPanel_0
[2019.05.01-08.54.09:628][337]LogUObjectHash: Warning: Ambiguous search, could be CanvasPanel /Game/Chloe/UI/Ingame.Ingame:WidgetTree.CanvasPanel_0 or CanvasPanel /Engine/Transient.World_7:HUD_Proto_C_4.WidgetTree_0.CanvasPanel_0
[2019.05.01-08.54.09:628][337]LogUObjectHash: Warning: Ambiguous search, could be CanvasPanel /Game/Chloe/UI/Ingame.Ingame:WidgetTree.CanvasPanel_0 or CanvasPanel /Game/Chloe/UI/HUD_Proto.HUD_Proto_C:WidgetTree.CanvasPanel_0
[2019.05.01-08.54.09:628][337]LogUObjectHash: Warning: Ambiguous search, could be CanvasPanel /Game/Chloe/UI/Ingame.Ingame:WidgetTree.CanvasPanel_0 or CanvasPanel /Engine/Transient.World_7:HUD_Proto_C_5.WidgetTree_0.CanvasPanel_0
[2019.05.01-08.54.09:628][337]LogUObjectHash: Warning: Ambiguous search, could be CanvasPanel /Game/Chloe/UI/Ingame.Ingame:WidgetTree.CanvasPanel_0 or CanvasPanel /Engine/Transient.World_7:HUD_Proto_C_6.WidgetTree_0.CanvasPanel_0
[2019.05.01-08.54.09:628][337]LogUObjectHash: Warning: Ambiguous search, could be CanvasPanel /Game/Chloe/UI/Ingame.Ingame:WidgetTree.CanvasPanel_0 or CanvasPanel /Engine/Transient.World_7:HUD_Proto_C_7.WidgetTree_0.CanvasPanel_0
[2019.05.01-08.54.09:628][337]LogUObjectHash: Warning: Ambiguous search, could be CanvasPanel /Game/Chloe/UI/Ingame.Ingame:WidgetTree.CanvasPanel_0 or CanvasPanel /Engine/Transient.World_7:HUD_Proto_C_8.WidgetTree_0.CanvasPanel_0
[2019.05.01-08.54.09:628][337]LogUObjectHash: Warning: Ambiguous search, could be CanvasPanel /Game/Chloe/UI/Ingame.Ingame:WidgetTree.CanvasPanel_0 or CanvasPanel /Engine/Transient.World_7:HUD_Proto_C_9.WidgetTree_0.CanvasPanel_0
[2019.05.01-08.54.09:628][337]LogUObjectHash: Warning: Ambiguous search, could be CanvasPanel /Game/Chloe/UI/Ingame.Ingame:WidgetTree.CanvasPanel_0 or CanvasPanel /Engine/Transient.World_7:HUD_Proto_C_10.WidgetTree_0.CanvasPanel_0
[2019.05.01-08.54.09:628][337]LogUObjectHash: Warning: Ambiguous search, could be CanvasPanel /Game/Chloe/UI/Ingame.Ingame:WidgetTree.CanvasPanel_0 or CanvasPanel /Engine/Transient.World_7:HUD_Proto_C_11.WidgetTree_0.CanvasPanel_0
[2019.05.01-08.54.09:628][337]LogUObjectHash: Warning: Ambiguous search, could be CanvasPanel /Game/Chloe/UI/Ingame.Ingame:WidgetTree.CanvasPanel_0 or CanvasPanel /Engine/Transient.World_7:HUD_Proto_C_12.WidgetTree_0.CanvasPanel_0
[2019.05.01-08.54.09:628][337]LogUObjectHash: Warning: Ambiguous search, could be CanvasPanel /Game/Chloe/UI/Ingame.Ingame:WidgetTree.CanvasPanel_0 or CanvasPanel /Engine/Transient.World_7:HUD_Proto_C_13.WidgetTree_0.CanvasPanel_0
[2019.05.01-08.54.09:628][337]LogUObjectHash: Warning: Ambiguous search, could be CanvasPanel /Game/Chloe/UI/Ingame.Ingame:WidgetTree.CanvasPanel_0 or CanvasPanel /Engine/Transient.World_7:HUD_Proto_C_14.WidgetTree_0.CanvasPanel_0
[2019.05.01-08.54.09:628][337]LogUObjectHash: Warning: Ambiguous search, could be CanvasPanel /Game/Chloe/UI/Ingame.Ingame:WidgetTree.CanvasPanel_0 or CanvasPanel /Engine/Transient.World_7:HUD_Proto_C_15.WidgetTree_0.CanvasPanel_0
[2019.05.01-08.54.09:628][337]LogUObjectHash: Warning: Ambiguous search, could be CanvasPanel /Game/Chloe/UI/Ingame.Ingame:WidgetTree.CanvasPanel_0 or CanvasPanel /Engine/Transient.World_7:HUD_Proto_C_16.WidgetTree_0.CanvasPanel_0
[2019.05.01-08.54.09:628][337]LogUObjectHash: Warning: Ambiguous search, could be CanvasPanel /Game/Chloe/UI/Ingame.Ingame:WidgetTree.CanvasPanel_0 or CanvasPanel /Engine/Transient.World_7:HUD_Proto_C_17.WidgetTree_0.CanvasPanel_0
[2019.05.01-08.54.09:628][337]LogUObjectHash: Warning: Ambiguous search, could be CanvasPanel /Game/Chloe/UI/Ingame.Ingame:WidgetTree.CanvasPanel_0 or CanvasPanel /Engine/Transient.World_7:HUD_Proto_C_18.WidgetTree_0.CanvasPanel_0
[2019.05.01-08.54.09:628][337]LogProperty: Warning: Illegal TEXT reference to a private object in external package (CanvasPanelSlot /Game/Chloe/UI/Ingame.Ingame:WidgetTree.CanvasPanel_0.CanvasPanelSlot_3) from referencer (ProgressBar /Engine/UMG/Editor/Transient.HealthBar).  Import failed...
[2019.05.01-08.54.09:628][337]LogProperty: Warning: ObjectProperty /Script/UMG.Widget:Slot: unresolved reference to 'CanvasPanelSlot'"CanvasPanel_0.CanvasPanelSlot_3"''
[2019.05.01-08.54.13:494][571]LogEditorTransaction: Undo Move Widget
[2019.05.01-08.54.32:953][ 22]LogSlate: FSceneViewport::OnFocusLost() reason 0
[2019.05.01-08.54.40:623][783]LogTemp: Repeating last play command: Selected Viewport
[2019.05.01-08.54.40:653][783]BlueprintLog: New page: Pre-Play auto-recompile
[2019.05.01-08.54.40:683][783]LogPlayLevel: [PlayLevel] Compiling HUD_Proto before play...
[2019.05.01-08.54.40:693][783]LogBlueprint: Warning: [Compiler HUD_Proto] Could not find a variable named "GridPanel_131" in 'HUD_Proto_C'.
Make sure 'HUD_Proto_C' has been compiled for  Get GridPanel_131
[2019.05.01-08.54.40:693][783]LogBlueprint: Warning: [Compiler HUD_Proto] Could not find a variable named "GridPanel_131" in 'HUD_Proto_C'.
Make sure 'HUD_Proto_C' has been compiled for  Get GridPanel_131
[2019.05.01-08.54.40:697][783]LogBlueprint: Error: [Compiler HUD_Proto] The property associated with  Grid Panel 131  could not be found in '/Game/Chloe/UI/HUD_Proto.HUD_Proto_C'
[2019.05.01-08.54.40:697][783]LogBlueprint: Error: [Compiler HUD_Proto] The property associated with  Grid Panel 131  could not be found in '/Game/Chloe/UI/HUD_Proto.HUD_Proto_C'
[2019.05.01-08.54.40:700][783]LogBlueprint: Warning: [Compiler HUD_Proto] [0649.22] Compile of HUD_Proto failed. 2 Fatal Issue(s) 2 Warning(s) [in 42 ms] (/Game/Chloe/UI/HUD_Proto.HUD_Proto)
[2019.05.01-08.54.40:976][783]LogPlayLevel: PlayLevel: Blueprint regeneration took 324 ms (1 blueprints)
[2019.05.01-08.54.40:976][783]BlueprintLog: Blueprint HUD_Proto failed to compile
[2019.05.01-08.54.42:480][783]LogSlate: Window 'Message' being destroyed
[2019.05.01-08.54.44:417][952]BlueprintLog: New page: Compile HUD_Proto
[2019.05.01-08.54.44:438][952]LogBlueprint: Warning: [Compiler HUD_Proto] Could not find a variable named "GridPanel_131" in 'HUD_Proto_C'.
Make sure 'HUD_Proto_C' has been compiled for  Get GridPanel_131
[2019.05.01-08.54.44:438][952]LogBlueprint: Warning: [Compiler HUD_Proto] Could not find a variable named "GridPanel_131" in 'HUD_Proto_C'.
Make sure 'HUD_Proto_C' has been compiled for  Get GridPanel_131
[2019.05.01-08.54.44:441][952]LogBlueprint: Error: [Compiler HUD_Proto] The property associated with  Grid Panel 131  could not be found in '/Game/Chloe/UI/HUD_Proto.HUD_Proto_C'
[2019.05.01-08.54.44:442][952]LogBlueprint: Error: [Compiler HUD_Proto] The property associated with  Grid Panel 131  could not be found in '/Game/Chloe/UI/HUD_Proto.HUD_Proto_C'
[2019.05.01-08.54.44:581][952]LogBlueprint: Warning: [Compiler HUD_Proto] [0653.10] Compile of HUD_Proto failed. 2 Fatal Issue(s) 2 Warning(s) [in 164 ms] (/Game/Chloe/UI/HUD_Proto.HUD_Proto)
[2019.05.01-08.54.51:567][722]BlueprintLog: New page: Compile HUD_Proto
[2019.05.01-08.54.51:587][722]LogBlueprint: Warning: [Compiler HUD_Proto] Could not find a variable named "GridPanel_131" in 'HUD_Proto_C'.
Make sure 'HUD_Proto_C' has been compiled for  Get GridPanel_131
[2019.05.01-08.54.51:587][722]LogBlueprint: Warning: [Compiler HUD_Proto] Could not find a variable named "GridPanel_131" in 'HUD_Proto_C'.
Make sure 'HUD_Proto_C' has been compiled for  Get GridPanel_131
[2019.05.01-08.54.51:591][722]LogBlueprint: Error: [Compiler HUD_Proto] The property associated with  Grid Panel 131  could not be found in '/Game/Chloe/UI/HUD_Proto.HUD_Proto_C'
[2019.05.01-08.54.51:591][722]LogBlueprint: Error: [Compiler HUD_Proto] The property associated with  Grid Panel 131  could not be found in '/Game/Chloe/UI/HUD_Proto.HUD_Proto_C'
[2019.05.01-08.54.51:665][722]LogBlueprint: Warning: [Compiler HUD_Proto] [0660.19] Compile of HUD_Proto failed. 2 Fatal Issue(s) 2 Warning(s) [in 97 ms] (/Game/Chloe/UI/HUD_Proto.HUD_Proto)
[2019.05.01-08.55.16:585][420]BlueprintLog: New page: Compile HUD_Proto
[2019.05.01-08.55.16:623][420]LogBlueprint: Warning: [Compiler HUD_Proto] Could not find a variable named "GridPanel_131" in 'HUD_Proto_C'.
Make sure 'HUD_Proto_C' has been compiled for  Get GridPanel_131
[2019.05.01-08.55.16:627][420]LogBlueprint: Error: [Compiler HUD_Proto] This blueprint (self) is not a PanelWidget, therefore ' Target ' must have a connection.
[2019.05.01-08.55.16:627][420]LogBlueprint: Error: [Compiler HUD_Proto] The property associated with  Grid Panel 131  could not be found in '/Game/Chloe/UI/HUD_Proto.HUD_Proto_C'
[2019.05.01-08.55.16:711][420]LogBlueprint: Warning: [Compiler HUD_Proto] [0685.23] Compile of HUD_Proto failed. 2 Fatal Issue(s) 1 Warning(s) [in 126 ms] (/Game/Chloe/UI/HUD_Proto.HUD_Proto)
[2019.05.01-08.55.20:922][913]BlueprintLog: New page: Compile HUD_Proto
[2019.05.01-08.55.21:883][ 12]Cmd: OBJ SAVEPACKAGE PACKAGE="/Game/Chloe/UI/HUD_Proto" FILE="../../../../../../Users/s017290g/Documents/GitHub/SCollab-Proto/SP_Prototype/Content/Chloe/UI/HUD_Proto.uasset" SILENT=true
[2019.05.01-08.55.21:957][ 12]LogSavePackage: Moving '../../../../../../Users/s017290g/Documents/GitHub/SCollab-Proto/SP_Prototype/Saved/HUD_ProtoF80609EB4D72D9CA0012CDB11C0EF275.tmp' to '../../../../../../Users/s017290g/Documents/GitHub/SCollab-Proto/SP_Prototype/Content/Chloe/UI/HUD_Proto.uasset'
[2019.05.01-08.55.23:940][166]LogSavePackage: Moving '../../../../../../Users/s017290g/Documents/GitHub/SCollab-Proto/SP_Prototype/Saved/TopDownCharacter795272DD41D61F662CDF24BA9D902F98.tmp' to '../../../../../../Users/s017290g/Documents/GitHub/SCollab-Proto/SP_Prototype/Content/TopDownBP/Blueprints/TopDownCharacter.uasset'
[2019.05.01-08.55.25:434][333]LogTemp: Repeating last play command: Selected Viewport
[2019.05.01-08.55.25:476][333]LogPlayLevel: PlayLevel: No blueprints needed recompiling
[2019.05.01-08.55.25:476][333]PIE: New page: PIE session: MechanicsLevel (1 May 2019 10:55:25)
[2019.05.01-08.55.25:476][333]LogPlayLevel: Creating play world package: /Game/Levels/UEDPIE_0_MechanicsLevel
[2019.05.01-08.55.25:478][333]LogPlayLevel: PIE: StaticDuplicateObject took: (0.002385s)
[2019.05.01-08.55.25:479][333]LogAIModule: Creating AISystem for world MechanicsLevel
[2019.05.01-08.55.25:479][333]LogPlayLevel: PIE: World Init took: (0.000660s)
[2019.05.01-08.55.25:479][333]LogPlayLevel: PIE: Created PIE world by copying editor world from /Game/Levels/MechanicsLevel.MechanicsLevel to /Game/Levels/UEDPIE_0_MechanicsLevel.MechanicsLevel (0.003152s)
[2019.05.01-08.55.25:515][333]LogInit: XAudio2 using 'Speakers (Realtek High Definition Audio)' : 2 channels at 48 kHz using 32 bits per sample (channel mask 0x3)
[2019.05.01-08.55.25:530][333]LogInit: FAudioDevice initialized.
[2019.05.01-08.55.25:561][333]LogLoad: Game class is 'TopDownGameMode_C'
[2019.05.01-08.55.25:562][333]LogWorld: Bringing World /Game/Levels/UEDPIE_0_MechanicsLevel.MechanicsLevel up for play (max tick rate 0) at 2019.05.01-09.55.25
[2019.05.01-08.55.25:562][333]LogWorld: Bringing up level for play took: 0.000541
[2019.05.01-08.55.25:579][333]LogBlueprintUserMessages: [TopDownCharacter_C_0] 80.0
[2019.05.01-08.55.25:582][333]PIE: Play in editor start time for /Game/Levels/UEDPIE_0_MechanicsLevel -0.655
[2019.05.01-08.55.27:851][600]LogBlueprintUserMessages: [SpawnPoint_5] 1.153447
[2019.05.01-08.55.31:068][986]LogSlate: Updating window title bar state: overlay mode, drag disabled, window buttons hidden, title bar hidden
[2019.05.01-08.55.31:107][986]LogPlayLevel: Display: Shutting down PIE online subsystems
[2019.05.01-08.55.31:145][986]LogSlate: Updating window title bar state: overlay mode, drag disabled, window buttons hidden, title bar hidden
[2019.05.01-08.55.31:172][988]LogPlayLevel: Display: Destroying online subsystem :Context_12
[2019.05.01-08.55.32:201][111]LogSlate: FSceneViewport::OnFocusLost() reason 0
