Log file open, 01/12/19 14:15:33
LogWindows: Failed to load 'aqProf.dll' (GetLastError=126)
LogWindows: File 'aqProf.dll' does not exist
LogWindows: Failed to load 'VSPerf140.dll' (GetLastError=126)
LogWindows: File 'VSPerf140.dll' does not exist
LogWindows: Failed to load 'VtuneApi.dll' (GetLastError=126)
LogWindows: File 'VtuneApi.dll' does not exist
LogWindows: Failed to load 'VtuneApi32e.dll' (GetLastError=126)
LogWindows: File 'VtuneApi32e.dll' does not exist
LogInit: Display: Running engine for game: SP_Prototype
LogPlatformFile: Not using cached read wrapper
LogTaskGraph: Started task graph with 5 named threads and 23 total threads with 3 sets of task threads.
LogStats: Stats thread started at 0.302711
LogD3D11RHI: Loaded GFSDK_Aftermath_Lib.x64.dll
LogICUInternationalization: Display: ICU TimeZone Detection - Raw Offset: +0:00, Platform Override: ''
LogPluginManager: Mounting plugin Paper2D
LogPluginManager: Mounting plugin AISupport
LogPluginManager: Mounting plugin LightPropagationVolume
LogPluginManager: Mounting plugin CLionSourceCodeAccess
LogPluginManager: Mounting plugin CodeLiteSourceCodeAccess
LogPluginManager: Mounting plugin GitSourceControl
LogPluginManager: Mounting plugin KDevelopSourceCodeAccess
LogPluginManager: Mounting plugin NullSourceCodeAccess
LogPluginManager: Mounting plugin PerforceSourceControl
LogPluginManager: Mounting plugin SubversionSourceControl
LogPluginManager: Mounting plugin UObjectPlugin
LogPluginManager: Mounting plugin VisualStudioCodeSourceCodeAccess
LogPluginManager: Mounting plugin VisualStudioSourceCodeAccess
LogPluginManager: Mounting plugin XCodeSourceCodeAccess
LogPluginManager: Mounting plugin AssetManagerEditor
LogPluginManager: Mounting plugin CryptoKeys
LogPluginManager: Mounting plugin DataValidation
LogPluginManager: Mounting plugin FacialAnimation
LogPluginManager: Mounting plugin GameplayTagsEditor
LogPluginManager: Mounting plugin MacGraphicsSwitching
LogPluginManager: Mounting plugin MeshEditor
LogPluginManager: Mounting plugin MobileLauncherProfileWizard
LogPluginManager: Mounting plugin PluginBrowser
LogPluginManager: Mounting plugin SpeedTreeImporter
LogPluginManager: Mounting plugin DatasmithContent
LogPluginManager: Mounting plugin AlembicImporter
LogPluginManager: Mounting plugin AppleImageUtils
LogPluginManager: Mounting plugin AppleVision
LogPluginManager: Mounting plugin BackChannel
LogPluginManager: Mounting plugin CharacterAI
LogPluginManager: Mounting plugin GeometryCache
LogPluginManager: Mounting plugin HTML5Networking
LogPluginManager: Mounting plugin ProxyLODPlugin
LogPluginManager: Mounting plugin MagicLeap
LogPluginManager: Mounting plugin MagicLeapEmulator
LogPluginManager: Mounting plugin MagicLeapMedia
LogPluginManager: Mounting plugin AndroidMedia
LogPluginManager: Mounting plugin AvfMedia
LogPluginManager: Mounting plugin ImgMedia
LogPluginManager: Mounting plugin LinearTimecode
LogPluginManager: Mounting plugin MediaCompositing
LogPluginManager: Mounting plugin MediaPlayerEditor
LogPluginManager: Mounting plugin WmfMedia
LogPluginManager: Mounting plugin TcpMessaging
LogPluginManager: Mounting plugin UdpMessaging
LogPluginManager: Mounting plugin ActorSequence
LogPluginManager: Mounting plugin LevelSequenceEditor
LogPluginManager: Mounting plugin MatineeToLevelSequence
LogPluginManager: Mounting plugin NetcodeUnitTest
LogPluginManager: Mounting plugin NUTUnrealEngine4
LogPluginManager: Mounting plugin OnlineSubsystemGooglePlay
LogPluginManager: Mounting plugin OnlineSubsystemIOS
LogPluginManager: Mounting plugin OnlineSubsystem
LogPluginManager: Mounting plugin OnlineSubsystemNull
LogPluginManager: Mounting plugin OnlineSubsystemUtils
LogPluginManager: Mounting plugin LauncherChunkInstaller
LogPluginManager: Mounting plugin AndroidDeviceProfileSelector
LogPluginManager: Mounting plugin AndroidMoviePlayer
LogPluginManager: Mounting plugin AndroidPermission
LogPluginManager: Mounting plugin AppleMoviePlayer
LogPluginManager: Mounting plugin ArchVisCharacter
LogPluginManager: Mounting plugin AudioCapture
LogPluginManager: Mounting plugin CableComponent
LogPluginManager: Mounting plugin CustomMeshComponent
LogPluginManager: Mounting plugin EditableMesh
LogPluginManager: Mounting plugin ExampleDeviceProfileSelector
LogPluginManager: Mounting plugin GoogleCloudMessaging
LogPluginManager: Mounting plugin ImmediatePhysics
LogPluginManager: Mounting plugin IOSDeviceProfileSelector
LogPluginManager: Mounting plugin LinuxDeviceProfileSelector
LogPluginManager: Mounting plugin LocationServicesBPLibrary
LogPluginManager: Mounting plugin MobilePatchingUtils
LogPluginManager: Mounting plugin OculusVR
LogPluginManager: Plugin shader directory ../../../Engine/Plugins/Runtime/Oculus/OculusVR/Shaders found
LogPluginManager: Mapping shader source directory ../../../Engine/Plugins/Runtime/Oculus/OculusVR/Shaders to virtual directory /Plugin/OculusVR
LogPluginManager: Mounting plugin PhysXVehicles
LogPluginManager: Mounting plugin ProceduralMeshComponent
LogPluginManager: Mounting plugin RuntimePhysXCooking
LogPluginManager: Mounting plugin SteamVR
LogPluginManager: Mounting plugin WindowsMoviePlayer
LogStreaming: Display: Took  0.122s to configure plugins.
LogInit: Using libcurl 7.55.1-DEV
LogInit:  - built for x86_64-pc-win32
LogInit:  - supports SSL with OpenSSL/1.0.2h
LogInit:  - supports HTTP deflate (compression) using libz 1.2.8
LogInit:  - other features:
LogInit:      CURL_VERSION_SSL
LogInit:      CURL_VERSION_LIBZ
LogInit:      CURL_VERSION_IPV6
LogInit:      CURL_VERSION_ASYNCHDNS
LogInit:      CURL_VERSION_LARGEFILE
LogInit:      CURL_VERSION_IDN
LogInit:  CurlRequestOptions (configurable via config and command line):
LogInit:  - bVerifyPeer = false  - Libcurl will NOT verify peer certificate
LogInit:  - bUseHttpProxy = false  - Libcurl will NOT use HTTP proxy
LogInit:  - bDontReuseConnections = false  - Libcurl will reuse connections
LogInit:  - CertBundlePath = nullptr  - Libcurl will use whatever was configured at build time.
LogInit:  - MaxHostConnections = 16  - Libcurl will limit the number of connections to a host
LogInit:  - LocalHostAddr = Default
LogInit:  - BufferSize = 65536
LogInit: WinSock: version 1.1 (2.2), MaxSocks=32767, MaxUdp=65467
LogInit: Build: ++UE4+Release-4.20-CL-4369336
LogInit: Engine Version: 4.20.3-4369336+++UE4+Release-4.20
LogInit: Compatible Engine Version: 4.20.0-4212847+++UE4+Release-4.20
LogInit: Net CL: 4212847
LogInit: OS: Windows 10 (), CPU: Intel(R) Core(TM) i7-7700K CPU @ 4.20GHz, GPU: NVIDIA GeForce GTX 1070
LogInit: Compiled (64-bit): Sep 17 2018 12:26:19
LogInit: Compiled with Visual C++: 19.13.26129.00
LogInit: Build Configuration: Development
LogInit: Branch Name: ++UE4+Release-4.20
LogInit: Command Line:  
LogInit: Base Directory: C:/Program Files/Epic Games/UE_4.20/Engine/Binaries/Win64/
LogInit: Installed Engine Build: 1
LogDevObjectVersion: Number of dev versions registered: 20
LogDevObjectVersion:   Dev-Blueprints (B0D832E4-1F89-4F0D-ACCF-7EB736FD4AA2): 10
LogDevObjectVersion:   Dev-Build (E1C64328-A22C-4D53-A36C-8E866417BD8C): 0
LogDevObjectVersion:   Dev-Core (375EC13C-06E4-48FB-B500-84F0262A717E): 2
LogDevObjectVersion:   Dev-Editor (E4B068ED-F494-42E9-A231-DA0B2E46BB41): 24
LogDevObjectVersion:   Dev-Framework (CFFC743F-43B0-4480-9391-14DF171D2073): 34
LogDevObjectVersion:   Dev-Mobile (B02B49B5-BB20-44E9-A304-32B752E40360): 2
LogDevObjectVersion:   Dev-Networking (A4E4105C-59A1-49B5-A7C5-40C4547EDFEE): 0
LogDevObjectVersion:   Dev-Online (39C831C9-5AE6-47DC-9A44-9C173E1C8E7C): 0
LogDevObjectVersion:   Dev-Physics (78F01B33-EBEA-4F98-B9B4-84EACCB95AA2): 0
LogDevObjectVersion:   Dev-Platform (6631380F-2D4D-43E0-8009-CF276956A95A): 0
LogDevObjectVersion:   Dev-Rendering (12F88B9F-8875-4AFC-A67C-D90C383ABD29): 26
LogDevObjectVersion:   Dev-Sequencer (7B5AE74C-D270-4C10-A958-57980B212A5A): 9
LogDevObjectVersion:   Dev-VR (D7296918-1DD6-4BDD-9DE2-64A83CC13884): 2
LogDevObjectVersion:   Dev-LoadTimes (C2A15278-BFE7-4AFE-6C17-90FF531DF755): 1
LogDevObjectVersion:   Private-Geometry (6EACA3D4-40EC-4CC1-B786-8BED09428FC5): 3
LogDevObjectVersion:   Dev-AnimPhys (29E575DD-E0A3-4627-9D10-D276232CDCEA): 17
LogDevObjectVersion:   Dev-ReflectionCapture (6B266CEC-1EC7-4B8F-A30B-E4D90942FC07): 1
LogDevObjectVersion:   Dev-Automation (0DF73D61-A23F-47EA-B727-89E90C41499A): 1
LogDevObjectVersion:   FortniteMain (601D1886-AC64-4F84-AA16-D3DE0DEAC7D6): 12
LogDevObjectVersion:   Dev-Enterprise (9DFFBCD6-494F-0158-E221-12823C92A888): 1
LogStreaming: Display: Took  0.007s to delete old logs.
LogInit: Presizing for max 8388607 objects, including 0 objects not considered by GC, pre-allocating 0 bytes for permanent pool.
LogInit: Object subsystem initialized
[2019.01.12-14.15.34:435][  0]LogInit: Selected Device Profile: [Windows]
[2019.01.12-14.15.34:435][  0]LogInit: Applying CVar settings loaded from the selected device profile: [Windows]
[2019.01.12-14.15.34:449][  0]LogHAL: Display: Platform has ~ 8 GB [8516988928 / 8589934592 / 8], which maps to Default [LargestMinGB=32, LargerMinGB=12, DefaultMinGB=8, SmallerMinGB=6, SmallestMinGB=0)
[2019.01.12-14.15.34:449][  0]LogInit: Setting Device Profile CVar: [[r.Vulkan.UseRealUBs:1]]
[2019.01.12-14.15.34:449][  0]LogInit: Going up to parent DeviceProfile []
[2019.01.12-14.15.34:452][  0]LogInit: Computer: DESKTOP-Q1TNV3O
[2019.01.12-14.15.34:452][  0]LogInit: User: Aaron
[2019.01.12-14.15.34:452][  0]LogInit: CPU Page size=4096, Cores=4
[2019.01.12-14.15.34:452][  0]LogInit: High frequency timer resolution =10.000000 MHz
[2019.01.12-14.15.34:453][  0]LogMemory: Memory total: Physical=7.9GB (8GB approx)
[2019.01.12-14.15.34:453][  0]LogMemory: Platform Memory Stats for Windows
[2019.01.12-14.15.34:453][  0]LogMemory: Process Physical Memory: 101.13 MB used, 101.13 MB peak
[2019.01.12-14.15.34:453][  0]LogMemory: Process Virtual Memory: 89.39 MB used, 89.39 MB peak
[2019.01.12-14.15.34:453][  0]LogMemory: Physical Memory: 4780.22 MB used,  3342.21 MB free, 8122.43 MB total
[2019.01.12-14.15.34:453][  0]LogMemory: Virtual Memory: 4640.80 MB used,  3342.21 MB free, 134217728.00 MB total
[2019.01.12-14.15.34:480][  0]LogInit: Using OS detected language (en-US).
[2019.01.12-14.15.34:480][  0]LogInit: Using OS detected locale (en-GB).
[2019.01.12-14.15.34:481][  0]LogTextLocalizationManager: No specific localization for 'en-US' exists, so the 'en' localization will be used.
[2019.01.12-14.15.34:826][  0]LogStreaming: Display: Took  0.346s to InitEngineTextLocalization.
[2019.01.12-14.15.34:827][  0]LogInit: Setting process to per monitor DPI aware
[2019.01.12-14.15.34:882][  0]LogSlate: New Slate User Created.  User Index 0, Is Virtual User: 0
[2019.01.12-14.15.34:882][  0]LogSlate: Slate User Registered.  User Index 0, Is Virtual User: 0
[2019.01.12-14.15.36:626][  0]LogHMD: Failed to initialize OpenVR with code 110
[2019.01.12-14.15.36:626][  0]LogD3D11RHI: D3D11 adapters:
[2019.01.12-14.15.36:669][  0]LogD3D11RHI:    0. 'NVIDIA GeForce GTX 1070' (Feature Level 11_0)
[2019.01.12-14.15.36:669][  0]LogD3D11RHI:       8088/0/4061 MB DedicatedVideo/DedicatedSystem/SharedSystem, Outputs:2, VendorId:0x10de
[2019.01.12-14.15.36:672][  0]LogD3D11RHI:    1. 'Microsoft Basic Render Driver' (Feature Level 11_0)
[2019.01.12-14.15.36:672][  0]LogD3D11RHI:       0/0/4061 MB DedicatedVideo/DedicatedSystem/SharedSystem, Outputs:0, VendorId:0x1414
[2019.01.12-14.15.36:672][  0]LogD3D11RHI: Chosen D3D11 Adapter: 0
[2019.01.12-14.15.36:678][  0]LogD3D11RHI: Creating new Direct3DDevice
[2019.01.12-14.15.36:678][  0]LogD3D11RHI:     GPU DeviceId: 0x1b81 (for the marketing name, search the web for "GPU Device Id")
[2019.01.12-14.15.36:678][  0]LogWindows: EnumDisplayDevices:
[2019.01.12-14.15.36:678][  0]LogWindows:    0. 'NVIDIA GeForce GTX 1070' (P:0 D:1)
[2019.01.12-14.15.36:678][  0]LogWindows:    1. 'NVIDIA GeForce GTX 1070' (P:1 D:1)
[2019.01.12-14.15.36:679][  0]LogWindows:    2. 'NVIDIA GeForce GTX 1070' (P:0 D:0)
[2019.01.12-14.15.36:679][  0]LogWindows:    3. 'NVIDIA GeForce GTX 1070' (P:0 D:0)
[2019.01.12-14.15.36:679][  0]LogWindows: DebugString: FoundDriverCount:4 
[2019.01.12-14.15.36:679][  0]LogD3D11RHI:     Adapter Name: NVIDIA GeForce GTX 1070
[2019.01.12-14.15.36:679][  0]LogD3D11RHI:   Driver Version: 391.35 (internal:23.21.13.9135, unified:391.35)
[2019.01.12-14.15.36:679][  0]LogD3D11RHI:      Driver Date: 3-23-2018
[2019.01.12-14.15.36:679][  0]LogRHI: Texture pool is 5661 MB (70% of 8088 MB)
[2019.01.12-14.15.36:704][  0]LogD3D11RHI: Async texture creation enabled
[2019.01.12-14.15.36:733][  0]LogD3D11RHI: GPU Timing Frequency: 1000.000000 (Debug: 2 2)
[2019.01.12-14.15.36:735][  0]LogShaderCompilers: Guid format shader working directory is 11 characters bigger than the processId version (A:/test/SCollab-Proto/SP_Prototype/Intermediate/Shaders/WorkingDirectory/12032/).
[2019.01.12-14.15.36:735][  0]LogShaderCompilers: Cleaned the shader compiler working directory 'C:/Users/Aaron/AppData/Local/Temp/UnrealShaderWorkingDir/BCDBFD6042DFF755088FDC98280CA554/'.
[2019.01.12-14.15.36:955][  0]LogTemp: Display: Loaded TP AllDesktopTargetPlatform
[2019.01.12-14.15.36:967][  0]LogTemp: Display: Loaded TP MacClientTargetPlatform
[2019.01.12-14.15.36:978][  0]LogTemp: Display: Loaded TP MacNoEditorTargetPlatform
[2019.01.12-14.15.36:989][  0]LogTemp: Display: Loaded TP MacServerTargetPlatform
[2019.01.12-14.15.37:004][  0]LogTemp: Display: Loaded TP MacTargetPlatform
[2019.01.12-14.15.37:015][  0]LogTemp: Display: Loaded TP WindowsClientTargetPlatform
[2019.01.12-14.15.37:027][  0]LogTemp: Display: Loaded TP WindowsNoEditorTargetPlatform
[2019.01.12-14.15.37:039][  0]LogTemp: Display: Loaded TP WindowsServerTargetPlatform
[2019.01.12-14.15.37:045][  0]LogTemp: Display: Loaded TP WindowsTargetPlatform
[2019.01.12-14.15.37:107][  0]LogTemp: Display: Loaded TP AndroidTargetPlatform
[2019.01.12-14.15.37:107][  0]LogTemp: Display: Loaded TP AndroidTargetPlatform
[2019.01.12-14.15.37:107][  0]LogTemp: Display: Loaded TP AndroidTargetPlatform
[2019.01.12-14.15.37:107][  0]LogTemp: Display: Loaded TP AndroidTargetPlatform
[2019.01.12-14.15.37:107][  0]LogTemp: Display: Loaded TP AndroidTargetPlatform
[2019.01.12-14.15.37:107][  0]LogTemp: Display: Loaded TP AndroidTargetPlatform
[2019.01.12-14.15.37:107][  0]LogTemp: Display: Loaded TP AndroidTargetPlatform
[2019.01.12-14.15.37:107][  0]LogTemp: Display: Loaded TP AndroidTargetPlatform
[2019.01.12-14.15.37:107][  0]LogTemp: Display: Loaded TP AndroidTargetPlatform
[2019.01.12-14.15.37:107][  0]LogTemp: Display: Loaded TP AndroidTargetPlatform
[2019.01.12-14.15.37:107][  0]LogTemp: Display: Loaded TP AndroidTargetPlatform
[2019.01.12-14.15.37:107][  0]LogTemp: Display: Loaded TP AndroidTargetPlatform
[2019.01.12-14.15.37:107][  0]LogTemp: Display: Loaded TP AndroidTargetPlatform
[2019.01.12-14.15.37:107][  0]LogTemp: Display: Loaded TP AndroidTargetPlatform
[2019.01.12-14.15.37:107][  0]LogTemp: Display: Loaded TP AndroidTargetPlatform
[2019.01.12-14.15.37:107][  0]LogTemp: Display: Loaded TP AndroidTargetPlatform
[2019.01.12-14.15.37:107][  0]LogTemp: Display: Loaded TP AndroidTargetPlatform
[2019.01.12-14.15.37:107][  0]LogTemp: Display: Loaded TP AndroidTargetPlatform
[2019.01.12-14.15.37:109][  0]LogTemp: Display: Loaded TP HTML5TargetPlatform
[2019.01.12-14.15.37:170][  0]LogTemp: Display: Loaded TP IOSTargetPlatform
[2019.01.12-14.15.37:170][  0]LogTemp: Display: Loaded TP IOSTargetPlatform
[2019.01.12-14.15.37:188][  0]LogTemp: Display: Loaded TP TVOSTargetPlatform
[2019.01.12-14.15.37:188][  0]LogTemp: Display: Loaded TP TVOSTargetPlatform
[2019.01.12-14.15.37:199][  0]LogTemp: Display: Loaded TP LinuxClientTargetPlatform
[2019.01.12-14.15.37:209][  0]LogTemp: Display: Loaded TP LinuxNoEditorTargetPlatform
[2019.01.12-14.15.37:219][  0]LogTemp: Display: Loaded TP LinuxServerTargetPlatform
[2019.01.12-14.15.37:233][  0]LogTemp: Display: Loaded TP LinuxTargetPlatform
[2019.01.12-14.15.37:241][  0]LogTemp: Display: Loaded TP LuminTargetPlatform
[2019.01.12-14.15.37:241][  0]LogTargetPlatformManager: Display: Building Assets For Windows
[2019.01.12-14.15.37:302][  0]LogXGEController: Cleaning working directory: C:/Users/Aaron/AppData/Local/Temp/UnrealXGEWorkingDir/
[2019.01.12-14.15.37:302][  0]LogXGEController: Cannot use XGE Controller as Incredibuild is not installed on this machine.
[2019.01.12-14.15.37:303][  0]LogShaderCompilers: Cannot use XGE Shader Compiler as Incredibuild is not installed on this machine.
[2019.01.12-14.15.37:303][  0]LogShaderCompilers: Display: Using Local Shader Compiler.
[2019.01.12-14.15.38:706][  0]LogDerivedDataCache: Display: Max Cache Size: 512 MB
[2019.01.12-14.15.38:807][  0]LogDerivedDataCache: Loaded boot cache 0.10s 71MB C:/Users/Aaron/AppData/Local/UnrealEngine/4.20/DerivedDataCache/Boot.ddc.
[2019.01.12-14.15.38:807][  0]LogDerivedDataCache: Display: Loaded Boot cache: C:/Users/Aaron/AppData/Local/UnrealEngine/4.20/DerivedDataCache/Boot.ddc
[2019.01.12-14.15.38:807][  0]LogDerivedDataCache: FDerivedDataBackendGraph:  Pak pak cache file A:/test/SCollab-Proto/SP_Prototype/DerivedDataCache/DDC.ddp not found, will not use a pak cache.
[2019.01.12-14.15.38:807][  0]LogDerivedDataCache: Unable to find inner node Pak for hierarchical cache Hierarchy.
[2019.01.12-14.15.38:807][  0]LogDerivedDataCache: FDerivedDataBackendGraph:  CompressedPak pak cache file A:/test/SCollab-Proto/SP_Prototype/DerivedDataCache/Compressed.ddp not found, will not use a pak cache.
[2019.01.12-14.15.38:807][  0]LogDerivedDataCache: Unable to find inner node CompressedPak for hierarchical cache Hierarchy.
[2019.01.12-14.15.38:818][  0]LogDerivedDataCache: Display: Pak cache opened for reading ../../../Engine/DerivedDataCache/Compressed.ddp.
[2019.01.12-14.15.38:830][  0]LogDerivedDataCache: Using Local data cache path C:/Users/Aaron/AppData/Local/UnrealEngine/Common/DerivedDataCache: Writable
[2019.01.12-14.15.38:830][  0]LogDerivedDataCache: Shared data cache path not found in *engine.ini, will not use an Shared cache.
[2019.01.12-14.15.38:830][  0]LogDerivedDataCache: Unable to find inner node Shared for hierarchical cache Hierarchy.
[2019.01.12-14.15.38:843][  0]LogMaterial: Verifying Global Shaders for PCD3D_SM5
[2019.01.12-14.15.38:844][  0]LogSlate: Using FreeType 2.6.0
[2019.01.12-14.15.38:855][  0]LogSlate: SlateFontServices - WITH_FREETYPE: 1, WITH_HARFBUZZ: 1
[2019.01.12-14.15.39:031][  0]LogAssetRegistry: FAssetRegistry took 0.0257 seconds to start up
[2019.01.12-14.15.39:272][  0]LogInit: Selected Device Profile: [Windows]
[2019.01.12-14.15.39:378][  0]LogSimplygon: Simplygon DLL not present - disabling.
[2019.01.12-14.15.39:383][  0]LogMeshReduction: Using SimplygonSwarm for distributed automatic mesh merging
[2019.01.12-14.15.39:383][  0]LogMeshReduction: Using ProxyLODMeshReduction for automatic mesh merging
[2019.01.12-14.15.39:383][  0]LogMeshReduction: Using QuadricMeshReduction for automatic static mesh reduction
[2019.01.12-14.15.39:383][  0]LogMeshReduction: No automatic skeletal mesh reduction module available
[2019.01.12-14.15.39:395][  0]LogNetVersion: SP_Prototype 1.0.0, NetCL: 4212847, EngineNetVer: 5, GameNetVer: 0 (Checksum: 1960140471)
[2019.01.12-14.15.39:440][  0]LogNavigation: Error: [/Script/Engine.RecastNavMesh] found in the DefaultEngine.ini file. This class has been moved. Please rename that section to [/Script/NavigationSystem.RecastNavMesh]
[2019.01.12-14.15.39:785][  0]LogPackageLocalizationCache: Processed 11 localized package path(s) for 2 prioritized culture(s) in 0.074750 seconds
[2019.01.12-14.15.39:790][  0]LogUObjectArray: 38425 objects as part of root set at end of initial load.
[2019.01.12-14.15.39:790][  0]LogUObjectAllocator: 6690872 out of 0 bytes used by permanent object pool.
[2019.01.12-14.15.39:790][  0]LogUObjectArray: CloseDisregardForGC: 0/0 objects in disregard for GC pool
[2019.01.12-14.15.41:774][  0]LogTcpMessaging: Initializing TcpMessaging bridge
[2019.01.12-14.15.41:787][  0]LogUdpMessaging: Initializing bridge on interface 0.0.0.0:0 to multicast group 230.0.0.1:6666.
[2019.01.12-14.15.41:956][  0]SourceControl: Source control is disabled
[2019.01.12-14.15.42:680][  0]LogAndroidPermission: UAndroidPermissionCallbackProxy::GetInstance
[2019.01.12-14.15.42:733][  0]LogOcInput: OculusInput pre-init called
[2019.01.12-14.15.42:787][  0]LogEngine: Initializing Engine...
[2019.01.12-14.15.42:788][  0]LogHMD: Failed to initialize OpenVR with code 110
[2019.01.12-14.15.42:789][  0]LogStats: UGameplayTagsManager::ConstructGameplayTagTree: ImportINI prefixes -  0.000 s
[2019.01.12-14.15.42:789][  0]LogStats: UGameplayTagsManager::ConstructGameplayTagTree: Construct from data asset -  0.000 s
[2019.01.12-14.15.42:790][  0]LogStats: UGameplayTagsManager::ConstructGameplayTagTree: ImportINI -  0.000 s
[2019.01.12-14.15.42:790][  0]LogStats: UGameplayTagsManager::ConstructGameplayTagTree: GameplayTagTreeChangedEvent.Broadcast -  0.000 s
[2019.01.12-14.15.42:941][  0]LogInit: Initializing FReadOnlyCVARCache
[2019.01.12-14.15.42:959][  0]LogAIModule: Creating AISystem for world Untitled
[2019.01.12-14.15.42:999][  0]LogInit: XAudio2 using 'Speakers (Realtek High Definition Audio)' : 2 channels at 48 kHz using 16 bits per sample (channel mask 0x3)
[2019.01.12-14.15.43:028][  0]LogInit: FAudioDevice initialized.
[2019.01.12-14.15.43:028][  0]LogNetVersion: Set ProjectVersion to 1.0.0.0. Version Checksum will be recalculated on next use.
[2019.01.12-14.15.43:093][  0]LogDerivedDataCache: Saved boot cache 0.06s 71MB C:/Users/Aaron/AppData/Local/UnrealEngine/4.20/DerivedDataCache/Boot.ddc.
[2019.01.12-14.15.43:105][  0]LogInit: Texture streaming: Enabled
[2019.01.12-14.15.43:122][  0]LogEngineSessionManager: EngineSessionManager initialized
[2019.01.12-14.15.43:138][  0]LogInit: Transaction tracking system initialized
[2019.01.12-14.15.43:166][  0]BlueprintLog: New page: Editor Load
[2019.01.12-14.15.43:250][  0]LocalizationService: Localization service is disabled
[2019.01.12-14.15.43:455][  0]LogCook: Display: Max memory allowance for cook 16384mb min free memory 0mb
[2019.01.12-14.15.43:455][  0]LogCook: Display: Mobile HDR setting 1
[2019.01.12-14.15.43:455][  0]LogGameplayTags: Display: UGameplayTagsManager::DoneAddingNativeTags. DelegateIsBound: 0
[2019.01.12-14.15.43:455][  0]LogStats: UGameplayTagsManager::ConstructGameplayTagTree: ImportINI prefixes -  0.000 s
[2019.01.12-14.15.43:455][  0]LogStats: UGameplayTagsManager::ConstructGameplayTagTree: Construct from data asset -  0.000 s
[2019.01.12-14.15.43:455][  0]LogStats: UGameplayTagsManager::ConstructGameplayTagTree: ImportINI -  0.000 s
[2019.01.12-14.15.43:455][  0]LogStats: UGameplayTagsManager::ConstructGameplayTagTree: GameplayTagTreeChangedEvent.Broadcast -  0.000 s
[2019.01.12-14.15.43:548][  0]LogFileCache: Scanning file cache for directory 'A:/test/SCollab-Proto/SP_Prototype/Content/' took 0.02s
[2019.01.12-14.15.43:549][  0]Cmd: MAP LOAD FILE="A:/test/SCollab-Proto/SP_Prototype/Content/TopDownBP/Maps/TopDownExampleMap.umap" TEMPLATE=0 SHOWPROGRESS=1 FEATURELEVEL=3
[2019.01.12-14.15.43:549][  0]LightingResults: New page: Lighting Build
[2019.01.12-14.15.43:551][  0]MapCheck: New page: Map Check
[2019.01.12-14.15.43:551][  0]LightingResults: New page: Lighting Build
[2019.01.12-14.15.43:960][  0]LogAIModule: Creating AISystem for world TopDownExampleMap
[2019.01.12-14.15.43:969][  0]LogEditorServer: Finished looking for orphan Actors (0.000 secs)
[2019.01.12-14.15.43:989][  0]Cmd: MAP CHECKDEP NOCLEARLOG
[2019.01.12-14.15.44:050][  0]MapCheck: Map check complete: 0 Error(s), 0 Warning(s), took 60.522ms to complete.
[2019.01.12-14.15.44:050][  0]LogFileHelpers: Loading map 'TopDownExampleMap' took 0.501
[2019.01.12-14.15.44:128][  0]LogSlate: Updating window title bar state: overlay mode, drag disabled, window buttons hidden, title bar hidden
[2019.01.12-14.15.44:135][  0]LogSlate: Updating window title bar state: overlay mode, drag disabled, window buttons hidden, title bar hidden
[2019.01.12-14.15.44:141][  0]LogSlate: Updating window title bar state: overlay mode, drag disabled, window buttons hidden, title bar hidden
[2019.01.12-14.15.44:149][  0]LogSlate: Updating window title bar state: overlay mode, drag disabled, window buttons hidden, title bar hidden
[2019.01.12-14.15.44:154][  0]LogCollectionManager: Loaded 0 collections in 0.001488 seconds
[2019.01.12-14.15.44:195][  0]LogFileCache: Scanning file cache for directory 'A:/test/SCollab-Proto/SP_Prototype/Saved/Collections/' took 0.01s
[2019.01.12-14.15.44:195][  0]LogFileCache: Scanning file cache for directory 'A:/test/SCollab-Proto/SP_Prototype/Content/Developers/Aaron/Collections/' took 0.01s
[2019.01.12-14.15.44:195][  0]LogFileCache: Scanning file cache for directory 'A:/test/SCollab-Proto/SP_Prototype/Content/Collections/' took 0.01s
[2019.01.12-14.15.44:195][  0]LogCollectionManager: Rebuilt the GUID cache for 0 collections in 0.000000 seconds
[2019.01.12-14.15.44:208][  0]LogContentBrowser: Native class hierarchy populated in 0.0126 seconds. Added 2572 classes and 603 folders.
[2019.01.12-14.15.44:215][  0]LogContentBrowser: Native class hierarchy updated for 'WidgetCarousel' in 0.0004 seconds. Added 0 classes and 0 folders.
[2019.01.12-14.15.44:261][  0]LogContentBrowser: Native class hierarchy updated for 'AddContentDialog' in 0.0002 seconds. Added 0 classes and 0 folders.
[2019.01.12-14.15.44:266][  0]LogContentBrowser: Native class hierarchy updated for 'SceneOutliner' in 0.0004 seconds. Added 1 classes and 2 folders.
[2019.01.12-14.15.44:330][  0]LogSlate: Took 0.000178 seconds to synchronously load lazily loaded font '../../../Engine/Content/Slate/Fonts/Roboto-Regular.ttf' (155K)
[2019.01.12-14.15.44:332][  0]LogSlate: Took 0.000195 seconds to synchronously load lazily loaded font '../../../Engine/Content/Slate/Fonts/Roboto-Bold.ttf' (160K)
[2019.01.12-14.15.44:338][  0]LogSlate: Took 0.000229 seconds to synchronously load lazily loaded font '../../../Engine/Content/Editor/Slate/Fonts/FontAwesome.ttf' (139K)
[2019.01.12-14.15.44:399][  0]LogRenderer: Reallocating scene render targets to support 1240x572 Format 10 NumSamples 1 (Frame:1).
[2019.01.12-14.15.44:528][  0]LogContentBrowser: Native class hierarchy updated for 'HierarchicalLODOutliner' in 0.0003 seconds. Added 0 classes and 0 folders.
[2019.01.12-14.15.44:528][  0]LogLoad: (Engine Initialization) Total time: 13.26 seconds
[2019.01.12-14.15.44:528][  0]LogLoad: (Engine Initialization) Total Blueprint compile time: 0.00 seconds
[2019.01.12-14.15.44:567][  0]LogContentStreaming: Texture pool size now 1000 MB
[2019.01.12-14.15.44:585][  0]LogSlate: Took 0.000143 seconds to synchronously load lazily loaded font '../../../Engine/Content/Slate/Fonts/Roboto-Light.ttf' (167K)
[2019.01.12-14.15.44:606][  1]LogAssetRegistry: Asset discovery search completed in 5.5979 seconds
[2019.01.12-14.15.44:607][  1]LogCollectionManager: Rebuilt the object cache for 0 collections in 0.000000 seconds (found 0 objects)
[2019.01.12-14.15.44:607][  1]LogCollectionManager: Fixed up redirectors for 0 collections in 0.000040 seconds (updated 0 objects)
[2019.01.12-14.15.47:624][169]LogSlate: FSceneViewport::OnFocusLost() reason 0
[2019.01.12-14.15.48:656][292]LogSlate: Took 0.000176 seconds to synchronously load lazily loaded font '../../../Engine/Content/Slate/Fonts/Roboto-Light.ttf' (167K)
[2019.01.12-14.15.49:281][292]LogAIModule: Creating AISystem for world BlockOut
[2019.01.12-14.15.49:356][292]LogAssetEditorManager: Opening Asset editor for World /Game/Levels/BlockOut.BlockOut
[2019.01.12-14.15.49:377][292]Cmd: MAP LOAD FILE="A:/test/SCollab-Proto/SP_Prototype/Content/Levels/BlockOut.umap" TEMPLATE=0 SHOWPROGRESS=1 FEATURELEVEL=3
[2019.01.12-14.15.49:378][292]LightingResults: New page: Lighting Build
[2019.01.12-14.15.49:378][292]LoadErrors: New page: Loading map: BlockOut.umap
[2019.01.12-14.15.49:379][292]MapCheck: New page: Map Check
[2019.01.12-14.15.49:379][292]LightingResults: New page: Lighting Build
[2019.01.12-14.15.49:494][292]LogEditorServer: Finished looking for orphan Actors (0.000 secs)
[2019.01.12-14.15.49:536][292]Cmd: MAP CHECKDEP NOCLEARLOG
[2019.01.12-14.15.49:613][292]MapCheck: Map check complete: 0 Error(s), 0 Warning(s), took 76.387ms to complete.
[2019.01.12-14.15.49:615][292]LogFileHelpers: Loading map 'BlockOut' took 0.239
[2019.01.12-14.15.54:068][781]LogSlate: FSceneViewport::OnFocusLost() reason 0
[2019.01.12-14.15.54:185][795]LogTemp: Repeating last play command: Selected Viewport
[2019.01.12-14.15.54:197][795]LogBlueprintUserMessages: Early PlayInEditor Detection: Level '/Game/Levels/BlockOut.BlockOut:PersistentLevel' has LevelScriptBlueprint '/Game/Levels/BlockOut.BlockOut:PersistentLevel.BlockOut' with GeneratedClass '/Game/Levels/BlockOut.BlockOut_C' with ClassGeneratedBy '/Game/Levels/BlockOut.BlockOut:PersistentLevel.BlockOut'
[2019.01.12-14.15.54:197][795]LogPlayLevel: PlayLevel: No blueprints needed recompiling
[2019.01.12-14.15.54:209][795]PIE: New page: PIE session: BlockOut (12 Jan 2019 14:15:54)
[2019.01.12-14.15.54:209][795]LogPlayLevel: Creating play world package: /Game/Levels/UEDPIE_0_BlockOut
[2019.01.12-14.15.54:372][795]LogPlayLevel: PIE: StaticDuplicateObject took: (0.162686s)
[2019.01.12-14.15.54:372][795]LogAIModule: Creating AISystem for world BlockOut
[2019.01.12-14.15.54:372][795]LogPlayLevel: PIE: World Init took: (0.000587s)
[2019.01.12-14.15.54:372][795]LogPlayLevel: PIE: Created PIE world by copying editor world from /Game/Levels/BlockOut.BlockOut to /Game/Levels/UEDPIE_0_BlockOut.BlockOut (0.163609s)
[2019.01.12-14.15.54:398][795]LogInit: XAudio2 using 'Speakers (Realtek High Definition Audio)' : 2 channels at 48 kHz using 16 bits per sample (channel mask 0x3)
[2019.01.12-14.15.54:430][795]LogInit: FAudioDevice initialized.
[2019.01.12-14.15.54:471][795]LogLoad: Game class is 'TopDownGameMode_C'
[2019.01.12-14.15.54:482][795]LogWorld: Bringing World /Game/Levels/UEDPIE_0_BlockOut.BlockOut up for play (max tick rate 0) at 2019.01.12-14.15.54
[2019.01.12-14.15.54:483][795]LogWorld: Bringing up level for play took: 0.011447
[2019.01.12-14.15.54:499][795]LogContentBrowser: Native class hierarchy updated for 'MovieSceneCapture' in 0.0003 seconds. Added 10 classes and 0 folders.
[2019.01.12-14.15.54:503][795]PIE: Play in editor start time for /Game/Levels/UEDPIE_0_BlockOut -0.313
[2019.01.12-14.15.54:503][795]LogBlueprintUserMessages: Late PlayInEditor Detection: Level '/Game/Levels/BlockOut.BlockOut:PersistentLevel' has LevelScriptBlueprint '/Game/Levels/BlockOut.BlockOut:PersistentLevel.BlockOut' with GeneratedClass '/Game/Levels/BlockOut.BlockOut_C' with ClassGeneratedBy '/Game/Levels/BlockOut.BlockOut:PersistentLevel.BlockOut'
[2019.01.12-14.15.58:312][247]LogBlueprintUserMessages: Early EndPlayMap Detection: Level '/Game/Levels/BlockOut.BlockOut:PersistentLevel' has LevelScriptBlueprint '/Game/Levels/BlockOut.BlockOut:PersistentLevel.BlockOut' with GeneratedClass '/Game/Levels/BlockOut.BlockOut_C' with ClassGeneratedBy '/Game/Levels/BlockOut.BlockOut:PersistentLevel.BlockOut'
[2019.01.12-14.15.58:312][247]LogSlate: Updating window title bar state: overlay mode, drag disabled, window buttons hidden, title bar hidden
[2019.01.12-14.15.58:353][247]LogPlayLevel: Display: Shutting down PIE online subsystems
[2019.01.12-14.15.58:354][247]LogBlueprintUserMessages: Late EndPlayMap Detection: Level '/Game/Levels/BlockOut.BlockOut:PersistentLevel' has LevelScriptBlueprint '/Game/Levels/BlockOut.BlockOut:PersistentLevel.BlockOut' with GeneratedClass '/Game/Levels/BlockOut.BlockOut_C' with ClassGeneratedBy '/Game/Levels/BlockOut.BlockOut:PersistentLevel.BlockOut'
[2019.01.12-14.15.58:379][247]LogSlate: Updating window title bar state: overlay mode, drag disabled, window buttons hidden, title bar hidden
[2019.01.12-14.15.58:427][249]LogPlayLevel: Display: Destroying online subsystem :Context_1
[2019.01.12-14.15.58:848][299]LogEditorViewport: Clicking on Actor (LMB): StaticMeshActor (scaffold01-andrew-11-01-38)
[2019.01.12-14.16.07:457][279]LogSlate: FSceneViewport::OnFocusLost() reason 0
[2019.01.12-14.16.07:574][293]LogTemp: Repeating last play command: Selected Viewport
[2019.01.12-14.16.07:587][293]LogBlueprintUserMessages: Early PlayInEditor Detection: Level '/Game/Levels/BlockOut.BlockOut:PersistentLevel' has LevelScriptBlueprint '/Game/Levels/BlockOut.BlockOut:PersistentLevel.BlockOut' with GeneratedClass '/Game/Levels/BlockOut.BlockOut_C' with ClassGeneratedBy '/Game/Levels/BlockOut.BlockOut:PersistentLevel.BlockOut'
[2019.01.12-14.16.07:587][293]LogPlayLevel: PlayLevel: No blueprints needed recompiling
[2019.01.12-14.16.07:587][293]PIE: New page: PIE session: BlockOut (12 Jan 2019 14:16:07)
[2019.01.12-14.16.07:587][293]LogPlayLevel: Creating play world package: /Game/Levels/UEDPIE_0_BlockOut
[2019.01.12-14.16.07:749][293]LogPlayLevel: PIE: StaticDuplicateObject took: (0.161944s)
[2019.01.12-14.16.07:749][293]LogAIModule: Creating AISystem for world BlockOut
[2019.01.12-14.16.07:750][293]LogPlayLevel: PIE: World Init took: (0.000690s)
[2019.01.12-14.16.07:750][293]LogPlayLevel: PIE: Created PIE world by copying editor world from /Game/Levels/BlockOut.BlockOut to /Game/Levels/UEDPIE_0_BlockOut.BlockOut (0.162923s)
[2019.01.12-14.16.07:774][293]LogInit: XAudio2 using 'Speakers (Realtek High Definition Audio)' : 2 channels at 48 kHz using 16 bits per sample (channel mask 0x3)
[2019.01.12-14.16.07:796][293]LogInit: FAudioDevice initialized.
[2019.01.12-14.16.07:827][293]LogLoad: Game class is 'TopDownGameMode_C'
[2019.01.12-14.16.07:839][293]LogWorld: Bringing World /Game/Levels/UEDPIE_0_BlockOut.BlockOut up for play (max tick rate 0) at 2019.01.12-14.16.07
[2019.01.12-14.16.07:840][293]LogWorld: Bringing up level for play took: 0.013266
[2019.01.12-14.16.07:855][293]PIE: Play in editor start time for /Game/Levels/UEDPIE_0_BlockOut 1.04
[2019.01.12-14.16.07:856][293]LogBlueprintUserMessages: Late PlayInEditor Detection: Level '/Game/Levels/BlockOut.BlockOut:PersistentLevel' has LevelScriptBlueprint '/Game/Levels/BlockOut.BlockOut:PersistentLevel.BlockOut' with GeneratedClass '/Game/Levels/BlockOut.BlockOut_C' with ClassGeneratedBy '/Game/Levels/BlockOut.BlockOut:PersistentLevel.BlockOut'
[2019.01.12-14.16.12:249][819]LogBlueprintUserMessages: Early EndPlayMap Detection: Level '/Game/Levels/BlockOut.BlockOut:PersistentLevel' has LevelScriptBlueprint '/Game/Levels/BlockOut.BlockOut:PersistentLevel.BlockOut' with GeneratedClass '/Game/Levels/BlockOut.BlockOut_C' with ClassGeneratedBy '/Game/Levels/BlockOut.BlockOut:PersistentLevel.BlockOut'
[2019.01.12-14.16.12:249][819]LogSlate: Updating window title bar state: overlay mode, drag disabled, window buttons hidden, title bar hidden
[2019.01.12-14.16.12:289][819]LogPlayLevel: Display: Shutting down PIE online subsystems
[2019.01.12-14.16.12:290][819]LogBlueprintUserMessages: Late EndPlayMap Detection: Level '/Game/Levels/BlockOut.BlockOut:PersistentLevel' has LevelScriptBlueprint '/Game/Levels/BlockOut.BlockOut:PersistentLevel.BlockOut' with GeneratedClass '/Game/Levels/BlockOut.BlockOut_C' with ClassGeneratedBy '/Game/Levels/BlockOut.BlockOut:PersistentLevel.BlockOut'
[2019.01.12-14.16.12:312][819]LogSlate: Updating window title bar state: overlay mode, drag disabled, window buttons hidden, title bar hidden
[2019.01.12-14.16.12:368][821]LogPlayLevel: Display: Destroying online subsystem :Context_2
[2019.01.12-14.16.16:368][283]LogEditorViewport: Clicking on Actor (LMB): StaticMeshActor (Wheelbarrow_-_Chris_-_10-01-19__1_)
[2019.01.12-14.16.21:442][796]LogSlate: FSceneViewport::OnFocusLost() reason 0
[2019.01.12-14.16.21:569][805]LogTemp: Repeating last play command: Selected Viewport
[2019.01.12-14.16.21:582][805]LogBlueprintUserMessages: Early PlayInEditor Detection: Level '/Game/Levels/BlockOut.BlockOut:PersistentLevel' has LevelScriptBlueprint '/Game/Levels/BlockOut.BlockOut:PersistentLevel.BlockOut' with GeneratedClass '/Game/Levels/BlockOut.BlockOut_C' with ClassGeneratedBy '/Game/Levels/BlockOut.BlockOut:PersistentLevel.BlockOut'
[2019.01.12-14.16.21:582][805]LogPlayLevel: PlayLevel: No blueprints needed recompiling
[2019.01.12-14.16.21:582][805]PIE: New page: PIE session: BlockOut (12 Jan 2019 14:16:21)
[2019.01.12-14.16.21:583][805]LogPlayLevel: Creating play world package: /Game/Levels/UEDPIE_0_BlockOut
[2019.01.12-14.16.21:741][805]LogPlayLevel: PIE: StaticDuplicateObject took: (0.157541s)
[2019.01.12-14.16.21:741][805]LogAIModule: Creating AISystem for world BlockOut
[2019.01.12-14.16.21:741][805]LogPlayLevel: PIE: World Init took: (0.000530s)
[2019.01.12-14.16.21:741][805]LogPlayLevel: PIE: Created PIE world by copying editor world from /Game/Levels/BlockOut.BlockOut to /Game/Levels/UEDPIE_0_BlockOut.BlockOut (0.158379s)
[2019.01.12-14.16.21:766][805]LogInit: XAudio2 using 'Speakers (Realtek High Definition Audio)' : 2 channels at 48 kHz using 16 bits per sample (channel mask 0x3)
[2019.01.12-14.16.21:789][805]LogInit: FAudioDevice initialized.
[2019.01.12-14.16.21:818][805]LogLoad: Game class is 'TopDownGameMode_C'
[2019.01.12-14.16.21:830][805]LogWorld: Bringing World /Game/Levels/UEDPIE_0_BlockOut.BlockOut up for play (max tick rate 0) at 2019.01.12-14.16.21
[2019.01.12-14.16.21:831][805]LogWorld: Bringing up level for play took: 0.012115
[2019.01.12-14.16.21:845][805]PIE: Play in editor start time for /Game/Levels/UEDPIE_0_BlockOut 1.03
[2019.01.12-14.16.21:846][805]LogBlueprintUserMessages: Late PlayInEditor Detection: Level '/Game/Levels/BlockOut.BlockOut:PersistentLevel' has LevelScriptBlueprint '/Game/Levels/BlockOut.BlockOut:PersistentLevel.BlockOut' with GeneratedClass '/Game/Levels/BlockOut.BlockOut_C' with ClassGeneratedBy '/Game/Levels/BlockOut.BlockOut:PersistentLevel.BlockOut'
[2019.01.12-14.17.20:051][777]LogBlueprintUserMessages: Early EndPlayMap Detection: Level '/Game/Levels/BlockOut.BlockOut:PersistentLevel' has LevelScriptBlueprint '/Game/Levels/BlockOut.BlockOut:PersistentLevel.BlockOut' with GeneratedClass '/Game/Levels/BlockOut.BlockOut_C' with ClassGeneratedBy '/Game/Levels/BlockOut.BlockOut:PersistentLevel.BlockOut'
[2019.01.12-14.17.20:052][777]LogSlate: Updating window title bar state: overlay mode, drag disabled, window buttons hidden, title bar hidden
[2019.01.12-14.17.20:090][777]LogPlayLevel: Display: Shutting down PIE online subsystems
[2019.01.12-14.17.20:091][777]LogBlueprintUserMessages: Late EndPlayMap Detection: Level '/Game/Levels/BlockOut.BlockOut:PersistentLevel' has LevelScriptBlueprint '/Game/Levels/BlockOut.BlockOut:PersistentLevel.BlockOut' with GeneratedClass '/Game/Levels/BlockOut.BlockOut_C' with ClassGeneratedBy '/Game/Levels/BlockOut.BlockOut:PersistentLevel.BlockOut'
[2019.01.12-14.17.20:113][777]LogSlate: Updating window title bar state: overlay mode, drag disabled, window buttons hidden, title bar hidden
[2019.01.12-14.17.20:172][779]LogPlayLevel: Display: Destroying online subsystem :Context_3
[2019.01.12-14.17.36:554][733]LogSlate: FSceneViewport::OnFocusLost() reason 0
[2019.01.12-14.17.51:660][465]LogActorFactory: Actor Factory created vase_light_damage_Ben_Wilkinson_09-01-19
[2019.01.12-14.17.51:666][465]LogActorFactory: Actor Factory created vase_light_damage_Ben_Wilkinson_09-01-19
[2019.01.12-14.17.52:232][513]LogActorFactory: Actor Factory created vase_light_damage_Ben_Wilkinson_09-01-19
[2019.01.12-14.18.09:992][458]Cmd: DELETE
[2019.01.12-14.18.09:992][458]Cmd: ACTOR DELETE
[2019.01.12-14.18.10:028][458]LogEditorActor: Deleted Actor: StaticMeshActor
[2019.01.12-14.18.10:046][458]LogEditorActor: Deleted 1 Actors (0.054 secs)
[2019.01.12-14.18.13:043][799]LogSlate: FSceneViewport::OnFocusLost() reason 0
[2019.01.12-14.18.13:153][808]LogActorFactory: Actor Factory created small_vase_Ben_Wilkinson_09-01-19
[2019.01.12-14.18.13:499][846]LogActorFactory: Actor Factory created small_vase_Ben_Wilkinson_09-01-19
[2019.01.12-14.18.28:771][540]LogSlate: FSceneViewport::OnFocusLost() reason 0
[2019.01.12-14.18.28:879][547]LogActorFactory: Actor Factory created 1_handle_vase_Ben_Wilkinson_09-01-19
[2019.01.12-14.18.29:471][608]LogActorFactory: Actor Factory created 1_handle_vase_Ben_Wilkinson_09-01-19
[2019.01.12-14.18.50:688][947]LogSlate: FSceneViewport::OnFocusLost() reason 0
[2019.01.12-14.18.50:800][959]LogActorFactory: Actor Factory created 1_handle_vase_Ben_Wilkinson_09-01-19
[2019.01.12-14.18.51:068][988]LogActorFactory: Actor Factory created 1_handle_vase_Ben_Wilkinson_09-01-19
[2019.01.12-14.19.18:677][175]LogEditorViewport: Clicking on Actor (LMB): StaticMeshActor (vase_undamaged_Ben_Wilkinson_09-01-23)
[2019.01.12-14.19.19:960][325]Cmd: DELETE
[2019.01.12-14.19.19:960][325]Cmd: ACTOR DELETE
[2019.01.12-14.19.19:996][325]LogEditorActor: Deleted Actor: StaticMeshActor
[2019.01.12-14.19.20:014][325]LogEditorActor: Deleted 1 Actors (0.054 secs)
[2019.01.12-14.19.21:549][508]LogEditorViewport: Clicking on Actor (LMB): StaticMeshActor (1_handle_vase_Ben_Wilkinson_09-01-20)
[2019.01.12-14.19.29:257][399]LogSlate: FSceneViewport::OnFocusLost() reason 0
[2019.01.12-14.19.29:393][411]LogActorFactory: Actor Factory created 2_handle_vase_Ben_Wilkinson_09-01-19
[2019.01.12-14.19.29:776][454]LogActorFactory: Actor Factory created 2_handle_vase_Ben_Wilkinson_09-01-19
[2019.01.12-14.20.13:077][482]Cmd: DELETE
[2019.01.12-14.20.13:077][482]Cmd: ACTOR DELETE
[2019.01.12-14.20.13:114][482]LogEditorActor: Deleted Actor: StaticMeshActor
[2019.01.12-14.20.13:133][482]LogEditorActor: Deleted 1 Actors (0.056 secs)
[2019.01.12-14.20.29:913][442]LogSlate: FSceneViewport::OnFocusLost() reason 0
[2019.01.12-14.20.30:160][469]LogActorFactory: Actor Factory created 2_handle_vase_Ben_Wilkinson_09-01-19
[2019.01.12-14.20.30:435][500]LogActorFactory: Actor Factory created 2_handle_vase_Ben_Wilkinson_09-01-19
[2019.01.12-14.20.38:641][448]Cmd: DELETE
[2019.01.12-14.20.38:641][448]Cmd: ACTOR DELETE
[2019.01.12-14.20.38:678][448]LogEditorActor: Deleted Actor: StaticMeshActor
[2019.01.12-14.20.38:695][448]LogEditorActor: Deleted 1 Actors (0.054 secs)
[2019.01.12-14.20.39:760][574]LogSlate: FSceneViewport::OnFocusLost() reason 0
[2019.01.12-14.20.40:174][622]LogAssetEditorManager: Opening Asset editor for StaticMesh /Game/Models/Ben/1_handle_vase_Ben_Wilkinson_09-01-19.1_handle_vase_Ben_Wilkinson_09-01-19
[2019.01.12-14.20.40:678][622]LogRenderer: Reallocating scene render targets to support 1432x924 Format 10 NumSamples 1 (Frame:1).
[2019.01.12-14.20.40:678][622]LogSlate: Took 0.004692 seconds to synchronously load lazily loaded font '../../../Engine/Content/Slate/Fonts/Roboto-Italic.ttf' (157K)
[2019.01.12-14.20.41:759][748]LogSlate: Window '1_handle_vase_Ben_Wilkinson_09-01-19' being destroyed
[2019.01.12-14.20.41:762][748]LogSlate: Window '1_handle_vase_Ben_Wilkinson_09-01-19' being destroyed
[2019.01.12-14.20.42:584][835]LogActorFactory: Actor Factory created 1_handle_vase_Ben_Wilkinson_09-01-19
[2019.01.12-14.20.42:893][866]LogActorFactory: Actor Factory created 1_handle_vase_Ben_Wilkinson_09-01-19
[2019.01.12-14.20.42:997][874]LogSlate: FSceneViewport::OnFocusLost() reason 2
[2019.01.12-14.21.06:477][422]LogEditorViewport: Clicking on Actor (LMB): StaticMeshActor (Base_StaticMesh)
[2019.01.12-14.21.10:109][815]LogEditorViewport: Clicking on Actor (LMB): StaticMeshActor (1_handle_vase_Ben_Wilkinson_09-01-21)
[2019.01.12-14.21.12:472][ 83]Cmd: TRANSACTION UNDO
[2019.01.12-14.21.12:472][ 83]LogEditorTransaction: Undo Move Actors
[2019.01.12-14.21.16:786][590]LogEditorViewport: Clicking on Actor (LMB): StaticMeshActor (Base_StaticMesh)
[2019.01.12-14.21.24:212][404]LogEditorViewport: Clicking on Actor (LMB): StaticMeshActor (Base_StaticMesh)
[2019.01.12-14.21.26:317][581]LogEditorViewport: Clicking on Actor (LMB): BP_Sky_Sphere_C (BP_Sky_Sphere)
[2019.01.12-14.21.42:801][378]LogSlate: FSceneViewport::OnFocusLost() reason 0
[2019.01.12-14.21.42:925][392]LogActorFactory: Actor Factory created 1_handle_vase_Ben_Wilkinson_09-01-19
[2019.01.12-14.21.43:258][428]LogActorFactory: Actor Factory created 1_handle_vase_Ben_Wilkinson_09-01-19
[2019.01.12-14.21.56:001][883]LogEditorViewport: Clicking on Actor (LMB): StaticMeshActor (Base_StaticMesh)
[2019.01.12-14.21.58:338][135]LogSlate: FSceneViewport::OnFocusLost() reason 0
[2019.01.12-14.21.58:455][149]LogTemp: Repeating last play command: Selected Viewport
[2019.01.12-14.21.58:470][149]LogBlueprintUserMessages: Early PlayInEditor Detection: Level '/Game/Levels/BlockOut.BlockOut:PersistentLevel' has LevelScriptBlueprint '/Game/Levels/BlockOut.BlockOut:PersistentLevel.BlockOut' with GeneratedClass '/Game/Levels/BlockOut.BlockOut_C' with ClassGeneratedBy '/Game/Levels/BlockOut.BlockOut:PersistentLevel.BlockOut'
[2019.01.12-14.21.58:470][149]LogPlayLevel: PlayLevel: No blueprints needed recompiling
[2019.01.12-14.21.58:470][149]PIE: New page: PIE session: BlockOut (12 Jan 2019 14:21:58)
[2019.01.12-14.21.58:470][149]LogPlayLevel: Creating play world package: /Game/Levels/UEDPIE_0_BlockOut
[2019.01.12-14.21.58:627][149]LogPlayLevel: PIE: StaticDuplicateObject took: (0.157652s)
[2019.01.12-14.21.58:627][149]LogAIModule: Creating AISystem for world BlockOut
[2019.01.12-14.21.58:628][149]LogPlayLevel: PIE: World Init took: (0.000600s)
[2019.01.12-14.21.58:628][149]LogPlayLevel: PIE: Created PIE world by copying editor world from /Game/Levels/BlockOut.BlockOut to /Game/Levels/UEDPIE_0_BlockOut.BlockOut (0.158580s)
[2019.01.12-14.21.58:652][149]LogInit: XAudio2 using 'Speakers (Realtek High Definition Audio)' : 2 channels at 48 kHz using 16 bits per sample (channel mask 0x3)
[2019.01.12-14.21.58:684][149]LogInit: FAudioDevice initialized.
[2019.01.12-14.21.58:714][149]LogLoad: Game class is 'TopDownGameMode_C'
[2019.01.12-14.21.58:728][149]LogWorld: Bringing World /Game/Levels/UEDPIE_0_BlockOut.BlockOut up for play (max tick rate 0) at 2019.01.12-14.21.58
[2019.01.12-14.21.58:728][149]LogWorld: Bringing up level for play took: 0.014372
[2019.01.12-14.21.58:744][149]PIE: Play in editor start time for /Game/Levels/UEDPIE_0_BlockOut -0.072
[2019.01.12-14.21.58:744][149]LogBlueprintUserMessages: Late PlayInEditor Detection: Level '/Game/Levels/BlockOut.BlockOut:PersistentLevel' has LevelScriptBlueprint '/Game/Levels/BlockOut.BlockOut:PersistentLevel.BlockOut' with GeneratedClass '/Game/Levels/BlockOut.BlockOut_C' with ClassGeneratedBy '/Game/Levels/BlockOut.BlockOut:PersistentLevel.BlockOut'
[2019.01.12-14.22.20:548][762]LogBlueprintUserMessages: Early EndPlayMap Detection: Level '/Game/Levels/BlockOut.BlockOut:PersistentLevel' has LevelScriptBlueprint '/Game/Levels/BlockOut.BlockOut:PersistentLevel.BlockOut' with GeneratedClass '/Game/Levels/BlockOut.BlockOut_C' with ClassGeneratedBy '/Game/Levels/BlockOut.BlockOut:PersistentLevel.BlockOut'
[2019.01.12-14.22.20:548][762]LogSlate: Updating window title bar state: overlay mode, drag disabled, window buttons hidden, title bar hidden
[2019.01.12-14.22.20:584][762]LogPlayLevel: Display: Shutting down PIE online subsystems
[2019.01.12-14.22.20:585][762]LogBlueprintUserMessages: Late EndPlayMap Detection: Level '/Game/Levels/BlockOut.BlockOut:PersistentLevel' has LevelScriptBlueprint '/Game/Levels/BlockOut.BlockOut:PersistentLevel.BlockOut' with GeneratedClass '/Game/Levels/BlockOut.BlockOut_C' with ClassGeneratedBy '/Game/Levels/BlockOut.BlockOut:PersistentLevel.BlockOut'
[2019.01.12-14.22.20:609][762]LogSlate: Updating window title bar state: overlay mode, drag disabled, window buttons hidden, title bar hidden
[2019.01.12-14.22.20:659][764]LogPlayLevel: Display: Destroying online subsystem :Context_7
[2019.01.12-14.22.32:235][ 37]LogEditorViewport: Clicking on Actor (LMB): StaticMeshActor (1_handle_vase_Ben_Wilkinson_09-01-19)
[2019.01.12-14.22.39:968][798]LogSlate: FSceneViewport::OnFocusLost() reason 0
[2019.01.12-14.22.40:107][813]LogActorFactory: Actor Factory created 1_handle_vase_Ben_Wilkinson_09-01-19
[2019.01.12-14.22.40:434][845]LogActorFactory: Actor Factory created 1_handle_vase_Ben_Wilkinson_09-01-19
[2019.01.12-14.22.48:930][794]Cmd: DELETE
[2019.01.12-14.22.48:930][794]Cmd: ACTOR DELETE
[2019.01.12-14.22.48:967][794]LogEditorActor: Deleted Actor: StaticMeshActor
[2019.01.12-14.22.48:984][794]LogEditorActor: Deleted 1 Actors (0.054 secs)
[2019.01.12-14.22.54:222][345]LogEditorViewport: Clicking on Actor (LMB): StaticMeshActor (vase_light_damage_Ben_Wilkinson_09-01-22)
[2019.01.12-14.22.56:170][548]LogEditorViewport: Clicking on Actor (CTRL LMB): StaticMeshActor (1_handle_vase_Ben_Wilkinson_09-01-19)
[2019.01.12-14.22.56:970][640]LogEditorViewport: Clicking on Actor (CTRL LMB): StaticMeshActor (small_vase_Ben_Wilkinson_09-01-23)
[2019.01.12-14.22.58:141][776]LogSlate: FSceneViewport::OnFocusLost() reason 0
[2019.01.12-14.23.27:302][861]LogEditorViewport: Clicking on Actor (LMB): StaticMeshActor (Base_StaticMesh)
[2019.01.12-14.23.29:967][132]LogSlate: FSceneViewport::OnFocusLost() reason 0
[2019.01.12-14.23.30:092][147]LogTemp: Repeating last play command: Selected Viewport
[2019.01.12-14.23.30:105][147]LogBlueprintUserMessages: Early PlayInEditor Detection: Level '/Game/Levels/BlockOut.BlockOut:PersistentLevel' has LevelScriptBlueprint '/Game/Levels/BlockOut.BlockOut:PersistentLevel.BlockOut' with GeneratedClass '/Game/Levels/BlockOut.BlockOut_C' with ClassGeneratedBy '/Game/Levels/BlockOut.BlockOut:PersistentLevel.BlockOut'
[2019.01.12-14.23.30:106][147]LogPlayLevel: PlayLevel: No blueprints needed recompiling
[2019.01.12-14.23.30:106][147]PIE: New page: PIE session: BlockOut (12 Jan 2019 14:23:30)
[2019.01.12-14.23.30:106][147]LogPlayLevel: Creating play world package: /Game/Levels/UEDPIE_0_BlockOut
[2019.01.12-14.23.30:261][147]LogPlayLevel: PIE: StaticDuplicateObject took: (0.155047s)
[2019.01.12-14.23.30:262][147]LogAIModule: Creating AISystem for world BlockOut
[2019.01.12-14.23.30:262][147]LogPlayLevel: PIE: World Init took: (0.000596s)
[2019.01.12-14.23.30:262][147]LogPlayLevel: PIE: Created PIE world by copying editor world from /Game/Levels/BlockOut.BlockOut to /Game/Levels/UEDPIE_0_BlockOut.BlockOut (0.155942s)
[2019.01.12-14.23.30:286][147]LogInit: XAudio2 using 'Speakers (Realtek High Definition Audio)' : 2 channels at 48 kHz using 16 bits per sample (channel mask 0x3)
[2019.01.12-14.23.30:317][147]LogInit: FAudioDevice initialized.
[2019.01.12-14.23.30:351][147]LogLoad: Game class is 'TopDownGameMode_C'
[2019.01.12-14.23.30:363][147]LogWorld: Bringing World /Game/Levels/UEDPIE_0_BlockOut.BlockOut up for play (max tick rate 0) at 2019.01.12-14.23.30
[2019.01.12-14.23.30:364][147]LogWorld: Bringing up level for play took: 0.012517
[2019.01.12-14.23.30:378][147]PIE: Play in editor start time for /Game/Levels/UEDPIE_0_BlockOut -0.437
[2019.01.12-14.23.30:379][147]LogBlueprintUserMessages: Late PlayInEditor Detection: Level '/Game/Levels/BlockOut.BlockOut:PersistentLevel' has LevelScriptBlueprint '/Game/Levels/BlockOut.BlockOut:PersistentLevel.BlockOut' with GeneratedClass '/Game/Levels/BlockOut.BlockOut_C' with ClassGeneratedBy '/Game/Levels/BlockOut.BlockOut:PersistentLevel.BlockOut'
[2019.01.12-14.23.38:845][160]LogBlueprintUserMessages: Early EndPlayMap Detection: Level '/Game/Levels/BlockOut.BlockOut:PersistentLevel' has LevelScriptBlueprint '/Game/Levels/BlockOut.BlockOut:PersistentLevel.BlockOut' with GeneratedClass '/Game/Levels/BlockOut.BlockOut_C' with ClassGeneratedBy '/Game/Levels/BlockOut.BlockOut:PersistentLevel.BlockOut'
[2019.01.12-14.23.38:845][160]LogSlate: Updating window title bar state: overlay mode, drag disabled, window buttons hidden, title bar hidden
[2019.01.12-14.23.38:881][160]LogPlayLevel: Display: Shutting down PIE online subsystems
[2019.01.12-14.23.38:882][160]LogBlueprintUserMessages: Late EndPlayMap Detection: Level '/Game/Levels/BlockOut.BlockOut:PersistentLevel' has LevelScriptBlueprint '/Game/Levels/BlockOut.BlockOut:PersistentLevel.BlockOut' with GeneratedClass '/Game/Levels/BlockOut.BlockOut_C' with ClassGeneratedBy '/Game/Levels/BlockOut.BlockOut:PersistentLevel.BlockOut'
[2019.01.12-14.23.38:907][160]LogSlate: Updating window title bar state: overlay mode, drag disabled, window buttons hidden, title bar hidden
[2019.01.12-14.23.38:966][162]LogPlayLevel: Display: Destroying online subsystem :Context_8
[2019.01.12-14.23.39:823][264]LogEditorViewport: Clicking on Actor (LMB): StaticMeshActor (Wheelbarrow_-_Chris_-_10-01-19__1_2)
[2019.01.12-14.23.49:712][357]LogSlate: FSceneViewport::OnFocusLost() reason 0
[2019.01.12-14.23.49:870][376]LogTemp: Repeating last play command: Selected Viewport
[2019.01.12-14.23.49:882][376]LogBlueprintUserMessages: Early PlayInEditor Detection: Level '/Game/Levels/BlockOut.BlockOut:PersistentLevel' has LevelScriptBlueprint '/Game/Levels/BlockOut.BlockOut:PersistentLevel.BlockOut' with GeneratedClass '/Game/Levels/BlockOut.BlockOut_C' with ClassGeneratedBy '/Game/Levels/BlockOut.BlockOut:PersistentLevel.BlockOut'
[2019.01.12-14.23.49:882][376]LogPlayLevel: PlayLevel: No blueprints needed recompiling
[2019.01.12-14.23.49:883][376]PIE: New page: PIE session: BlockOut (12 Jan 2019 14:23:49)
[2019.01.12-14.23.49:883][376]LogPlayLevel: Creating play world package: /Game/Levels/UEDPIE_0_BlockOut
[2019.01.12-14.23.50:041][376]LogPlayLevel: PIE: StaticDuplicateObject took: (0.157506s)
[2019.01.12-14.23.50:041][376]LogAIModule: Creating AISystem for world BlockOut
[2019.01.12-14.23.50:041][376]LogPlayLevel: PIE: World Init took: (0.000684s)
[2019.01.12-14.23.50:042][376]LogPlayLevel: PIE: Created PIE world by copying editor world from /Game/Levels/BlockOut.BlockOut to /Game/Levels/UEDPIE_0_BlockOut.BlockOut (0.158517s)
[2019.01.12-14.23.50:064][376]LogInit: XAudio2 using 'Speakers (Realtek High Definition Audio)' : 2 channels at 48 kHz using 16 bits per sample (channel mask 0x3)
[2019.01.12-14.23.50:086][376]LogInit: FAudioDevice initialized.
[2019.01.12-14.23.50:114][376]LogLoad: Game class is 'TopDownGameMode_C'
[2019.01.12-14.23.50:125][376]LogWorld: Bringing World /Game/Levels/UEDPIE_0_BlockOut.BlockOut up for play (max tick rate 0) at 2019.01.12-14.23.50
[2019.01.12-14.23.50:126][376]LogWorld: Bringing up level for play took: 0.011937
[2019.01.12-14.23.50:141][376]PIE: Play in editor start time for /Game/Levels/UEDPIE_0_BlockOut -0.674
[2019.01.12-14.23.50:142][376]LogBlueprintUserMessages: Late PlayInEditor Detection: Level '/Game/Levels/BlockOut.BlockOut:PersistentLevel' has LevelScriptBlueprint '/Game/Levels/BlockOut.BlockOut:PersistentLevel.BlockOut' with GeneratedClass '/Game/Levels/BlockOut.BlockOut_C' with ClassGeneratedBy '/Game/Levels/BlockOut.BlockOut:PersistentLevel.BlockOut'
[2019.01.12-14.25.38:327][340]LogBlueprintUserMessages: Early EndPlayMap Detection: Level '/Game/Levels/BlockOut.BlockOut:PersistentLevel' has LevelScriptBlueprint '/Game/Levels/BlockOut.BlockOut:PersistentLevel.BlockOut' with GeneratedClass '/Game/Levels/BlockOut.BlockOut_C' with ClassGeneratedBy '/Game/Levels/BlockOut.BlockOut:PersistentLevel.BlockOut'
[2019.01.12-14.25.38:327][340]LogSlate: Updating window title bar state: overlay mode, drag disabled, window buttons hidden, title bar hidden
[2019.01.12-14.25.38:366][340]LogPlayLevel: Display: Shutting down PIE online subsystems
[2019.01.12-14.25.38:367][340]LogBlueprintUserMessages: Late EndPlayMap Detection: Level '/Game/Levels/BlockOut.BlockOut:PersistentLevel' has LevelScriptBlueprint '/Game/Levels/BlockOut.BlockOut:PersistentLevel.BlockOut' with GeneratedClass '/Game/Levels/BlockOut.BlockOut_C' with ClassGeneratedBy '/Game/Levels/BlockOut.BlockOut:PersistentLevel.BlockOut'
[2019.01.12-14.25.38:390][340]LogSlate: Updating window title bar state: overlay mode, drag disabled, window buttons hidden, title bar hidden
[2019.01.12-14.25.38:447][342]LogPlayLevel: Display: Destroying online subsystem :Context_9
[2019.01.12-14.26.05:309][402]LogSlate: FSceneViewport::OnFocusLost() reason 0
[2019.01.12-14.26.05:409][414]LogTemp: Repeating last play command: Selected Viewport
[2019.01.12-14.26.05:422][414]LogBlueprintUserMessages: Early PlayInEditor Detection: Level '/Game/Levels/BlockOut.BlockOut:PersistentLevel' has LevelScriptBlueprint '/Game/Levels/BlockOut.BlockOut:PersistentLevel.BlockOut' with GeneratedClass '/Game/Levels/BlockOut.BlockOut_C' with ClassGeneratedBy '/Game/Levels/BlockOut.BlockOut:PersistentLevel.BlockOut'
[2019.01.12-14.26.05:422][414]LogPlayLevel: PlayLevel: No blueprints needed recompiling
[2019.01.12-14.26.05:422][414]PIE: New page: PIE session: BlockOut (12 Jan 2019 14:26:05)
[2019.01.12-14.26.05:422][414]LogPlayLevel: Creating play world package: /Game/Levels/UEDPIE_0_BlockOut
[2019.01.12-14.26.05:581][414]LogPlayLevel: PIE: StaticDuplicateObject took: (0.157945s)
[2019.01.12-14.26.05:581][414]LogAIModule: Creating AISystem for world BlockOut
[2019.01.12-14.26.05:581][414]LogPlayLevel: PIE: World Init took: (0.000692s)
[2019.01.12-14.26.05:582][414]LogPlayLevel: PIE: Created PIE world by copying editor world from /Game/Levels/BlockOut.BlockOut to /Game/Levels/UEDPIE_0_BlockOut.BlockOut (0.159007s)
[2019.01.12-14.26.05:606][414]LogInit: XAudio2 using 'Speakers (Realtek High Definition Audio)' : 2 channels at 48 kHz using 16 bits per sample (channel mask 0x3)
[2019.01.12-14.26.05:638][414]LogInit: FAudioDevice initialized.
[2019.01.12-14.26.05:668][414]LogLoad: Game class is 'TopDownGameMode_C'
[2019.01.12-14.26.05:680][414]LogWorld: Bringing World /Game/Levels/UEDPIE_0_BlockOut.BlockOut up for play (max tick rate 0) at 2019.01.12-14.26.05
[2019.01.12-14.26.05:681][414]LogWorld: Bringing up level for play took: 0.012820
[2019.01.12-14.26.05:696][414]PIE: Play in editor start time for /Game/Levels/UEDPIE_0_BlockOut 0.881
[2019.01.12-14.26.05:697][414]LogBlueprintUserMessages: Late PlayInEditor Detection: Level '/Game/Levels/BlockOut.BlockOut:PersistentLevel' has LevelScriptBlueprint '/Game/Levels/BlockOut.BlockOut:PersistentLevel.BlockOut' with GeneratedClass '/Game/Levels/BlockOut.BlockOut_C' with ClassGeneratedBy '/Game/Levels/BlockOut.BlockOut:PersistentLevel.BlockOut'
[2019.01.12-14.28.32:021][962]LogBlueprintUserMessages: Early EndPlayMap Detection: Level '/Game/Levels/BlockOut.BlockOut:PersistentLevel' has LevelScriptBlueprint '/Game/Levels/BlockOut.BlockOut:PersistentLevel.BlockOut' with GeneratedClass '/Game/Levels/BlockOut.BlockOut_C' with ClassGeneratedBy '/Game/Levels/BlockOut.BlockOut:PersistentLevel.BlockOut'
[2019.01.12-14.28.32:022][962]LogSlate: Updating window title bar state: overlay mode, drag disabled, window buttons hidden, title bar hidden
[2019.01.12-14.28.32:063][962]LogPlayLevel: Display: Shutting down PIE online subsystems
[2019.01.12-14.28.32:064][962]LogBlueprintUserMessages: Late EndPlayMap Detection: Level '/Game/Levels/BlockOut.BlockOut:PersistentLevel' has LevelScriptBlueprint '/Game/Levels/BlockOut.BlockOut:PersistentLevel.BlockOut' with GeneratedClass '/Game/Levels/BlockOut.BlockOut_C' with ClassGeneratedBy '/Game/Levels/BlockOut.BlockOut:PersistentLevel.BlockOut'
[2019.01.12-14.28.32:085][962]LogSlate: Updating window title bar state: overlay mode, drag disabled, window buttons hidden, title bar hidden
[2019.01.12-14.28.32:146][964]LogPlayLevel: Display: Destroying online subsystem :Context_10
[2019.01.12-14.28.43:997][263]LogSlate: FSceneViewport::OnFocusLost() reason 0
[2019.01.12-14.28.44:191][266]Cmd: OBJ SAVEPACKAGE PACKAGE="/Game/Levels/BlockOut" FILE="A:/test/SCollab-Proto/SP_Prototype/Content/Levels/BlockOut.umap" SILENT=true AUTOSAVING=false KEEPDIRTY=false
[2019.01.12-14.28.46:244][266]LogSavePackage: Moving 'A:/test/SCollab-Proto/SP_Prototype/Saved/BlockOut221882A045DBC230687FE3882E1B78B7.tmp' to 'A:/test/SCollab-Proto/SP_Prototype/Content/Levels/BlockOut.umap'
[2019.01.12-14.28.57:203][560]LogSlate: FSceneViewport::OnFocusLost() reason 0
[2019.01.12-14.28.57:352][578]LogTemp: Repeating last play command: Selected Viewport
[2019.01.12-14.28.57:365][578]LogBlueprintUserMessages: Early PlayInEditor Detection: Level '/Game/Levels/BlockOut.BlockOut:PersistentLevel' has LevelScriptBlueprint '/Game/Levels/BlockOut.BlockOut:PersistentLevel.BlockOut' with GeneratedClass '/Game/Levels/BlockOut.BlockOut_C' with ClassGeneratedBy '/Game/Levels/BlockOut.BlockOut:PersistentLevel.BlockOut'
[2019.01.12-14.28.57:365][578]LogPlayLevel: PlayLevel: No blueprints needed recompiling
[2019.01.12-14.28.57:365][578]PIE: New page: PIE session: BlockOut (12 Jan 2019 14:28:57)
[2019.01.12-14.28.57:365][578]LogPlayLevel: Creating play world package: /Game/Levels/UEDPIE_0_BlockOut
[2019.01.12-14.28.57:527][578]LogPlayLevel: PIE: StaticDuplicateObject took: (0.161559s)
[2019.01.12-14.28.57:527][578]LogAIModule: Creating AISystem for world BlockOut
[2019.01.12-14.28.57:527][578]LogPlayLevel: PIE: World Init took: (0.000603s)
[2019.01.12-14.28.57:528][578]LogPlayLevel: PIE: Created PIE world by copying editor world from /Game/Levels/BlockOut.BlockOut to /Game/Levels/UEDPIE_0_BlockOut.BlockOut (0.162511s)
[2019.01.12-14.28.57:550][578]LogInit: XAudio2 using 'Speakers (Realtek High Definition Audio)' : 2 channels at 48 kHz using 16 bits per sample (channel mask 0x3)
[2019.01.12-14.28.57:573][578]LogInit: FAudioDevice initialized.
[2019.01.12-14.28.57:603][578]LogLoad: Game class is 'TopDownGameMode_C'
[2019.01.12-14.28.57:617][578]LogWorld: Bringing World /Game/Levels/UEDPIE_0_BlockOut.BlockOut up for play (max tick rate 0) at 2019.01.12-14.28.57
[2019.01.12-14.28.57:618][578]LogWorld: Bringing up level for play took: 0.014864
[2019.01.12-14.28.57:633][578]PIE: Play in editor start time for /Game/Levels/UEDPIE_0_BlockOut 0.818
[2019.01.12-14.28.57:634][578]LogBlueprintUserMessages: Late PlayInEditor Detection: Level '/Game/Levels/BlockOut.BlockOut:PersistentLevel' has LevelScriptBlueprint '/Game/Levels/BlockOut.BlockOut:PersistentLevel.BlockOut' with GeneratedClass '/Game/Levels/BlockOut.BlockOut_C' with ClassGeneratedBy '/Game/Levels/BlockOut.BlockOut:PersistentLevel.BlockOut'
[2019.01.12-14.29.45:931][364]LogBlueprintUserMessages: Early EndPlayMap Detection: Level '/Game/Levels/BlockOut.BlockOut:PersistentLevel' has LevelScriptBlueprint '/Game/Levels/BlockOut.BlockOut:PersistentLevel.BlockOut' with GeneratedClass '/Game/Levels/BlockOut.BlockOut_C' with ClassGeneratedBy '/Game/Levels/BlockOut.BlockOut:PersistentLevel.BlockOut'
[2019.01.12-14.29.45:931][364]LogSlate: Updating window title bar state: overlay mode, drag disabled, window buttons hidden, title bar hidden
[2019.01.12-14.29.45:968][364]LogPlayLevel: Display: Shutting down PIE online subsystems
[2019.01.12-14.29.45:968][364]LogBlueprintUserMessages: Late EndPlayMap Detection: Level '/Game/Levels/BlockOut.BlockOut:PersistentLevel' has LevelScriptBlueprint '/Game/Levels/BlockOut.BlockOut:PersistentLevel.BlockOut' with GeneratedClass '/Game/Levels/BlockOut.BlockOut_C' with ClassGeneratedBy '/Game/Levels/BlockOut.BlockOut:PersistentLevel.BlockOut'
[2019.01.12-14.29.45:993][364]LogSlate: Updating window title bar state: overlay mode, drag disabled, window buttons hidden, title bar hidden
[2019.01.12-14.29.46:050][366]LogPlayLevel: Display: Destroying online subsystem :Context_11
[2019.01.12-14.29.50:871][866]LogSlate: FSceneViewport::OnFocusLost() reason 2
[2019.01.12-14.29.52:334][ 41]SourceControl: fatal: C:/Program Files/Epic Games/UE_4.20/Engine/Content: 'C:/Program Files/Epic Games/UE_4.20/Engine/Content' is outside repository
[2019.01.12-14.29.52:434][ 41]LogFileHelpers: Warning: FilenameToLongPackageName failed to convert '../../../Engine/Plugins/Runtime/AppleARKit/Content/ARKitCameraMaterial.uasset'. Attempt result was '../../../Engine/Plugins/Runtime/AppleARKit/Content/ARKitCameraMaterial', but the path contains illegal characters '.'
[2019.01.12-14.29.52:441][ 41]LogSlate: FSceneViewport::OnFocusLost() reason 2
[2019.01.12-14.30.00:045][ 41]LogSlate: Window 'Submit Files' being destroyed
[2019.01.12-14.30.00:054][ 41]LogSlate: FSceneViewport::OnFocusLost() reason 2
[2019.01.12-14.30.00:119][ 41]LogSlate: FSceneViewport::OnFocusLost() reason 2
[2019.01.12-14.30.00:935][ 41]LogSourceControl: commit successful: [ArtMaster 43b85e2] enviroment
[2019.01.12-14.30.00:979][ 41]SourceControl: [ArtMaster 43b85e2] enviroment
[2019.01.12-14.30.00:979][ 41]SourceControl:  1 file changed, 0 insertions(+), 0 deletions(-)
[2019.01.12-14.30.00:986][ 41]SourceControl: Commited [ArtMaster 43b85e2] enviroment.
[2019.01.12-14.32.27:333][150]LogSlate: FSceneViewport::OnFocusLost() reason 2
[2019.01.12-14.32.29:315][379]LogSlate: Window 'SP_Prototype - Unreal Editor' being destroyed
[2019.01.12-14.32.29:528][380]Cmd: QUIT_EDITOR
[2019.01.12-14.32.30:040][380]LogWindowsTextInputMethodSystem: Display: IME system now deactivated.
[2019.01.12-14.32.30:050][380]LogExit: Preparing to exit.
[2019.01.12-14.32.30:427][380]LogExit: Editor shut down
[2019.01.12-14.32.30:427][380]LogExit: Transaction tracking system shut down
[2019.01.12-14.32.31:152][380]LogExit: Object subsystem successfully closed.
[2019.01.12-14.32.31:162][380]LogShaderCompilers: Display: Shaders left to compile 0
[2019.01.12-14.32.31:164][380]LogD3D11RHI: Shutdown
[2019.01.12-14.32.31:164][380]LogD3D11RHI: CleanupD3DDevice
[2019.01.12-14.32.31:169][380]LogD3D11RHI: ~FD3D11DynamicRHI
[2019.01.12-14.32.31:185][380]LogModuleManager: Shutting down and abandoning module StaticMeshEditor (616)
[2019.01.12-14.32.31:185][380]LogModuleManager: Shutting down and abandoning module MovieSceneCapture (614)
[2019.01.12-14.32.31:185][380]LogModuleManager: Shutting down and abandoning module Voice (612)
[2019.01.12-14.32.31:185][380]LogModuleManager: Shutting down and abandoning module HierarchicalLODOutliner (610)
[2019.01.12-14.32.31:185][380]LogModuleManager: Shutting down and abandoning module SceneOutliner (608)
[2019.01.12-14.32.31:185][380]LogModuleManager: Shutting down and abandoning module AddContentDialog (606)
[2019.01.12-14.32.31:186][380]LogModuleManager: Shutting down and abandoning module WidgetCarousel (605)
[2019.01.12-14.32.31:186][380]LogModuleManager: Shutting down and abandoning module EditorWidgets (602)
[2019.01.12-14.32.31:186][380]LogModuleManager: Shutting down and abandoning module CollectionManager (600)
[2019.01.12-14.32.31:186][380]LogModuleManager: Shutting down and abandoning module StatsViewer (598)
[2019.01.12-14.32.31:186][380]LogModuleManager: Shutting down and abandoning module FoliageEdit (596)
[2019.01.12-14.32.31:186][380]LogModuleManager: Shutting down and abandoning module LandscapeEditor (594)
[2019.01.12-14.32.31:186][380]LogModuleManager: Shutting down and abandoning module MeshPaintMode (592)
[2019.01.12-14.32.31:186][380]LogModuleManager: Shutting down and abandoning module SceneDepthPickerMode (590)
[2019.01.12-14.32.31:186][380]LogModuleManager: Shutting down and abandoning module ActorPickerMode (588)
[2019.01.12-14.32.31:186][380]LogModuleManager: Shutting down and abandoning module GeometryMode (586)
[2019.01.12-14.32.31:186][380]LogModuleManager: Shutting down and abandoning module TextureAlignMode (584)
[2019.01.12-14.32.31:186][380]LogModuleManager: Shutting down and abandoning module BspMode (582)
[2019.01.12-14.32.31:186][380]LogModuleManager: Shutting down and abandoning module PIEPreviewDeviceProfileSelector (580)
[2019.01.12-14.32.31:186][380]LogModuleManager: Shutting down and abandoning module SequenceRecorderSections (578)
[2019.01.12-14.32.31:186][380]LogModuleManager: Shutting down and abandoning module AutomationWorker (576)
[2019.01.12-14.32.31:186][380]LogModuleManager: Shutting down and abandoning module AudioCaptureEditor (574)
[2019.01.12-14.32.31:186][380]LogModuleManager: Shutting down and abandoning module SequenceRecorder (573)
[2019.01.12-14.32.31:186][380]LogModuleManager: Shutting down and abandoning module MatineeToLevelSequence (570)
[2019.01.12-14.32.31:186][380]LogModuleManager: Shutting down and abandoning module LevelSequenceEditor (568)
[2019.01.12-14.32.31:186][380]LogModuleManager: Shutting down and abandoning module PlacementMode (567)
[2019.01.12-14.32.31:186][380]LogModuleManager: Shutting down and abandoning module MaterialEditor (566)
[2019.01.12-14.32.31:186][380]LogModuleManager: Shutting down and abandoning module WmfMediaFactory (562)
[2019.01.12-14.32.31:186][380]LogModuleManager: Shutting down and abandoning module WmfMediaEditor (560)
[2019.01.12-14.32.31:186][380]LogModuleManager: Shutting down and abandoning module MediaPlayerEditor (558)
[2019.01.12-14.32.31:186][380]LogModuleManager: Shutting down and abandoning module OpenExrWrapper (556)
[2019.01.12-14.32.31:186][380]LogModuleManager: Shutting down and abandoning module ImgMediaFactory (554)
[2019.01.12-14.32.31:186][380]LogModuleManager: Shutting down and abandoning module ImgMediaEditor (552)
[2019.01.12-14.32.31:186][380]LogModuleManager: Shutting down and abandoning module AvfMediaFactory (550)
[2019.01.12-14.32.31:186][380]LogModuleManager: Shutting down and abandoning module AvfMediaEditor (548)
[2019.01.12-14.32.31:186][380]LogModuleManager: Shutting down and abandoning module AndroidMediaFactory (546)
[2019.01.12-14.32.31:186][380]LogModuleManager: Shutting down and abandoning module AndroidMediaEditor (544)
[2019.01.12-14.32.31:186][380]LogModuleManager: Shutting down and abandoning module MagicLeapCameraPreviewFactory (542)
[2019.01.12-14.32.31:186][380]LogModuleManager: Shutting down and abandoning module MagicLeapMediaFactory (540)
[2019.01.12-14.32.31:186][380]LogModuleManager: Shutting down and abandoning module MagicLeapMediaEditor (538)
[2019.01.12-14.32.31:186][380]LogModuleManager: Shutting down and abandoning module CharacterAI (536)
[2019.01.12-14.32.31:186][380]LogModuleManager: Shutting down and abandoning module SmartSnapping (534)
[2019.01.12-14.32.31:186][380]LogModuleManager: Shutting down and abandoning module SessionServices (532)
[2019.01.12-14.32.31:186][380]LogModuleManager: Shutting down and abandoning module ViewportSnapping (530)
[2019.01.12-14.32.31:186][380]LogModuleManager: Shutting down and abandoning module ViewportInteraction (528)
[2019.01.12-14.32.31:186][380]LogModuleManager: Shutting down and abandoning module ClothPainter (526)
[2019.01.12-14.32.31:186][380]LogModuleManager: Shutting down and abandoning module SkeletalMeshEditor (525)
[2019.01.12-14.32.31:186][380]LogModuleManager: Shutting down and abandoning module LogVisualizer (522)
[2019.01.12-14.32.31:187][380]LogModuleManager: Shutting down and abandoning module IntroTutorials (520)
[2019.01.12-14.32.31:187][380]LogModuleManager: Shutting down and abandoning module GameProjectGeneration (519)
[2019.01.12-14.32.31:187][380]LogModuleManager: Shutting down and abandoning module LuminPlatformEditor (516)
[2019.01.12-14.32.31:187][380]LogModuleManager: Shutting down and abandoning module IOSPlatformEditor (514)
[2019.01.12-14.32.31:187][380]LogModuleManager: Shutting down and abandoning module HTML5PlatformEditor (512)
[2019.01.12-14.32.31:187][380]LogModuleManager: Shutting down and abandoning module AndroidPlatformEditor (510)
[2019.01.12-14.32.31:187][380]LogModuleManager: Shutting down and abandoning module AndroidDeviceDetection (509)
[2019.01.12-14.32.31:885][380]LogModuleManager: Shutting down and abandoning module WindowsPlatformEditor (506)
[2019.01.12-14.32.31:885][380]LogModuleManager: Shutting down and abandoning module LuminRuntimeSettings (504)
[2019.01.12-14.32.31:885][380]LogModuleManager: Shutting down and abandoning module IOSRuntimeSettings (502)
[2019.01.12-14.32.31:885][380]LogModuleManager: Shutting down and abandoning module AndroidRuntimeSettings (500)
[2019.01.12-14.32.31:885][380]LogModuleManager: Shutting down and abandoning module InputBindingEditor (498)
[2019.01.12-14.32.31:885][380]LogModuleManager: Shutting down and abandoning module MergeActors (496)
[2019.01.12-14.32.31:885][380]LogModuleManager: Shutting down and abandoning module LocalizationDashboard (494)
[2019.01.12-14.32.31:885][380]LogModuleManager: Shutting down and abandoning module LocalizationService (493)
[2019.01.12-14.32.31:885][380]LogModuleManager: Shutting down and abandoning module HardwareTargeting (490)
[2019.01.12-14.32.31:885][380]LogModuleManager: Shutting down and abandoning module DeviceProfileEditor (488)
[2019.01.12-14.32.31:885][380]LogModuleManager: Shutting down and abandoning module UndoHistory (486)
[2019.01.12-14.32.31:885][380]LogModuleManager: Shutting down and abandoning module XmlParser (484)
[2019.01.12-14.32.31:885][380]LogModuleManager: Shutting down and abandoning module Blutility (482)
[2019.01.12-14.32.31:885][380]LogModuleManager: Shutting down and abandoning module ProjectSettingsViewer (480)
[2019.01.12-14.32.31:885][380]LogModuleManager: Shutting down and abandoning module ProjectTargetPlatformEditor (479)
[2019.01.12-14.32.31:885][380]LogModuleManager: Shutting down and abandoning module EditorSettingsViewer (476)
[2019.01.12-14.32.31:886][380]LogModuleManager: Shutting down and abandoning module SettingsEditor (474)
[2019.01.12-14.32.31:886][380]LogModuleManager: Shutting down and abandoning module ProjectLauncher (472)
[2019.01.12-14.32.31:886][380]LogModuleManager: Shutting down and abandoning module SessionFrontend (470)
[2019.01.12-14.32.31:886][380]LogModuleManager: Shutting down and abandoning module ProfilerClient (468)
[2019.01.12-14.32.31:886][380]LogModuleManager: Shutting down and abandoning module DeviceManager (466)
[2019.01.12-14.32.31:886][380]LogModuleManager: Shutting down and abandoning module TargetDeviceServices (465)
[2019.01.12-14.32.31:941][380]LogModuleManager: Shutting down and abandoning module AutomationController (462)
[2019.01.12-14.32.31:941][380]LogModuleManager: Shutting down and abandoning module AutomationWindow (460)
[2019.01.12-14.32.31:941][380]LogModuleManager: Shutting down and abandoning module Layers (458)
[2019.01.12-14.32.31:941][380]LogModuleManager: Shutting down and abandoning module ComponentVisualizers (456)
[2019.01.12-14.32.31:941][380]LogModuleManager: Shutting down and abandoning module DetailCustomizations (454)
[2019.01.12-14.32.31:941][380]LogModuleManager: Shutting down and abandoning module PackagesDialog (452)
[2019.01.12-14.32.31:941][380]LogModuleManager: Shutting down and abandoning module Persona (450)
[2019.01.12-14.32.31:941][380]LogModuleManager: Shutting down and abandoning module AdvancedPreviewScene (449)
[2019.01.12-14.32.31:941][380]LogModuleManager: Shutting down and abandoning module AnimGraph (447)
[2019.01.12-14.32.31:941][380]LogModuleManager: Shutting down and abandoning module Kismet (444)
[2019.01.12-14.32.31:942][380]LogModuleManager: Shutting down and abandoning module GraphEditor (442)
[2019.01.12-14.32.31:942][380]LogModuleManager: Shutting down and abandoning module ClassViewer (440)
[2019.01.12-14.32.31:942][380]LogModuleManager: Shutting down and abandoning module Toolbox (438)
[2019.01.12-14.32.31:942][380]LogModuleManager: Shutting down and abandoning module ModuleUI (436)
[2019.01.12-14.32.31:942][380]LogModuleManager: Shutting down and abandoning module MovieSceneTools (434)
[2019.01.12-14.32.31:942][380]LogModuleManager: Shutting down and abandoning module OutputLog (432)
[2019.01.12-14.32.31:942][380]LogModuleManager: Shutting down and abandoning module GammaUI (430)
[2019.01.12-14.32.31:942][380]LogModuleManager: Shutting down and abandoning module Documentation (428)
[2019.01.12-14.32.31:942][380]LogModuleManager: Shutting down and abandoning module MovieSceneTracks (426)
[2019.01.12-14.32.31:942][380]LogModuleManager: Shutting down and abandoning module MovieScene (424)
[2019.01.12-14.32.31:942][380]LogModuleManager: Shutting down and abandoning module StreamingPauseRendering (422)
[2019.01.12-14.32.31:942][380]LogModuleManager: Shutting down and abandoning module LauncherPlatform (420)
[2019.01.12-14.32.31:942][380]LogModuleManager: Shutting down and abandoning module AnalyticsET (418)
[2019.01.12-14.32.31:942][380]LogModuleManager: Shutting down and abandoning module PortalServices (416)
[2019.01.12-14.32.31:942][380]LogModuleManager: Shutting down and abandoning module PortalRpc (414)
[2019.01.12-14.32.31:942][380]LogModuleManager: Shutting down and abandoning module MessagingRpc (412)
[2019.01.12-14.32.31:943][380]LogModuleManager: Shutting down and abandoning module AIModule (410)
[2019.01.12-14.32.31:943][380]LogModuleManager: Shutting down and abandoning module GameplayDebugger (409)
[2019.01.12-14.32.31:943][380]LogModuleManager: Shutting down and abandoning module AITestSuite (407)
[2019.01.12-14.32.31:943][380]LogModuleManager: Shutting down and abandoning module NavigationSystem (405)
[2019.01.12-14.32.31:943][380]LogModuleManager: Shutting down and abandoning module DesktopPlatform (402)
[2019.01.12-14.32.31:943][380]LogModuleManager: Shutting down and abandoning module ProfilerService (400)
[2019.01.12-14.32.32:082][380]LogModuleManager: Shutting down and abandoning module TaskGraph (398)
[2019.01.12-14.32.32:082][380]LogModuleManager: Shutting down and abandoning module SteamVRController (396)
[2019.01.12-14.32.32:082][380]LogModuleManager: Shutting down and abandoning module ProceduralMeshComponentEditor (394)
[2019.01.12-14.32.32:082][380]LogModuleManager: Shutting down and abandoning module ProceduralMeshComponent (392)
[2019.01.12-14.32.32:082][380]LogModuleManager: Shutting down and abandoning module OculusInput (390)
[2019.01.12-14.32.32:082][380]LogModuleManager: Shutting down and abandoning module MobilePatchingUtils (388)
[2019.01.12-14.32.32:082][380]LogModuleManager: Shutting down and abandoning module EditableMesh (386)
[2019.01.12-14.32.32:082][380]LogModuleManager: Shutting down and abandoning module CustomMeshComponent (384)
[2019.01.12-14.32.32:082][380]LogModuleManager: Shutting down and abandoning module CableComponent (382)
[2019.01.12-14.32.32:082][380]LogModuleManager: Shutting down and abandoning module AudioCapture (380)
[2019.01.12-14.32.32:082][380]LogModuleManager: Shutting down and abandoning module ArchVisCharacter (378)
[2019.01.12-14.32.32:082][380]LogModuleManager: Shutting down and abandoning module AndroidPermission (376)
[2019.01.12-14.32.32:082][380]LogModuleManager: Shutting down and abandoning module NUTUnrealEngine4 (374)
[2019.01.12-14.32.32:082][380]LogModuleManager: Shutting down and abandoning module NetcodeUnitTest (372)
[2019.01.12-14.32.32:082][380]LogModuleManager: Shutting down and abandoning module MediaCompositingEditor (370)
[2019.01.12-14.32.32:082][380]LogModuleManager: Shutting down and abandoning module MediaCompositing (368)
[2019.01.12-14.32.32:082][380]LogModuleManager: Shutting down and abandoning module LinearTimecode (366)
[2019.01.12-14.32.32:082][380]LogModuleManager: Shutting down and abandoning module ImgMedia (364)
[2019.01.12-14.32.32:085][380]LogModuleManager: Shutting down and abandoning module HTML5Networking (362)
[2019.01.12-14.32.32:085][380]LogModuleManager: Shutting down and abandoning module GeometryCacheTracks (360)
[2019.01.12-14.32.32:085][380]LogModuleManager: Shutting down and abandoning module GeometryCacheSequencer (358)
[2019.01.12-14.32.32:085][380]LogModuleManager: Shutting down and abandoning module BackChannel (356)
[2019.01.12-14.32.32:085][380]LogModuleManager: Shutting down and abandoning module AppleVision (354)
[2019.01.12-14.32.32:085][380]LogModuleManager: Shutting down and abandoning module AppleImageUtils (352)
[2019.01.12-14.32.32:085][380]LogModuleManager: Shutting down and abandoning module AlembicImporter (350)
[2019.01.12-14.32.32:085][380]LogModuleManager: Shutting down and abandoning module AlembicLibrary (349)
[2019.01.12-14.32.32:085][380]LogModuleManager: Shutting down and abandoning module GeometryCache (348)
[2019.01.12-14.32.32:085][380]LogModuleManager: Shutting down and abandoning module GeometryCacheEd (347)
[2019.01.12-14.32.32:085][380]LogModuleManager: Shutting down and abandoning module DatasmithContentEditor (342)
[2019.01.12-14.32.32:085][380]LogModuleManager: Shutting down and abandoning module DatasmithContent (340)
[2019.01.12-14.32.32:085][380]LogModuleManager: Shutting down and abandoning module SpeedTreeImporter (338)
[2019.01.12-14.32.32:085][380]LogModuleManager: Shutting down and abandoning module PluginBrowser (336)
[2019.01.12-14.32.32:085][380]LogModuleManager: Shutting down and abandoning module MobileLauncherProfileWizard (334)
[2019.01.12-14.32.32:085][380]LogModuleManager: Shutting down and abandoning module PolygonModeling (332)
[2019.01.12-14.32.32:085][380]LogModuleManager: Shutting down and abandoning module MeshEditor (330)
[2019.01.12-14.32.32:085][380]LogModuleManager: Shutting down and abandoning module CryptoKeysOpenSSL (328)
[2019.01.12-14.32.32:085][380]LogModuleManager: Shutting down and abandoning module CryptoKeys (326)
[2019.01.12-14.32.32:085][380]LogModuleManager: Shutting down and abandoning module VisualStudioSourceCodeAccess (324)
[2019.01.12-14.32.32:085][380]LogModuleManager: Shutting down and abandoning module VisualStudioCodeSourceCodeAccess (322)
[2019.01.12-14.32.32:085][380]LogModuleManager: Shutting down and abandoning module UObjectPlugin (320)
[2019.01.12-14.32.32:085][380]LogModuleManager: Shutting down and abandoning module SubversionSourceControl (318)
[2019.01.12-14.32.32:085][380]LogModuleManager: Shutting down and abandoning module PerforceSourceControl (316)
[2019.01.12-14.32.32:085][380]LogModuleManager: Shutting down and abandoning module GitSourceControl (314)
[2019.01.12-14.32.32:085][380]LogModuleManager: Shutting down and abandoning module SourceControl (313)
[2019.01.12-14.32.32:086][380]LogModuleManager: Shutting down and abandoning module CLionSourceCodeAccess (310)
[2019.01.12-14.32.32:086][380]LogModuleManager: Shutting down and abandoning module LightPropagationVolumeEditor (308)
[2019.01.12-14.32.32:086][380]LogModuleManager: Shutting down and abandoning module PaperTiledImporter (306)
[2019.01.12-14.32.32:086][380]LogModuleManager: Shutting down and abandoning module PaperSpriteSheetImporter (304)
[2019.01.12-14.32.32:086][380]LogModuleManager: Shutting down and abandoning module Paper2DEditor (302)
[2019.01.12-14.32.32:086][380]LogModuleManager: Shutting down and abandoning module MeshPaint (301)
[2019.01.12-14.32.32:086][380]LogModuleManager: Shutting down and abandoning module RuntimePhysXCooking (298)
[2019.01.12-14.32.32:086][380]LogModuleManager: Shutting down and abandoning module PhysXVehiclesEditor (296)
[2019.01.12-14.32.32:086][380]LogModuleManager: Shutting down and abandoning module PhysXVehicles (294)
[2019.01.12-14.32.32:086][380]LogModuleManager: Shutting down and abandoning module OculusEditor (292)
[2019.01.12-14.32.32:086][380]LogModuleManager: Shutting down and abandoning module LocationServicesBPLibrary (290)
[2019.01.12-14.32.32:086][380]LogModuleManager: Shutting down and abandoning module ImmediatePhysicsEditor (288)
[2019.01.12-14.32.32:086][380]LogModuleManager: Shutting down and abandoning module ImmediatePhysics (286)
[2019.01.12-14.32.32:086][380]LogModuleManager: Shutting down and abandoning module ActorSequence (284)
[2019.01.12-14.32.32:086][380]LogModuleManager: Shutting down and abandoning module UdpMessaging (282)
[2019.01.12-14.32.32:187][380]LogModuleManager: Shutting down and abandoning module TcpMessaging (280)
[2019.01.12-14.32.32:288][380]LogModuleManager: Shutting down and abandoning module MagicLeapAudio (278)
[2019.01.12-14.32.32:288][380]LogModuleManager: Shutting down and abandoning module GameplayTagsEditor (276)
[2019.01.12-14.32.32:288][380]LogModuleManager: Shutting down and abandoning module FacialAnimationEditor (274)
[2019.01.12-14.32.32:288][380]LogModuleManager: Shutting down and abandoning module FacialAnimation (272)
[2019.01.12-14.32.32:288][380]LogModuleManager: Shutting down and abandoning module DataValidation (270)
[2019.01.12-14.32.32:288][380]LogModuleManager: Shutting down and abandoning module AssetManagerEditor (268)
[2019.01.12-14.32.32:288][380]LogModuleManager: Shutting down and abandoning module LevelEditor (267)
[2019.01.12-14.32.32:289][380]LogModuleManager: Shutting down and abandoning module PixelInspectorModule (266)
[2019.01.12-14.32.32:289][380]LogModuleManager: Shutting down and abandoning module CommonMenuExtensions (264)
[2019.01.12-14.32.32:289][380]LogModuleManager: Shutting down and abandoning module MainFrame (262)
[2019.01.12-14.32.32:289][380]LogModuleManager: Shutting down and abandoning module HotReload (261)
[2019.01.12-14.32.32:289][380]LogModuleManager: Shutting down and abandoning module ContentBrowser (257)
[2019.01.12-14.32.32:290][380]LogModuleManager: Shutting down and abandoning module TreeMap (255)
[2019.01.12-14.32.32:290][380]LogModuleManager: Shutting down and abandoning module LightPropagationVolumeRuntime (252)
[2019.01.12-14.32.32:290][380]LogModuleManager: Shutting down and abandoning module AISupportModule (250)
[2019.01.12-14.32.32:290][380]LogModuleManager: Shutting down and abandoning module Paper2D (248)
[2019.01.12-14.32.32:290][380]LogModuleManager: Shutting down and abandoning module WindowsMoviePlayer (246)
[2019.01.12-14.32.32:290][380]LogModuleManager: Shutting down and abandoning module WmfMedia (244)
[2019.01.12-14.32.32:291][380]LogModuleManager: Shutting down and abandoning module Media (243)
[2019.01.12-14.32.32:297][380]LogModuleManager: Shutting down and abandoning module PacketHandler (240)
[2019.01.12-14.32.32:297][380]LogModuleManager: Shutting down and abandoning module ClothingSystemEditor (238)
[2019.01.12-14.32.32:297][380]LogModuleManager: Shutting down and abandoning module ClothingSystemRuntime (236)
[2019.01.12-14.32.32:297][380]LogModuleManager: Shutting down and abandoning module MediaAssets (234)
[2019.01.12-14.32.32:297][380]LogModuleManager: Shutting down and abandoning module Overlay (232)
[2019.01.12-14.32.32:297][380]LogModuleManager: Shutting down and abandoning module OverlayEditor (231)
[2019.01.12-14.32.32:297][380]LogModuleManager: Shutting down and abandoning module VREditor (228)
[2019.01.12-14.32.32:297][380]LogModuleManager: Shutting down and abandoning module StringTableEditor (226)
[2019.01.12-14.32.32:297][380]LogModuleManager: Shutting down and abandoning module GameplayTasksEditor (224)
[2019.01.12-14.32.32:297][380]LogModuleManager: Shutting down and abandoning module BehaviorTreeEditor (222)
[2019.01.12-14.32.32:297][380]LogModuleManager: Shutting down and abandoning module FunctionalTesting (220)
[2019.01.12-14.32.32:297][380]LogModuleManager: Shutting down and abandoning module CollisionAnalyzer (218)
[2019.01.12-14.32.32:298][380]LogModuleManager: Shutting down and abandoning module WorkspaceMenuStructure (217)
[2019.01.12-14.32.32:298][380]LogModuleManager: Shutting down and abandoning module UMG (214)
[2019.01.12-14.32.32:298][380]LogModuleManager: Shutting down and abandoning module UMGEditor (213)
[2019.01.12-14.32.32:298][380]LogModuleManager: Shutting down and abandoning module Sequencer (212)
[2019.01.12-14.32.32:298][380]LogModuleManager: Shutting down and abandoning module MessageLog (209)
[2019.01.12-14.32.32:298][380]LogModuleManager: Shutting down and abandoning module SlateReflector (204)
[2019.01.12-14.32.32:298][380]LogModuleManager: Shutting down and abandoning module Slate (202)
[2019.01.12-14.32.32:298][380]LogModuleManager: Shutting down and abandoning module EditorStyle (200)
[2019.01.12-14.32.32:300][380]LogModuleManager: Shutting down and abandoning module MRMesh (198)
[2019.01.12-14.32.32:300][380]LogModuleManager: Shutting down and abandoning module SourceCodeAccess (196)
[2019.01.12-14.32.32:300][380]LogModuleManager: Shutting down and abandoning module HeadMountedDisplay (194)
[2019.01.12-14.32.32:300][380]LogModuleManager: Shutting down and abandoning module XAudio2 (192)
[2019.01.12-14.32.32:300][380]LogModuleManager: Shutting down and abandoning module Networking (190)
[2019.01.12-14.32.32:300][380]LogModuleManager: Shutting down and abandoning module Core (188)
[2019.01.12-14.32.32:300][380]LogModuleManager: Shutting down and abandoning module LevelSequence (186)
[2019.01.12-14.32.32:300][380]LogModuleManager: Shutting down and abandoning module KismetCompiler (184)
[2019.01.12-14.32.32:300][380]LogModuleManager: Shutting down and abandoning module MeshUtilities (182)
[2019.01.12-14.32.32:300][380]LogModuleManager: Shutting down and abandoning module MeshMergeUtilities (181)
[2019.01.12-14.32.32:300][380]LogModuleManager: Shutting down and abandoning module MeshReductionInterface (180)
[2019.01.12-14.32.32:300][380]LogModuleManager: Shutting down and abandoning module SimplygonSwarm (179)
[2019.01.12-14.32.32:300][380]LogModuleManager: Shutting down and abandoning module ProxyLODMeshReduction (177)
[2019.01.12-14.32.32:300][380]LogModuleManager: Shutting down and abandoning module SimplygonMeshReduction (175)
[2019.01.12-14.32.32:300][380]LogModuleManager: Shutting down and abandoning module QuadricMeshReduction (173)
[2019.01.12-14.32.32:300][380]LogModuleManager: Shutting down and abandoning module MaterialBaking (169)
[2019.01.12-14.32.32:300][380]LogModuleManager: Shutting down and abandoning module DirectoryWatcher (165)
[2019.01.12-14.32.32:301][380]LogModuleManager: Shutting down and abandoning module DerivedDataCache (162)
[2019.01.12-14.32.32:332][380]LogDerivedDataCache: Shutdown
[2019.01.12-14.32.32:332][380]LogModuleManager: Shutting down and abandoning module XGEController (160)
[2019.01.12-14.32.32:332][380]LogXGEController: Cleaning working directory: C:/Users/Aaron/AppData/Local/Temp/UnrealXGEWorkingDir/
[2019.01.12-14.32.32:333][380]LogModuleManager: Shutting down and abandoning module TargetPlatform (158)
[2019.01.12-14.32.32:333][380]LogModuleManager: Shutting down and abandoning module VulkanShaderFormat (157)
[2019.01.12-14.32.32:333][380]LogModuleManager: Shutting down and abandoning module ShaderFormatVectorVM (155)
[2019.01.12-14.32.32:333][380]LogModuleManager: Shutting down and abandoning module ShaderFormatOpenGL (153)
[2019.01.12-14.32.32:333][380]LogModuleManager: Shutting down and abandoning module ShaderFormatD3D (151)
[2019.01.12-14.32.32:333][380]LogModuleManager: Shutting down and abandoning module MetalShaderFormat (149)
[2019.01.12-14.32.32:333][380]LogModuleManager: Shutting down and abandoning module TextureFormatUncompressed (147)
[2019.01.12-14.32.32:333][380]LogModuleManager: Shutting down and abandoning module TextureFormatPVR (145)
[2019.01.12-14.32.32:333][380]LogModuleManager: Shutting down and abandoning module TextureFormatDXT (143)
[2019.01.12-14.32.32:333][380]LogModuleManager: Shutting down and abandoning module TextureFormatIntelISPCTexComp (141)
[2019.01.12-14.32.32:333][380]LogModuleManager: Shutting down and abandoning module TextureFormatASTC (139)
[2019.01.12-14.32.32:333][380]LogModuleManager: Shutting down and abandoning module ImageWrapper (138)
[2019.01.12-14.32.32:333][380]LogModuleManager: Shutting down and abandoning module TextureFormatAndroid (135)
[2019.01.12-14.32.32:333][380]LogModuleManager: Shutting down and abandoning module AudioFormatOpus (133)
[2019.01.12-14.32.32:333][380]LogModuleManager: Shutting down and abandoning module AudioFormatOgg (131)
[2019.01.12-14.32.32:333][380]LogModuleManager: Shutting down and abandoning module AudioFormatADPCM (129)
[2019.01.12-14.32.32:333][380]LogModuleManager: Shutting down and abandoning module LuminTargetPlatform (127)
[2019.01.12-14.32.32:333][380]LogModuleManager: Shutting down and abandoning module LinuxTargetPlatform (125)
[2019.01.12-14.32.32:333][380]LogModuleManager: Shutting down and abandoning module LinuxServerTargetPlatform (123)
[2019.01.12-14.32.32:333][380]LogModuleManager: Shutting down and abandoning module LinuxNoEditorTargetPlatform (121)
[2019.01.12-14.32.32:334][380]LogModuleManager: Shutting down and abandoning module LinuxClientTargetPlatform (119)
[2019.01.12-14.32.32:334][380]LogModuleManager: Shutting down and abandoning module TVOSTargetPlatform (117)
[2019.01.12-14.32.32:335][380]LogModuleManager: Shutting down and abandoning module Messaging (115)
[2019.01.12-14.32.32:335][380]LogModuleManager: Shutting down and abandoning module IOSTargetPlatform (113)
[2019.01.12-14.32.32:336][380]LogModuleManager: Shutting down and abandoning module HTML5TargetPlatform (111)
[2019.01.12-14.32.32:336][380]LogModuleManager: Shutting down and abandoning module AndroidTargetPlatform (109)
[2019.01.12-14.32.32:342][380]LogModuleManager: Shutting down and abandoning module WindowsTargetPlatform (107)
[2019.01.12-14.32.32:342][380]LogModuleManager: Shutting down and abandoning module WindowsServerTargetPlatform (105)
[2019.01.12-14.32.32:342][380]LogModuleManager: Shutting down and abandoning module WindowsNoEditorTargetPlatform (103)
[2019.01.12-14.32.32:342][380]LogModuleManager: Shutting down and abandoning module WindowsClientTargetPlatform (101)
[2019.01.12-14.32.32:342][380]LogModuleManager: Shutting down and abandoning module MacTargetPlatform (99)
[2019.01.12-14.32.32:342][380]LogModuleManager: Shutting down and abandoning module MacServerTargetPlatform (97)
[2019.01.12-14.32.32:342][380]LogModuleManager: Shutting down and abandoning module MacNoEditorTargetPlatform (95)
[2019.01.12-14.32.32:342][380]LogModuleManager: Shutting down and abandoning module MacClientTargetPlatform (93)
[2019.01.12-14.32.32:342][380]LogModuleManager: Shutting down and abandoning module AllDesktopTargetPlatform (91)
[2019.01.12-14.32.32:342][380]LogModuleManager: Shutting down and abandoning module InputCore (88)
[2019.01.12-14.32.32:342][380]LogModuleManager: Shutting down and abandoning module Settings (86)
[2019.01.12-14.32.32:342][380]LogModuleManager: Shutting down and abandoning module PhysXCooking (84)
[2019.01.12-14.32.32:342][380]LogModuleManager: Shutting down and abandoning module SteamVR (82)
[2019.01.12-14.32.32:342][380]LogModuleManager: Shutting down and abandoning module OculusHMD (80)
[2019.01.12-14.32.32:342][380]LogModuleManager: Shutting down and abandoning module ExampleDeviceProfileSelector (78)
[2019.01.12-14.32.32:342][380]LogModuleManager: Shutting down and abandoning module LauncherChunkInstaller (76)
[2019.01.12-14.32.32:342][380]LogModuleManager: Shutting down and abandoning module OnlineBlueprintSupport (74)
[2019.01.12-14.32.32:342][380]LogModuleManager: Shutting down and abandoning module OnlineSubsystem (70)
[2019.01.12-14.32.32:343][380]LogModuleManager: Shutting down and abandoning module XMPP (65)
[2019.01.12-14.32.32:343][380]LogModuleManager: Shutting down and abandoning module WebSockets (64)
[2019.01.12-14.32.32:373][380]LogModuleManager: Shutting down and abandoning module HTTP (61)
[2019.01.12-14.32.32:373][380]LogHttp: Display: Http module shutting down, but needs to wait on 1 outstanding Http requests:
[2019.01.12-14.32.32:373][380]LogHttp: Display: 	verb=[POST] url=[https://datarouter.ol.epicgames.com/datarouter/api/v1/public/data?SessionID=%7BDDABD61D-4370-E088-063A-EFBF78AFD8DD%7D&AppID=UEEditor.Rocket.Release&AppVersion=4.20.3-4369336%2B%2B%2BUE4%2BRelease-4.20&UserID=ee4701f04e774c04ae38448673ca0dad%7Ceee2f7cc516f4142b42b75df1bb8b69d%7Cf95d2dd5-5af9-4301-859f-e9678002d1de&AppEnvironment=datacollector-binary&UploadType=eteventstream] status=Processing
[2019.01.12-14.32.32:376][380]LogModuleManager: Shutting down and abandoning module SSL (60)
[2019.01.12-14.32.32:376][380]LogModuleManager: Shutting down and abandoning module MagicLeapEmulator (56)
[2019.01.12-14.32.32:376][380]LogModuleManager: Shutting down and abandoning module MagicLeapPrivileges (54)
[2019.01.12-14.32.32:376][380]LogModuleManager: Shutting down and abandoning module MagicLeapIdentity (52)
[2019.01.12-14.32.32:376][380]LogModuleManager: Shutting down and abandoning module MagicLeapHelperVulkan (50)
[2019.01.12-14.32.32:376][380]LogModuleManager: Shutting down and abandoning module MagicLeapHelperOpenGL (48)
[2019.01.12-14.32.32:376][380]LogModuleManager: Shutting down and abandoning module MagicLeapSecureStorage (46)
[2019.01.12-14.32.32:376][380]LogModuleManager: Shutting down and abandoning module MagicLeapGestures (44)
[2019.01.12-14.32.32:376][380]LogModuleManager: Shutting down and abandoning module MagicLeapEyeTracker (42)
[2019.01.12-14.32.32:376][380]LogModuleManager: Shutting down and abandoning module MagicLeapController (40)
[2019.01.12-14.32.32:377][380]LogSlate: Slate User Destroyed.  User Index 0, Is Virtual User: 0
[2019.01.12-14.32.32:377][380]LogModuleManager: Shutting down and abandoning module MagicLeap (38)
[2019.01.12-14.32.32:377][380]LogModuleManager: Shutting down and abandoning module AnimationModifiers (36)
[2019.01.12-14.32.32:377][380]LogModuleManager: Shutting down and abandoning module PropertyEditor (35)
[2019.01.12-14.32.32:377][380]LogModuleManager: Shutting down and abandoning module AudioEditor (32)
[2019.01.12-14.32.32:377][380]LogModuleManager: Shutting down and abandoning module TextureCompressor (30)
[2019.01.12-14.32.32:377][380]LogModuleManager: Shutting down and abandoning module ShaderCore (28)
[2019.01.12-14.32.32:377][380]LogModuleManager: Shutting down and abandoning module Landscape (26)
[2019.01.12-14.32.32:377][380]LogModuleManager: Shutting down and abandoning module SlateRHIRenderer (24)
[2019.01.12-14.32.32:377][380]LogModuleManager: Shutting down and abandoning module OpenGLDrv (22)
[2019.01.12-14.32.32:377][380]LogModuleManager: Shutting down and abandoning module D3D11RHI (20)
[2019.01.12-14.32.32:377][380]LogModuleManager: Shutting down and abandoning module AnimGraphRuntime (18)
[2019.01.12-14.32.32:377][380]LogModuleManager: Shutting down and abandoning module Renderer (16)
[2019.01.12-14.32.32:377][380]LogModuleManager: Shutting down and abandoning module Engine (14)
[2019.01.12-14.32.32:377][380]LogModuleManager: Shutting down and abandoning module CoreUObject (12)
[2019.01.12-14.32.32:377][380]LogModuleManager: Shutting down and abandoning module NetworkFile (10)
[2019.01.12-14.32.32:377][380]LogModuleManager: Shutting down and abandoning module CookedIterativeFile (8)
[2019.01.12-14.32.32:377][380]LogModuleManager: Shutting down and abandoning module StreamingFile (6)
[2019.01.12-14.32.32:377][380]LogModuleManager: Shutting down and abandoning module SandboxFile (4)
[2019.01.12-14.32.32:377][380]LogModuleManager: Shutting down and abandoning module PakFile (2)
[2019.01.12-14.32.32:382][380]LogExit: Exiting.
[2019.01.12-14.32.32:399][380]Log file closed, 01/12/19 14:32:32
