Log file open, 01/16/19 18:38:33
LogWindows: Failed to load 'aqProf.dll' (GetLastError=126)
LogWindows: File 'aqProf.dll' does not exist
LogWindows: Failed to load 'VSPerf140.dll' (GetLastError=126)
LogWindows: File 'VSPerf140.dll' does not exist
LogWindows: Failed to load 'VtuneApi.dll' (GetLastError=126)
LogWindows: File 'VtuneApi.dll' does not exist
LogWindows: Failed to load 'VtuneApi32e.dll' (GetLastError=126)
LogWindows: File 'VtuneApi32e.dll' does not exist
LogInit: Display: Running engine for game: SP_Prototype
LogPlatformFile: Not using cached read wrapper
LogTaskGraph: Started task graph with 5 named threads and 23 total threads with 3 sets of task threads.
LogStats: Stats thread started at 0.258703
LogD3D11RHI: Loaded GFSDK_Aftermath_Lib.x64.dll
LogICUInternationalization: Display: ICU TimeZone Detection - Raw Offset: +0:00, Platform Override: ''
LogPluginManager: Mounting plugin Paper2D
LogPluginManager: Mounting plugin AISupport
LogPluginManager: Mounting plugin LightPropagationVolume
LogPluginManager: Mounting plugin CLionSourceCodeAccess
LogPluginManager: Mounting plugin CodeLiteSourceCodeAccess
LogPluginManager: Mounting plugin GitSourceControl
LogPluginManager: Mounting plugin KDevelopSourceCodeAccess
LogPluginManager: Mounting plugin NullSourceCodeAccess
LogPluginManager: Mounting plugin PerforceSourceControl
LogPluginManager: Mounting plugin SubversionSourceControl
LogPluginManager: Mounting plugin UObjectPlugin
LogPluginManager: Mounting plugin VisualStudioCodeSourceCodeAccess
LogPluginManager: Mounting plugin VisualStudioSourceCodeAccess
LogPluginManager: Mounting plugin XCodeSourceCodeAccess
LogPluginManager: Mounting plugin AssetManagerEditor
LogPluginManager: Mounting plugin CryptoKeys
LogPluginManager: Mounting plugin DataValidation
LogPluginManager: Mounting plugin FacialAnimation
LogPluginManager: Mounting plugin GameplayTagsEditor
LogPluginManager: Mounting plugin MacGraphicsSwitching
LogPluginManager: Mounting plugin MeshEditor
LogPluginManager: Mounting plugin MobileLauncherProfileWizard
LogPluginManager: Mounting plugin PluginBrowser
LogPluginManager: Mounting plugin SpeedTreeImporter
LogPluginManager: Mounting plugin DatasmithContent
LogPluginManager: Mounting plugin AlembicImporter
LogPluginManager: Mounting plugin AppleImageUtils
LogPluginManager: Mounting plugin AppleVision
LogPluginManager: Mounting plugin BackChannel
LogPluginManager: Mounting plugin CharacterAI
LogPluginManager: Mounting plugin GeometryCache
LogPluginManager: Mounting plugin HTML5Networking
LogPluginManager: Mounting plugin ProxyLODPlugin
LogPluginManager: Mounting plugin MagicLeap
LogPluginManager: Mounting plugin MagicLeapEmulator
LogPluginManager: Mounting plugin MagicLeapMedia
LogPluginManager: Mounting plugin AndroidMedia
LogPluginManager: Mounting plugin AvfMedia
LogPluginManager: Mounting plugin ImgMedia
LogPluginManager: Mounting plugin LinearTimecode
LogPluginManager: Mounting plugin MediaCompositing
LogPluginManager: Mounting plugin MediaPlayerEditor
LogPluginManager: Mounting plugin WmfMedia
LogPluginManager: Mounting plugin TcpMessaging
LogPluginManager: Mounting plugin UdpMessaging
LogPluginManager: Mounting plugin ActorSequence
LogPluginManager: Mounting plugin LevelSequenceEditor
LogPluginManager: Mounting plugin MatineeToLevelSequence
LogPluginManager: Mounting plugin NetcodeUnitTest
LogPluginManager: Mounting plugin NUTUnrealEngine4
LogPluginManager: Mounting plugin OnlineSubsystemGooglePlay
LogPluginManager: Mounting plugin OnlineSubsystemIOS
LogPluginManager: Mounting plugin OnlineSubsystem
LogPluginManager: Mounting plugin OnlineSubsystemNull
LogPluginManager: Mounting plugin OnlineSubsystemUtils
LogPluginManager: Mounting plugin LauncherChunkInstaller
LogPluginManager: Mounting plugin AndroidDeviceProfileSelector
LogPluginManager: Mounting plugin AndroidMoviePlayer
LogPluginManager: Mounting plugin AndroidPermission
LogPluginManager: Mounting plugin AppleMoviePlayer
LogPluginManager: Mounting plugin ArchVisCharacter
LogPluginManager: Mounting plugin AudioCapture
LogPluginManager: Mounting plugin CableComponent
LogPluginManager: Mounting plugin CustomMeshComponent
LogPluginManager: Mounting plugin EditableMesh
LogPluginManager: Mounting plugin ExampleDeviceProfileSelector
LogPluginManager: Mounting plugin GoogleCloudMessaging
LogPluginManager: Mounting plugin ImmediatePhysics
LogPluginManager: Mounting plugin IOSDeviceProfileSelector
LogPluginManager: Mounting plugin LinuxDeviceProfileSelector
LogPluginManager: Mounting plugin LocationServicesBPLibrary
LogPluginManager: Mounting plugin MobilePatchingUtils
LogPluginManager: Mounting plugin OculusVR
LogPluginManager: Plugin shader directory ../../../Engine/Plugins/Runtime/Oculus/OculusVR/Shaders found
LogPluginManager: Mapping shader source directory ../../../Engine/Plugins/Runtime/Oculus/OculusVR/Shaders to virtual directory /Plugin/OculusVR
LogPluginManager: Mounting plugin PhysXVehicles
LogPluginManager: Mounting plugin ProceduralMeshComponent
LogPluginManager: Mounting plugin RuntimePhysXCooking
LogPluginManager: Mounting plugin SteamVR
LogPluginManager: Mounting plugin WindowsMoviePlayer
LogStreaming: Display: Took  0.097s to configure plugins.
LogInit: Using libcurl 7.55.1-DEV
LogInit:  - built for x86_64-pc-win32
LogInit:  - supports SSL with OpenSSL/1.0.2h
LogInit:  - supports HTTP deflate (compression) using libz 1.2.8
LogInit:  - other features:
LogInit:      CURL_VERSION_SSL
LogInit:      CURL_VERSION_LIBZ
LogInit:      CURL_VERSION_IPV6
LogInit:      CURL_VERSION_ASYNCHDNS
LogInit:      CURL_VERSION_LARGEFILE
LogInit:      CURL_VERSION_IDN
LogInit:  CurlRequestOptions (configurable via config and command line):
LogInit:  - bVerifyPeer = false  - Libcurl will NOT verify peer certificate
LogInit:  - bUseHttpProxy = false  - Libcurl will NOT use HTTP proxy
LogInit:  - bDontReuseConnections = false  - Libcurl will reuse connections
LogInit:  - CertBundlePath = nullptr  - Libcurl will use whatever was configured at build time.
LogInit:  - MaxHostConnections = 16  - Libcurl will limit the number of connections to a host
LogInit:  - LocalHostAddr = Default
LogInit:  - BufferSize = 65536
LogInit: WinSock: version 1.1 (2.2), MaxSocks=32767, MaxUdp=65467
LogInit: Build: ++UE4+Release-4.20-CL-4369336
LogInit: Engine Version: 4.20.3-4369336+++UE4+Release-4.20
LogInit: Compatible Engine Version: 4.20.0-4212847+++UE4+Release-4.20
LogInit: Net CL: 4212847
LogInit: OS: Windows 10 (), CPU: Intel(R) Core(TM) i7-7700K CPU @ 4.20GHz, GPU: NVIDIA GeForce GTX 1070
LogInit: Compiled (64-bit): Sep 17 2018 12:26:19
LogInit: Compiled with Visual C++: 19.13.26129.00
LogInit: Build Configuration: Development
LogInit: Branch Name: ++UE4+Release-4.20
LogInit: Command Line:  
LogInit: Base Directory: C:/Program Files/Epic Games/UE_4.20/Engine/Binaries/Win64/
LogInit: Installed Engine Build: 1
LogDevObjectVersion: Number of dev versions registered: 20
LogDevObjectVersion:   Dev-Blueprints (B0D832E4-1F89-4F0D-ACCF-7EB736FD4AA2): 10
LogDevObjectVersion:   Dev-Build (E1C64328-A22C-4D53-A36C-8E866417BD8C): 0
LogDevObjectVersion:   Dev-Core (375EC13C-06E4-48FB-B500-84F0262A717E): 2
LogDevObjectVersion:   Dev-Editor (E4B068ED-F494-42E9-A231-DA0B2E46BB41): 24
LogDevObjectVersion:   Dev-Framework (CFFC743F-43B0-4480-9391-14DF171D2073): 34
LogDevObjectVersion:   Dev-Mobile (B02B49B5-BB20-44E9-A304-32B752E40360): 2
LogDevObjectVersion:   Dev-Networking (A4E4105C-59A1-49B5-A7C5-40C4547EDFEE): 0
LogDevObjectVersion:   Dev-Online (39C831C9-5AE6-47DC-9A44-9C173E1C8E7C): 0
LogDevObjectVersion:   Dev-Physics (78F01B33-EBEA-4F98-B9B4-84EACCB95AA2): 0
LogDevObjectVersion:   Dev-Platform (6631380F-2D4D-43E0-8009-CF276956A95A): 0
LogDevObjectVersion:   Dev-Rendering (12F88B9F-8875-4AFC-A67C-D90C383ABD29): 26
LogDevObjectVersion:   Dev-Sequencer (7B5AE74C-D270-4C10-A958-57980B212A5A): 9
LogDevObjectVersion:   Dev-VR (D7296918-1DD6-4BDD-9DE2-64A83CC13884): 2
LogDevObjectVersion:   Dev-LoadTimes (C2A15278-BFE7-4AFE-6C17-90FF531DF755): 1
LogDevObjectVersion:   Private-Geometry (6EACA3D4-40EC-4CC1-B786-8BED09428FC5): 3
LogDevObjectVersion:   Dev-AnimPhys (29E575DD-E0A3-4627-9D10-D276232CDCEA): 17
LogDevObjectVersion:   Dev-ReflectionCapture (6B266CEC-1EC7-4B8F-A30B-E4D90942FC07): 1
LogDevObjectVersion:   Dev-Automation (0DF73D61-A23F-47EA-B727-89E90C41499A): 1
LogDevObjectVersion:   FortniteMain (601D1886-AC64-4F84-AA16-D3DE0DEAC7D6): 12
LogDevObjectVersion:   Dev-Enterprise (9DFFBCD6-494F-0158-E221-12823C92A888): 1
LogStreaming: Display: Took  0.001s to delete old logs.
LogInit: Presizing for max 8388607 objects, including 0 objects not considered by GC, pre-allocating 0 bytes for permanent pool.
LogInit: Object subsystem initialized
[2019.01.16-18.38.33:634][  0]LogInit: Selected Device Profile: [Windows]
[2019.01.16-18.38.33:634][  0]LogInit: Applying CVar settings loaded from the selected device profile: [Windows]
[2019.01.16-18.38.33:643][  0]LogHAL: Display: Platform has ~ 8 GB [8516988928 / 8589934592 / 8], which maps to Default [LargestMinGB=32, LargerMinGB=12, DefaultMinGB=8, SmallerMinGB=6, SmallestMinGB=0)
[2019.01.16-18.38.33:643][  0]LogInit: Setting Device Profile CVar: [[r.Vulkan.UseRealUBs:1]]
[2019.01.16-18.38.33:643][  0]LogInit: Going up to parent DeviceProfile []
[2019.01.16-18.38.33:644][  0]LogInit: Computer: DESKTOP-Q1TNV3O
[2019.01.16-18.38.33:644][  0]LogInit: User: Aaron
[2019.01.16-18.38.33:644][  0]LogInit: CPU Page size=4096, Cores=4
[2019.01.16-18.38.33:644][  0]LogInit: High frequency timer resolution =10.000000 MHz
[2019.01.16-18.38.33:644][  0]LogMemory: Memory total: Physical=7.9GB (8GB approx)
[2019.01.16-18.38.33:644][  0]LogMemory: Platform Memory Stats for Windows
[2019.01.16-18.38.33:644][  0]LogMemory: Process Physical Memory: 101.33 MB used, 101.34 MB peak
[2019.01.16-18.38.33:644][  0]LogMemory: Process Virtual Memory: 89.24 MB used, 89.24 MB peak
[2019.01.16-18.38.33:644][  0]LogMemory: Physical Memory: 6165.84 MB used,  1956.59 MB free, 8122.43 MB total
[2019.01.16-18.38.33:644][  0]LogMemory: Virtual Memory: 4640.80 MB used,  1956.59 MB free, 134217728.00 MB total
[2019.01.16-18.38.33:657][  0]LogInit: Using OS detected language (en-US).
[2019.01.16-18.38.33:657][  0]LogInit: Using OS detected locale (en-GB).
[2019.01.16-18.38.33:657][  0]LogTextLocalizationManager: No specific localization for 'en-US' exists, so the 'en' localization will be used.
[2019.01.16-18.38.33:997][  0]LogStreaming: Display: Took  0.340s to InitEngineTextLocalization.
[2019.01.16-18.38.33:997][  0]LogInit: Setting process to per monitor DPI aware
[2019.01.16-18.38.34:020][  0]LogSlate: New Slate User Created.  User Index 0, Is Virtual User: 0
[2019.01.16-18.38.34:020][  0]LogSlate: Slate User Registered.  User Index 0, Is Virtual User: 0
[2019.01.16-18.38.34:178][  0]LogHMD: Failed to initialize OpenVR with code 110
[2019.01.16-18.38.34:178][  0]LogD3D11RHI: D3D11 adapters:
[2019.01.16-18.38.34:225][  0]LogD3D11RHI:    0. 'NVIDIA GeForce GTX 1070' (Feature Level 11_0)
[2019.01.16-18.38.34:225][  0]LogD3D11RHI:       8088/0/4061 MB DedicatedVideo/DedicatedSystem/SharedSystem, Outputs:2, VendorId:0x10de
[2019.01.16-18.38.34:227][  0]LogD3D11RHI:    1. 'Microsoft Basic Render Driver' (Feature Level 11_0)
[2019.01.16-18.38.34:227][  0]LogD3D11RHI:       0/0/4061 MB DedicatedVideo/DedicatedSystem/SharedSystem, Outputs:0, VendorId:0x1414
[2019.01.16-18.38.34:227][  0]LogD3D11RHI: Chosen D3D11 Adapter: 0
[2019.01.16-18.38.34:233][  0]LogD3D11RHI: Creating new Direct3DDevice
[2019.01.16-18.38.34:233][  0]LogD3D11RHI:     GPU DeviceId: 0x1b81 (for the marketing name, search the web for "GPU Device Id")
[2019.01.16-18.38.34:234][  0]LogWindows: EnumDisplayDevices:
[2019.01.16-18.38.34:234][  0]LogWindows:    0. 'NVIDIA GeForce GTX 1070' (P:0 D:1)
[2019.01.16-18.38.34:234][  0]LogWindows:    1. 'NVIDIA GeForce GTX 1070' (P:1 D:1)
[2019.01.16-18.38.34:234][  0]LogWindows:    2. 'NVIDIA GeForce GTX 1070' (P:0 D:0)
[2019.01.16-18.38.34:235][  0]LogWindows:    3. 'NVIDIA GeForce GTX 1070' (P:0 D:0)
[2019.01.16-18.38.34:235][  0]LogWindows: DebugString: FoundDriverCount:4 
[2019.01.16-18.38.34:235][  0]LogD3D11RHI:     Adapter Name: NVIDIA GeForce GTX 1070
[2019.01.16-18.38.34:235][  0]LogD3D11RHI:   Driver Version: 391.35 (internal:23.21.13.9135, unified:391.35)
[2019.01.16-18.38.34:235][  0]LogD3D11RHI:      Driver Date: 3-23-2018
[2019.01.16-18.38.34:235][  0]LogRHI: Texture pool is 5661 MB (70% of 8088 MB)
[2019.01.16-18.38.34:261][  0]LogD3D11RHI: Async texture creation enabled
[2019.01.16-18.38.34:286][  0]LogD3D11RHI: GPU Timing Frequency: 1000.000000 (Debug: 2 2)
[2019.01.16-18.38.34:288][  0]LogShaderCompilers: Guid format shader working directory is 11 characters bigger than the processId version (A:/test/SCollab-Proto/SP_Prototype/Intermediate/Shaders/WorkingDirectory/15452/).
[2019.01.16-18.38.34:288][  0]LogShaderCompilers: Cleaned the shader compiler working directory 'C:/Users/Aaron/AppData/Local/Temp/UnrealShaderWorkingDir/D26214674FC006D1AF9D909A18168DFD/'.
[2019.01.16-18.38.34:493][  0]LogTemp: Display: Loaded TP AllDesktopTargetPlatform
[2019.01.16-18.38.34:503][  0]LogTemp: Display: Loaded TP MacClientTargetPlatform
[2019.01.16-18.38.34:514][  0]LogTemp: Display: Loaded TP MacNoEditorTargetPlatform
[2019.01.16-18.38.34:525][  0]LogTemp: Display: Loaded TP MacServerTargetPlatform
[2019.01.16-18.38.34:538][  0]LogTemp: Display: Loaded TP MacTargetPlatform
[2019.01.16-18.38.34:549][  0]LogTemp: Display: Loaded TP WindowsClientTargetPlatform
[2019.01.16-18.38.34:561][  0]LogTemp: Display: Loaded TP WindowsNoEditorTargetPlatform
[2019.01.16-18.38.34:572][  0]LogTemp: Display: Loaded TP WindowsServerTargetPlatform
[2019.01.16-18.38.34:577][  0]LogTemp: Display: Loaded TP WindowsTargetPlatform
[2019.01.16-18.38.34:639][  0]LogTemp: Display: Loaded TP AndroidTargetPlatform
[2019.01.16-18.38.34:639][  0]LogTemp: Display: Loaded TP AndroidTargetPlatform
[2019.01.16-18.38.34:639][  0]LogTemp: Display: Loaded TP AndroidTargetPlatform
[2019.01.16-18.38.34:639][  0]LogTemp: Display: Loaded TP AndroidTargetPlatform
[2019.01.16-18.38.34:639][  0]LogTemp: Display: Loaded TP AndroidTargetPlatform
[2019.01.16-18.38.34:639][  0]LogTemp: Display: Loaded TP AndroidTargetPlatform
[2019.01.16-18.38.34:639][  0]LogTemp: Display: Loaded TP AndroidTargetPlatform
[2019.01.16-18.38.34:639][  0]LogTemp: Display: Loaded TP AndroidTargetPlatform
[2019.01.16-18.38.34:639][  0]LogTemp: Display: Loaded TP AndroidTargetPlatform
[2019.01.16-18.38.34:639][  0]LogTemp: Display: Loaded TP AndroidTargetPlatform
[2019.01.16-18.38.34:639][  0]LogTemp: Display: Loaded TP AndroidTargetPlatform
[2019.01.16-18.38.34:639][  0]LogTemp: Display: Loaded TP AndroidTargetPlatform
[2019.01.16-18.38.34:639][  0]LogTemp: Display: Loaded TP AndroidTargetPlatform
[2019.01.16-18.38.34:639][  0]LogTemp: Display: Loaded TP AndroidTargetPlatform
[2019.01.16-18.38.34:639][  0]LogTemp: Display: Loaded TP AndroidTargetPlatform
[2019.01.16-18.38.34:639][  0]LogTemp: Display: Loaded TP AndroidTargetPlatform
[2019.01.16-18.38.34:639][  0]LogTemp: Display: Loaded TP AndroidTargetPlatform
[2019.01.16-18.38.34:639][  0]LogTemp: Display: Loaded TP AndroidTargetPlatform
[2019.01.16-18.38.34:640][  0]LogTemp: Display: Loaded TP HTML5TargetPlatform
[2019.01.16-18.38.34:698][  0]LogTemp: Display: Loaded TP IOSTargetPlatform
[2019.01.16-18.38.34:698][  0]LogTemp: Display: Loaded TP IOSTargetPlatform
[2019.01.16-18.38.34:716][  0]LogTemp: Display: Loaded TP TVOSTargetPlatform
[2019.01.16-18.38.34:716][  0]LogTemp: Display: Loaded TP TVOSTargetPlatform
[2019.01.16-18.38.34:726][  0]LogTemp: Display: Loaded TP LinuxClientTargetPlatform
[2019.01.16-18.38.34:739][  0]LogTemp: Display: Loaded TP LinuxNoEditorTargetPlatform
[2019.01.16-18.38.34:748][  0]LogTemp: Display: Loaded TP LinuxServerTargetPlatform
[2019.01.16-18.38.34:758][  0]LogTemp: Display: Loaded TP LinuxTargetPlatform
[2019.01.16-18.38.34:765][  0]LogTemp: Display: Loaded TP LuminTargetPlatform
[2019.01.16-18.38.34:765][  0]LogTargetPlatformManager: Display: Building Assets For Windows
[2019.01.16-18.38.34:809][  0]LogXGEController: Cannot use XGE Controller as Incredibuild is not installed on this machine.
[2019.01.16-18.38.34:809][  0]LogShaderCompilers: Cannot use XGE Shader Compiler as Incredibuild is not installed on this machine.
[2019.01.16-18.38.34:809][  0]LogShaderCompilers: Display: Using Local Shader Compiler.
[2019.01.16-18.38.35:399][  0]LogDerivedDataCache: Display: Max Cache Size: 512 MB
[2019.01.16-18.38.35:447][  0]LogDerivedDataCache: Loaded boot cache 0.05s 71MB C:/Users/Aaron/AppData/Local/UnrealEngine/4.20/DerivedDataCache/Boot.ddc.
[2019.01.16-18.38.35:447][  0]LogDerivedDataCache: Display: Loaded Boot cache: C:/Users/Aaron/AppData/Local/UnrealEngine/4.20/DerivedDataCache/Boot.ddc
[2019.01.16-18.38.35:448][  0]LogDerivedDataCache: FDerivedDataBackendGraph:  Pak pak cache file A:/test/SCollab-Proto/SP_Prototype/DerivedDataCache/DDC.ddp not found, will not use a pak cache.
[2019.01.16-18.38.35:448][  0]LogDerivedDataCache: Unable to find inner node Pak for hierarchical cache Hierarchy.
[2019.01.16-18.38.35:448][  0]LogDerivedDataCache: FDerivedDataBackendGraph:  CompressedPak pak cache file A:/test/SCollab-Proto/SP_Prototype/DerivedDataCache/Compressed.ddp not found, will not use a pak cache.
[2019.01.16-18.38.35:448][  0]LogDerivedDataCache: Unable to find inner node CompressedPak for hierarchical cache Hierarchy.
[2019.01.16-18.38.35:457][  0]LogDerivedDataCache: Display: Pak cache opened for reading ../../../Engine/DerivedDataCache/Compressed.ddp.
[2019.01.16-18.38.35:469][  0]LogDerivedDataCache: Using Local data cache path C:/Users/Aaron/AppData/Local/UnrealEngine/Common/DerivedDataCache: Writable
[2019.01.16-18.38.35:469][  0]LogDerivedDataCache: Shared data cache path not found in *engine.ini, will not use an Shared cache.
[2019.01.16-18.38.35:469][  0]LogDerivedDataCache: Unable to find inner node Shared for hierarchical cache Hierarchy.
[2019.01.16-18.38.35:482][  0]LogMaterial: Verifying Global Shaders for PCD3D_SM5
[2019.01.16-18.38.35:483][  0]LogSlate: Using FreeType 2.6.0
[2019.01.16-18.38.35:483][  0]LogSlate: SlateFontServices - WITH_FREETYPE: 1, WITH_HARFBUZZ: 1
[2019.01.16-18.38.35:545][  0]LogAssetRegistry: FAssetRegistry took 0.0249 seconds to start up
[2019.01.16-18.38.35:807][  0]LogInit: Selected Device Profile: [Windows]
[2019.01.16-18.38.35:903][  0]LogSimplygon: Simplygon DLL not present - disabling.
[2019.01.16-18.38.35:905][  0]LogMeshReduction: Using SimplygonSwarm for distributed automatic mesh merging
[2019.01.16-18.38.35:905][  0]LogMeshReduction: Using ProxyLODMeshReduction for automatic mesh merging
[2019.01.16-18.38.35:905][  0]LogMeshReduction: Using QuadricMeshReduction for automatic static mesh reduction
[2019.01.16-18.38.35:905][  0]LogMeshReduction: No automatic skeletal mesh reduction module available
[2019.01.16-18.38.35:917][  0]LogNetVersion: SP_Prototype 1.0.0, NetCL: 4212847, EngineNetVer: 5, GameNetVer: 0 (Checksum: 1960140471)
[2019.01.16-18.38.35:963][  0]LogNavigation: Error: [/Script/Engine.RecastNavMesh] found in the DefaultEngine.ini file. This class has been moved. Please rename that section to [/Script/NavigationSystem.RecastNavMesh]
[2019.01.16-18.38.36:299][  0]LogPackageLocalizationCache: Processed 11 localized package path(s) for 2 prioritized culture(s) in 0.077397 seconds
[2019.01.16-18.38.36:304][  0]LogUObjectArray: 38425 objects as part of root set at end of initial load.
[2019.01.16-18.38.36:304][  0]LogUObjectAllocator: 6690864 out of 0 bytes used by permanent object pool.
[2019.01.16-18.38.36:304][  0]LogUObjectArray: CloseDisregardForGC: 0/0 objects in disregard for GC pool
[2019.01.16-18.38.37:479][  0]LogTcpMessaging: Initializing TcpMessaging bridge
[2019.01.16-18.38.37:494][  0]LogUdpMessaging: Initializing bridge on interface 0.0.0.0:0 to multicast group 230.0.0.1:6666.
[2019.01.16-18.38.37:786][  0]SourceControl: Source control is disabled
[2019.01.16-18.38.38:659][  0]LogAndroidPermission: UAndroidPermissionCallbackProxy::GetInstance
[2019.01.16-18.38.38:728][  0]LogOcInput: OculusInput pre-init called
[2019.01.16-18.38.38:849][  0]LogEngine: Initializing Engine...
[2019.01.16-18.38.38:853][  0]LogHMD: Failed to initialize OpenVR with code 110
[2019.01.16-18.38.38:858][  0]LogStats: UGameplayTagsManager::ConstructGameplayTagTree: ImportINI prefixes -  0.000 s
[2019.01.16-18.38.38:858][  0]LogStats: UGameplayTagsManager::ConstructGameplayTagTree: Construct from data asset -  0.000 s
[2019.01.16-18.38.38:858][  0]LogStats: UGameplayTagsManager::ConstructGameplayTagTree: ImportINI -  0.000 s
[2019.01.16-18.38.38:858][  0]LogStats: UGameplayTagsManager::ConstructGameplayTagTree: GameplayTagTreeChangedEvent.Broadcast -  0.000 s
[2019.01.16-18.38.39:221][  0]LogInit: Initializing FReadOnlyCVARCache
[2019.01.16-18.38.39:277][  0]LogAIModule: Creating AISystem for world Untitled
[2019.01.16-18.38.39:317][  0]LogInit: XAudio2 using 'Speakers (Realtek High Definition Audio)' : 2 channels at 48 kHz using 16 bits per sample (channel mask 0x3)
[2019.01.16-18.38.39:429][  0]LogInit: FAudioDevice initialized.
[2019.01.16-18.38.39:429][  0]LogNetVersion: Set ProjectVersion to 1.0.0.0. Version Checksum will be recalculated on next use.
[2019.01.16-18.38.39:492][  0]LogDerivedDataCache: Saved boot cache 0.06s 71MB C:/Users/Aaron/AppData/Local/UnrealEngine/4.20/DerivedDataCache/Boot.ddc.
[2019.01.16-18.38.39:503][  0]LogInit: Texture streaming: Enabled
[2019.01.16-18.38.39:516][  0]LogEngineSessionManager: EngineSessionManager initialized
[2019.01.16-18.38.39:529][  0]LogInit: Transaction tracking system initialized
[2019.01.16-18.38.39:569][  0]BlueprintLog: New page: Editor Load
[2019.01.16-18.38.39:757][  0]LocalizationService: Localization service is disabled
[2019.01.16-18.38.40:251][  0]LogCook: Display: Max memory allowance for cook 16384mb min free memory 0mb
[2019.01.16-18.38.40:251][  0]LogCook: Display: Mobile HDR setting 1
[2019.01.16-18.38.40:252][  0]LogGameplayTags: Display: UGameplayTagsManager::DoneAddingNativeTags. DelegateIsBound: 0
[2019.01.16-18.38.40:253][  0]LogStats: UGameplayTagsManager::ConstructGameplayTagTree: ImportINI prefixes -  0.000 s
[2019.01.16-18.38.40:253][  0]LogStats: UGameplayTagsManager::ConstructGameplayTagTree: Construct from data asset -  0.000 s
[2019.01.16-18.38.40:253][  0]LogStats: UGameplayTagsManager::ConstructGameplayTagTree: ImportINI -  0.000 s
[2019.01.16-18.38.40:253][  0]LogStats: UGameplayTagsManager::ConstructGameplayTagTree: GameplayTagTreeChangedEvent.Broadcast -  0.000 s
[2019.01.16-18.38.40:536][  0]LogFileCache: Scanning file cache for directory 'A:/test/SCollab-Proto/SP_Prototype/Content/' took 0.02s
[2019.01.16-18.38.40:536][  0]Cmd: MAP LOAD FILE="A:/test/SCollab-Proto/SP_Prototype/Content/TopDownBP/Maps/TopDownExampleMap.umap" TEMPLATE=0 SHOWPROGRESS=1 FEATURELEVEL=3
[2019.01.16-18.38.40:572][  0]LightingResults: New page: Lighting Build
[2019.01.16-18.38.40:584][  0]MapCheck: New page: Map Check
[2019.01.16-18.38.40:584][  0]LightingResults: New page: Lighting Build
[2019.01.16-18.38.41:998][  0]LogAIModule: Creating AISystem for world TopDownExampleMap
[2019.01.16-18.38.42:017][  0]LogEditorServer: Finished looking for orphan Actors (0.000 secs)
[2019.01.16-18.38.42:048][  0]Cmd: MAP CHECKDEP NOCLEARLOG
[2019.01.16-18.38.42:116][  0]MapCheck: Map check complete: 0 Error(s), 0 Warning(s), took 68.948ms to complete.
[2019.01.16-18.38.42:117][  0]LogFileHelpers: Loading map 'TopDownExampleMap' took 1.583
[2019.01.16-18.38.42:286][  0]LogSlate: Updating window title bar state: overlay mode, drag disabled, window buttons hidden, title bar hidden
[2019.01.16-18.38.42:296][  0]LogSlate: Updating window title bar state: overlay mode, drag disabled, window buttons hidden, title bar hidden
[2019.01.16-18.38.42:306][  0]LogSlate: Updating window title bar state: overlay mode, drag disabled, window buttons hidden, title bar hidden
[2019.01.16-18.38.42:315][  0]LogSlate: Updating window title bar state: overlay mode, drag disabled, window buttons hidden, title bar hidden
[2019.01.16-18.38.42:334][  0]LogCollectionManager: Loaded 0 collections in 0.002317 seconds
[2019.01.16-18.38.42:396][  0]LogFileCache: Scanning file cache for directory 'A:/test/SCollab-Proto/SP_Prototype/Saved/Collections/' took 0.01s
[2019.01.16-18.38.42:396][  0]LogFileCache: Scanning file cache for directory 'A:/test/SCollab-Proto/SP_Prototype/Content/Developers/Aaron/Collections/' took 0.01s
[2019.01.16-18.38.42:396][  0]LogFileCache: Scanning file cache for directory 'A:/test/SCollab-Proto/SP_Prototype/Content/Collections/' took 0.01s
[2019.01.16-18.38.42:396][  0]LogCollectionManager: Rebuilt the GUID cache for 0 collections in 0.000001 seconds
[2019.01.16-18.38.42:406][  0]LogContentBrowser: Native class hierarchy populated in 0.0084 seconds. Added 2572 classes and 603 folders.
[2019.01.16-18.38.42:420][  0]LogContentBrowser: Native class hierarchy updated for 'WidgetCarousel' in 0.0004 seconds. Added 0 classes and 0 folders.
[2019.01.16-18.38.42:767][  0]LogContentBrowser: Native class hierarchy updated for 'AddContentDialog' in 0.0003 seconds. Added 0 classes and 0 folders.
[2019.01.16-18.38.42:777][  0]LogContentBrowser: Native class hierarchy updated for 'SceneOutliner' in 0.0003 seconds. Added 1 classes and 2 folders.
[2019.01.16-18.38.42:917][  0]LogSlate: Took 0.005168 seconds to synchronously load lazily loaded font '../../../Engine/Content/Slate/Fonts/Roboto-Regular.ttf' (155K)
[2019.01.16-18.38.42:924][  0]LogSlate: Took 0.005098 seconds to synchronously load lazily loaded font '../../../Engine/Content/Slate/Fonts/Roboto-Bold.ttf' (160K)
[2019.01.16-18.38.42:935][  0]LogSlate: Took 0.005668 seconds to synchronously load lazily loaded font '../../../Engine/Content/Editor/Slate/Fonts/FontAwesome.ttf' (139K)
[2019.01.16-18.38.43:071][  0]LogRenderer: Reallocating scene render targets to support 1240x572 Format 10 NumSamples 1 (Frame:1).
[2019.01.16-18.38.43:319][  0]LogContentBrowser: Native class hierarchy updated for 'HierarchicalLODOutliner' in 0.0003 seconds. Added 0 classes and 0 folders.
[2019.01.16-18.38.43:319][  0]LogLoad: (Engine Initialization) Total time: 11.14 seconds
[2019.01.16-18.38.43:319][  0]LogLoad: (Engine Initialization) Total Blueprint compile time: 0.00 seconds
[2019.01.16-18.38.43:374][  0]LogContentStreaming: Texture pool size now 1000 MB
[2019.01.16-18.38.43:445][  0]LogSlate: Took 0.004458 seconds to synchronously load lazily loaded font '../../../Engine/Content/Slate/Fonts/Roboto-Light.ttf' (167K)
[2019.01.16-18.38.43:524][  1]LogAssetRegistry: Asset discovery search completed in 8.0010 seconds
[2019.01.16-18.38.43:526][  1]LogCollectionManager: Rebuilt the object cache for 0 collections in 0.000001 seconds (found 0 objects)
[2019.01.16-18.38.43:526][  1]LogCollectionManager: Fixed up redirectors for 0 collections in 0.000460 seconds (updated 0 objects)
[2019.01.16-18.40.03:426][556]LogSlate: FSceneViewport::OnFocusLost() reason 0
[2019.01.16-18.40.06:005][854]LogSlate: Took 0.000149 seconds to synchronously load lazily loaded font '../../../Engine/Content/Slate/Fonts/Roboto-Light.ttf' (167K)
[2019.01.16-18.40.10:142][854]LogAIModule: Creating AISystem for world BlockOut
[2019.01.16-18.40.10:228][854]LogAssetEditorManager: Opening Asset editor for World /Game/Levels/BlockOut.BlockOut
[2019.01.16-18.40.10:250][854]Cmd: MAP LOAD FILE="A:/test/SCollab-Proto/SP_Prototype/Content/Levels/BlockOut.umap" TEMPLATE=0 SHOWPROGRESS=1 FEATURELEVEL=3
[2019.01.16-18.40.10:250][854]LightingResults: New page: Lighting Build
[2019.01.16-18.40.10:251][854]LoadErrors: New page: Loading map: BlockOut.umap
[2019.01.16-18.40.10:252][854]MapCheck: New page: Map Check
[2019.01.16-18.40.10:252][854]LightingResults: New page: Lighting Build
[2019.01.16-18.40.10:371][854]LogEditorServer: Finished looking for orphan Actors (0.000 secs)
[2019.01.16-18.40.10:416][854]Cmd: MAP CHECKDEP NOCLEARLOG
[2019.01.16-18.40.10:495][854]MapCheck: Map check complete: 0 Error(s), 0 Warning(s), took 79.265ms to complete.
[2019.01.16-18.40.10:497][854]LogFileHelpers: Loading map 'BlockOut' took 0.246
[2019.01.16-18.40.24:417][667]LogFactory: FactoryCreateFile: StaticMesh with FbxFactory (0 0 E:\Collab\David\16-01-19\David_LP_barrel\David_LP_barrel\Export\LP_barrel.FBX)
[2019.01.16-18.40.24:446][667]LogFbx: Loading FBX Scene from E:\Collab\David\16-01-19\David_LP_barrel\David_LP_barrel\Export\LP_barrel.FBX
[2019.01.16-18.40.24:458][667]LogFbx: FBX Scene Loaded Succesfully
[2019.01.16-18.40.26:066][667]LogSlate: Window 'FBX Import Options' being destroyed
[2019.01.16-18.40.26:210][667]LogMaterial: Display: Missing cached shader map for material Material_002, compiling. 
[2019.01.16-18.40.26:258][667]LogShaderCompilers: Display: Shaders left to compile 22
[2019.01.16-18.40.26:258][667]LogShaderCompilers: Display: Shaders left to compile 12
[2019.01.16-18.40.26:258][667]LogShaderCompilers: Display: Shaders left to compile 2
[2019.01.16-18.40.26:348][667]LogMaterial: Display: Missing cached shader map for material Material_003, compiling. 
[2019.01.16-18.40.26:356][667]LogShaderCompilers: Display: Shaders left to compile 22
[2019.01.16-18.40.26:439][667]LogMaterial: Display: Missing cached shader map for material Material_004, compiling. 
[2019.01.16-18.40.26:529][667]LogMaterial: Display: Missing cached shader map for material Material_005, compiling. 
[2019.01.16-18.40.26:659][667]LogMaterial: Display: Missing cached shader map for material Material_006, compiling. 
[2019.01.16-18.40.26:686][667]LogFbx: Warning: Triangulating static mesh Cube
[2019.01.16-18.40.26:790][667]LogStaticMesh: Building static mesh LP_barrel...
[2019.01.16-18.40.26:811][667]LogStaticMesh: Built static mesh [0.02s] /Game/Models/David/LP_barrel.LP_barrel
[2019.01.16-18.40.26:869][667]LogShaderCompilers: Display: Shaders left to compile 78
[2019.01.16-18.40.26:869][667]FBXImport: Warning: No smoothing group information was found in this FBX scene.  Please make sure to enable the 'Export Smoothing Groups' option in the FBX Exporter plug-in before exporting the file.  Even for tools that don't support smoothing groups, the FBX Exporter will generate appropriate smoothing data at export-time so that correct vertex normals can be inferred while importing. 
[2019.01.16-18.40.28:319][758]LogShaderCompilers: Display: Shaders left to compile 68
[2019.01.16-18.40.28:350][761]LogShaderCompilers: Display: Shaders left to compile 58
[2019.01.16-18.40.29:484][848]LogShaderCompilers: Display: Shaders left to compile 48
[2019.01.16-18.40.29:791][868]LogShaderCompilers: Display: Shaders left to compile 38
[2019.01.16-18.40.29:867][872]LogShaderCompilers: Display: Shaders left to compile 28
[2019.01.16-18.40.29:988][880]LogSlate: FSceneViewport::OnFocusLost() reason 0
[2019.01.16-18.40.30:105][889]LogActorFactory: Actor Factory created LP_barrel
[2019.01.16-18.40.30:569][928]LogActorFactory: Actor Factory created LP_barrel
[2019.01.16-18.40.31:112][968]LogShaderCompilers: Display: Shaders left to compile 18
[2019.01.16-18.40.31:429][  2]LogShaderCompilers: Display: Shaders left to compile 8
[2019.01.16-18.40.36:394][551]LogSlate: FSceneViewport::OnFocusLost() reason 0
[2019.01.16-18.40.36:510][565]LogSlate: Window 'Message Log' being destroyed
[2019.01.16-18.40.36:513][565]LogSlate: Window 'Message Log' being destroyed
[2019.01.16-18.40.57:833][916]LogSlate: FSceneViewport::OnFocusLost() reason 2
[2019.01.16-18.40.58:033][916]LogFactory: FactoryCreateFile: Texture with ReimportTextureFactory (0 0 E:\Collab\David\16-01-19\David_LP_barrel\David_LP_barrel\Textures\LP_barrel_AO.tga)
[2019.01.16-18.40.58:060][916]LogTexture: Display: Building textures: LP_barrel_AO (AutoDXT, 1024X1024)
[2019.01.16-18.40.58:445][916]LogFactory: FactoryCreateFile: Texture with ReimportTextureFactory (0 0 E:\Collab\David\16-01-19\David_LP_barrel\David_LP_barrel\Textures\LP_barrel_Curvature.tga)
[2019.01.16-18.40.58:467][916]LogTexture: Display: Building textures: LP_barrel_Curvature (AutoDXT, 1024X1024)
[2019.01.16-18.40.58:837][916]LogFactory: FactoryCreateFile: Texture with ReimportTextureFactory (0 0 E:\Collab\David\16-01-19\David_LP_barrel\David_LP_barrel\Textures\LP_barrel_Diffuse.tga)
[2019.01.16-18.40.58:859][916]LogTexture: Display: Building textures: LP_barrel_Diffuse (AutoDXT, 1024X1024)
[2019.01.16-18.40.59:284][916]LogFactory: FactoryCreateFile: Texture with ReimportTextureFactory (0 0 E:\Collab\David\16-01-19\David_LP_barrel\David_LP_barrel\Textures\LP_barrel_Roughness.tga)
[2019.01.16-18.40.59:305][916]LogTexture: Display: Building textures: LP_barrel_Roughness (AutoDXT, 1024X1024)
[2019.01.16-18.42.02:547][741]LogEditorFactories: Performing atomic reimport of [E:/Collab/David/16-01-19/David_LP_barrel/David_LP_barrel/Export/LP_barrel.FBX]
[2019.01.16-18.42.02:566][741]LogFbx: Loading FBX Scene from E:/Collab/David/16-01-19/David_LP_barrel/David_LP_barrel/Export/LP_barrel.FBX
[2019.01.16-18.42.02:570][741]LogFbx: FBX Scene Loaded Succesfully
[2019.01.16-18.42.02:573][741]LogFbx: Warning: Triangulating static mesh Cube
[2019.01.16-18.42.02:611][741]LogStaticMesh: Building static mesh LP_barrel...
[2019.01.16-18.42.02:624][741]LogStaticMesh: Built static mesh [0.01s] /Game/Models/David/LP_barrel.LP_barrel
[2019.01.16-18.42.02:637][741]LogEditorFactories: -- imported successfully
[2019.01.16-18.42.08:753][437]LogSlate: FSceneViewport::OnFocusLost() reason 0
[2019.01.16-18.42.08:870][451]LogTemp: Repeating last play command: Selected Viewport
[2019.01.16-18.42.08:887][451]LogBlueprintUserMessages: Early PlayInEditor Detection: Level '/Game/Levels/BlockOut.BlockOut:PersistentLevel' has LevelScriptBlueprint '/Game/Levels/BlockOut.BlockOut:PersistentLevel.BlockOut' with GeneratedClass '/Game/Levels/BlockOut.BlockOut_C' with ClassGeneratedBy '/Game/Levels/BlockOut.BlockOut:PersistentLevel.BlockOut'
[2019.01.16-18.42.08:888][451]LogPlayLevel: PlayLevel: No blueprints needed recompiling
[2019.01.16-18.42.08:906][451]PIE: New page: PIE session: BlockOut (16 Jan 2019 18:42:08)
[2019.01.16-18.42.08:906][451]LogPlayLevel: Creating play world package: /Game/Levels/UEDPIE_0_BlockOut
[2019.01.16-18.42.09:067][451]LogPlayLevel: PIE: StaticDuplicateObject took: (0.160042s)
[2019.01.16-18.42.09:067][451]LogAIModule: Creating AISystem for world BlockOut
[2019.01.16-18.42.09:068][451]LogPlayLevel: PIE: World Init took: (0.000994s)
[2019.01.16-18.42.09:068][451]LogPlayLevel: PIE: Created PIE world by copying editor world from /Game/Levels/BlockOut.BlockOut to /Game/Levels/UEDPIE_0_BlockOut.BlockOut (0.161649s)
[2019.01.16-18.42.09:099][451]LogInit: XAudio2 using 'Speakers (Realtek High Definition Audio)' : 2 channels at 48 kHz using 16 bits per sample (channel mask 0x3)
[2019.01.16-18.42.09:122][451]LogInit: FAudioDevice initialized.
[2019.01.16-18.42.09:164][451]LogLoad: Game class is 'TopDownGameMode_C'
[2019.01.16-18.42.09:185][451]LogWorld: Bringing World /Game/Levels/UEDPIE_0_BlockOut.BlockOut up for play (max tick rate 0) at 2019.01.16-18.42.09
[2019.01.16-18.42.09:187][451]LogWorld: Bringing up level for play took: 0.017571
[2019.01.16-18.42.09:214][451]LogContentBrowser: Native class hierarchy updated for 'MovieSceneCapture' in 0.0003 seconds. Added 10 classes and 0 folders.
[2019.01.16-18.42.09:235][451]PIE: Play in editor start time for /Game/Levels/UEDPIE_0_BlockOut -0.149
[2019.01.16-18.42.09:235][451]LogBlueprintUserMessages: Late PlayInEditor Detection: Level '/Game/Levels/BlockOut.BlockOut:PersistentLevel' has LevelScriptBlueprint '/Game/Levels/BlockOut.BlockOut:PersistentLevel.BlockOut' with GeneratedClass '/Game/Levels/BlockOut.BlockOut_C' with ClassGeneratedBy '/Game/Levels/BlockOut.BlockOut:PersistentLevel.BlockOut'
[2019.01.16-18.42.11:550][715]LogBlueprintUserMessages: Early EndPlayMap Detection: Level '/Game/Levels/BlockOut.BlockOut:PersistentLevel' has LevelScriptBlueprint '/Game/Levels/BlockOut.BlockOut:PersistentLevel.BlockOut' with GeneratedClass '/Game/Levels/BlockOut.BlockOut_C' with ClassGeneratedBy '/Game/Levels/BlockOut.BlockOut:PersistentLevel.BlockOut'
[2019.01.16-18.42.11:551][715]LogSlate: Updating window title bar state: overlay mode, drag disabled, window buttons hidden, title bar hidden
[2019.01.16-18.42.11:598][715]LogPlayLevel: Display: Shutting down PIE online subsystems
[2019.01.16-18.42.11:598][715]LogBlueprintUserMessages: Late EndPlayMap Detection: Level '/Game/Levels/BlockOut.BlockOut:PersistentLevel' has LevelScriptBlueprint '/Game/Levels/BlockOut.BlockOut:PersistentLevel.BlockOut' with GeneratedClass '/Game/Levels/BlockOut.BlockOut_C' with ClassGeneratedBy '/Game/Levels/BlockOut.BlockOut:PersistentLevel.BlockOut'
[2019.01.16-18.42.11:624][715]LogSlate: Updating window title bar state: overlay mode, drag disabled, window buttons hidden, title bar hidden
[2019.01.16-18.42.11:692][716]LogPlayLevel: Display: Destroying online subsystem :Context_3
[2019.01.16-18.42.26:534][459]LogSlate: FSceneViewport::OnFocusLost() reason 0
[2019.01.16-18.42.26:710][479]LogAssetEditorManager: Opening Asset editor for Material /Game/Models/David/Material_002.Material_002
[2019.01.16-18.42.26:715][479]LogMaterial: Display: Missing cached shader map for material Material_002, compiling. 
[2019.01.16-18.42.27:034][479]LogMaterial: Display: Missing cached shader map for material Material_002, compiling. 
[2019.01.16-18.42.27:045][479]LogShaderCompilers: Display: Shaders left to compile 21
[2019.01.16-18.42.27:045][479]LogShaderCompilers: Display: Shaders left to compile 20
[2019.01.16-18.42.27:045][479]LogShaderCompilers: Display: Shaders left to compile 19
[2019.01.16-18.42.27:045][479]LogShaderCompilers: Display: Shaders left to compile 18
[2019.01.16-18.42.27:047][479]LogMaterial: Display: Missing cached shader map for material Material_002, compiling. 
[2019.01.16-18.42.27:083][479]LogMaterial: Display: Missing cached shader map for material FMatExpressionPreview MaterialExpressionVectorParameter_0, compiling. 
[2019.01.16-18.42.27:133][479]LogSlate: Took 0.004912 seconds to synchronously load lazily loaded font '../../../Engine/Content/Slate/Fonts/Roboto-BoldCondensed.ttf' (158K)
[2019.01.16-18.42.27:287][480]LogSlate: Took 0.006185 seconds to synchronously load lazily loaded font '../../../Engine/Content/Slate/Fonts/Roboto-Italic.ttf' (157K)
[2019.01.16-18.42.27:563][498]LogShaderCompilers: Display: Shaders left to compile 23
[2019.01.16-18.42.27:598][500]LogShaderCompilers: Display: Shaders left to compile 22
[2019.01.16-18.42.27:598][500]LogShaderCompilers: Display: Shaders left to compile 21
[2019.01.16-18.42.27:611][502]LogShaderCompilers: Display: Shaders left to compile 20
[2019.01.16-18.42.27:782][513]LogShaderCompilers: Display: Shaders left to compile 19
[2019.01.16-18.42.27:782][513]LogShaderCompilers: Display: Shaders left to compile 18
[2019.01.16-18.42.27:806][515]LogShaderCompilers: Display: Shaders left to compile 17
[2019.01.16-18.42.27:817][516]LogShaderCompilers: Display: Shaders left to compile 16
[2019.01.16-18.42.27:926][525]LogShaderCompilers: Display: Shaders left to compile 15
[2019.01.16-18.42.27:948][527]LogShaderCompilers: Display: Shaders left to compile 14
[2019.01.16-18.42.27:960][528]LogShaderCompilers: Display: Shaders left to compile 13
[2019.01.16-18.42.27:960][528]LogShaderCompilers: Display: Shaders left to compile 12
[2019.01.16-18.42.28:076][538]LogShaderCompilers: Display: Shaders left to compile 11
[2019.01.16-18.42.28:197][546]LogShaderCompilers: Display: Shaders left to compile 10
[2019.01.16-18.42.28:333][556]LogShaderCompilers: Display: Shaders left to compile 9
[2019.01.16-18.42.28:360][558]LogShaderCompilers: Display: Shaders left to compile 8
[2019.01.16-18.42.28:427][563]LogShaderCompilers: Display: Shaders left to compile 7
[2019.01.16-18.42.28:528][571]LogShaderCompilers: Display: Shaders left to compile 6
[2019.01.16-18.42.28:551][572]LogShaderCompilers: Display: Shaders left to compile 5
[2019.01.16-18.42.28:730][585]LogShaderCompilers: Display: Shaders left to compile 4
[2019.01.16-18.42.28:741][586]LogShaderCompilers: Display: Shaders left to compile 3
[2019.01.16-18.42.28:810][592]LogShaderCompilers: Display: Shaders left to compile 2
[2019.01.16-18.42.28:882][598]LogShaderCompilers: Display: Shaders left to compile 1
[2019.01.16-18.42.29:062][613]MaterialEditorStats: Base pass shader: 101 instructions
[2019.01.16-18.42.29:062][613]MaterialEditorStats: Base pass shader with Volumetric Lightmap: 174 instructions
[2019.01.16-18.42.29:062][613]MaterialEditorStats: Base pass vertex shader: 32 instructions
[2019.01.16-18.42.29:062][613]MaterialEditorStats: Texture samplers: 3/16
[2019.01.16-18.42.29:470][660]LogMaterial: Display: Missing cached shader map for material Material_002, compiling. 
[2019.01.16-18.42.29:511][661]LogShaderCompilers: Display: Shaders left to compile 21
[2019.01.16-18.42.29:512][661]LogShaderCompilers: Display: Shaders left to compile 20
[2019.01.16-18.42.29:512][661]LogShaderCompilers: Display: Shaders left to compile 19
[2019.01.16-18.42.29:512][661]LogShaderCompilers: Display: Shaders left to compile 18
[2019.01.16-18.42.29:671][673]LogShaderCompilers: Display: Shaders left to compile 17
[2019.01.16-18.42.29:684][674]LogShaderCompilers: Display: Shaders left to compile 16
[2019.01.16-18.42.29:695][675]LogShaderCompilers: Display: Shaders left to compile 15
[2019.01.16-18.42.29:695][675]LogShaderCompilers: Display: Shaders left to compile 14
[2019.01.16-18.42.29:834][685]LogShaderCompilers: Display: Shaders left to compile 13
[2019.01.16-18.42.29:848][686]LogShaderCompilers: Display: Shaders left to compile 12
[2019.01.16-18.42.29:848][686]LogShaderCompilers: Display: Shaders left to compile 11
[2019.01.16-18.42.29:860][687]LogShaderCompilers: Display: Shaders left to compile 10
[2019.01.16-18.42.29:988][696]LogShaderCompilers: Display: Shaders left to compile 9
[2019.01.16-18.42.30:090][703]LogShaderCompilers: Display: Shaders left to compile 8
[2019.01.16-18.42.30:254][714]LogShaderCompilers: Display: Shaders left to compile 7
[2019.01.16-18.42.30:285][716]LogShaderCompilers: Display: Shaders left to compile 6
[2019.01.16-18.42.30:399][724]LogShaderCompilers: Display: Shaders left to compile 5
[2019.01.16-18.42.30:467][729]LogShaderCompilers: Display: Shaders left to compile 4
[2019.01.16-18.42.30:494][731]LogShaderCompilers: Display: Shaders left to compile 3
[2019.01.16-18.42.30:666][742]LogShaderCompilers: Display: Shaders left to compile 2
[2019.01.16-18.42.30:693][743]LogShaderCompilers: Display: Shaders left to compile 1
[2019.01.16-18.42.30:975][767]MaterialEditorStats: Base pass shader: 99 instructions
[2019.01.16-18.42.30:975][767]MaterialEditorStats: Base pass shader with Volumetric Lightmap: 172 instructions
[2019.01.16-18.42.30:975][767]MaterialEditorStats: Base pass vertex shader: 32 instructions
[2019.01.16-18.42.30:975][767]MaterialEditorStats: Texture samplers: 3/16
[2019.01.16-18.42.31:240][798]LogMaterial: Display: Missing cached shader map for material Material_002, compiling. 
[2019.01.16-18.42.31:250][798]LogShaderCompilers: Display: Shaders left to compile 21
[2019.01.16-18.42.31:250][798]LogShaderCompilers: Display: Shaders left to compile 20
[2019.01.16-18.42.31:250][798]LogShaderCompilers: Display: Shaders left to compile 19
[2019.01.16-18.42.31:250][798]LogShaderCompilers: Display: Shaders left to compile 18
[2019.01.16-18.42.31:250][798]LogMaterial: Display: Missing cached shader map for material FMatExpressionPreview MaterialExpressionTextureSample_0, compiling. 
[2019.01.16-18.42.31:283][798]LogMaterial: Display: Missing cached shader map for material FMatExpressionPreview MaterialExpressionTextureSample_0, compiling. 
[2019.01.16-18.42.31:421][804]LogShaderCompilers: Display: Shaders left to compile 19
[2019.01.16-18.42.31:435][805]LogShaderCompilers: Display: Shaders left to compile 18
[2019.01.16-18.42.31:447][806]LogShaderCompilers: Display: Shaders left to compile 17
[2019.01.16-18.42.31:459][807]LogShaderCompilers: Display: Shaders left to compile 16
[2019.01.16-18.42.31:583][817]LogShaderCompilers: Display: Shaders left to compile 15
[2019.01.16-18.42.31:583][817]LogShaderCompilers: Display: Shaders left to compile 14
[2019.01.16-18.42.31:593][818]LogShaderCompilers: Display: Shaders left to compile 13
[2019.01.16-18.42.31:604][819]LogShaderCompilers: Display: Shaders left to compile 12
[2019.01.16-18.42.31:727][829]LogShaderCompilers: Display: Shaders left to compile 11
[2019.01.16-18.42.31:811][835]LogShaderCompilers: Display: Shaders left to compile 10
[2019.01.16-18.42.31:957][847]LogShaderCompilers: Display: Shaders left to compile 9
[2019.01.16-18.42.31:993][849]LogShaderCompilers: Display: Shaders left to compile 8
[2019.01.16-18.42.32:078][856]LogShaderCompilers: Display: Shaders left to compile 7
[2019.01.16-18.42.32:182][863]LogShaderCompilers: Display: Shaders left to compile 6
[2019.01.16-18.42.32:182][863]LogShaderCompilers: Display: Shaders left to compile 5
[2019.01.16-18.42.32:369][877]LogShaderCompilers: Display: Shaders left to compile 4
[2019.01.16-18.42.32:393][879]LogShaderCompilers: Display: Shaders left to compile 3
[2019.01.16-18.42.32:484][887]LogShaderCompilers: Display: Shaders left to compile 2
[2019.01.16-18.42.32:512][888]LogShaderCompilers: Display: Shaders left to compile 1
[2019.01.16-18.42.32:710][905]MaterialEditorStats: Base pass shader: 99 instructions
[2019.01.16-18.42.32:710][905]MaterialEditorStats: Base pass shader with Volumetric Lightmap: 172 instructions
[2019.01.16-18.42.32:710][905]MaterialEditorStats: Base pass vertex shader: 32 instructions
[2019.01.16-18.42.32:710][905]MaterialEditorStats: Texture samplers: 3/16
[2019.01.16-18.42.32:873][923]LogMaterial: Display: Missing cached shader map for material Material_002, compiling. 
[2019.01.16-18.42.32:886][923]LogShaderCompilers: Display: Shaders left to compile 21
[2019.01.16-18.42.32:886][923]LogShaderCompilers: Display: Shaders left to compile 20
[2019.01.16-18.42.32:886][923]LogShaderCompilers: Display: Shaders left to compile 19
[2019.01.16-18.42.32:886][923]LogShaderCompilers: Display: Shaders left to compile 18
[2019.01.16-18.42.32:888][923]LogMaterial: Display: Missing cached shader map for material FMatExpressionPreview MaterialExpressionTextureSample_0, compiling. 
[2019.01.16-18.42.33:064][934]LogShaderCompilers: Display: Shaders left to compile 19
[2019.01.16-18.42.33:084][935]LogShaderCompilers: Display: Shaders left to compile 18
[2019.01.16-18.42.33:102][936]LogShaderCompilers: Display: Shaders left to compile 17
[2019.01.16-18.42.33:112][937]LogShaderCompilers: Display: Shaders left to compile 16
[2019.01.16-18.42.33:238][947]LogShaderCompilers: Display: Shaders left to compile 15
[2019.01.16-18.42.33:264][949]LogShaderCompilers: Display: Shaders left to compile 14
[2019.01.16-18.42.33:264][949]LogShaderCompilers: Display: Shaders left to compile 13
[2019.01.16-18.42.33:274][950]LogShaderCompilers: Display: Shaders left to compile 12
[2019.01.16-18.42.33:405][960]LogShaderCompilers: Display: Shaders left to compile 11
[2019.01.16-18.42.33:538][967]LogShaderCompilers: Display: Shaders left to compile 10
[2019.01.16-18.42.33:646][975]LogShaderCompilers: Display: Shaders left to compile 9
[2019.01.16-18.42.33:673][977]LogShaderCompilers: Display: Shaders left to compile 8
[2019.01.16-18.42.33:758][983]LogShaderCompilers: Display: Shaders left to compile 7
[2019.01.16-18.42.33:873][991]LogShaderCompilers: Display: Shaders left to compile 6
[2019.01.16-18.42.33:893][991]LogShaderCompilers: Display: Shaders left to compile 5
[2019.01.16-18.42.34:077][  5]LogShaderCompilers: Display: Shaders left to compile 4
[2019.01.16-18.42.34:105][  7]LogShaderCompilers: Display: Shaders left to compile 3
[2019.01.16-18.42.34:169][ 12]LogShaderCompilers: Display: Shaders left to compile 2
[2019.01.16-18.42.34:236][ 17]LogShaderCompilers: Display: Shaders left to compile 1
[2019.01.16-18.42.34:447][ 31]MaterialEditorStats: Base pass shader: 102 instructions
[2019.01.16-18.42.34:447][ 31]MaterialEditorStats: Base pass shader with Volumetric Lightmap: 175 instructions
[2019.01.16-18.42.34:447][ 31]MaterialEditorStats: Base pass vertex shader: 36 instructions
[2019.01.16-18.42.34:447][ 31]MaterialEditorStats: Texture samplers: 4/16
[2019.01.16-18.42.34:447][ 31]MaterialEditorStats: Texture Lookups (Est.): VS(0), PS(1)
[2019.01.16-18.42.34:447][ 31]MaterialEditorStats: User interpolators: 2/4 Scalars (1/4 Vectors) (TexCoords: 2, Custom: 0)
[2019.01.16-18.42.34:987][ 93]LogMaterial: Display: Missing cached shader map for material Material_002, compiling. 
[2019.01.16-18.42.34:997][ 93]LogMaterial: Display: Missing cached shader map for material FMatExpressionPreview MaterialExpressionTextureSample_1, compiling. 
[2019.01.16-18.42.35:003][ 93]LogShaderCompilers: Display: Shaders left to compile 21
[2019.01.16-18.42.35:003][ 93]LogShaderCompilers: Display: Shaders left to compile 20
[2019.01.16-18.42.35:003][ 93]LogShaderCompilers: Display: Shaders left to compile 19
[2019.01.16-18.42.35:003][ 93]LogShaderCompilers: Display: Shaders left to compile 18
[2019.01.16-18.42.35:027][ 93]LogMaterial: Display: Missing cached shader map for material FMatExpressionPreview MaterialExpressionTextureSample_0, compiling. 
[2019.01.16-18.42.35:031][ 93]LogMaterial: Display: Missing cached shader map for material FMatExpressionPreview MaterialExpressionTextureSample_1, compiling. 
[2019.01.16-18.42.35:189][100]LogShaderCompilers: Display: Shaders left to compile 21
[2019.01.16-18.42.35:189][100]LogShaderCompilers: Display: Shaders left to compile 20
[2019.01.16-18.42.35:189][100]LogShaderCompilers: Display: Shaders left to compile 19
[2019.01.16-18.42.35:205][101]LogShaderCompilers: Display: Shaders left to compile 18
[2019.01.16-18.42.35:338][111]LogShaderCompilers: Display: Shaders left to compile 17
[2019.01.16-18.42.35:349][112]LogShaderCompilers: Display: Shaders left to compile 16
[2019.01.16-18.42.35:371][114]LogShaderCompilers: Display: Shaders left to compile 15
[2019.01.16-18.42.35:371][114]LogShaderCompilers: Display: Shaders left to compile 14
[2019.01.16-18.42.35:511][125]LogShaderCompilers: Display: Shaders left to compile 13
[2019.01.16-18.42.35:617][133]LogShaderCompilers: Display: Shaders left to compile 12
[2019.01.16-18.42.35:712][141]LogShaderCompilers: Display: Shaders left to compile 11
[2019.01.16-18.42.35:750][144]LogShaderCompilers: Display: Shaders left to compile 10
[2019.01.16-18.42.35:841][151]LogShaderCompilers: Display: Shaders left to compile 9
[2019.01.16-18.42.35:933][157]LogShaderCompilers: Display: Shaders left to compile 8
[2019.01.16-18.42.35:985][161]LogShaderCompilers: Display: Shaders left to compile 7
[2019.01.16-18.42.36:110][171]LogShaderCompilers: Display: Shaders left to compile 6
[2019.01.16-18.42.36:145][174]LogShaderCompilers: Display: Shaders left to compile 5
[2019.01.16-18.42.36:233][181]LogShaderCompilers: Display: Shaders left to compile 4
[2019.01.16-18.42.36:301][186]LogShaderCompilers: Display: Shaders left to compile 3
[2019.01.16-18.42.36:351][190]LogShaderCompilers: Display: Shaders left to compile 2
[2019.01.16-18.42.36:450][198]LogShaderCompilers: Display: Shaders left to compile 1
[2019.01.16-18.42.36:467][199]MaterialEditorStats: Base pass shader: 102 instructions
[2019.01.16-18.42.36:467][199]MaterialEditorStats: Base pass shader with Volumetric Lightmap: 175 instructions
[2019.01.16-18.42.36:467][199]MaterialEditorStats: Base pass vertex shader: 36 instructions
[2019.01.16-18.42.36:467][199]MaterialEditorStats: Texture samplers: 4/16
[2019.01.16-18.42.36:467][199]MaterialEditorStats: Texture Lookups (Est.): VS(0), PS(1)
[2019.01.16-18.42.36:467][199]MaterialEditorStats: User interpolators: 2/4 Scalars (1/4 Vectors) (TexCoords: 2, Custom: 0)
[2019.01.16-18.42.38:191][395]LogMaterial: Display: Missing cached shader map for material Material_002, compiling. 
[2019.01.16-18.42.38:205][395]LogShaderCompilers: Display: Shaders left to compile 21
[2019.01.16-18.42.38:205][395]LogShaderCompilers: Display: Shaders left to compile 20
[2019.01.16-18.42.38:205][395]LogShaderCompilers: Display: Shaders left to compile 19
[2019.01.16-18.42.38:205][395]LogShaderCompilers: Display: Shaders left to compile 18
[2019.01.16-18.42.38:208][395]LogMaterial: Display: Missing cached shader map for material FMatExpressionPreview MaterialExpressionTextureSample_1, compiling. 
[2019.01.16-18.42.38:398][407]LogShaderCompilers: Display: Shaders left to compile 19
[2019.01.16-18.42.38:410][408]LogShaderCompilers: Display: Shaders left to compile 18
[2019.01.16-18.42.38:410][408]LogShaderCompilers: Display: Shaders left to compile 17
[2019.01.16-18.42.38:419][409]LogShaderCompilers: Display: Shaders left to compile 16
[2019.01.16-18.42.38:564][418]LogShaderCompilers: Display: Shaders left to compile 15
[2019.01.16-18.42.38:566][418]LogShaderCompilers: Display: Shaders left to compile 14
[2019.01.16-18.42.38:580][420]LogShaderCompilers: Display: Shaders left to compile 13
[2019.01.16-18.42.38:592][421]LogShaderCompilers: Display: Shaders left to compile 12
[2019.01.16-18.42.38:756][432]LogShaderCompilers: Display: Shaders left to compile 11
[2019.01.16-18.42.38:851][439]LogShaderCompilers: Display: Shaders left to compile 10
[2019.01.16-18.42.38:973][447]LogShaderCompilers: Display: Shaders left to compile 9
[2019.01.16-18.42.39:003][449]LogShaderCompilers: Display: Shaders left to compile 8
[2019.01.16-18.42.39:123][458]LogShaderCompilers: Display: Shaders left to compile 7
[2019.01.16-18.42.39:197][463]LogShaderCompilers: Display: Shaders left to compile 6
[2019.01.16-18.42.39:212][464]LogShaderCompilers: Display: Shaders left to compile 5
[2019.01.16-18.42.39:374][475]LogShaderCompilers: Display: Shaders left to compile 4
[2019.01.16-18.42.39:427][478]LogShaderCompilers: Display: Shaders left to compile 3
[2019.01.16-18.42.39:514][484]LogShaderCompilers: Display: Shaders left to compile 2
[2019.01.16-18.42.39:560][487]LogShaderCompilers: Display: Shaders left to compile 1
[2019.01.16-18.42.39:746][500]MaterialEditorStats: Base pass shader: 102 instructions
[2019.01.16-18.42.39:746][500]MaterialEditorStats: Base pass shader with Volumetric Lightmap: 179 instructions
[2019.01.16-18.42.39:746][500]MaterialEditorStats: Base pass vertex shader: 36 instructions
[2019.01.16-18.42.39:746][500]MaterialEditorStats: Texture samplers: 5/16
[2019.01.16-18.42.39:746][500]MaterialEditorStats: Texture Lookups (Est.): VS(0), PS(2)
[2019.01.16-18.42.39:746][500]MaterialEditorStats: User interpolators: 2/4 Scalars (1/4 Vectors) (TexCoords: 2, Custom: 0)
[2019.01.16-18.42.40:175][548]LogMaterial: Display: Missing cached shader map for material Material_002, compiling. 
[2019.01.16-18.42.40:187][548]LogMaterial: Display: Missing cached shader map for material FMatExpressionPreview MaterialExpressionTextureSample_2, compiling. 
[2019.01.16-18.42.40:195][548]LogShaderCompilers: Display: Shaders left to compile 21
[2019.01.16-18.42.40:195][548]LogShaderCompilers: Display: Shaders left to compile 20
[2019.01.16-18.42.40:195][548]LogShaderCompilers: Display: Shaders left to compile 19
[2019.01.16-18.42.40:195][548]LogShaderCompilers: Display: Shaders left to compile 18
[2019.01.16-18.42.40:220][548]LogMaterial: Display: Missing cached shader map for material FMatExpressionPreview MaterialExpressionTextureSample_0, compiling. 
[2019.01.16-18.42.40:224][548]LogMaterial: Display: Missing cached shader map for material FMatExpressionPreview MaterialExpressionTextureSample_1, compiling. 
[2019.01.16-18.42.40:230][548]LogMaterial: Display: Missing cached shader map for material FMatExpressionPreview MaterialExpressionTextureSample_2, compiling. 
[2019.01.16-18.42.40:370][554]LogShaderCompilers: Display: Shaders left to compile 23
[2019.01.16-18.42.40:397][556]LogShaderCompilers: Display: Shaders left to compile 22
[2019.01.16-18.42.40:407][557]LogShaderCompilers: Display: Shaders left to compile 21
[2019.01.16-18.42.40:407][557]LogShaderCompilers: Display: Shaders left to compile 20
[2019.01.16-18.42.40:541][567]LogShaderCompilers: Display: Shaders left to compile 19
[2019.01.16-18.42.40:555][568]LogShaderCompilers: Display: Shaders left to compile 18
[2019.01.16-18.42.40:595][571]LogShaderCompilers: Display: Shaders left to compile 17
[2019.01.16-18.42.40:609][572]LogShaderCompilers: Display: Shaders left to compile 16
[2019.01.16-18.42.40:723][581]LogShaderCompilers: Display: Shaders left to compile 15
[2019.01.16-18.42.40:837][589]LogShaderCompilers: Display: Shaders left to compile 14
[2019.01.16-18.42.40:927][596]LogShaderCompilers: Display: Shaders left to compile 13
[2019.01.16-18.42.40:997][601]LogShaderCompilers: Display: Shaders left to compile 12
[2019.01.16-18.42.41:055][605]LogShaderCompilers: Display: Shaders left to compile 11
[2019.01.16-18.42.41:140][612]LogShaderCompilers: Display: Shaders left to compile 10
[2019.01.16-18.42.41:180][615]LogShaderCompilers: Display: Shaders left to compile 9
[2019.01.16-18.42.41:362][627]LogShaderCompilers: Display: Shaders left to compile 8
[2019.01.16-18.42.41:362][627]LogShaderCompilers: Display: Shaders left to compile 7
[2019.01.16-18.42.41:446][633]LogShaderCompilers: Display: Shaders left to compile 6
[2019.01.16-18.42.41:491][636]LogShaderCompilers: Display: Shaders left to compile 5
[2019.01.16-18.42.41:589][641]LogShaderCompilers: Display: Shaders left to compile 4
[2019.01.16-18.42.41:685][648]LogShaderCompilers: Display: Shaders left to compile 3
[2019.01.16-18.42.41:705][649]LogShaderCompilers: Display: Shaders left to compile 2
[2019.01.16-18.42.41:706][649]MaterialEditorStats: Base pass shader: 102 instructions
[2019.01.16-18.42.41:706][649]MaterialEditorStats: Base pass shader with Volumetric Lightmap: 179 instructions
[2019.01.16-18.42.41:706][649]MaterialEditorStats: Base pass vertex shader: 36 instructions
[2019.01.16-18.42.41:706][649]MaterialEditorStats: Texture samplers: 5/16
[2019.01.16-18.42.41:706][649]MaterialEditorStats: Texture Lookups (Est.): VS(0), PS(2)
[2019.01.16-18.42.41:707][649]MaterialEditorStats: User interpolators: 2/4 Scalars (1/4 Vectors) (TexCoords: 2, Custom: 0)
[2019.01.16-18.42.41:734][651]LogShaderCompilers: Display: Shaders left to compile 1
[2019.01.16-18.42.43:967][899]LogMaterial: Display: Missing cached shader map for material Material_002, compiling. 
[2019.01.16-18.42.43:983][900]LogShaderCompilers: Display: Shaders left to compile 21
[2019.01.16-18.42.43:983][900]LogShaderCompilers: Display: Shaders left to compile 20
[2019.01.16-18.42.43:983][900]LogShaderCompilers: Display: Shaders left to compile 19
[2019.01.16-18.42.43:983][900]LogShaderCompilers: Display: Shaders left to compile 18
[2019.01.16-18.42.44:181][916]LogShaderCompilers: Display: Shaders left to compile 17
[2019.01.16-18.42.44:207][918]LogShaderCompilers: Display: Shaders left to compile 16
[2019.01.16-18.42.44:207][918]LogShaderCompilers: Display: Shaders left to compile 15
[2019.01.16-18.42.44:219][919]LogShaderCompilers: Display: Shaders left to compile 14
[2019.01.16-18.42.44:346][929]LogShaderCompilers: Display: Shaders left to compile 13
[2019.01.16-18.42.44:358][930]LogShaderCompilers: Display: Shaders left to compile 12
[2019.01.16-18.42.44:369][931]LogShaderCompilers: Display: Shaders left to compile 11
[2019.01.16-18.42.44:381][932]LogShaderCompilers: Display: Shaders left to compile 10
[2019.01.16-18.42.44:502][942]LogShaderCompilers: Display: Shaders left to compile 9
[2019.01.16-18.42.44:621][950]LogShaderCompilers: Display: Shaders left to compile 8
[2019.01.16-18.42.44:740][958]LogShaderCompilers: Display: Shaders left to compile 7
[2019.01.16-18.42.44:772][960]LogShaderCompilers: Display: Shaders left to compile 6
[2019.01.16-18.42.44:853][966]LogShaderCompilers: Display: Shaders left to compile 5
[2019.01.16-18.42.44:965][974]LogShaderCompilers: Display: Shaders left to compile 4
[2019.01.16-18.42.45:024][978]LogShaderCompilers: Display: Shaders left to compile 3
[2019.01.16-18.42.45:140][986]LogShaderCompilers: Display: Shaders left to compile 2
[2019.01.16-18.42.45:203][991]LogShaderCompilers: Display: Shaders left to compile 1
[2019.01.16-18.42.45:447][ 12]MaterialEditorStats: Base pass shader: 102 instructions
[2019.01.16-18.42.45:448][ 12]MaterialEditorStats: Base pass shader with Volumetric Lightmap: 179 instructions
[2019.01.16-18.42.45:448][ 12]MaterialEditorStats: Base pass vertex shader: 36 instructions
[2019.01.16-18.42.45:448][ 12]MaterialEditorStats: Texture samplers: 5/16
[2019.01.16-18.42.45:448][ 12]MaterialEditorStats: Texture Lookups (Est.): VS(0), PS(2)
[2019.01.16-18.42.45:448][ 12]MaterialEditorStats: User interpolators: 2/4 Scalars (1/4 Vectors) (TexCoords: 2, Custom: 0)
[2019.01.16-18.42.46:605][146]LogMaterial: Display: Missing cached shader map for material Material_002, compiling. 
[2019.01.16-18.42.46:620][146]LogShaderCompilers: Display: Shaders left to compile 21
[2019.01.16-18.42.46:620][146]LogShaderCompilers: Display: Shaders left to compile 20
[2019.01.16-18.42.46:620][146]LogShaderCompilers: Display: Shaders left to compile 19
[2019.01.16-18.42.46:620][146]LogShaderCompilers: Display: Shaders left to compile 18
[2019.01.16-18.42.46:623][146]LogMaterial: Display: Missing cached shader map for material FMatExpressionPreview MaterialExpressionTextureSample_2, compiling. 
[2019.01.16-18.42.46:826][159]LogShaderCompilers: Display: Shaders left to compile 19
[2019.01.16-18.42.46:826][159]LogShaderCompilers: Display: Shaders left to compile 18
[2019.01.16-18.42.46:837][160]LogShaderCompilers: Display: Shaders left to compile 17
[2019.01.16-18.42.46:851][161]LogShaderCompilers: Display: Shaders left to compile 16
[2019.01.16-18.42.46:978][171]LogShaderCompilers: Display: Shaders left to compile 15
[2019.01.16-18.42.46:989][172]LogShaderCompilers: Display: Shaders left to compile 14
[2019.01.16-18.42.47:000][173]LogShaderCompilers: Display: Shaders left to compile 13
[2019.01.16-18.42.47:010][174]LogShaderCompilers: Display: Shaders left to compile 12
[2019.01.16-18.42.47:148][186]LogShaderCompilers: Display: Shaders left to compile 11
[2019.01.16-18.42.47:251][194]LogShaderCompilers: Display: Shaders left to compile 10
[2019.01.16-18.42.47:345][201]LogShaderCompilers: Display: Shaders left to compile 9
[2019.01.16-18.42.47:382][204]LogShaderCompilers: Display: Shaders left to compile 8
[2019.01.16-18.42.47:475][211]LogShaderCompilers: Display: Shaders left to compile 7
[2019.01.16-18.42.47:568][218]LogShaderCompilers: Display: Shaders left to compile 6
[2019.01.16-18.42.47:606][221]LogShaderCompilers: Display: Shaders left to compile 5
[2019.01.16-18.42.47:742][231]LogShaderCompilers: Display: Shaders left to compile 4
[2019.01.16-18.42.47:781][234]LogShaderCompilers: Display: Shaders left to compile 3
[2019.01.16-18.42.47:853][240]LogShaderCompilers: Display: Shaders left to compile 2
[2019.01.16-18.42.47:936][246]LogShaderCompilers: Display: Shaders left to compile 1
[2019.01.16-18.42.48:087][257]MaterialEditorStats: Base pass shader: 104 instructions
[2019.01.16-18.42.48:087][257]MaterialEditorStats: Base pass shader with Volumetric Lightmap: 181 instructions
[2019.01.16-18.42.48:087][257]MaterialEditorStats: Base pass vertex shader: 36 instructions
[2019.01.16-18.42.48:087][257]MaterialEditorStats: Texture samplers: 6/16
[2019.01.16-18.42.48:087][257]MaterialEditorStats: Texture Lookups (Est.): VS(0), PS(3)
[2019.01.16-18.42.48:087][257]MaterialEditorStats: User interpolators: 2/4 Scalars (1/4 Vectors) (TexCoords: 2, Custom: 0)
[2019.01.16-18.42.49:764][453]LogSlate: FSceneViewport::OnFocusLost() reason 0
[2019.01.16-18.42.49:889][468]LogMaterialEditor: Applying material Material_002
[2019.01.16-18.42.51:004][468]LogMaterial: Display: Missing cached shader map for material Material_002, compiling. 
[2019.01.16-18.42.51:044][468]LogShaderCompilers: Display: Shaders left to compile 21
[2019.01.16-18.42.51:044][468]LogShaderCompilers: Display: Shaders left to compile 20
[2019.01.16-18.42.51:044][468]LogShaderCompilers: Display: Shaders left to compile 19
[2019.01.16-18.42.51:044][468]LogShaderCompilers: Display: Shaders left to compile 18
[2019.01.16-18.42.51:054][468]LogMaterial: Display: Missing cached shader map for material Material_002, compiling. 
[2019.01.16-18.42.51:075][468]LogMaterial: Display: Missing cached shader map for material Material_002, compiling. 
[2019.01.16-18.42.51:199][468]LogMaterial: Display: Missing cached shader map for material FDebugViewModeMaterialProxy Material_002, compiling. 
[2019.01.16-18.42.52:202][468]LogShaderCompilers: Display: Shaders left to compile 40
[2019.01.16-18.42.52:202][468]LogShaderCompilers: Display: Shaders left to compile 39
[2019.01.16-18.42.52:202][468]LogShaderCompilers: Display: Shaders left to compile 38
[2019.01.16-18.42.52:203][468]LogShaderCompilers: Display: Shaders left to compile 37
[2019.01.16-18.42.52:203][468]LogShaderCompilers: Display: Shaders left to compile 36
[2019.01.16-18.42.52:203][468]LogShaderCompilers: Display: Shaders left to compile 35
[2019.01.16-18.42.52:203][468]LogShaderCompilers: Display: Shaders left to compile 34
[2019.01.16-18.42.52:203][468]LogShaderCompilers: Display: Shaders left to compile 33
[2019.01.16-18.42.52:203][468]LogShaderCompilers: Display: Shaders left to compile 32
[2019.01.16-18.42.52:203][468]LogShaderCompilers: Display: Shaders left to compile 31
[2019.01.16-18.42.52:203][468]LogShaderCompilers: Display: Shaders left to compile 30
[2019.01.16-18.42.52:203][468]LogShaderCompilers: Display: Shaders left to compile 29
[2019.01.16-18.42.52:203][468]LogShaderCompilers: Display: Shaders left to compile 28
[2019.01.16-18.42.52:203][468]LogShaderCompilers: Display: Shaders left to compile 27
[2019.01.16-18.42.52:203][468]LogShaderCompilers: Display: Shaders left to compile 26
[2019.01.16-18.42.52:203][468]LogShaderCompilers: Display: Shaders left to compile 25
[2019.01.16-18.42.52:203][468]LogShaderCompilers: Display: Shaders left to compile 24
[2019.01.16-18.42.52:203][468]LogShaderCompilers: Display: Shaders left to compile 23
[2019.01.16-18.42.52:203][468]LogShaderCompilers: Display: Shaders left to compile 22
[2019.01.16-18.42.52:203][468]LogShaderCompilers: Display: Shaders left to compile 12
[2019.01.16-18.42.52:203][468]LogShaderCompilers: Display: Shaders left to compile 2
[2019.01.16-18.42.52:204][468]TextureStreamingBuild: Display: Compiling optional shaders took 1.014 seconds.
[2019.01.16-18.42.54:438][664]MaterialEditorStats: Base pass shader: 104 instructions
[2019.01.16-18.42.54:438][664]MaterialEditorStats: Base pass shader with Volumetric Lightmap: 181 instructions
[2019.01.16-18.42.54:438][664]MaterialEditorStats: Base pass vertex shader: 36 instructions
[2019.01.16-18.42.54:438][664]MaterialEditorStats: Texture samplers: 6/16
[2019.01.16-18.42.54:438][664]MaterialEditorStats: Texture Lookups (Est.): VS(0), PS(3)
[2019.01.16-18.42.54:438][664]MaterialEditorStats: User interpolators: 2/4 Scalars (1/4 Vectors) (TexCoords: 2, Custom: 0)
[2019.01.16-18.42.58:389][102]LogSlate: FSceneViewport::OnFocusLost() reason 0
[2019.01.16-18.43.02:659][578]LogSlate: FSceneViewport::OnFocusLost() reason 0
[2019.01.16-18.43.05:869][932]LogSlate: FSceneViewport::OnFocusLost() reason 0
[2019.01.16-18.43.07:870][152]LogSlate: FSceneViewport::OnFocusLost() reason 0
[2019.01.16-18.43.15:780][ 71]LogSlate: FSceneViewport::OnFocusLost() reason 0
[2019.01.16-18.43.17:925][299]LogSlate: FSceneViewport::OnFocusLost() reason 0
[2019.01.16-18.43.23:371][905]LogSlate: FSceneViewport::OnFocusLost() reason 0
[2019.01.16-18.43.23:493][919]LogMaterialEditor: Saving and Compiling material Material_002
[2019.01.16-18.43.23:601][919]Cmd: OBJ SAVEPACKAGE PACKAGE="/Game/Models/David/Material_002" FILE="A:/test/SCollab-Proto/SP_Prototype/Content/Models/David/Material_002.uasset" SILENT=true
[2019.01.16-18.43.23:629][919]LogSavePackage: Moving 'A:/test/SCollab-Proto/SP_Prototype/Saved/Material_00218BCB4FB4799779011C43F967FD3303C.tmp' to 'A:/test/SCollab-Proto/SP_Prototype/Content/Models/David/Material_002.uasset'
[2019.01.16-18.43.25:153][ 65]LogSlate: Window 'Material_002' being destroyed
[2019.01.16-18.43.25:156][ 65]LogSlate: Window 'Material_002' being destroyed
[2019.01.16-18.43.28:702][464]LogEditorViewport: Clicking on Actor (LMB): StaticMeshActor (LP_barrel)
[2019.01.16-18.43.57:751][659]Cmd: TRANSACTION UNDO
[2019.01.16-18.43.57:751][659]LogEditorTransaction: Undo Move Actors
[2019.01.16-18.43.58:188][707]LogEditorViewport: Clicking on Actor (CTRL LMB): StaticMeshActor (LP_barrel4)
[2019.01.16-18.44.32:940][655]LogEditorViewport: Clicking on Actor (LMB): StaticMeshActor (LP_barrel)
[2019.01.16-18.45.11:710][686]LogSlate: FSceneViewport::OnFocusLost() reason 0
[2019.01.16-18.47.03:124][467]LogFactory: FactoryCreateFile: StaticMesh with FbxFactory (0 0 E:\Collab\David\16-01-19\David_LP_Palm_trees\David_LP_Palm_trees\Export\LP_Palm_tree.FBX)
[2019.01.16-18.47.03:131][467]LogFbx: Loading FBX Scene from E:\Collab\David\16-01-19\David_LP_Palm_trees\David_LP_Palm_trees\Export\LP_Palm_tree.FBX
[2019.01.16-18.47.03:136][467]LogFbx: FBX Scene Loaded Succesfully
[2019.01.16-18.47.04:218][467]LogSlate: Window 'FBX Import Options' being destroyed
[2019.01.16-18.47.04:242][467]LogMaterial: Display: Missing cached shader map for material Material, compiling. 
[2019.01.16-18.47.04:266][467]LogShaderCompilers: Display: Shaders left to compile 22
[2019.01.16-18.47.04:266][467]LogShaderCompilers: Display: Shaders left to compile 12
[2019.01.16-18.47.04:266][467]LogShaderCompilers: Display: Shaders left to compile 2
[2019.01.16-18.47.04:335][467]LogMaterial: Display: Missing cached shader map for material Material_001, compiling. 
[2019.01.16-18.47.04:343][467]LogShaderCompilers: Display: Shaders left to compile 22
[2019.01.16-18.47.04:356][467]LogFbx: Warning: Triangulating static mesh Cube.001
[2019.01.16-18.47.04:429][467]LogStaticMesh: Building static mesh LP_Palm_tree...
[2019.01.16-18.47.04:443][467]LogStaticMesh: Built static mesh [0.02s] /Game/Models/David/LP_Palm_tree.LP_Palm_tree
[2019.01.16-18.47.04:448][467]LogStaticMesh: Warning: LP_Palm_tree has degenerate tangent bases which will result in incorrect shading.  MikkTSpace relies on tangent bases and may result in mesh corruption, consider disabling this option.
[2019.01.16-18.47.04:449][467]LogStaticMesh: Warning: LP_Palm_tree has some nearly zero bi-normals which can create some issues. (Tolerance of 1E-4)
[2019.01.16-18.47.04:461][467]FBXImport: Warning: LP_Palm_tree has degenerate tangent bases which will result in incorrect shading.  MikkTSpace relies on tangent bases and may result in mesh corruption, consider disabling this option. 
[2019.01.16-18.47.04:461][467]FBXImport: Warning: LP_Palm_tree has some nearly zero bi-normals which can create some issues. (Tolerance of 1E-4) 
[2019.01.16-18.47.04:981][514]LogShaderCompilers: Display: Shaders left to compile 12
[2019.01.16-18.47.06:064][630]LogSlate: Window 'Message Log' being destroyed
[2019.01.16-18.47.06:068][630]LogSlate: Window 'Message Log' being destroyed
[2019.01.16-18.47.06:413][669]LogShaderCompilers: Display: Shaders left to compile 2
[2019.01.16-18.47.12:051][876]LogFactory: FactoryCreateFile: Texture with ReimportTextureFactory (0 0 E:\Collab\David\16-01-19\David_LP_Palm_trees\David_LP_Palm_trees\Textures\Palm tree_UVChannel_1_ao.tga)
[2019.01.16-18.47.12:080][876]LogTexture: Display: Building textures: Palm_tree_UVChannel_1_ao (AutoDXT, 1024X1024)
[2019.01.16-18.47.12:454][876]LogFactory: FactoryCreateFile: Texture with ReimportTextureFactory (0 0 E:\Collab\David\16-01-19\David_LP_Palm_trees\David_LP_Palm_trees\Textures\Palm tree_UVChannel_1_color.tga)
[2019.01.16-18.47.12:485][876]LogTexture: Display: Building textures: Palm_tree_UVChannel_1_color (AutoDXT, 1024X1024)
[2019.01.16-18.47.12:876][876]LogFactory: FactoryCreateFile: Texture with ReimportTextureFactory (0 0 E:\Collab\David\16-01-19\David_LP_Palm_trees\David_LP_Palm_trees\Textures\Palm tree_UVChannel_1_curvature.tga)
[2019.01.16-18.47.12:898][876]LogTexture: Display: Building textures: Palm_tree_UVChannel_1_curvature (AutoDXT, 1024X1024)
[2019.01.16-18.47.13:245][876]LogFactory: FactoryCreateFile: Texture with ReimportTextureFactory (0 0 E:\Collab\David\16-01-19\David_LP_Palm_trees\David_LP_Palm_trees\Textures\Palm tree_UVChannel_1_rough.tga)
[2019.01.16-18.47.13:266][876]LogTexture: Display: Building textures: Palm_tree_UVChannel_1_rough (AutoDXT, 1024X1024)
[2019.01.16-18.47.15:886][ 68]LogSlate: FSceneViewport::OnFocusLost() reason 0
[2019.01.16-18.47.15:986][ 77]LogActorFactory: Actor Factory created LP_Palm_tree
[2019.01.16-18.47.16:699][156]LogActorFactory: Actor Factory created LP_Palm_tree
[2019.01.16-18.47.37:117][704]LogSlate: FSceneViewport::OnFocusLost() reason 0
[2019.01.16-18.47.37:391][704]LogAssetEditorManager: Opening Asset editor for StaticMesh /Game/Models/David/LP_Palm_tree.LP_Palm_tree
[2019.01.16-18.47.37:690][704]LogRenderer: Reallocating scene render targets to support 1432x924 Format 10 NumSamples 1 (Frame:1).
[2019.01.16-18.48.39:845][800]LogEditorFactories: Performing atomic reimport of [E:/Collab/David/16-01-19/David_LP_Palm_trees/David_LP_Palm_trees/Export/LP_Palm_tree.FBX]
[2019.01.16-18.48.39:865][800]LogFbx: Loading FBX Scene from E:/Collab/David/16-01-19/David_LP_Palm_trees/David_LP_Palm_trees/Export/LP_Palm_tree.FBX
[2019.01.16-18.48.39:869][800]LogFbx: FBX Scene Loaded Succesfully
[2019.01.16-18.48.39:871][800]LogFbx: Warning: Triangulating static mesh Cube.001
[2019.01.16-18.48.39:902][800]LogStaticMesh: Building static mesh LP_Palm_tree...
[2019.01.16-18.48.39:916][800]LogStaticMesh: Built static mesh [0.01s] /Game/Models/David/LP_Palm_tree.LP_Palm_tree
[2019.01.16-18.48.39:918][800]LogStaticMesh: Warning: LP_Palm_tree has degenerate tangent bases which will result in incorrect shading.  MikkTSpace relies on tangent bases and may result in mesh corruption, consider disabling this option.
[2019.01.16-18.48.39:918][800]LogStaticMesh: Warning: LP_Palm_tree has some nearly zero bi-normals which can create some issues. (Tolerance of 1E-4)
[2019.01.16-18.48.39:926][800]LogEditorFactories: -- imported successfully
[2019.01.16-18.48.39:931][800]FBXImport: Warning: LP_Palm_tree has degenerate tangent bases which will result in incorrect shading.  MikkTSpace relies on tangent bases and may result in mesh corruption, consider disabling this option. 
[2019.01.16-18.48.39:931][800]FBXImport: Warning: LP_Palm_tree has some nearly zero bi-normals which can create some issues. (Tolerance of 1E-4) 
[2019.01.16-18.48.54:688][367]LogSlate: FSceneViewport::OnFocusLost() reason 0
[2019.01.16-18.48.55:484][459]LogMaterial: Display: Missing cached shader map for material Palm_tree_UVChannel_1_color_Mat, compiling. 
[2019.01.16-18.48.55:496][459]LogShaderCompilers: Display: Shaders left to compile 22
[2019.01.16-18.48.55:496][459]LogShaderCompilers: Display: Shaders left to compile 12
[2019.01.16-18.48.55:496][459]LogShaderCompilers: Display: Shaders left to compile 2
[2019.01.16-18.48.58:102][679]LogSlate: FSceneViewport::OnFocusLost() reason 0
[2019.01.16-18.49.03:340][267]LogSlate: FSceneViewport::OnFocusLost() reason 0
[2019.01.16-18.49.08:379][835]LogSlate: FSceneViewport::OnFocusLost() reason 0
[2019.01.16-18.49.33:313][665]LogSlate: FSceneViewport::OnFocusLost() reason 0
[2019.01.16-18.49.42:017][100]LogEditorFactories: Performing atomic reimport of [E:/Collab/David/16-01-19/David_LP_Palm_trees/David_LP_Palm_trees/Export/LP_Palm_tree.FBX]
[2019.01.16-18.49.42:035][100]LogFbx: Loading FBX Scene from E:/Collab/David/16-01-19/David_LP_Palm_trees/David_LP_Palm_trees/Export/LP_Palm_tree.FBX
[2019.01.16-18.49.42:039][100]LogFbx: FBX Scene Loaded Succesfully
[2019.01.16-18.49.42:041][100]LogFbx: Warning: Triangulating static mesh Cube.001
[2019.01.16-18.49.42:073][100]LogStaticMesh: Building static mesh LP_Palm_tree...
[2019.01.16-18.49.42:086][100]LogStaticMesh: Built static mesh [0.01s] /Game/Models/David/LP_Palm_tree.LP_Palm_tree
[2019.01.16-18.49.42:088][100]LogStaticMesh: Warning: LP_Palm_tree has degenerate tangent bases which will result in incorrect shading.  MikkTSpace relies on tangent bases and may result in mesh corruption, consider disabling this option.
[2019.01.16-18.49.42:088][100]LogStaticMesh: Warning: LP_Palm_tree has some nearly zero bi-normals which can create some issues. (Tolerance of 1E-4)
[2019.01.16-18.49.42:097][100]LogEditorFactories: -- imported successfully
[2019.01.16-18.49.42:102][100]FBXImport: Warning: LP_Palm_tree has degenerate tangent bases which will result in incorrect shading.  MikkTSpace relies on tangent bases and may result in mesh corruption, consider disabling this option. 
[2019.01.16-18.49.42:102][100]FBXImport: Warning: LP_Palm_tree has some nearly zero bi-normals which can create some issues. (Tolerance of 1E-4) 
[2019.01.16-18.49.50:146][973]LogSlate: FSceneViewport::OnFocusLost() reason 0
[2019.01.16-18.49.50:321][989]LogAssetEditorManager: Opening Asset editor for Material /Game/Models/David/Palm_tree_UVChannel_1_color_Mat.Palm_tree_UVChannel_1_color_Mat
[2019.01.16-18.49.50:324][989]LogMaterial: Display: Missing cached shader map for material Palm_tree_UVChannel_1_color_Mat, compiling. 
[2019.01.16-18.49.50:377][989]LogMaterial: Display: Missing cached shader map for material Palm_tree_UVChannel_1_color_Mat, compiling. 
[2019.01.16-18.49.50:386][989]LogMaterial: Display: Missing cached shader map for material Palm_tree_UVChannel_1_color_Mat, compiling. 
[2019.01.16-18.49.50:397][989]LogShaderCompilers: Display: Shaders left to compile 21
[2019.01.16-18.49.50:397][989]LogShaderCompilers: Display: Shaders left to compile 20
[2019.01.16-18.49.50:397][989]LogShaderCompilers: Display: Shaders left to compile 19
[2019.01.16-18.49.50:397][989]LogShaderCompilers: Display: Shaders left to compile 18
[2019.01.16-18.49.50:421][989]LogMaterial: Display: Missing cached shader map for material FMatExpressionPreview MaterialExpressionTextureSample_0, compiling. 
[2019.01.16-18.49.50:926][ 12]LogShaderCompilers: Display: Shaders left to compile 19
[2019.01.16-18.49.50:968][ 15]LogShaderCompilers: Display: Shaders left to compile 18
[2019.01.16-18.49.50:968][ 15]LogShaderCompilers: Display: Shaders left to compile 17
[2019.01.16-18.49.50:974][ 15]LogShaderCompilers: Display: Shaders left to compile 16
[2019.01.16-18.49.51:084][ 21]LogShaderCompilers: Display: Shaders left to compile 15
[2019.01.16-18.49.51:118][ 23]LogShaderCompilers: Display: Shaders left to compile 14
[2019.01.16-18.49.51:136][ 23]LogShaderCompilers: Display: Shaders left to compile 13
[2019.01.16-18.49.51:138][ 23]LogShaderCompilers: Display: Shaders left to compile 12
[2019.01.16-18.49.51:250][ 32]LogShaderCompilers: Display: Shaders left to compile 11
[2019.01.16-18.49.51:383][ 39]LogShaderCompilers: Display: Shaders left to compile 10
[2019.01.16-18.49.51:511][ 47]LogShaderCompilers: Display: Shaders left to compile 9
[2019.01.16-18.49.51:544][ 49]LogShaderCompilers: Display: Shaders left to compile 8
[2019.01.16-18.49.51:603][ 52]LogShaderCompilers: Display: Shaders left to compile 7
[2019.01.16-18.49.51:719][ 59]LogShaderCompilers: Display: Shaders left to compile 6
[2019.01.16-18.49.51:767][ 62]LogShaderCompilers: Display: Shaders left to compile 5
[2019.01.16-18.49.51:940][ 72]LogShaderCompilers: Display: Shaders left to compile 4
[2019.01.16-18.49.51:953][ 73]LogShaderCompilers: Display: Shaders left to compile 3
[2019.01.16-18.49.52:031][ 78]LogShaderCompilers: Display: Shaders left to compile 2
[2019.01.16-18.49.52:112][ 83]LogShaderCompilers: Display: Shaders left to compile 1
[2019.01.16-18.49.52:296][ 93]MaterialEditorStats: Base pass shader: 102 instructions
[2019.01.16-18.49.52:296][ 93]MaterialEditorStats: Base pass shader with Volumetric Lightmap: 175 instructions
[2019.01.16-18.49.52:296][ 93]MaterialEditorStats: Base pass vertex shader: 36 instructions
[2019.01.16-18.49.52:296][ 93]MaterialEditorStats: Texture samplers: 4/16
[2019.01.16-18.49.52:296][ 93]MaterialEditorStats: Texture Lookups (Est.): VS(0), PS(1)
[2019.01.16-18.49.52:297][ 93]MaterialEditorStats: User interpolators: 2/4 Scalars (1/4 Vectors) (TexCoords: 2, Custom: 0)
[2019.01.16-18.49.54:499][291]LogMaterial: Display: Missing cached shader map for material Palm_tree_UVChannel_1_color_Mat, compiling. 
[2019.01.16-18.49.54:509][291]LogMaterial: Display: Missing cached shader map for material FMatExpressionPreview MaterialExpressionTextureSample_1, compiling. 
[2019.01.16-18.49.54:518][291]LogShaderCompilers: Display: Shaders left to compile 23
[2019.01.16-18.49.54:518][291]LogShaderCompilers: Display: Shaders left to compile 22
[2019.01.16-18.49.54:518][291]LogShaderCompilers: Display: Shaders left to compile 21
[2019.01.16-18.49.54:518][291]LogShaderCompilers: Display: Shaders left to compile 20
[2019.01.16-18.49.54:542][291]LogMaterial: Display: Missing cached shader map for material FMatExpressionPreview MaterialExpressionTextureSample_0, compiling. 
[2019.01.16-18.49.54:546][291]LogMaterial: Display: Missing cached shader map for material FMatExpressionPreview MaterialExpressionTextureSample_1, compiling. 
[2019.01.16-18.49.54:715][298]LogShaderCompilers: Display: Shaders left to compile 21
[2019.01.16-18.49.54:715][298]LogShaderCompilers: Display: Shaders left to compile 20
[2019.01.16-18.49.54:728][299]LogShaderCompilers: Display: Shaders left to compile 19
[2019.01.16-18.49.54:728][299]LogShaderCompilers: Display: Shaders left to compile 18
[2019.01.16-18.49.54:863][307]LogShaderCompilers: Display: Shaders left to compile 17
[2019.01.16-18.49.54:879][308]LogShaderCompilers: Display: Shaders left to compile 16
[2019.01.16-18.49.54:894][309]LogShaderCompilers: Display: Shaders left to compile 15
[2019.01.16-18.49.54:894][309]LogShaderCompilers: Display: Shaders left to compile 14
[2019.01.16-18.49.55:034][318]LogShaderCompilers: Display: Shaders left to compile 13
[2019.01.16-18.49.55:128][323]LogShaderCompilers: Display: Shaders left to compile 12
[2019.01.16-18.49.55:264][331]LogShaderCompilers: Display: Shaders left to compile 11
[2019.01.16-18.49.55:285][332]LogShaderCompilers: Display: Shaders left to compile 10
[2019.01.16-18.49.55:388][338]LogShaderCompilers: Display: Shaders left to compile 9
[2019.01.16-18.49.55:476][343]LogShaderCompilers: Display: Shaders left to compile 8
[2019.01.16-18.49.55:497][344]LogShaderCompilers: Display: Shaders left to compile 7
[2019.01.16-18.49.55:687][353]LogShaderCompilers: Display: Shaders left to compile 6
[2019.01.16-18.49.55:713][355]LogShaderCompilers: Display: Shaders left to compile 5
[2019.01.16-18.49.55:799][359]LogShaderCompilers: Display: Shaders left to compile 4
[2019.01.16-18.49.55:848][363]LogShaderCompilers: Display: Shaders left to compile 3
[2019.01.16-18.49.55:940][369]LogShaderCompilers: Display: Shaders left to compile 2
[2019.01.16-18.49.56:037][373]LogShaderCompilers: Display: Shaders left to compile 1
[2019.01.16-18.49.56:059][374]MaterialEditorStats: Base pass shader: 102 instructions
[2019.01.16-18.49.56:059][374]MaterialEditorStats: Base pass shader with Volumetric Lightmap: 175 instructions
[2019.01.16-18.49.56:059][374]MaterialEditorStats: Base pass vertex shader: 36 instructions
[2019.01.16-18.49.56:059][374]MaterialEditorStats: Texture samplers: 4/16
[2019.01.16-18.49.56:059][374]MaterialEditorStats: Texture Lookups (Est.): VS(0), PS(1)
[2019.01.16-18.49.56:059][374]MaterialEditorStats: User interpolators: 2/4 Scalars (1/4 Vectors) (TexCoords: 2, Custom: 0)
[2019.01.16-18.49.56:549][416]LogMaterial: Display: Missing cached shader map for material Palm_tree_UVChannel_1_color_Mat, compiling. 
[2019.01.16-18.49.56:564][416]LogShaderCompilers: Display: Shaders left to compile 21
[2019.01.16-18.49.56:564][416]LogShaderCompilers: Display: Shaders left to compile 20
[2019.01.16-18.49.56:564][416]LogShaderCompilers: Display: Shaders left to compile 19
[2019.01.16-18.49.56:564][416]LogShaderCompilers: Display: Shaders left to compile 18
[2019.01.16-18.49.56:566][416]LogMaterial: Display: Missing cached shader map for material FMatExpressionPreview MaterialExpressionTextureSample_1, compiling. 
[2019.01.16-18.49.56:768][428]LogShaderCompilers: Display: Shaders left to compile 19
[2019.01.16-18.49.56:784][429]LogShaderCompilers: Display: Shaders left to compile 18
[2019.01.16-18.49.56:799][430]LogShaderCompilers: Display: Shaders left to compile 17
[2019.01.16-18.49.56:799][430]LogShaderCompilers: Display: Shaders left to compile 16
[2019.01.16-18.49.56:929][438]LogShaderCompilers: Display: Shaders left to compile 15
[2019.01.16-18.49.56:946][439]LogShaderCompilers: Display: Shaders left to compile 14
[2019.01.16-18.49.56:960][440]LogShaderCompilers: Display: Shaders left to compile 13
[2019.01.16-18.49.56:961][440]LogShaderCompilers: Display: Shaders left to compile 12
[2019.01.16-18.49.57:090][449]LogShaderCompilers: Display: Shaders left to compile 11
[2019.01.16-18.49.57:230][457]LogShaderCompilers: Display: Shaders left to compile 10
[2019.01.16-18.49.57:330][463]LogShaderCompilers: Display: Shaders left to compile 9
[2019.01.16-18.49.57:375][466]LogShaderCompilers: Display: Shaders left to compile 8
[2019.01.16-18.49.57:464][471]LogShaderCompilers: Display: Shaders left to compile 7
[2019.01.16-18.49.57:549][476]LogShaderCompilers: Display: Shaders left to compile 6
[2019.01.16-18.49.57:603][479]LogShaderCompilers: Display: Shaders left to compile 5
[2019.01.16-18.49.57:750][486]LogShaderCompilers: Display: Shaders left to compile 4
[2019.01.16-18.49.57:768][487]LogShaderCompilers: Display: Shaders left to compile 3
[2019.01.16-18.49.57:863][492]LogShaderCompilers: Display: Shaders left to compile 2
[2019.01.16-18.49.57:958][498]LogShaderCompilers: Display: Shaders left to compile 1
[2019.01.16-18.49.58:117][508]MaterialEditorStats: Base pass shader: 104 instructions
[2019.01.16-18.49.58:117][508]MaterialEditorStats: Base pass shader with Volumetric Lightmap: 177 instructions
[2019.01.16-18.49.58:117][508]MaterialEditorStats: Base pass vertex shader: 36 instructions
[2019.01.16-18.49.58:117][508]MaterialEditorStats: Texture samplers: 5/16
[2019.01.16-18.49.58:117][508]MaterialEditorStats: Texture Lookups (Est.): VS(0), PS(2)
[2019.01.16-18.49.58:117][508]MaterialEditorStats: User interpolators: 2/4 Scalars (1/4 Vectors) (TexCoords: 2, Custom: 0)
[2019.01.16-18.50.05:828][194]LogMaterial: Display: Missing cached shader map for material Palm_tree_UVChannel_1_color_Mat, compiling. 
[2019.01.16-18.50.05:838][194]LogMaterial: Display: Missing cached shader map for material FMatExpressionPreview MaterialExpressionTextureSample_2, compiling. 
[2019.01.16-18.50.05:845][194]LogShaderCompilers: Display: Shaders left to compile 23
[2019.01.16-18.50.05:845][194]LogShaderCompilers: Display: Shaders left to compile 22
[2019.01.16-18.50.05:845][194]LogShaderCompilers: Display: Shaders left to compile 21
[2019.01.16-18.50.05:845][194]LogShaderCompilers: Display: Shaders left to compile 20
[2019.01.16-18.50.05:869][194]LogMaterial: Display: Missing cached shader map for material FMatExpressionPreview MaterialExpressionTextureSample_0, compiling. 
[2019.01.16-18.50.05:874][194]LogMaterial: Display: Missing cached shader map for material FMatExpressionPreview MaterialExpressionTextureSample_1, compiling. 
[2019.01.16-18.50.05:878][194]LogMaterial: Display: Missing cached shader map for material FMatExpressionPreview MaterialExpressionTextureSample_2, compiling. 
[2019.01.16-18.50.06:034][200]LogShaderCompilers: Display: Shaders left to compile 23
[2019.01.16-18.50.06:048][201]LogShaderCompilers: Display: Shaders left to compile 22
[2019.01.16-18.50.06:048][201]LogShaderCompilers: Display: Shaders left to compile 21
[2019.01.16-18.50.06:048][201]LogShaderCompilers: Display: Shaders left to compile 20
[2019.01.16-18.50.06:202][211]LogShaderCompilers: Display: Shaders left to compile 19
[2019.01.16-18.50.06:217][212]LogShaderCompilers: Display: Shaders left to compile 18
[2019.01.16-18.50.06:221][212]LogShaderCompilers: Display: Shaders left to compile 17
[2019.01.16-18.50.06:234][213]LogShaderCompilers: Display: Shaders left to compile 16
[2019.01.16-18.50.06:362][221]LogShaderCompilers: Display: Shaders left to compile 15
[2019.01.16-18.50.06:470][227]LogShaderCompilers: Display: Shaders left to compile 14
[2019.01.16-18.50.06:586][233]LogShaderCompilers: Display: Shaders left to compile 13
[2019.01.16-18.50.06:618][235]LogShaderCompilers: Display: Shaders left to compile 12
[2019.01.16-18.50.06:710][240]LogShaderCompilers: Display: Shaders left to compile 11
[2019.01.16-18.50.06:812][246]LogShaderCompilers: Display: Shaders left to compile 10
[2019.01.16-18.50.06:855][246]LogShaderCompilers: Display: Shaders left to compile 9
[2019.01.16-18.50.06:991][255]LogShaderCompilers: Display: Shaders left to compile 8
[2019.01.16-18.50.07:030][256]LogShaderCompilers: Display: Shaders left to compile 7
[2019.01.16-18.50.07:118][260]LogShaderCompilers: Display: Shaders left to compile 6
[2019.01.16-18.50.07:170][264]LogShaderCompilers: Display: Shaders left to compile 5
[2019.01.16-18.50.07:259][270]LogShaderCompilers: Display: Shaders left to compile 4
[2019.01.16-18.50.07:332][274]LogShaderCompilers: Display: Shaders left to compile 3
[2019.01.16-18.50.07:354][275]MaterialEditorStats: Base pass shader: 104 instructions
[2019.01.16-18.50.07:354][275]MaterialEditorStats: Base pass shader with Volumetric Lightmap: 177 instructions
[2019.01.16-18.50.07:354][275]MaterialEditorStats: Base pass vertex shader: 36 instructions
[2019.01.16-18.50.07:354][275]MaterialEditorStats: Texture samplers: 5/16
[2019.01.16-18.50.07:354][275]MaterialEditorStats: Texture Lookups (Est.): VS(0), PS(2)
[2019.01.16-18.50.07:354][275]MaterialEditorStats: User interpolators: 2/4 Scalars (1/4 Vectors) (TexCoords: 2, Custom: 0)
[2019.01.16-18.50.07:387][277]LogShaderCompilers: Display: Shaders left to compile 2
[2019.01.16-18.50.07:407][278]LogShaderCompilers: Display: Shaders left to compile 1
[2019.01.16-18.50.07:505][282]LogMaterial: Display: Missing cached shader map for material Palm_tree_UVChannel_1_color_Mat, compiling. 
[2019.01.16-18.50.07:523][282]LogShaderCompilers: Display: Shaders left to compile 21
[2019.01.16-18.50.07:526][282]LogMaterial: Display: Missing cached shader map for material FMatExpressionPreview MaterialExpressionTextureSample_2, compiling. 
[2019.01.16-18.50.07:541][282]LogShaderCompilers: Display: Shaders left to compile 22
[2019.01.16-18.50.07:621][286]LogShaderCompilers: Display: Shaders left to compile 21
[2019.01.16-18.50.07:680][289]LogShaderCompilers: Display: Shaders left to compile 20
[2019.01.16-18.50.07:764][295]LogShaderCompilers: Display: Shaders left to compile 19
[2019.01.16-18.50.07:778][296]LogShaderCompilers: Display: Shaders left to compile 18
[2019.01.16-18.50.07:822][299]LogShaderCompilers: Display: Shaders left to compile 17
[2019.01.16-18.50.07:856][301]LogShaderCompilers: Display: Shaders left to compile 16
[2019.01.16-18.50.07:932][306]LogShaderCompilers: Display: Shaders left to compile 15
[2019.01.16-18.50.07:953][307]LogShaderCompilers: Display: Shaders left to compile 14
[2019.01.16-18.50.07:982][309]LogShaderCompilers: Display: Shaders left to compile 13
[2019.01.16-18.50.07:996][310]LogShaderCompilers: Display: Shaders left to compile 12
[2019.01.16-18.50.08:077][315]LogShaderCompilers: Display: Shaders left to compile 11
[2019.01.16-18.50.08:244][325]LogShaderCompilers: Display: Shaders left to compile 10
[2019.01.16-18.50.08:327][330]LogShaderCompilers: Display: Shaders left to compile 9
[2019.01.16-18.50.08:360][332]LogShaderCompilers: Display: Shaders left to compile 8
[2019.01.16-18.50.08:435][337]LogShaderCompilers: Display: Shaders left to compile 7
[2019.01.16-18.50.08:545][343]LogShaderCompilers: Display: Shaders left to compile 6
[2019.01.16-18.50.08:611][347]LogShaderCompilers: Display: Shaders left to compile 5
[2019.01.16-18.50.08:748][354]LogShaderCompilers: Display: Shaders left to compile 4
[2019.01.16-18.50.08:767][355]LogShaderCompilers: Display: Shaders left to compile 3
[2019.01.16-18.50.08:868][361]LogShaderCompilers: Display: Shaders left to compile 2
[2019.01.16-18.50.08:938][365]LogShaderCompilers: Display: Shaders left to compile 1
[2019.01.16-18.50.09:099][375]MaterialEditorStats: Base pass shader: 104 instructions
[2019.01.16-18.50.09:100][375]MaterialEditorStats: Base pass shader with Volumetric Lightmap: 181 instructions
[2019.01.16-18.50.09:100][375]MaterialEditorStats: Base pass vertex shader: 36 instructions
[2019.01.16-18.50.09:100][375]MaterialEditorStats: Texture samplers: 6/16
[2019.01.16-18.50.09:100][375]MaterialEditorStats: Texture Lookups (Est.): VS(0), PS(3)
[2019.01.16-18.50.09:100][375]MaterialEditorStats: User interpolators: 2/4 Scalars (1/4 Vectors) (TexCoords: 2, Custom: 0)
[2019.01.16-18.50.10:675][529]LogMaterial: Display: Missing cached shader map for material Palm_tree_UVChannel_1_color_Mat, compiling. 
[2019.01.16-18.50.10:688][529]LogWindows: Windows GetLastError: The operation completed successfully. (0)
[2019.01.16-18.50.10:688][529]LogShaderCompilers: Display: Shaders left to compile 21
[2019.01.16-18.50.10:688][529]LogShaderCompilers: Display: Shaders left to compile 20
[2019.01.16-18.50.10:688][529]LogShaderCompilers: Display: Shaders left to compile 19
[2019.01.16-18.50.10:688][529]LogShaderCompilers: Display: Shaders left to compile 18
[2019.01.16-18.50.12:878][530]LogShaderCompilers: Display: Shaders left to compile 17
[2019.01.16-18.50.12:878][530]LogShaderCompilers: Display: Shaders left to compile 16
[2019.01.16-18.50.12:878][530]LogShaderCompilers: Display: Shaders left to compile 15
[2019.01.16-18.50.12:878][530]LogShaderCompilers: Display: Shaders left to compile 14
[2019.01.16-18.50.12:878][530]LogShaderCompilers: Display: Shaders left to compile 13
[2019.01.16-18.50.12:878][530]LogShaderCompilers: Display: Shaders left to compile 12
[2019.01.16-18.50.12:878][530]LogShaderCompilers: Display: Shaders left to compile 11
[2019.01.16-18.50.12:878][530]LogShaderCompilers: Display: Shaders left to compile 10
[2019.01.16-18.50.12:878][530]LogShaderCompilers: Display: Shaders left to compile 9
[2019.01.16-18.50.12:878][530]LogShaderCompilers: Display: Shaders left to compile 8
[2019.01.16-18.50.12:878][530]LogShaderCompilers: Display: Shaders left to compile 7
[2019.01.16-18.50.12:878][530]LogShaderCompilers: Display: Shaders left to compile 6
[2019.01.16-18.50.12:878][530]LogShaderCompilers: Display: Shaders left to compile 5
[2019.01.16-18.50.12:878][530]LogShaderCompilers: Display: Shaders left to compile 4
[2019.01.16-18.50.12:878][530]LogShaderCompilers: Display: Shaders left to compile 3
[2019.01.16-18.50.12:878][530]LogShaderCompilers: Display: Shaders left to compile 2
[2019.01.16-18.50.12:878][530]LogShaderCompilers: Display: Shaders left to compile 1
[2019.01.16-18.50.12:878][530]LogWindows: Windows GetLastError: The operation completed successfully. (0)
[2019.01.16-18.50.12:878][530]LogWindows: Error: === Critical error: ===
[2019.01.16-18.50.12:878][530]LogWindows: Error: 
[2019.01.16-18.50.12:878][530]LogWindows: Error: Fatal error: [File:D:\Build\++UE4\Sync\Engine\Source\Runtime\RenderCore\Private\RenderingThread.cpp] [Line: 826] 
[2019.01.16-18.50.12:878][530]LogWindows: Error: Rendering thread exception:
[2019.01.16-18.50.12:878][530]LogWindows: Error: Assertion failed: bValid || !bFailOnInvalid [File:d:\build\++ue4\sync\engine\source\runtime\engine\public\MaterialShared.h] [Line: 868] 
[2019.01.16-18.50.12:878][530]LogWindows: Error: FMaterialShaderMap Palm_tree_UVChannel_1_color_Mat invalid for rendering: bCompilationFinalized: 1, bCompiledSuccessfully: 1, bDeletedThroughDeferredCleanup: 1
[2019.01.16-18.50.12:878][530]LogWindows: Error: 
[2019.01.16-18.50.12:878][530]LogWindows: Error: 
[2019.01.16-18.50.12:878][530]LogWindows: Error: [Callstack] 0x00007ffb5ff65299 KERNELBASE.dll!UnknownFunction []
[2019.01.16-18.50.12:879][530]LogWindows: Error: [Callstack] 0x00007ffae5346850 UE4Editor-ApplicationCore.dll!UnknownFunction []
[2019.01.16-18.50.12:879][530]LogWindows: Error: [Callstack] 0x00007ffae95862fc UE4Editor-Core.dll!UnknownFunction []
[2019.01.16-18.50.12:879][530]LogWindows: Error: [Callstack] 0x00007ffae95151db UE4Editor-Core.dll!UnknownFunction []
[2019.01.16-18.50.12:879][530]LogWindows: Error: [Callstack] 0x00007ffade0de94d UE4Editor-Renderer.dll!UnknownFunction []
[2019.01.16-18.50.12:879][530]LogWindows: Error: [Callstack] 0x00007ffade08aee8 UE4Editor-Renderer.dll!UnknownFunction []
[2019.01.16-18.50.12:879][530]LogWindows: Error: [Callstack] 0x00007ffadda9e105 UE4Editor-Renderer.dll!UnknownFunction []
[2019.01.16-18.50.12:879][530]LogWindows: Error: [Callstack] 0x00007ffadda00b8f UE4Editor-Renderer.dll!UnknownFunction []
[2019.01.16-18.50.12:879][530]LogWindows: Error: [Callstack] 0x00007ffadda018cc UE4Editor-Renderer.dll!UnknownFunction []
[2019.01.16-18.50.12:879][530]LogWindows: Error: [Callstack] 0x00007ffadda49544 UE4Editor-Renderer.dll!UnknownFunction []
[2019.01.16-18.50.12:879][530]LogWindows: Error: [Callstack] 0x00007ffadda87f79 UE4Editor-Renderer.dll!UnknownFunction []
[2019.01.16-18.50.12:879][530]LogWindows: Error: [Callstack] 0x00007ffadda87aaa UE4Editor-Renderer.dll!UnknownFunction []
[2019.01.16-18.50.12:879][530]LogWindows: Error: [Callstack] 0x00007ffaddb0a6f0 UE4Editor-Renderer.dll!UnknownFunction []
[2019.01.16-18.50.12:879][530]LogWindows: Error: [Callstack] 0x00007ffade036982 UE4Editor-Renderer.dll!UnknownFunction []
[2019.01.16-18.50.12:879][530]LogWindows: Error: [Callstack] 0x00007ffade008fb2 UE4Editor-Renderer.dll!UnknownFunction []
[2019.01.16-18.50.12:879][530]LogWindows: Error: [Callstack] 0x00007ffae93a1f92 UE4Editor-Core.dll!UnknownFunction []
[2019.01.16-18.50.12:879][530]LogWindows: Error: [Callstack] 0x00007ffae93a2456 UE4Editor-Core.dll!UnknownFunction []
[2019.01.16-18.50.12:879][530]LogWindows: Error: [Callstack] 0x00007ffae92b75f9 UE4Editor-RenderCore.dll!UnknownFunction []
[2019.01.16-18.50.12:879][530]LogWindows: Error: [Callstack] 0x00007ffae92b8574 UE4Editor-RenderCore.dll!UnknownFunction []
[2019.01.16-18.50.12:879][530]LogWindows: Error: [Callstack] 0x00007ffae97e6b7c UE4Editor-Core.dll!UnknownFunction []
[2019.01.16-18.50.12:879][530]LogWindows: Error: [Callstack] 0x00007ffae97e17c7 UE4Editor-Core.dll!UnknownFunction []
[2019.01.16-18.50.12:879][530]LogWindows: Error: [Callstack] 0x00007ffb62457e94 KERNEL32.DLL!UnknownFunction []
[2019.01.16-18.50.12:879][530]LogWindows: Error: [Callstack] 0x00007ffb6317a251 ntdll.dll!UnknownFunction []
[2019.01.16-18.50.12:879][530]LogWindows: Error: 
[2019.01.16-18.50.12:879][530]LogWindows: Error: 
[2019.01.16-18.50.12:879][530]LogWindows: Error: 
[2019.01.16-18.50.12:879][530]LogWindows: Error: 
[2019.01.16-18.50.12:892][530]LogExit: Executing StaticShutdownAfterError
[2019.01.16-18.50.12:907][530]LogWindows: FPlatformMisc::RequestExit(1)
[2019.01.16-18.50.12:917][530]Log file closed, 01/16/19 18:50:12
