Log file open, 09/22/18 13:00:18
LogWindows: Failed to load 'aqProf.dll' (GetLastError=126)
LogWindows: File 'aqProf.dll' does not exist
LogWindows: Failed to load 'VtuneApi.dll' (GetLastError=126)
LogWindows: File 'VtuneApi.dll' does not exist
LogWindows: Failed to load 'VtuneApi32e.dll' (GetLastError=126)
LogWindows: File 'VtuneApi32e.dll' does not exist
LogInit: Display: Running engine for game: SP_Prototype
LogPlatformFile: Not using cached read wrapper
LogInit: Display: RandInit(-953432886) SRandInit(-953432886).
LogInit: Read version file with build ID '3944462'
LogInit: Overriding engine version to CL 4033788, compatible CL 3944462
LogInit: Registered custom module enumerator with build ID '3944462'
LogTaskGraph: Started task graph with 5 named threads and 23 total threads with 3 sets of task threads.
LogStats: Stats thread started at 3.479075
LogD3D11RHI: Aftermath initialized
LogICUInternationalization: Display: ICU TimeZone Detection - Raw Offset: +0:00, Platform Override: ''
LogModuleManager: Display: Found up-to-date module file ../../../Engine/Plugins/2D/Paper2D/Binaries/Win64/UE4Editor-Paper2D.dll (API version 3944462).
LogModuleManager: Display: Found up-to-date module file ../../../Engine/Plugins/2D/Paper2D/Binaries/Win64/UE4Editor-Paper2DEditor.dll (API version 3944462).
LogModuleManager: Display: Found up-to-date module file ../../../Engine/Plugins/2D/Paper2D/Binaries/Win64/UE4Editor-PaperSpriteSheetImporter.dll (API version 3944462).
LogModuleManager: Display: Found up-to-date module file ../../../Engine/Plugins/2D/Paper2D/Binaries/Win64/UE4Editor-PaperTiledImporter.dll (API version 3944462).
LogModuleManager: Display: Found up-to-date module file ../../../Engine/Plugins/2D/Paper2D/Binaries/Win64/UE4Editor-SmartSnapping.dll (API version 3944462).
LogModuleManager: Display: Found up-to-date module file ../../../Engine/Plugins/Blendables/LightPropagationVolume/Binaries/Win64/UE4Editor-LightPropagationVolumeRuntime.dll (API version 3944462).
LogModuleManager: Display: Found up-to-date module file ../../../Engine/Plugins/Blendables/LightPropagationVolume/Binaries/Win64/UE4Editor-LightPropagationVolumeEditor.dll (API version 3944462).
LogModuleManager: Display: Found up-to-date module file ../../../Engine/Plugins/Developer/CLionSourceCodeAccess/Binaries/Win64/UE4Editor-CLionSourceCodeAccess.dll (API version 3944462).
LogModuleManager: Display: Found up-to-date module file ../../../Engine/Plugins/Developer/GitSourceControl/Binaries/Win64/UE4Editor-GitSourceControl.dll (API version 3944462).
LogModuleManager: Display: Found up-to-date module file ../../../Engine/Plugins/Developer/PerforceSourceControl/Binaries/Win64/UE4Editor-PerforceSourceControl.dll (API version 3944462).
LogModuleManager: Display: Found up-to-date module file ../../../Engine/Plugins/Developer/SubversionSourceControl/Binaries/Win64/UE4Editor-SubversionSourceControl.dll (API version 3944462).
LogModuleManager: Display: Found up-to-date module file ../../../Engine/Plugins/Developer/UObjectPlugin/Binaries/Win64/UE4Editor-UObjectPlugin.dll (API version 3944462).
LogModuleManager: Display: Found up-to-date module file ../../../Engine/Plugins/Developer/VisualStudioCodeSourceCodeAccess/Binaries/Win64/UE4Editor-VisualStudioCodeSourceCodeAccess.dll (API version 3944462).
LogModuleManager: Display: Found up-to-date module file ../../../Engine/Plugins/Developer/VisualStudioSourceCodeAccess/Binaries/Win64/UE4Editor-VisualStudioSourceCodeAccess.dll (API version 3944462).
LogModuleManager: Display: Found up-to-date module file ../../../Engine/Plugins/Editor/AssetManagerEditor/Binaries/Win64/UE4Editor-AssetManagerEditor.dll (API version 3944462).
LogModuleManager: Display: Found up-to-date module file ../../../Engine/Plugins/Editor/CryptoKeys/Binaries/Win64/UE4Editor-CryptoKeys.dll (API version 3944462).
LogModuleManager: Display: Found up-to-date module file ../../../Engine/Plugins/Editor/CryptoKeys/Binaries/Win64/UE4Editor-CryptoKeysOpenSSL.dll (API version 3944462).
LogModuleManager: Display: Found up-to-date module file ../../../Engine/Plugins/Editor/DataValidation/Binaries/Win64/UE4Editor-DataValidation.dll (API version 3944462).
LogModuleManager: Display: Found up-to-date module file ../../../Engine/Plugins/Editor/FacialAnimation/Binaries/Win64/UE4Editor-FacialAnimation.dll (API version 3944462).
LogModuleManager: Display: Found up-to-date module file ../../../Engine/Plugins/Editor/FacialAnimation/Binaries/Win64/UE4Editor-FacialAnimationEditor.dll (API version 3944462).
LogModuleManager: Display: Found up-to-date module file ../../../Engine/Plugins/Editor/GameplayTagsEditor/Binaries/Win64/UE4Editor-GameplayTagsEditor.dll (API version 3944462).
LogModuleManager: Display: Found up-to-date module file ../../../Engine/Plugins/Editor/MobileLauncherProfileWizard/Binaries/Win64/UE4Editor-MobileLauncherProfileWizard.dll (API version 3944462).
LogModuleManager: Display: Found up-to-date module file ../../../Engine/Plugins/Editor/PluginBrowser/Binaries/Win64/UE4Editor-PluginBrowser.dll (API version 3944462).
LogModuleManager: Display: Found up-to-date module file ../../../Engine/Plugins/Editor/SpeedTreeImporter/Binaries/Win64/UE4Editor-SpeedTreeImporter.dll (API version 3944462).
LogModuleManager: Display: Found up-to-date module file ../../../Engine/Plugins/Enterprise/DatasmithContent/Binaries/Win64/UE4Editor-DatasmithContent.dll (API version 3944462).
LogModuleManager: Display: Found up-to-date module file ../../../Engine/Plugins/Experimental/AlembicImporter/Binaries/Win64/UE4Editor-AlembicImporter.dll (API version 3944462).
LogModuleManager: Display: Found up-to-date module file ../../../Engine/Plugins/Experimental/AlembicImporter/Binaries/Win64/UE4Editor-AlembicLibrary.dll (API version 3944462).
LogModuleManager: Display: Found up-to-date module file ../../../Engine/Plugins/Experimental/CharacterAI/Binaries/Win64/UE4Editor-CharacterAI.dll (API version 3944462).
LogModuleManager: Display: Found up-to-date module file ../../../Engine/Plugins/Experimental/HTML5Networking/Binaries/Win64/UE4Editor-HTML5Networking.dll (API version 3944462).
LogModuleManager: Display: Found up-to-date module file ../../../Engine/Plugins/Media/AndroidMedia/Binaries/Win64/UE4Editor-AndroidMediaEditor.dll (API version 3944462).
LogModuleManager: Display: Found up-to-date module file ../../../Engine/Plugins/Media/AndroidMedia/Binaries/Win64/UE4Editor-AndroidMediaFactory.dll (API version 3944462).
LogModuleManager: Display: Found up-to-date module file ../../../Engine/Plugins/Media/AvfMedia/Binaries/Win64/UE4Editor-AvfMediaEditor.dll (API version 3944462).
LogModuleManager: Display: Found up-to-date module file ../../../Engine/Plugins/Media/AvfMedia/Binaries/Win64/UE4Editor-AvfMediaFactory.dll (API version 3944462).
LogModuleManager: Display: Found up-to-date module file ../../../Engine/Plugins/Media/AvfMedia/Binaries/Win64/UE4Editor-AvfMediaFactory.dll (API version 3944462).
LogModuleManager: Display: Found up-to-date module file ../../../Engine/Plugins/Media/ImgMedia/Binaries/Win64/UE4Editor-ImgMedia.dll (API version 3944462).
LogModuleManager: Display: Found up-to-date module file ../../../Engine/Plugins/Media/ImgMedia/Binaries/Win64/UE4Editor-ImgMediaEditor.dll (API version 3944462).
LogModuleManager: Display: Found up-to-date module file ../../../Engine/Plugins/Media/ImgMedia/Binaries/Win64/UE4Editor-ImgMediaFactory.dll (API version 3944462).
LogModuleManager: Display: Found up-to-date module file ../../../Engine/Plugins/Media/ImgMedia/Binaries/Win64/UE4Editor-ImgMediaFactory.dll (API version 3944462).
LogModuleManager: Display: Found up-to-date module file ../../../Engine/Plugins/Media/ImgMedia/Binaries/Win64/UE4Editor-OpenExrWrapper.dll (API version 3944462).
LogModuleManager: Display: Found up-to-date module file ../../../Engine/Plugins/Media/LinearTimecode/Binaries/Win64/UE4Editor-LinearTimecode.dll (API version 3944462).
LogModuleManager: Display: Found up-to-date module file ../../../Engine/Plugins/Media/MediaCompositing/Binaries/Win64/UE4Editor-MediaCompositing.dll (API version 3944462).
LogModuleManager: Display: Found up-to-date module file ../../../Engine/Plugins/Media/MediaCompositing/Binaries/Win64/UE4Editor-MediaCompositingEditor.dll (API version 3944462).
LogModuleManager: Display: Found up-to-date module file ../../../Engine/Plugins/Media/MediaPlayerEditor/Binaries/Win64/UE4Editor-MediaPlayerEditor.dll (API version 3944462).
LogModuleManager: Display: Found up-to-date module file ../../../Engine/Plugins/Media/WmfMedia/Binaries/Win64/UE4Editor-WmfMedia.dll (API version 3944462).
LogModuleManager: Display: Found up-to-date module file ../../../Engine/Plugins/Media/WmfMedia/Binaries/Win64/UE4Editor-WmfMediaEditor.dll (API version 3944462).
LogModuleManager: Display: Found up-to-date module file ../../../Engine/Plugins/Media/WmfMedia/Binaries/Win64/UE4Editor-WmfMediaFactory.dll (API version 3944462).
LogModuleManager: Display: Found up-to-date module file ../../../Engine/Plugins/Media/WmfMedia/Binaries/Win64/UE4Editor-WmfMediaFactory.dll (API version 3944462).
LogModuleManager: Display: Found up-to-date module file ../../../Engine/Plugins/Messaging/TcpMessaging/Binaries/Win64/UE4Editor-TcpMessaging.dll (API version 3944462).
LogModuleManager: Display: Found up-to-date module file ../../../Engine/Plugins/Messaging/UdpMessaging/Binaries/Win64/UE4Editor-UdpMessaging.dll (API version 3944462).
LogModuleManager: Display: Found up-to-date module file ../../../Engine/Plugins/MovieScene/ActorSequence/Binaries/Win64/UE4Editor-ActorSequence.dll (API version 3944462).
LogModuleManager: Display: Found up-to-date module file ../../../Engine/Plugins/MovieScene/LevelSequenceEditor/Binaries/Win64/UE4Editor-LevelSequenceEditor.dll (API version 3944462).
LogModuleManager: Display: Found up-to-date module file ../../../Engine/Plugins/MovieScene/MatineeToLevelSequence/Binaries/Win64/UE4Editor-MatineeToLevelSequence.dll (API version 3944462).
LogModuleManager: Display: Found up-to-date module file ../../../Engine/Plugins/NetcodeUnitTest/NetcodeUnitTest/Binaries/Win64/UE4Editor-NetcodeUnitTest.dll (API version 3944462).
LogModuleManager: Display: Found up-to-date module file ../../../Engine/Plugins/NetcodeUnitTest/NUTUnrealEngine4/Binaries/Win64/UE4Editor-NUTUnrealEngine4.dll (API version 3944462).
LogModuleManager: Display: Found up-to-date module file ../../../Engine/Plugins/Online/OnlineSubsystem/Binaries/Win64/UE4Editor-OnlineSubsystem.dll (API version 3944462).
LogModuleManager: Display: Found up-to-date module file ../../../Engine/Plugins/Runtime/AndroidPermission/Binaries/Win64/UE4Editor-AndroidPermission.dll (API version 3944462).
LogModuleManager: Display: Found up-to-date module file ../../../Engine/Plugins/Online/OnlineSubsystemNull/Binaries/Win64/UE4Editor-OnlineSubsystemNull.dll (API version 3944462).
LogModuleManager: Display: Found up-to-date module file ../../../Engine/Plugins/Online/OnlineSubsystemUtils/Binaries/Win64/UE4Editor-OnlineSubsystemUtils.dll (API version 3944462).
LogModuleManager: Display: Found up-to-date module file ../../../Engine/Plugins/Online/OnlineSubsystemUtils/Binaries/Win64/UE4Editor-OnlineBlueprintSupport.dll (API version 3944462).
LogModuleManager: Display: Found up-to-date module file ../../../Engine/Plugins/Runtime/AndroidDeviceProfileSelector/Binaries/Win64/UE4Editor-AndroidDeviceProfileSelector.dll (API version 3944462).
LogModuleManager: Display: Found up-to-date module file ../../../Engine/Plugins/Runtime/AppleARKit/Binaries/Win64/UE4Editor-AppleARKit.dll (API version 3944462).
LogModuleManager: Display: Found up-to-date module file ../../../Engine/Plugins/Runtime/ProceduralMeshComponent/Binaries/Win64/UE4Editor-ProceduralMeshComponent.dll (API version 3944462).
LogModuleManager: Display: Found up-to-date module file ../../../Engine/Plugins/Runtime/ProceduralMeshComponent/Binaries/Win64/UE4Editor-ProceduralMeshComponentEditor.dll (API version 3944462).
LogModuleManager: Display: Found up-to-date module file ../../../Engine/Plugins/Animation/LiveLink/Binaries/Win64/UE4Editor-LiveLink.dll (API version 3944462).
LogModuleManager: Display: Found up-to-date module file ../../../Engine/Plugins/Animation/LiveLink/Binaries/Win64/UE4Editor-LiveLinkEditor.dll (API version 3944462).
LogModuleManager: Display: Found up-to-date module file ../../../Engine/Plugins/Runtime/ArchVisCharacter/Binaries/Win64/UE4Editor-ArchVisCharacter.dll (API version 3944462).
LogModuleManager: Display: Found up-to-date module file ../../../Engine/Plugins/Runtime/AudioCapture/Binaries/Win64/UE4Editor-AudioCapture.dll (API version 3944462).
LogModuleManager: Display: Found up-to-date module file ../../../Engine/Plugins/Runtime/AudioCapture/Binaries/Win64/UE4Editor-AudioCaptureEditor.dll (API version 3944462).
LogModuleManager: Display: Found up-to-date module file ../../../Engine/Plugins/Runtime/CableComponent/Binaries/Win64/UE4Editor-CableComponent.dll (API version 3944462).
LogModuleManager: Display: Found up-to-date module file ../../../Engine/Plugins/Runtime/CustomMeshComponent/Binaries/Win64/UE4Editor-CustomMeshComponent.dll (API version 3944462).
LogModuleManager: Display: Found up-to-date module file ../../../Engine/Plugins/Runtime/ExampleDeviceProfileSelector/Binaries/Win64/UE4Editor-ExampleDeviceProfileSelector.dll (API version 3944462).
LogModuleManager: Display: Found up-to-date module file ../../../Engine/Plugins/Runtime/ImmediatePhysics/Binaries/Win64/UE4Editor-ImmediatePhysics.dll (API version 3944462).
LogModuleManager: Display: Found up-to-date module file ../../../Engine/Plugins/Runtime/ImmediatePhysics/Binaries/Win64/UE4Editor-ImmediatePhysicsEditor.dll (API version 3944462).
LogModuleManager: Display: Found up-to-date module file ../../../Engine/Plugins/Runtime/LocationServicesBPLibrary/Binaries/Win64/UE4Editor-LocationServicesBPLibrary.dll (API version 3944462).
LogModuleManager: Display: Found up-to-date module file ../../../Engine/Plugins/Runtime/MobilePatchingUtils/Binaries/Win64/UE4Editor-MobilePatchingUtils.dll (API version 3944462).
LogModuleManager: Display: Found up-to-date module file ../../../Engine/Plugins/Runtime/Oculus/OculusVR/Binaries/Win64/UE4Editor-OculusHMD.dll (API version 3944462).
LogModuleManager: Display: Found up-to-date module file ../../../Engine/Plugins/Runtime/Oculus/OculusVR/Binaries/Win64/UE4Editor-OculusInput.dll (API version 3944462).
LogModuleManager: Display: Found up-to-date module file ../../../Engine/Plugins/Runtime/Oculus/OculusVR/Binaries/Win64/UE4Editor-OculusEditor.dll (API version 3944462).
LogModuleManager: Display: Found up-to-date module file ../../../Engine/Plugins/Runtime/PhysXVehicles/Binaries/Win64/UE4Editor-PhysXVehicles.dll (API version 3944462).
LogModuleManager: Display: Found up-to-date module file ../../../Engine/Plugins/Runtime/PhysXVehicles/Binaries/Win64/UE4Editor-PhysXVehiclesEditor.dll (API version 3944462).
LogModuleManager: Display: Found up-to-date module file ../../../Engine/Plugins/Runtime/RuntimePhysXCooking/Binaries/Win64/UE4Editor-RuntimePhysXCooking.dll (API version 3944462).
LogModuleManager: Display: Found up-to-date module file ../../../Engine/Plugins/Runtime/Steam/SteamVR/Binaries/Win64/UE4Editor-SteamVR.dll (API version 3944462).
LogModuleManager: Display: Found up-to-date module file ../../../Engine/Plugins/Runtime/Steam/SteamVR/Binaries/Win64/UE4Editor-SteamVRController.dll (API version 3944462).
LogModuleManager: Display: Found up-to-date module file ../../../Engine/Plugins/Runtime/WindowsMoviePlayer/Binaries/Win64/UE4Editor-WindowsMoviePlayer.dll (API version 3944462).
LogPluginManager: Mounting plugin Paper2D
LogPluginManager: Mounting plugin LiveLink
LogPluginManager: Mounting plugin LightPropagationVolume
LogPluginManager: Mounting plugin CLionSourceCodeAccess
LogPluginManager: Mounting plugin CodeLiteSourceCodeAccess
LogPluginManager: Mounting plugin GitSourceControl
LogPluginManager: Mounting plugin KDevelopSourceCodeAccess
LogPluginManager: Mounting plugin NullSourceCodeAccess
LogPluginManager: Mounting plugin PerforceSourceControl
LogPluginManager: Mounting plugin SubversionSourceControl
LogPluginManager: Mounting plugin UObjectPlugin
LogPluginManager: Mounting plugin VisualStudioCodeSourceCodeAccess
LogPluginManager: Mounting plugin VisualStudioSourceCodeAccess
LogPluginManager: Mounting plugin XCodeSourceCodeAccess
LogPluginManager: Mounting plugin AssetManagerEditor
LogPluginManager: Mounting plugin CryptoKeys
LogPluginManager: Mounting plugin DataValidation
LogPluginManager: Mounting plugin FacialAnimation
LogPluginManager: Mounting plugin GameplayTagsEditor
LogPluginManager: Mounting plugin MobileLauncherProfileWizard
LogPluginManager: Mounting plugin PluginBrowser
LogPluginManager: Mounting plugin SpeedTreeImporter
LogPluginManager: Mounting plugin DatasmithContent
LogPluginManager: Mounting plugin AlembicImporter
LogPluginManager: Mounting plugin CharacterAI
LogPluginManager: Mounting plugin HTML5Networking
LogPluginManager: Mounting plugin AndroidMedia
LogPluginManager: Mounting plugin AvfMedia
LogPluginManager: Mounting plugin ImgMedia
LogPluginManager: Mounting plugin LinearTimecode
LogPluginManager: Mounting plugin MediaCompositing
LogPluginManager: Mounting plugin MediaPlayerEditor
LogPluginManager: Mounting plugin WmfMedia
LogPluginManager: Mounting plugin TcpMessaging
LogPluginManager: Mounting plugin UdpMessaging
LogPluginManager: Mounting plugin ActorSequence
LogPluginManager: Mounting plugin LevelSequenceEditor
LogPluginManager: Mounting plugin MatineeToLevelSequence
LogPluginManager: Mounting plugin NetcodeUnitTest
LogPluginManager: Mounting plugin NUTUnrealEngine4
LogPluginManager: Mounting plugin OnlineSubsystemGooglePlay
LogPluginManager: Mounting plugin OnlineSubsystemIOS
LogPluginManager: Mounting plugin OnlineSubsystem
LogPluginManager: Mounting plugin OnlineSubsystemNull
LogPluginManager: Mounting plugin OnlineSubsystemUtils
LogPluginManager: Mounting plugin AndroidDeviceProfileSelector
LogPluginManager: Mounting plugin AndroidMoviePlayer
LogPluginManager: Mounting plugin AndroidPermission
LogPluginManager: Mounting plugin AppleARKit
LogPluginManager: Mounting plugin AppleMoviePlayer
LogPluginManager: Mounting plugin ArchVisCharacter
LogPluginManager: Mounting plugin AudioCapture
LogPluginManager: Mounting plugin CableComponent
LogPluginManager: Mounting plugin CustomMeshComponent
LogPluginManager: Mounting plugin ExampleDeviceProfileSelector
LogPluginManager: Mounting plugin GoogleCloudMessaging
LogPluginManager: Mounting plugin ImmediatePhysics
LogPluginManager: Mounting plugin IOSDeviceProfileSelector
LogPluginManager: Mounting plugin LinuxDeviceProfileSelector
LogPluginManager: Mounting plugin LocationServicesBPLibrary
LogPluginManager: Mounting plugin MobilePatchingUtils
LogPluginManager: Mounting plugin OculusVR
LogPluginManager: Plugin shader directory ../../../Engine/Plugins/Runtime/Oculus/OculusVR/Shaders found
LogPluginManager: Mapping shader source directory ../../../Engine/Plugins/Runtime/Oculus/OculusVR/Shaders to virtual directory /Plugin/OculusVR
LogPluginManager: Mounting plugin PhysXVehicles
LogPluginManager: Mounting plugin ProceduralMeshComponent
LogPluginManager: Mounting plugin RuntimePhysXCooking
LogPluginManager: Mounting plugin SteamVR
LogPluginManager: Mounting plugin WindowsMoviePlayer
LogStreaming: Display: Took  2.759s to configure plugins.
LogInit: Using libcurl 7.47.1
LogInit:  - built for x86_64-pc-win32
LogInit:  - supports SSL with OpenSSL/1.0.2g
LogInit:  - supports HTTP deflate (compression) using libz 1.2.8
LogInit:  - other features:
LogInit:      CURL_VERSION_SSL
LogInit:      CURL_VERSION_LIBZ
LogInit:      CURL_VERSION_IPV6
LogInit:      CURL_VERSION_ASYNCHDNS
LogInit:      CURL_VERSION_LARGEFILE
LogInit:      CURL_VERSION_IDN
LogInit:  CurlRequestOptions (configurable via config and command line):
LogInit:  - bVerifyPeer = false  - Libcurl will NOT verify peer certificate
LogInit:  - bUseHttpProxy = false  - Libcurl will NOT use HTTP proxy
LogInit:  - bDontReuseConnections = false  - Libcurl will reuse connections
LogInit:  - CertBundlePath = nullptr  - Libcurl will use whatever was configured at build time.
LogInit:  - MaxHostConnections = 16  - Libcurl will limit the number of connections to a host
LogInit:  - LocalHostAddr = Default
LogInit: WinSock: version 1.1 (2.2), MaxSocks=32767, MaxUdp=65467
LogInit: WinSock: I am Tony-PC (192.168.0.5:0)
LogInit: Build: ++UE4+Release-4.19-CL-4033788
LogInit: Engine Version: 4.19.2-4033788+++UE4+Release-4.19
LogInit: Compatible Engine Version: 4.19.0-3944462+++UE4+Release-4.19
LogInit: Net CL: 3944462
LogDevObjectVersion: Number of dev versions registered: 18
LogDevObjectVersion:   Dev-Blueprints (B0D832E4-1F89-4F0D-ACCF-7EB736FD4AA2): 10
LogDevObjectVersion:   Dev-Build (E1C64328-A22C-4D53-A36C-8E866417BD8C): 0
LogDevObjectVersion:   Dev-Core (375EC13C-06E4-48FB-B500-84F0262A717E): 2
LogDevObjectVersion:   Dev-Editor (E4B068ED-F494-42E9-A231-DA0B2E46BB41): 23
LogDevObjectVersion:   Dev-Framework (CFFC743F-43B0-4480-9391-14DF171D2073): 33
LogDevObjectVersion:   Dev-Mobile (B02B49B5-BB20-44E9-A304-32B752E40360): 2
LogDevObjectVersion:   Dev-Networking (A4E4105C-59A1-49B5-A7C5-40C4547EDFEE): 0
LogDevObjectVersion:   Dev-Online (39C831C9-5AE6-47DC-9A44-9C173E1C8E7C): 0
LogDevObjectVersion:   Dev-Physics (78F01B33-EBEA-4F98-B9B4-84EACCB95AA2): 0
LogDevObjectVersion:   Dev-Platform (6631380F-2D4D-43E0-8009-CF276956A95A): 0
LogDevObjectVersion:   Dev-Rendering (12F88B9F-8875-4AFC-A67C-D90C383ABD29): 25
LogDevObjectVersion:   Dev-Sequencer (7B5AE74C-D270-4C10-A958-57980B212A5A): 6
LogDevObjectVersion:   Dev-VR (D7296918-1DD6-4BDD-9DE2-64A83CC13884): 1
LogDevObjectVersion:   Dev-LoadTimes (C2A15278-BFE7-4AFE-6C17-90FF531DF755): 1
LogDevObjectVersion:   Private-Geometry (6EACA3D4-40EC-4CC1-B786-8BED09428FC5): 2
LogDevObjectVersion:   Dev-AnimPhys (29E575DD-E0A3-4627-9D10-D276232CDCEA): 16
LogDevObjectVersion:   Dev-ReflectionCapture (6B266CEC-1EC7-4B8F-A30B-E4D90942FC07): 1
LogDevObjectVersion:   Dev-Automation (0DF73D61-A23F-47EA-B727-89E90C41499A): 1
LogInit: Compiled (64-bit): Apr 27 2018 02:06:57
LogInit: Compiled with Visual C++: 19.00.24215.01
LogInit: Build Configuration: Development
LogInit: Branch Name: ++UE4+Release-4.19
LogInit: Command Line:  
LogInit: Base Directory: E:/Program Files/UE_4.19/Engine/Binaries/Win64/
LogInit: Installed Engine Build: 1
LogStreaming: Display: Took  0.000s to delete old logs.
LogInit: Presizing for max 8388607 objects, including 0 objects not considered by GC, pre-allocating 0 bytes for permanent pool.
LogInit: Object subsystem initialized
[2018.09.22-12.00.22:315][  0]LogInit: Selected Device Profile: [Windows]
[2018.09.22-12.00.22:315][  0]LogInit: Applying CVar settings loaded from the selected device profile: [Windows]
[2018.09.22-12.00.22:445][  0]LogInit: Computer: TONY-PC
[2018.09.22-12.00.22:445][  0]LogInit: User: Tony
[2018.09.22-12.00.22:445][  0]LogInit: CPU Page size=4096, Cores=4
[2018.09.22-12.00.22:445][  0]LogInit: High frequency timer resolution =3.417974 MHz
[2018.09.22-12.00.22:445][  0]LogMemory: Memory total: Physical=15.9GB (16GB approx)
[2018.09.22-12.00.22:445][  0]LogMemory: Platform Memory Stats for Windows
[2018.09.22-12.00.22:445][  0]LogMemory: Process Physical Memory: 274.18 MB used, 274.18 MB peak
[2018.09.22-12.00.22:445][  0]LogMemory: Process Virtual Memory: 264.90 MB used, 264.90 MB peak
[2018.09.22-12.00.22:445][  0]LogMemory: Physical Memory: 5245.46 MB used,  11087.13 MB free, 16332.59 MB total
[2018.09.22-12.00.22:445][  0]LogMemory: Virtual Memory: 4781.09 MB used,  11087.13 MB free, 134217728.00 MB total
[2018.09.22-12.00.23:136][  0]LogInit: Using OS detected language (en-GB).
[2018.09.22-12.00.23:136][  0]LogInit: Using OS detected locale (en-GB).
[2018.09.22-12.00.23:280][  0]LogTextLocalizationManager: No specific localization for 'en-GB' exists, so the 'en' localization will be used.
[2018.09.22-12.00.24:027][  0]LogStreaming: Display: Took  0.878s to EndInitTextLocalization.
[2018.09.22-12.00.24:058][  0]LogInit: Setting process to per monitor DPI aware
[2018.09.22-12.00.24:570][  0]LogSlate: New Slate User Created.  User Index 0, Is Virtual User: 0
[2018.09.22-12.00.24:570][  0]LogSlate: Slate User Registered.  User Index 0, Is Virtual User: 0
[2018.09.22-12.00.25:079][  0]LogD3D11RHI: D3D11 adapters:
[2018.09.22-12.00.25:136][  0]LogD3D11RHI:    0. 'NVIDIA GeForce GTX 970' (Feature Level 11_0)
[2018.09.22-12.00.25:136][  0]LogD3D11RHI:       4043/0/8166 MB DedicatedVideo/DedicatedSystem/SharedSystem, Outputs:2, VendorId:0x10de
[2018.09.22-12.00.25:138][  0]LogD3D11RHI:    1. 'Microsoft Basic Render Driver' (Feature Level 11_0)
[2018.09.22-12.00.25:138][  0]LogD3D11RHI:       0/0/8166 MB DedicatedVideo/DedicatedSystem/SharedSystem, Outputs:0, VendorId:0x1414
[2018.09.22-12.00.25:138][  0]LogD3D11RHI: Chosen D3D11 Adapter: 0
[2018.09.22-12.00.25:143][  0]LogD3D11RHI: Creating new Direct3DDevice
[2018.09.22-12.00.25:144][  0]LogD3D11RHI:     GPU DeviceId: 0x13c2 (for the marketing name, search the web for "GPU Device Id")
[2018.09.22-12.00.25:144][  0]LogWindows: EnumDisplayDevices:
[2018.09.22-12.00.25:144][  0]LogWindows:    0. 'NVIDIA GeForce GTX 970' (P:1 D:1)
[2018.09.22-12.00.25:144][  0]LogWindows:    1. 'NVIDIA GeForce GTX 970' (P:0 D:1)
[2018.09.22-12.00.25:144][  0]LogWindows:    2. 'NVIDIA GeForce GTX 970' (P:0 D:0)
[2018.09.22-12.00.25:144][  0]LogWindows:    3. 'NVIDIA GeForce GTX 970' (P:0 D:0)
[2018.09.22-12.00.25:144][  0]LogWindows: DebugString: GetVideoDriverDetailsInvalid PrimaryIsNotTheChoosenAdapter GetVideoDriverDetailsInvalid PrimaryIsNotTheChoosenAdapter GetVideoDriverDetailsInvalid PrimaryIsNotTheChoosenAdapter GetVideoDriverDetailsInvalid PrimaryIsNotTheChoosenAdapter FoundDriverCount:0 
[2018.09.22-12.00.25:144][  0]LogD3D11RHI:     Adapter Name: NVIDIA GeForce GTX 970
[2018.09.22-12.00.25:144][  0]LogD3D11RHI:   Driver Version: Unknown (internal:Unknown, unified:Unknown)
[2018.09.22-12.00.25:144][  0]LogD3D11RHI:      Driver Date: Unknown
[2018.09.22-12.00.25:144][  0]LogRHI: Texture pool is 2830 MB (70% of 4043 MB)
[2018.09.22-12.00.25:193][  0]LogD3D11RHI: [Aftermath] Aftermath enabled and primed
[2018.09.22-12.00.25:193][  0]LogD3D11RHI: [Aftermath] Aftermath enabled and primed
[2018.09.22-12.00.25:193][  0]LogD3D11RHI: Async texture creation enabled
[2018.09.22-12.00.25:416][  0]LogD3D11RHI: GPU Timing Frequency: 1000.000000 (Debug: 2 2)
[2018.09.22-12.00.25:468][  0]LogShaderCompilers: Guid format shader working directory is -12 characters bigger than the processId version (../../../../../My Documents/Unreal Projects/SP_Prototype/Intermediate/Shaders/WorkingDirectory/15388/).
[2018.09.22-12.00.25:471][  0]LogShaderCompilers: Cleaned the shader compiler working directory 'C:/Users/Tony/AppData/Local/Temp/UnrealShaderWorkingDir/4DBAC8DE4DF58E2243A50BBB6DEEAE1C/'.
[2018.09.22-12.00.26:331][  0]LogTemp: Display: Loaded TP AllDesktopTargetPlatform
[2018.09.22-12.00.26:354][  0]LogTemp: Display: Loaded TP MacClientTargetPlatform
[2018.09.22-12.00.26:368][  0]LogTemp: Display: Loaded TP MacNoEditorTargetPlatform
[2018.09.22-12.00.26:384][  0]LogTemp: Display: Loaded TP MacServerTargetPlatform
[2018.09.22-12.00.26:416][  0]LogTemp: Display: Loaded TP MacTargetPlatform
[2018.09.22-12.00.26:438][  0]LogTemp: Display: Loaded TP WindowsClientTargetPlatform
[2018.09.22-12.00.26:450][  0]LogTemp: Display: Loaded TP WindowsNoEditorTargetPlatform
[2018.09.22-12.00.26:466][  0]LogTemp: Display: Loaded TP WindowsServerTargetPlatform
[2018.09.22-12.00.26:472][  0]LogTemp: Display: Loaded TP WindowsTargetPlatform
[2018.09.22-12.00.26:495][  0]LogTemp: Display: Loaded TP Android_ASTCTargetPlatform
[2018.09.22-12.00.26:511][  0]LogTemp: Display: Loaded TP Android_ATCTargetPlatform
[2018.09.22-12.00.26:530][  0]LogTemp: Display: Loaded TP Android_DXTTargetPlatform
[2018.09.22-12.00.26:557][  0]LogTemp: Display: Loaded TP Android_ETC1aTargetPlatform
[2018.09.22-12.00.26:577][  0]LogTemp: Display: Loaded TP Android_ETC1TargetPlatform
[2018.09.22-12.00.26:596][  0]LogTemp: Display: Loaded TP Android_ETC2TargetPlatform
[2018.09.22-12.00.26:668][  0]LogTemp: Display: Loaded TP Android_MultiTargetPlatform
[2018.09.22-12.00.26:668][  0]LogTemp: Display: Loaded TP Android_PVRTCTargetPlatform
[2018.09.22-12.00.26:737][  0]LogTemp: Display: Loaded TP AndroidTargetPlatform
[2018.09.22-12.00.26:749][  0]LogTemp: Display: Loaded TP HTML5TargetPlatform
[2018.09.22-12.00.26:871][  0]LogTemp: Display: Loaded TP IOSTargetPlatform
[2018.09.22-12.00.26:886][  0]LogTemp: Display: Loaded TP TVOSTargetPlatform
[2018.09.22-12.00.26:906][  0]LogTemp: Display: Loaded TP LinuxClientTargetPlatform
[2018.09.22-12.00.26:924][  0]LogTemp: Display: Loaded TP LinuxNoEditorTargetPlatform
[2018.09.22-12.00.26:960][  0]LogTemp: Display: Loaded TP LinuxServerTargetPlatform
[2018.09.22-12.00.27:023][  0]LogTemp: Display: Loaded TP LinuxTargetPlatform
[2018.09.22-12.00.27:023][  0]LogTargetPlatformManager: Display: Building Assets For Windows
[2018.09.22-12.00.27:614][  0]LogXGEController: Cleaning working directory: C:/Users/Tony/AppData/Local/Temp/UnrealXGEWorkingDir/
[2018.09.22-12.00.27:614][  0]LogXGEController: Cannot use XGE Controller as Incredibuild is not installed on this machine.
[2018.09.22-12.00.27:628][  0]LogShaderCompilers: Cannot use XGE Shader Compiler as Incredibuild is not installed on this machine.
[2018.09.22-12.00.27:628][  0]LogShaderCompilers: Display: Using Local Shader Compiler.
[2018.09.22-12.00.29:399][  0]LogDerivedDataCache: Display: Max Cache Size: 512 MB
[2018.09.22-12.00.29:649][  0]LogDerivedDataCache: Loaded boot cache 0.25s 76MB C:/Users/Tony/AppData/Local/UnrealEngine/4.19/DerivedDataCache/Boot.ddc.
[2018.09.22-12.00.29:649][  0]LogDerivedDataCache: Display: Loaded Boot cache: C:/Users/Tony/AppData/Local/UnrealEngine/4.19/DerivedDataCache/Boot.ddc
[2018.09.22-12.00.29:649][  0]LogDerivedDataCache: FDerivedDataBackendGraph:  Pak pak cache file ../../../../../My Documents/Unreal Projects/SP_Prototype/DerivedDataCache/DDC.ddp not found, will not use a pak cache.
[2018.09.22-12.00.29:649][  0]LogDerivedDataCache: Unable to find inner node Pak for hierarchical cache Hierarchy.
[2018.09.22-12.00.29:649][  0]LogDerivedDataCache: FDerivedDataBackendGraph:  CompressedPak pak cache file ../../../../../My Documents/Unreal Projects/SP_Prototype/DerivedDataCache/Compressed.ddp not found, will not use a pak cache.
[2018.09.22-12.00.29:649][  0]LogDerivedDataCache: Unable to find inner node CompressedPak for hierarchical cache Hierarchy.
[2018.09.22-12.00.29:725][  0]LogDerivedDataCache: Display: Pak cache opened for reading ../../../Engine/DerivedDataCache/Compressed.ddp.
[2018.09.22-12.00.29:737][  0]LogDerivedDataCache: Using Local data cache path C:/Users/Tony/AppData/Local/UnrealEngine/Common/DerivedDataCache: Writable
[2018.09.22-12.00.29:737][  0]LogDerivedDataCache: Shared data cache path not found in *engine.ini, will not use an Shared cache.
[2018.09.22-12.00.29:737][  0]LogDerivedDataCache: Unable to find inner node Shared for hierarchical cache Hierarchy.
[2018.09.22-12.00.29:789][  0]LogMaterial: Verifying Global Shaders for PCD3D_SM5
[2018.09.22-12.00.29:825][  0]LogSlate: Using Freetype 2.6.0
[2018.09.22-12.00.29:899][  0]LogSlate: SlateFontCache - WITH_FREETYPE: 1, WITH_HARFBUZZ: 1
[2018.09.22-12.00.29:900][  0]LogSlate: SlateFontCache - WITH_FREETYPE: 1, WITH_HARFBUZZ: 1
[2018.09.22-12.00.32:428][  0]LogAssetRegistry: FAssetRegistry took 0.0263 seconds to start up
[2018.09.22-12.00.36:817][  0]LogInit: Selected Device Profile: [Windows]
[2018.09.22-12.00.39:349][  0]LogSimplygon: Simplygon DLL not present - disabling.
[2018.09.22-12.00.39:353][  0]LogMeshReduction: Using SimplygonSwarm for distributed automatic mesh merging
[2018.09.22-12.00.39:354][  0]LogMeshReduction: Using QuadricMeshReduction for automatic static mesh reduction
[2018.09.22-12.00.39:354][  0]LogMeshReduction: No automatic skeletal mesh reduction module available
[2018.09.22-12.00.39:354][  0]LogMeshReduction: No automatic mesh merging module available
[2018.09.22-12.00.39:354][  0]LogMeshMerging: No automatic mesh merging module available
[2018.09.22-12.00.39:716][  0]LogNetVersion: SP_Prototype , NetCL: 3944462, EngineNetVer: 2, GameNetVer: 0 (Checksum: 4173178018)
[2018.09.22-12.00.42:837][  0]LogPackageLocalizationCache: Processed 9 localized package path(s) for 2 prioritized culture(s) in 0.115812 seconds
[2018.09.22-12.00.42:869][  0]LogUObjectArray: 36728 objects as part of root set at end of initial load.
[2018.09.22-12.00.42:869][  0]LogUObjectAllocator: 7314304 out of 0 bytes used by permanent object pool.
[2018.09.22-12.00.42:869][  0]LogUObjectArray: CloseDisregardForGC: 0/0 objects in disregard for GC pool
[2018.09.22-12.00.54:326][  0]LogTcpMessaging: Initializing TcpMessaging bridge
[2018.09.22-12.00.54:365][  0]LogUdpMessaging: Initializing bridge on interface 0.0.0.0:0 to multicast group 230.0.0.1:6666.
[2018.09.22-12.00.55:216][  0]SourceControl: Source control is disabled
[2018.09.22-12.00.55:216][  0]SourceControl: Source control is disabled
[2018.09.22-12.00.55:330][  0]SourceControl: Source control is disabled
[2018.09.22-12.00.55:361][  0]SourceControl: Source control is disabled
[2018.09.22-12.00.56:395][  0]LogAndroidPermission: UAndroidPermissionCallbackProxy::GetInstance
[2018.09.22-12.00.56:659][  0]LogOcInput: OculusInput pre-init called
[2018.09.22-12.00.57:100][  0]LogEngine: Initializing Engine...
[2018.09.22-12.00.57:116][  0]LogHMD: Failed to initialize OpenVR with code 110
[2018.09.22-12.00.57:140][  0]LogStats: UGameplayTagsManager::ConstructGameplayTagTree: Construct from data asset -  0.000 s
[2018.09.22-12.00.57:141][  0]LogStats: UGameplayTagsManager::ConstructGameplayTagTree: GameplayTagTreeChangedEvent.Broadcast -  0.000 s
[2018.09.22-12.00.57:952][  0]LogAIModule: Creating AISystem for world Untitled
[2018.09.22-12.00.58:030][  0]LogInit: XAudio2 using 'Speakers (Realtek High Definition Audio)' : 2 channels at 48 kHz using 32 bits per sample (channel mask 0x3)
[2018.09.22-12.00.58:070][  0]LogInit: FAudioDevice initialized.
[2018.09.22-12.00.58:136][  0]LogDerivedDataCache: Saved boot cache 0.07s 74MB C:/Users/Tony/AppData/Local/UnrealEngine/4.19/DerivedDataCache/Boot.ddc.
[2018.09.22-12.00.58:161][  0]LogInit: Texture streaming: Enabled
[2018.09.22-12.00.58:247][  0]LogEngineSessionManager: EngineSessionManager initialized
[2018.09.22-12.00.58:382][  0]LogInit: Transaction tracking system initialized
[2018.09.22-12.00.58:675][  0]BlueprintLog: New page: Editor Load
[2018.09.22-12.00.59:937][  0]LocalizationService: Localization service is disabled
[2018.09.22-12.01.00:439][  0]LogConsoleResponse: Display: 
[2018.09.22-12.01.02:077][  0]LogFileCache: Scanning file cache for directory 'E:/My Documents/Unreal Projects/SP_Prototype/Content/' took 0.03s
[2018.09.22-12.01.02:077][  0]LogCook: Display: Max memory allowance for cook 16384mb min free memory 0mb
[2018.09.22-12.01.02:077][  0]LogCook: Display: Mobile HDR setting 1
[2018.09.22-12.01.02:078][  0]LogGameplayTags: Display: UGameplayTagsManager::DoneAddingNativeTags. DelegateIsBound: 0
[2018.09.22-12.01.02:078][  0]LogStats: UGameplayTagsManager::ConstructGameplayTagTree: Construct from data asset -  0.000 s
[2018.09.22-12.01.02:078][  0]LogStats: UGameplayTagsManager::ConstructGameplayTagTree: GameplayTagTreeChangedEvent.Broadcast -  0.000 s
[2018.09.22-12.01.03:847][  0]SourceControl: Source control is disabled
[2018.09.22-12.01.03:874][  0]Cmd: MAP LOAD FILE="../../../../../My Documents/Unreal Projects/SP_Prototype/Content/TopDownBP/Maps/TopDownExampleMap.umap" TEMPLATE=0 SHOWPROGRESS=1 FEATURELEVEL=3
[2018.09.22-12.01.03:895][  0]LightingResults: New page: Lighting Build
[2018.09.22-12.01.04:016][  0]MapCheck: New page: Map Check
[2018.09.22-12.01.04:016][  0]LightingResults: New page: Lighting Build
[2018.09.22-12.01.04:587][  0]LogUObjectGlobals: Created PersistentFrame Addr=0x00000228bca564c0, Size=64, Default__ThirdPerson_AnimBP_C Function /Game/Mannequin/Animations/ThirdPerson_AnimBP.ThirdPerson_AnimBP_C:ExecuteUbergraph_ThirdPerson_AnimBP
[2018.09.22-12.01.04:639][  0]LogUObjectGlobals: Destroyed PersistentFrame Addr=0x00000228bca564c0, Size=64
[2018.09.22-12.01.04:639][  0]LogUObjectGlobals: Created PersistentFrame Addr=0x00000228bca565c0, Size=64, Default__ThirdPerson_AnimBP_C Function /Engine/Transient.REINST_ThirdPerson_AnimBP_C_0:ExecuteUbergraph_ThirdPerson_AnimBP
[2018.09.22-12.01.04:672][  0]LogUObjectGlobals: Created PersistentFrame Addr=0x00000228a01e62f0, Size=72, Default__ThirdPerson_AnimBP_C Function /Game/Mannequin/Animations/ThirdPerson_AnimBP.ThirdPerson_AnimBP_C:ExecuteUbergraph_ThirdPerson_AnimBP
[2018.09.22-12.01.05:094][  0]LogUObjectGlobals: Created PersistentFrame Addr=0x00000228a0160100, Size=1200, Default__TopDownCharacter_C Function /Game/TopDownBP/Blueprints/TopDownCharacter.TopDownCharacter_C:ExecuteUbergraph_TopDownCharacter
[2018.09.22-12.01.05:109][  0]LogUObjectGlobals: Destroyed PersistentFrame Addr=0x00000228a0160100, Size=1200
[2018.09.22-12.01.05:109][  0]LogUObjectGlobals: Created PersistentFrame Addr=0x00000228a0158f00, Size=1200, Default__TopDownCharacter_C Function /Engine/Transient.REINST_TopDownCharacter_C_4:ExecuteUbergraph_TopDownCharacter
[2018.09.22-12.01.05:113][  0]LogUObjectGlobals: Created PersistentFrame Addr=0x00000228a010eb00, Size=1200, Default__TopDownCharacter_C Function /Game/TopDownBP/Blueprints/TopDownCharacter.TopDownCharacter_C:ExecuteUbergraph_TopDownCharacter
[2018.09.22-12.01.05:327][  0]LogUObjectGlobals: Created PersistentFrame Addr=0x00000228a0144200, Size=512, Default__TopDownController_C Function /Game/TopDownBP/Blueprints/TopDownController.TopDownController_C:ExecuteUbergraph_TopDownController
[2018.09.22-12.01.05:334][  0]LogUObjectGlobals: Destroyed PersistentFrame Addr=0x00000228a0144200, Size=512
[2018.09.22-12.01.05:334][  0]LogUObjectGlobals: Created PersistentFrame Addr=0x00000228bf0e3400, Size=512, Default__TopDownController_C Function /Engine/Transient.REINST_TopDownController_C_8:ExecuteUbergraph_TopDownController
[2018.09.22-12.01.05:352][  0]LogUObjectGlobals: Created PersistentFrame Addr=0x00000228bf0e3000, Size=504, Default__TopDownController_C Function /Game/TopDownBP/Blueprints/TopDownController.TopDownController_C:ExecuteUbergraph_TopDownController
[2018.09.22-12.01.06:247][  0]LogSkeletalMesh: Skeletal Mesh found in DDC [31.795444ms] /Game/Mannequin/Character/Mesh/SK_Mannequin.SK_Mannequin
[2018.09.22-12.01.06:469][  0]LogAIModule: Creating AISystem for world TopDownExampleMap
[2018.09.22-12.01.06:898][  0]LogEditorServer: Finished looking for orphan Actors (0.000 secs)
[2018.09.22-12.01.06:963][  0]LogUObjectGlobals: Destroyed PersistentFrame Addr=0x00000228bca565c0, Size=64
[2018.09.22-12.01.06:973][  0]LogUObjectGlobals: Destroyed PersistentFrame Addr=0x00000228a0158f00, Size=1200
[2018.09.22-12.01.06:973][  0]LogUObjectGlobals: Destroyed PersistentFrame Addr=0x00000228bf0e3400, Size=512
[2018.09.22-12.01.06:999][  0]Cmd: MAP CHECKDEP NOCLEARLOG
[2018.09.22-12.01.07:044][  0]MapCheck: Map check complete: 0 Error(s), 0 Warning(s), took 44.966ms to complete.
[2018.09.22-12.01.07:045][  0]LogFileHelpers: Loading map 'TopDownExampleMap' took 3.176
[2018.09.22-12.01.08:045][  0]LogCollectionManager: Loaded 0 collections in 0.001658 seconds
[2018.09.22-12.01.08:154][  0]LogFileCache: Scanning file cache for directory 'E:/My Documents/Unreal Projects/SP_Prototype/Saved/Collections/' took 0.01s
[2018.09.22-12.01.08:154][  0]LogFileCache: Scanning file cache for directory 'E:/My Documents/Unreal Projects/SP_Prototype/Content/Developers/Tony/Collections/' took 0.01s
[2018.09.22-12.01.08:154][  0]LogFileCache: Scanning file cache for directory 'E:/My Documents/Unreal Projects/SP_Prototype/Content/Collections/' took 0.01s
[2018.09.22-12.01.08:154][  0]LogCollectionManager: Rebuilt the GUID cache for 0 collections in 0.000000 seconds
[2018.09.22-12.01.08:175][  0]LogContentBrowser: Native class hierarchy populated in 0.0198 seconds. Added 2452 classes and 558 folders.
[2018.09.22-12.01.08:244][  0]LogContentBrowser: Native class hierarchy updated for 'WidgetCarousel' in 0.0002 seconds. Added 0 classes and 0 folders.
[2018.09.22-12.01.08:925][  0]LogContentBrowser: Native class hierarchy updated for 'AddContentDialog' in 0.0003 seconds. Added 0 classes and 0 folders.
[2018.09.22-12.01.08:997][  0]LogContentBrowser: Native class hierarchy updated for 'SceneOutliner' in 0.0002 seconds. Added 1 classes and 2 folders.
[2018.09.22-12.01.09:907][  0]LogSlate: Took 0.020583 seconds to synchronously load lazily loaded font '../../../Engine/Content/Slate/Fonts/Roboto-Regular.ttf' (155K)
[2018.09.22-12.01.09:935][  0]LogSlate: Took 0.026856 seconds to synchronously load lazily loaded font '../../../Engine/Content/Slate/Fonts/Roboto-Bold.ttf' (160K)
[2018.09.22-12.01.09:982][  0]LogSlate: Took 0.017462 seconds to synchronously load lazily loaded font '../../../Engine/Content/Editor/Slate/Fonts/FontAwesome.ttf' (139K)
[2018.09.22-12.01.10:566][  0]LogRenderer: Reallocating scene render targets to support 1208x576 Format 10 NumSamples 1 (Frame:1).
[2018.09.22-12.01.11:025][  0]LogContentBrowser: Native class hierarchy updated for 'HierarchicalLODOutliner' in 0.0002 seconds. Added 0 classes and 0 folders.
[2018.09.22-12.01.11:026][  0]LogLoad: (Engine Initialization) Total time: 64.70 seconds
[2018.09.22-12.01.11:026][  0]LogLoad: (Engine Initialization) Total Blueprint compile time: 0.00 seconds
[2018.09.22-12.01.11:141][  0]LogContentStreaming: Texture pool size now 1000 MB
[2018.09.22-12.01.11:237][  0]LogSlate: Took 0.007568 seconds to synchronously load lazily loaded font '../../../Engine/Content/Slate/Fonts/Roboto-Light.ttf' (167K)
[2018.09.22-12.01.11:298][  1]LogAssetRegistry: Asset discovery search completed in 38.8920 seconds
[2018.09.22-12.01.11:301][  1]LogCollectionManager: Rebuilt the object cache for 0 collections in 0.000000 seconds (found 0 objects)
[2018.09.22-12.01.11:301][  1]LogCollectionManager: Fixed up redirectors for 0 collections in 0.000072 seconds (updated 0 objects)
[2018.09.22-12.01.12:045][ 62]LogSlate: Took 0.000196 seconds to synchronously load lazily loaded font '../../../Engine/Content/Slate/Fonts/Roboto-Light.ttf' (167K)
[2018.09.22-12.10.31:526][177]LogSlate: FSceneViewport::OnFocusLost() reason 0
[2018.09.22-12.10.37:622][878]LogSlate: FSceneViewport::OnFocusLost() reason 2
[2018.09.22-12.10.38:405][965]MapCheck: New page: Map Check
[2018.09.22-12.10.38:483][965]LogSlate: FSceneViewport::OnFocusLost() reason 2
[2018.09.22-12.10.38:731][965]LightingResults: New page: Lighting Build - 22 Sep 2018 14:10:38
[2018.09.22-12.10.38:945][965]LogSwarmInterface: [OpenConnection] Registering TCP channel ...
[2018.09.22-12.10.39:105][965]LogSwarmInterface: [OpenConnection] Connecting to agent ...
[2018.09.22-12.10.39:121][965]LogSwarmInterface: [TryOpenConnection] Testing the Agent
[2018.09.22-12.10.39:649][965]LogSwarmInterface: [TryOpenConnection] Opening Connection to Agent
[2018.09.22-12.10.39:649][965]LogSwarmInterface: [TryOpenConnection] Local Process ID is 15388
[2018.09.22-12.10.42:648][965]LogStaticLightingSystem: Running Lightmass w/ ImmediateImport mode ENABLED
[2018.09.22-12.10.42:648][965]LogStaticLightingSystem: Running Lightmass w/ ImmediateProcess mode ENABLED
[2018.09.22-12.10.42:648][965]LogStaticLightingSystem: Running Lightmass w/ Sorting mode ENABLED
[2018.09.22-12.10.42:648][965]LogStaticLightingSystem: Running Lightmass w/ Mapping paddings ENABLED
[2018.09.22-12.10.42:648][965]LogStaticLightingSystem: Running Lightmass w/ Mapping debug paddings DISABLED
[2018.09.22-12.10.42:905][965]LogEditorBuildUtils: Build time 0:04
[2018.09.22-12.10.42:914][965]LogMaterial: Missing cached shader map for material FLightmassMaterialRenderer MaterialInstanceDynamic_0, compiling. 
[2018.09.22-12.10.43:149][965]LogShaderCompilers: Display: Shaders left to compile 2
[2018.09.22-12.10.43:149][965]LogMaterial: Missing cached shader map for material FLightmassMaterialRenderer MaterialInstanceDynamic_0, compiling. 
[2018.09.22-12.10.43:185][966]LogMaterial: Missing cached shader map for material FLightmassMaterialRenderer CubeMaterial, compiling. 
[2018.09.22-12.10.43:190][966]LogMaterial: Missing cached shader map for material FLightmassMaterialRenderer CubeMaterial, compiling. 
[2018.09.22-12.10.43:208][967]LogMaterial: Missing cached shader map for material FLightmassMaterialRenderer WorldGridMaterial, compiling. Is special engine material.
[2018.09.22-12.10.43:215][967]LogMaterial: Missing cached shader map for material FLightmassMaterialRenderer WorldGridMaterial, compiling. Is special engine material.
[2018.09.22-12.10.51:295][969]LogShaderCompilers: Display: Shaders left to compile 10
[2018.09.22-12.10.56:389][985]Job is a success!
[2018.09.22-12.10.56:896][986]LogVolumetricLightmapImport: Imported Volumetric Lightmap in 0.039s
[2018.09.22-12.10.56:896][986]LogVolumetricLightmapImport:      Indirection Texture 16x16x16 = 0.0Mb
[2018.09.22-12.10.56:896][986]LogVolumetricLightmapImport:      BrickData 175x5x5 = 0.2Mb
[2018.09.22-12.10.56:896][986]LogVolumetricLightmapImport:      Bricks at Level
[2018.09.22-12.10.56:896][986]LogVolumetricLightmapImport:          0: 2.9% covering 100.0% of volume
[2018.09.22-12.10.56:896][986]LogVolumetricLightmapImport:          1: 11.4% covering 6.3% of volume
[2018.09.22-12.10.56:896][986]LogVolumetricLightmapImport:          2: 85.7% covering 0.7% of volume
[2018.09.22-12.10.57:398][986]LogTexture: Display: Building textures: SkyOcclusion1_1 (AutoDXT, 1024X512)
[2018.09.22-12.10.57:398][986]LogTexture: Display: Building textures: HQ_Lightmap1_1 (AutoDXT, 1024X1024)
[2018.09.22-12.10.57:398][986]LogTexture: Display: Building textures: LQ_Lightmap_1_1 (DXT1, 1024X1024)
[2018.09.22-12.10.57:398][986]LogTexture: Display: Building textures: SkyOcclusion1_2 (AutoDXT, 512X256)
[2018.09.22-12.10.57:398][986]LogTexture: Display: Building textures: LQ_Lightmap_1_2 (DXT1, 512X512)
[2018.09.22-12.10.57:398][986]LogTexture: Display: Building textures: HQ_Lightmap1_2 (AutoDXT, 512X512)
[2018.09.22-12.10.57:398][986]LogTexture: Display: Building textures: SkyOcclusion1_3 (AutoDXT, 64X32)
[2018.09.22-12.10.57:398][986]LogTexture: Display: Building textures: HQ_Lightmap1_3 (AutoDXT, 64X64)
[2018.09.22-12.10.57:398][986]LogTexture: Display: Building textures: LQ_Lightmap_1_3 (DXT1, 64X64)
[2018.09.22-12.10.57:602][986]LogTexture: Display: Building textures: ShadowMapTexture2D_3 (G8, 32X32)
[2018.09.22-12.10.57:602][986]LogTexture: Display: Building textures: ShadowMapTexture2D_2 (G8, 1024X1024)
[2018.09.22-12.10.57:637][986]Lightmass on TONY-PC: 4.39 sec total, 79 ms importing, 7 ms setup, 1.01 sec photons, 3.26 sec processing, 0 ms extra exporting [25/25 mappings]. Threads: 22.6 sec total, 8.33 sec processing.
[2018.09.22-12.10.57:674][986]LogStaticLightingSystem: Illumination: 18.7 sec (369 ms encoding lightmaps, 205 ms encoding shadowmaps)
[2018.09.22-12.10.57:674][986]LogStaticLightingSystem: Lightmap texture memory:  3.3 MB (3.3 MB streaming, 0.0 MB non-streaming), 6 textures
[2018.09.22-12.10.57:674][986]LogStaticLightingSystem: Shadowmap texture memory: 1.3 MB (1.3 MB streaming, 0.0 MB non-streaming), 2 textures
[2018.09.22-12.10.58:619][986]DumpUnbuiltLightIteractions
[2018.09.22-12.10.58:619][986]Lights with unbuilt interactions: 0
[2018.09.22-12.10.58:619][986]
[2018.09.22-12.10.58:619][986]Primitives with unbuilt interactions: 0
[2018.09.22-12.10.58:665][987]Cmd: MAP CHECK NOTIFYRESULTS
[2018.09.22-12.10.58:665][987]MapCheck: New page: TopDownExampleMap - 22 Sep 2018 14:10:58
[2018.09.22-12.10.58:742][987]MapCheck: Map check complete: 0 Error(s), 0 Warning(s), took 77.193ms to complete.
[2018.09.22-12.11.13:448][ 31]LogFileHelpers: Editor autosave (incl. sublevels) for '/Game/TopDownBP/Maps/TopDownExampleMap' took 0.010
[2018.09.22-12.11.13:529][ 31]OBJ SavePackage: Generating thumbnails for [0] asset(s) in package [/Game/TopDownBP/Maps/TopDownExampleMap_BuiltData] ([1] browsable assets)...
[2018.09.22-12.11.13:529][ 31]OBJ SavePackage: Finished generating thumbnails for package [/Game/TopDownBP/Maps/TopDownExampleMap_BuiltData]
[2018.09.22-12.11.13:907][ 31]LogSavePackage: Save=90.32ms
[2018.09.22-12.11.13:907][ 31]LogSavePackage: Moving '../../../../../My Documents/Unreal Projects/SP_Prototype/Saved/TopDownExampleMap_BuiltData_Auto420AAAD6480B366C001CB498167479BD.tmp' to '../../../../../My Documents/Unreal Projects/SP_Prototype/Saved/Autosaves/Game/TopDownBP/Maps/TopDownExampleMap_BuiltData_Auto1.uasset'
[2018.09.22-12.11.14:026][ 31]LogSavePackage: Display: Finished SavePackage ../../../../../My Documents/Unreal Projects/SP_Prototype/Saved/Autosaves/Game/TopDownBP/Maps/TopDownExampleMap_BuiltData_Auto1.uasset
[2018.09.22-12.11.14:026][ 31]LogFileHelpers: Auto-saving content packages took 0.578
[2018.09.22-12.22.31:372][ 64]LogHttp: Warning: 00000228BF11AE00: request failed, libcurl error: 7 (Couldn't connect to server)
[2018.09.22-12.22.31:372][ 64]LogHttp: Warning: 00000228BF11AE00: libcurl info message cache 0 (Found bundle for host datarouter.ol.epicgames.com: 0x228acaabfb8 [can pipeline])
[2018.09.22-12.22.31:372][ 64]LogHttp: Warning: 00000228BF11AE00: libcurl info message cache 1 (Re-using existing connection! (#3) with host datarouter.ol.epicgames.com)
[2018.09.22-12.22.31:372][ 64]LogHttp: Warning: 00000228BF11AE00: libcurl info message cache 2 (Connected to datarouter.ol.epicgames.com (52.1.169.243) port 443 (#3))
[2018.09.22-12.22.31:372][ 64]LogHttp: Warning: 00000228BF11AE00: libcurl info message cache 3 (upload completely sent off: 367 out of 367 bytes)
[2018.09.22-12.22.31:372][ 64]LogHttp: Warning: 00000228BF11AE00: libcurl info message cache 4 (SSL read: error:00000000:lib(0):func(0):reason(0), errno 10054)
[2018.09.22-12.22.31:372][ 64]LogHttp: Warning: 00000228BF11AE00: libcurl info message cache 5 (Connection died, retrying a fresh connect)
[2018.09.22-12.22.31:372][ 64]LogHttp: Warning: 00000228BF11AE00: libcurl info message cache 6 (Closing connection 3)
[2018.09.22-12.22.31:373][ 64]LogHttp: Warning: 00000228BF11AE00: libcurl info message cache 7 (Issue another request to this URL: 'https://datarouter.ol.epicgames.com/datarouter/api/v1/public/data?SessionID=%7BD4CFC7F6-4B9D-4DE1-90F6-7F8B754EC662%7D&AppID=UEEditor.Rocket.Release&AppVersion=4.19.2-4033788%2B%2B%2BUE4%2BRelease-4.19&UserID=84db1b124787cb0c1b5ac191a4f1d48a%7C14e80ed0bb064eb49e15c77ad9af4df7%7C8bebd179-1d28-4297-ba36-c838396191e5&AppEnvironment=datacollector-binary&UploadType=eteventstream')
[2018.09.22-12.22.31:373][ 64]LogHttp: Warning: 00000228BF11AE00: libcurl info message cache 8 (  Trying fe80::9221:6ff:fe92:7a74...)
[2018.09.22-12.22.31:373][ 64]LogHttp: Warning: 00000228BF11AE00: libcurl info message cache 9 (  Trying 10.10.10.10...)
[2018.09.22-12.22.31:373][ 64]LogHttp: Warning: 00000228BF11AE00: libcurl info message cache 10 (connect to fe80::9221:6ff:fe92:7a74 port 443 failed: Connection refused)
[2018.09.22-12.22.31:373][ 64]LogHttp: Warning: 00000228BF11AE00: libcurl info message cache 11 (connect to 10.10.10.10 port 443 failed: Connection refused)
[2018.09.22-12.22.31:373][ 64]LogHttp: Warning: 00000228BF11AE00: libcurl info message cache 12 (Failed to connect to datarouter.ol.epicgames.com port 443: Connection refused)
[2018.09.22-12.22.31:373][ 64]LogHttp: Warning: 00000228BF11AE00: libcurl info message cache 13 (Closing connection 4)
[2018.09.22-12.40.16:737][811]LogSlate: FSceneViewport::OnFocusLost() reason 2
[2018.09.22-12.40.19:169][101]MapCheck: New page: Map Check
[2018.09.22-12.40.19:180][101]LogSlate: FSceneViewport::OnFocusLost() reason 2
[2018.09.22-12.40.19:183][101]LightingResults: New page: Lighting Build - 22 Sep 2018 14:40:19
[2018.09.22-12.40.19:193][101]LogSwarmInterface: [OpenConnection] Registering TCP channel ...
[2018.09.22-12.40.19:194][101]LogSwarmInterface: [OpenConnection] Connecting to agent ...
[2018.09.22-12.40.19:194][101]LogSwarmInterface: [TryOpenConnection] Testing the Agent
[2018.09.22-12.40.19:195][101]LogSwarmInterface: [TryOpenConnection] Opening Connection to Agent
[2018.09.22-12.40.19:195][101]LogSwarmInterface: [TryOpenConnection] Local Process ID is 15388
[2018.09.22-12.40.23:719][101]LogStaticLightingSystem: Running Lightmass w/ ImmediateImport mode ENABLED
[2018.09.22-12.40.23:719][101]LogStaticLightingSystem: Running Lightmass w/ ImmediateProcess mode ENABLED
[2018.09.22-12.40.23:719][101]LogStaticLightingSystem: Running Lightmass w/ Sorting mode ENABLED
[2018.09.22-12.40.23:719][101]LogStaticLightingSystem: Running Lightmass w/ Mapping paddings ENABLED
[2018.09.22-12.40.23:719][101]LogStaticLightingSystem: Running Lightmass w/ Mapping debug paddings DISABLED
[2018.09.22-12.40.23:818][101]LogEditorBuildUtils: Build time 0:04
[2018.09.22-12.40.27:867][403]Job is a success!
[2018.09.22-12.40.27:897][405]LogSlate: FSceneViewport::OnFocusLost() reason 2
[2018.09.22-12.40.27:922][405]LogVolumetricLightmapImport: Imported Volumetric Lightmap in 0.010s
[2018.09.22-12.40.27:922][405]LogVolumetricLightmapImport:      Indirection Texture 16x16x16 = 0.0Mb
[2018.09.22-12.40.27:922][405]LogVolumetricLightmapImport:      BrickData 175x5x5 = 0.2Mb
[2018.09.22-12.40.27:922][405]LogVolumetricLightmapImport:      Bricks at Level
[2018.09.22-12.40.27:922][405]LogVolumetricLightmapImport:          0: 2.9% covering 100.0% of volume
[2018.09.22-12.40.27:922][405]LogVolumetricLightmapImport:          1: 11.4% covering 6.3% of volume
[2018.09.22-12.40.27:922][405]LogVolumetricLightmapImport:          2: 85.7% covering 0.7% of volume
[2018.09.22-12.40.28:287][405]LogTexture: Display: Building textures: SkyOcclusion0_1 (AutoDXT, 1024X512)
[2018.09.22-12.40.28:287][405]LogTexture: Display: Building textures: HQ_Lightmap0_1 (AutoDXT, 1024X1024)
[2018.09.22-12.40.28:287][405]LogTexture: Display: Building textures: LQ_Lightmap_0_1 (DXT1, 1024X1024)
[2018.09.22-12.40.28:287][405]LogTexture: Display: Building textures: SkyOcclusion0_2 (AutoDXT, 512X256)
[2018.09.22-12.40.28:287][405]LogTexture: Display: Building textures: HQ_Lightmap0_2 (AutoDXT, 512X512)
[2018.09.22-12.40.28:287][405]LogTexture: Display: Building textures: LQ_Lightmap_0_2 (DXT1, 512X512)
[2018.09.22-12.40.28:287][405]LogTexture: Display: Building textures: SkyOcclusion0_3 (AutoDXT, 64X32)
[2018.09.22-12.40.28:287][405]LogTexture: Display: Building textures: HQ_Lightmap0_3 (AutoDXT, 64X64)
[2018.09.22-12.40.28:287][405]LogTexture: Display: Building textures: LQ_Lightmap_0_3 (DXT1, 64X64)
[2018.09.22-12.40.28:487][405]LogTexture: Display: Building textures: ShadowMapTexture2D_5 (G8, 32X32)
[2018.09.22-12.40.28:489][405]LogTexture: Display: Building textures: ShadowMapTexture2D_4 (G8, 1024X1024)
[2018.09.22-12.40.28:528][405]Lightmass on TONY-PC: 4.26 sec total, 91 ms importing, 7 ms setup, 1.16 sec photons, 2.97 sec processing, 0 ms extra exporting [25/25 mappings]. Threads: 20.5 sec total, 10.8 sec processing.
[2018.09.22-12.40.28:534][405]LogStaticLightingSystem: Illumination: 9.33 sec (337 ms encoding lightmaps, 222 ms encoding shadowmaps)
[2018.09.22-12.40.28:534][405]LogStaticLightingSystem: Lightmap texture memory:  3.3 MB (3.3 MB streaming, 0.0 MB non-streaming), 6 textures
[2018.09.22-12.40.28:534][405]LogStaticLightingSystem: Shadowmap texture memory: 1.3 MB (1.3 MB streaming, 0.0 MB non-streaming), 2 textures
[2018.09.22-12.40.28:725][405]DumpUnbuiltLightIteractions
[2018.09.22-12.40.28:725][405]Lights with unbuilt interactions: 0
[2018.09.22-12.40.28:725][405]
[2018.09.22-12.40.28:725][405]Primitives with unbuilt interactions: 0
[2018.09.22-12.40.28:730][405]LogSlate: FSceneViewport::OnFocusLost() reason 2
[2018.09.22-12.40.28:769][406]Cmd: MAP CHECK NOTIFYRESULTS
[2018.09.22-12.40.28:769][406]MapCheck: New page: TopDownExampleMap - 22 Sep 2018 14:40:28
[2018.09.22-12.40.28:822][406]MapCheck: Map check complete: 0 Error(s), 0 Warning(s), took 52.588ms to complete.
[2018.09.22-12.40.53:487][554]LogFileHelpers: Editor autosave (incl. sublevels) for '/Game/TopDownBP/Maps/TopDownExampleMap' took 0.009
[2018.09.22-12.40.53:488][554]OBJ SavePackage: Generating thumbnails for [0] asset(s) in package [/Game/TopDownBP/Maps/TopDownExampleMap_BuiltData] ([1] browsable assets)...
[2018.09.22-12.40.53:488][554]OBJ SavePackage: Finished generating thumbnails for package [/Game/TopDownBP/Maps/TopDownExampleMap_BuiltData]
[2018.09.22-12.40.53:502][554]LogSavePackage: Save=9.76ms
[2018.09.22-12.40.53:502][554]LogSavePackage: Moving '../../../../../My Documents/Unreal Projects/SP_Prototype/Saved/TopDownExampleMap_BuiltData_Auto559410E145D15D3CAE4BFA815DE6AFEE.tmp' to '../../../../../My Documents/Unreal Projects/SP_Prototype/Saved/Autosaves/Game/TopDownBP/Maps/TopDownExampleMap_BuiltData_Auto2.uasset'
[2018.09.22-12.40.53:503][554]LogSavePackage: Display: Finished SavePackage ../../../../../My Documents/Unreal Projects/SP_Prototype/Saved/Autosaves/Game/TopDownBP/Maps/TopDownExampleMap_BuiltData_Auto2.uasset
[2018.09.22-12.40.53:504][554]LogFileHelpers: Auto-saving content packages took 0.016
[2018.09.22-12.41.42:917][572]LogSlate: FSceneViewport::OnFocusLost() reason 0
[2018.09.22-12.41.44:192][581]LogSlate: Window 'Save Content' being destroyed
[2018.09.22-12.41.44:205][581]LogSlate: FSceneViewport::OnFocusLost() reason 2
[2018.09.22-12.41.44:305][581]LogSavePackage: Save=88.96ms
[2018.09.22-12.41.44:305][581]LogSavePackage: Moving '../../../../../My Documents/Unreal Projects/SP_Prototype/Saved/TopDownExampleMap_BuiltDataFD0FC79443015B28B16247BE5FB2E8EA.tmp' to '../../../../../My Documents/Unreal Projects/SP_Prototype/Content/TopDownBP/Maps/TopDownExampleMap_BuiltData.uasset'
[2018.09.22-12.41.44:308][581]LogSavePackage: Display: Finished SavePackage ../../../../../My Documents/Unreal Projects/SP_Prototype/Content/TopDownBP/Maps/TopDownExampleMap_BuiltData.uasset
[2018.09.22-12.41.44:358][581]LogSlate: Window 'SP_Prototype - Unreal Editor' being destroyed
[2018.09.22-12.41.44:555][582]Cmd: QUIT_EDITOR
[2018.09.22-12.41.44:672][582]LogWindowsTextInputMethodSystem: Display: IME system now deactivated.
[2018.09.22-12.41.44:680][582]LogSlate: Slate User Destroyed.  User Index 0, Is Virtual User: 0
[2018.09.22-12.41.44:688][582]LogExit: Preparing to exit.
[2018.09.22-12.41.45:738][582]LogDirectoryWatcher: A directory notification for 'E:/My Documents/Unreal Projects/SP_Prototype/Content/' was aborted.
[2018.09.22-12.41.45:751][582]LogExit: Editor shut down
[2018.09.22-12.41.45:759][582]LogExit: Transaction tracking system shut down
[2018.09.22-12.41.45:760][582]LogUObjectGlobals: Destroyed PersistentFrame Addr=0x00000228a01e62f0, Size=72
[2018.09.22-12.41.45:760][582]LogUObjectGlobals: Destroyed PersistentFrame Addr=0x00000228a010eb00, Size=1200
[2018.09.22-12.41.45:760][582]LogUObjectGlobals: Destroyed PersistentFrame Addr=0x00000228bf0e3000, Size=504
[2018.09.22-12.41.45:882][582]LogDirectoryWatcher: A directory notification for '../../../Engine/Content/' was aborted.
[2018.09.22-12.41.45:882][582]LogDirectoryWatcher: A directory notification for '../../../../../My Documents/Unreal Projects/SP_Prototype/Content/' was aborted.
[2018.09.22-12.41.45:882][582]LogDirectoryWatcher: A directory notification for '../../Plugins/2D/Paper2D/Content/' was aborted.
[2018.09.22-12.41.45:882][582]LogDirectoryWatcher: A directory notification for '../../Plugins/Enterprise/DatasmithContent/Content/' was aborted.
[2018.09.22-12.41.45:882][582]LogDirectoryWatcher: A directory notification for '../../Plugins/Media/MediaCompositing/Content/' was aborted.
[2018.09.22-12.41.45:882][582]LogDirectoryWatcher: A directory notification for '../../Plugins/Runtime/AppleARKit/Content/' was aborted.
[2018.09.22-12.41.45:882][582]LogDirectoryWatcher: A directory notification for '../../Plugins/Runtime/Oculus/OculusVR/Content/' was aborted.
[2018.09.22-12.41.45:882][582]LogDirectoryWatcher: A directory notification for '../../Plugins/Runtime/Steam/SteamVR/Content/' was aborted.
[2018.09.22-12.41.46:338][582]LogExit: Object subsystem successfully closed.
[2018.09.22-12.41.46:420][582]LogShaderCompilers: Display: Shaders left to compile 0
[2018.09.22-12.41.46:423][582]LogD3D11RHI: Shutdown
[2018.09.22-12.41.46:423][582]LogD3D11RHI: CleanupD3DDevice
[2018.09.22-12.41.46:426][582]LogD3D11RHI: ~FD3D11DynamicRHI
[2018.09.22-12.41.46:687][582]LogModuleManager: Shutting down and abandoning module HierarchicalLODOutliner (574)
[2018.09.22-12.41.46:687][582]LogModuleManager: Shutting down and abandoning module SceneOutliner (572)
[2018.09.22-12.41.46:698][582]LogModuleManager: Shutting down and abandoning module AddContentDialog (570)
[2018.09.22-12.41.46:702][582]LogDirectoryWatcher: A directory notification for 'E:/Program Files/UE_4.19/FeaturePacks/' was aborted.
[2018.09.22-12.41.46:702][582]LogModuleManager: Shutting down and abandoning module WidgetCarousel (569)
[2018.09.22-12.41.46:703][582]LogModuleManager: Shutting down and abandoning module EditorWidgets (566)
[2018.09.22-12.41.46:703][582]LogModuleManager: Shutting down and abandoning module CollectionManager (564)
[2018.09.22-12.41.46:703][582]LogDirectoryWatcher: A directory notification for 'E:/My Documents/Unreal Projects/SP_Prototype/Content/Collections/' was aborted.
[2018.09.22-12.41.46:703][582]LogDirectoryWatcher: A directory notification for 'E:/My Documents/Unreal Projects/SP_Prototype/Content/Developers/Tony/Collections/' was aborted.
[2018.09.22-12.41.46:703][582]LogDirectoryWatcher: A directory notification for 'E:/My Documents/Unreal Projects/SP_Prototype/Saved/Collections/' was aborted.
[2018.09.22-12.41.46:703][582]LogModuleManager: Shutting down and abandoning module StatsViewer (562)
[2018.09.22-12.41.46:703][582]LogModuleManager: Shutting down and abandoning module FoliageEdit (560)
[2018.09.22-12.41.46:703][582]LogModuleManager: Shutting down and abandoning module LandscapeEditor (558)
[2018.09.22-12.41.46:711][582]LogModuleManager: Shutting down and abandoning module MeshPaintMode (556)
[2018.09.22-12.41.46:711][582]LogModuleManager: Shutting down and abandoning module SceneDepthPickerMode (554)
[2018.09.22-12.41.46:711][582]LogModuleManager: Shutting down and abandoning module ActorPickerMode (552)
[2018.09.22-12.41.46:711][582]LogModuleManager: Shutting down and abandoning module GeometryMode (550)
[2018.09.22-12.41.46:711][582]LogModuleManager: Shutting down and abandoning module TextureAlignMode (548)
[2018.09.22-12.41.46:711][582]LogModuleManager: Shutting down and abandoning module BspMode (546)
[2018.09.22-12.41.46:711][582]LogModuleManager: Shutting down and abandoning module PIEPreviewDeviceProfileSelector (544)
[2018.09.22-12.41.46:711][582]LogModuleManager: Shutting down and abandoning module HardwareSurvey (542)
[2018.09.22-12.41.46:711][582]LogModuleManager: Shutting down and abandoning module SequenceRecorderSections (540)
[2018.09.22-12.41.46:711][582]LogModuleManager: Shutting down and abandoning module AutomationWorker (538)
[2018.09.22-12.41.46:711][582]LogModuleManager: Shutting down and abandoning module AudioCaptureEditor (536)
[2018.09.22-12.41.46:712][582]LogModuleManager: Shutting down and abandoning module SequenceRecorder (535)
[2018.09.22-12.41.46:712][582]LogModuleManager: Shutting down and abandoning module MatineeToLevelSequence (532)
[2018.09.22-12.41.46:712][582]LogModuleManager: Shutting down and abandoning module LevelSequenceEditor (530)
[2018.09.22-12.41.46:736][582]LogModuleManager: Shutting down and abandoning module PlacementMode (529)
[2018.09.22-12.41.46:736][582]LogModuleManager: Shutting down and abandoning module MaterialEditor (528)
[2018.09.22-12.41.46:774][582]LogModuleManager: Shutting down and abandoning module WmfMediaFactory (524)
[2018.09.22-12.41.46:774][582]LogModuleManager: Shutting down and abandoning module WmfMediaEditor (522)
[2018.09.22-12.41.46:774][582]LogModuleManager: Shutting down and abandoning module MediaPlayerEditor (520)
[2018.09.22-12.41.46:774][582]LogModuleManager: Shutting down and abandoning module OpenExrWrapper (518)
[2018.09.22-12.41.46:774][582]LogModuleManager: Shutting down and abandoning module ImgMediaFactory (516)
[2018.09.22-12.41.46:774][582]LogModuleManager: Shutting down and abandoning module ImgMediaEditor (514)
[2018.09.22-12.41.46:774][582]LogModuleManager: Shutting down and abandoning module AvfMediaFactory (512)
[2018.09.22-12.41.46:775][582]LogModuleManager: Shutting down and abandoning module AvfMediaEditor (510)
[2018.09.22-12.41.46:775][582]LogModuleManager: Shutting down and abandoning module AndroidMediaFactory (508)
[2018.09.22-12.41.46:775][582]LogModuleManager: Shutting down and abandoning module AndroidMediaEditor (506)
[2018.09.22-12.41.46:775][582]LogModuleManager: Shutting down and abandoning module CharacterAI (504)
[2018.09.22-12.41.46:775][582]LogModuleManager: Shutting down and abandoning module SmartSnapping (502)
[2018.09.22-12.41.46:775][582]LogModuleManager: Shutting down and abandoning module SessionServices (500)
[2018.09.22-12.41.46:775][582]LogModuleManager: Shutting down and abandoning module ViewportSnapping (498)
[2018.09.22-12.41.46:775][582]LogModuleManager: Shutting down and abandoning module ViewportInteraction (496)
[2018.09.22-12.41.46:775][582]LogModuleManager: Shutting down and abandoning module ClothPainter (494)
[2018.09.22-12.41.46:782][582]LogModuleManager: Shutting down and abandoning module SkeletalMeshEditor (493)
[2018.09.22-12.41.46:791][582]LogModuleManager: Shutting down and abandoning module LogVisualizer (490)
[2018.09.22-12.41.46:791][582]LogModuleManager: Shutting down and abandoning module IntroTutorials (488)
[2018.09.22-12.41.46:791][582]LogModuleManager: Shutting down and abandoning module GameProjectGeneration (487)
[2018.09.22-12.41.46:798][582]LogModuleManager: Shutting down and abandoning module IOSPlatformEditor (484)
[2018.09.22-12.41.46:798][582]LogModuleManager: Shutting down and abandoning module HTML5PlatformEditor (482)
[2018.09.22-12.41.46:798][582]LogModuleManager: Shutting down and abandoning module AndroidPlatformEditor (480)
[2018.09.22-12.41.46:798][582]LogModuleManager: Shutting down and abandoning module AndroidDeviceDetection (479)
[2018.09.22-12.41.47:352][582]LogModuleManager: Shutting down and abandoning module WindowsPlatformEditor (476)
[2018.09.22-12.41.47:352][582]LogModuleManager: Shutting down and abandoning module IOSRuntimeSettings (474)
[2018.09.22-12.41.47:352][582]LogModuleManager: Shutting down and abandoning module AndroidRuntimeSettings (472)
[2018.09.22-12.41.47:352][582]LogModuleManager: Shutting down and abandoning module InputBindingEditor (470)
[2018.09.22-12.41.47:352][582]LogModuleManager: Shutting down and abandoning module MergeActors (468)
[2018.09.22-12.41.47:358][582]LogModuleManager: Shutting down and abandoning module LocalizationDashboard (466)
[2018.09.22-12.41.47:364][582]LogModuleManager: Shutting down and abandoning module LocalizationService (465)
[2018.09.22-12.41.47:364][582]LogModuleManager: Shutting down and abandoning module HardwareTargeting (462)
[2018.09.22-12.41.47:364][582]LogModuleManager: Shutting down and abandoning module DeviceProfileEditor (460)
[2018.09.22-12.41.47:364][582]LogModuleManager: Shutting down and abandoning module UndoHistory (458)
[2018.09.22-12.41.47:364][582]LogModuleManager: Shutting down and abandoning module XmlParser (456)
[2018.09.22-12.41.47:364][582]LogModuleManager: Shutting down and abandoning module Blutility (454)
[2018.09.22-12.41.47:364][582]LogModuleManager: Shutting down and abandoning module ProjectSettingsViewer (452)
[2018.09.22-12.41.47:364][582]LogModuleManager: Shutting down and abandoning module ProjectTargetPlatformEditor (451)
[2018.09.22-12.41.47:364][582]LogModuleManager: Shutting down and abandoning module EditorSettingsViewer (448)
[2018.09.22-12.41.47:364][582]LogModuleManager: Shutting down and abandoning module SettingsEditor (446)
[2018.09.22-12.41.47:369][582]LogModuleManager: Shutting down and abandoning module ProjectLauncher (444)
[2018.09.22-12.41.47:370][582]LogModuleManager: Shutting down and abandoning module SessionFrontend (442)
[2018.09.22-12.41.47:370][582]LogModuleManager: Shutting down and abandoning module ProfilerClient (440)
[2018.09.22-12.41.47:373][582]LogModuleManager: Shutting down and abandoning module DeviceManager (438)
[2018.09.22-12.41.47:373][582]LogModuleManager: Shutting down and abandoning module TargetDeviceServices (437)
[2018.09.22-12.41.47:426][582]LogModuleManager: Shutting down and abandoning module AutomationController (434)
[2018.09.22-12.41.47:426][582]LogModuleManager: Shutting down and abandoning module AutomationWindow (432)
[2018.09.22-12.41.47:442][582]LogModuleManager: Shutting down and abandoning module Layers (430)
[2018.09.22-12.41.47:463][582]LogModuleManager: Shutting down and abandoning module ComponentVisualizers (428)
[2018.09.22-12.41.47:463][582]LogModuleManager: Shutting down and abandoning module DetailCustomizations (426)
[2018.09.22-12.41.47:463][582]LogModuleManager: Shutting down and abandoning module PackagesDialog (424)
[2018.09.22-12.41.47:463][582]LogModuleManager: Shutting down and abandoning module Persona (422)
[2018.09.22-12.41.47:470][582]LogModuleManager: Shutting down and abandoning module AdvancedPreviewScene (421)
[2018.09.22-12.41.47:470][582]LogModuleManager: Shutting down and abandoning module AnimGraph (419)
[2018.09.22-12.41.47:470][582]LogModuleManager: Shutting down and abandoning module Kismet (416)
[2018.09.22-12.41.47:470][582]LogModuleManager: Shutting down and abandoning module GraphEditor (414)
[2018.09.22-12.41.47:501][582]LogModuleManager: Shutting down and abandoning module ClassViewer (412)
[2018.09.22-12.41.47:501][582]LogModuleManager: Shutting down and abandoning module Toolbox (410)
[2018.09.22-12.41.47:501][582]LogModuleManager: Shutting down and abandoning module ModuleUI (408)
[2018.09.22-12.41.47:505][582]LogModuleManager: Shutting down and abandoning module MovieSceneTools (406)
[2018.09.22-12.41.47:505][582]LogModuleManager: Shutting down and abandoning module OutputLog (404)
[2018.09.22-12.41.47:509][582]LogModuleManager: Shutting down and abandoning module GammaUI (402)
[2018.09.22-12.41.47:511][582]LogModuleManager: Shutting down and abandoning module Documentation (400)
[2018.09.22-12.41.47:511][582]LogModuleManager: Shutting down and abandoning module MovieSceneTracks (398)
[2018.09.22-12.41.47:520][582]LogModuleManager: Shutting down and abandoning module MovieScene (396)
[2018.09.22-12.41.47:521][582]LogModuleManager: Shutting down and abandoning module StreamingPauseRendering (394)
[2018.09.22-12.41.47:521][582]LogModuleManager: Shutting down and abandoning module LauncherPlatform (392)
[2018.09.22-12.41.47:521][582]LogModuleManager: Shutting down and abandoning module AnalyticsET (390)
[2018.09.22-12.41.47:521][582]LogModuleManager: Shutting down and abandoning module PortalServices (388)
[2018.09.22-12.41.47:521][582]LogModuleManager: Shutting down and abandoning module PortalRpc (386)
[2018.09.22-12.41.47:521][582]LogModuleManager: Shutting down and abandoning module MessagingRpc (384)
[2018.09.22-12.41.47:521][582]LogModuleManager: Shutting down and abandoning module AIModule (382)
[2018.09.22-12.41.47:521][582]LogModuleManager: Shutting down and abandoning module GameplayDebugger (381)
[2018.09.22-12.41.47:521][582]LogModuleManager: Shutting down and abandoning module AITestSuite (379)
[2018.09.22-12.41.47:521][582]LogModuleManager: Shutting down and abandoning module DesktopPlatform (376)
[2018.09.22-12.41.47:521][582]LogModuleManager: Shutting down and abandoning module ProfilerService (374)
[2018.09.22-12.41.47:766][582]LogModuleManager: Shutting down and abandoning module TaskGraph (372)
[2018.09.22-12.41.47:766][582]LogModuleManager: Shutting down and abandoning module SteamVRController (370)
[2018.09.22-12.41.47:766][582]LogModuleManager: Shutting down and abandoning module ProceduralMeshComponentEditor (368)
[2018.09.22-12.41.47:766][582]LogModuleManager: Shutting down and abandoning module ProceduralMeshComponent (366)
[2018.09.22-12.41.47:766][582]LogModuleManager: Shutting down and abandoning module OculusInput (364)
[2018.09.22-12.41.47:766][582]LogModuleManager: Shutting down and abandoning module MobilePatchingUtils (362)
[2018.09.22-12.41.47:766][582]LogModuleManager: Shutting down and abandoning module CustomMeshComponent (360)
[2018.09.22-12.41.47:766][582]LogModuleManager: Shutting down and abandoning module CableComponent (358)
[2018.09.22-12.41.47:766][582]LogModuleManager: Shutting down and abandoning module AudioCapture (356)
[2018.09.22-12.41.47:766][582]LogModuleManager: Shutting down and abandoning module ArchVisCharacter (354)
[2018.09.22-12.41.47:766][582]LogModuleManager: Shutting down and abandoning module AndroidPermission (352)
[2018.09.22-12.41.47:766][582]LogModuleManager: Shutting down and abandoning module NUTUnrealEngine4 (348)
[2018.09.22-12.41.47:766][582]LogModuleManager: Shutting down and abandoning module NetcodeUnitTest (346)
[2018.09.22-12.41.47:774][582]LogModuleManager: Shutting down and abandoning module MediaCompositingEditor (344)
[2018.09.22-12.41.47:774][582]LogModuleManager: Shutting down and abandoning module MediaCompositing (342)
[2018.09.22-12.41.47:774][582]LogModuleManager: Shutting down and abandoning module LinearTimecode (340)
[2018.09.22-12.41.47:774][582]LogModuleManager: Shutting down and abandoning module ImgMedia (338)
[2018.09.22-12.41.47:776][582]LogModuleManager: Shutting down and abandoning module HTML5Networking (336)
[2018.09.22-12.41.47:776][582]LogModuleManager: Shutting down and abandoning module AlembicImporter (334)
[2018.09.22-12.41.47:782][582]LogModuleManager: Shutting down and abandoning module AlembicLibrary (333)
[2018.09.22-12.41.47:782][582]LogModuleManager: Shutting down and abandoning module GeometryCache (332)
[2018.09.22-12.41.47:782][582]LogModuleManager: Shutting down and abandoning module GeometryCacheEd (331)
[2018.09.22-12.41.47:782][582]LogModuleManager: Shutting down and abandoning module DatasmithContent (326)
[2018.09.22-12.41.47:782][582]LogModuleManager: Shutting down and abandoning module SpeedTreeImporter (324)
[2018.09.22-12.41.47:782][582]LogModuleManager: Shutting down and abandoning module PluginBrowser (322)
[2018.09.22-12.41.47:790][582]LogModuleManager: Shutting down and abandoning module MobileLauncherProfileWizard (320)
[2018.09.22-12.41.47:795][582]LogModuleManager: Shutting down and abandoning module CryptoKeysOpenSSL (318)
[2018.09.22-12.41.47:795][582]LogModuleManager: Shutting down and abandoning module CryptoKeys (316)
[2018.09.22-12.41.47:795][582]LogModuleManager: Shutting down and abandoning module VisualStudioSourceCodeAccess (314)
[2018.09.22-12.41.47:795][582]LogModuleManager: Shutting down and abandoning module VisualStudioCodeSourceCodeAccess (312)
[2018.09.22-12.41.47:795][582]LogModuleManager: Shutting down and abandoning module UObjectPlugin (310)
[2018.09.22-12.41.47:795][582]LogModuleManager: Shutting down and abandoning module SubversionSourceControl (308)
[2018.09.22-12.41.47:795][582]LogModuleManager: Shutting down and abandoning module PerforceSourceControl (306)
[2018.09.22-12.41.47:795][582]LogModuleManager: Shutting down and abandoning module GitSourceControl (304)
[2018.09.22-12.41.47:795][582]LogModuleManager: Shutting down and abandoning module SourceControl (303)
[2018.09.22-12.41.47:795][582]LogModuleManager: Shutting down and abandoning module CLionSourceCodeAccess (300)
[2018.09.22-12.41.47:795][582]LogModuleManager: Shutting down and abandoning module LightPropagationVolumeEditor (298)
[2018.09.22-12.41.47:795][582]LogModuleManager: Shutting down and abandoning module PaperTiledImporter (296)
[2018.09.22-12.41.47:795][582]LogModuleManager: Shutting down and abandoning module PaperSpriteSheetImporter (294)
[2018.09.22-12.41.47:795][582]LogModuleManager: Shutting down and abandoning module Paper2DEditor (292)
[2018.09.22-12.41.47:803][582]LogModuleManager: Shutting down and abandoning module MeshPaint (291)
[2018.09.22-12.41.47:803][582]LogModuleManager: Shutting down and abandoning module RuntimePhysXCooking (288)
[2018.09.22-12.41.47:803][582]LogModuleManager: Shutting down and abandoning module PhysXVehiclesEditor (286)
[2018.09.22-12.41.47:803][582]LogModuleManager: Shutting down and abandoning module PhysXVehicles (284)
[2018.09.22-12.41.47:803][582]LogModuleManager: Shutting down and abandoning module OculusEditor (282)
[2018.09.22-12.41.47:803][582]LogModuleManager: Shutting down and abandoning module LocationServicesBPLibrary (280)
[2018.09.22-12.41.47:803][582]LogModuleManager: Shutting down and abandoning module ImmediatePhysicsEditor (278)
[2018.09.22-12.41.47:803][582]LogModuleManager: Shutting down and abandoning module ImmediatePhysics (276)
[2018.09.22-12.41.47:803][582]LogModuleManager: Shutting down and abandoning module ActorSequence (274)
[2018.09.22-12.41.47:803][582]LogModuleManager: Shutting down and abandoning module UdpMessaging (272)
[2018.09.22-12.41.47:904][582]LogModuleManager: Shutting down and abandoning module TcpMessaging (270)
[2018.09.22-12.41.48:005][582]LogModuleManager: Shutting down and abandoning module GameplayTagsEditor (268)
[2018.09.22-12.41.48:018][582]LogModuleManager: Shutting down and abandoning module FacialAnimationEditor (266)
[2018.09.22-12.41.48:018][582]LogModuleManager: Shutting down and abandoning module FacialAnimation (264)
[2018.09.22-12.41.48:018][582]LogModuleManager: Shutting down and abandoning module DataValidation (262)
[2018.09.22-12.41.48:029][582]LogModuleManager: Shutting down and abandoning module AssetManagerEditor (260)
[2018.09.22-12.41.48:034][582]LogModuleManager: Shutting down and abandoning module LevelEditor (259)
[2018.09.22-12.41.48:035][582]LogModuleManager: Shutting down and abandoning module PixelInspectorModule (258)
[2018.09.22-12.41.48:035][582]LogModuleManager: Shutting down and abandoning module CommonMenuExtensions (256)
[2018.09.22-12.41.48:036][582]LogModuleManager: Shutting down and abandoning module MainFrame (254)
[2018.09.22-12.41.48:036][582]LogModuleManager: Shutting down and abandoning module HotReload (253)
[2018.09.22-12.41.48:036][582]LogModuleManager: Shutting down and abandoning module ContentBrowser (249)
[2018.09.22-12.41.48:037][582]LogModuleManager: Shutting down and abandoning module TreeMap (247)
[2018.09.22-12.41.48:037][582]LogModuleManager: Shutting down and abandoning module LightPropagationVolumeRuntime (244)
[2018.09.22-12.41.48:037][582]LogModuleManager: Shutting down and abandoning module LiveLinkEditor (242)
[2018.09.22-12.41.48:037][582]LogModuleManager: Shutting down and abandoning module LiveLink (240)
[2018.09.22-12.41.48:258][582]LogModuleManager: Shutting down and abandoning module Paper2D (238)
[2018.09.22-12.41.48:258][582]LogModuleManager: Shutting down and abandoning module WindowsMoviePlayer (236)
[2018.09.22-12.41.48:258][582]LogModuleManager: Shutting down and abandoning module WmfMedia (234)
[2018.09.22-12.41.48:270][582]LogModuleManager: Shutting down and abandoning module Media (233)
[2018.09.22-12.41.48:277][582]LogModuleManager: Shutting down and abandoning module PacketHandler (230)
[2018.09.22-12.41.48:277][582]LogModuleManager: Shutting down and abandoning module ClothingSystemEditor (228)
[2018.09.22-12.41.48:277][582]LogModuleManager: Shutting down and abandoning module ClothingSystemRuntime (226)
[2018.09.22-12.41.48:284][582]LogModuleManager: Shutting down and abandoning module MediaAssets (224)
[2018.09.22-12.41.48:284][582]LogModuleManager: Shutting down and abandoning module Overlay (222)
[2018.09.22-12.41.48:284][582]LogModuleManager: Shutting down and abandoning module OverlayEditor (221)
[2018.09.22-12.41.48:284][582]LogModuleManager: Shutting down and abandoning module VREditor (218)
[2018.09.22-12.41.48:295][582]LogModuleManager: Shutting down and abandoning module StringTableEditor (216)
[2018.09.22-12.41.48:295][582]LogModuleManager: Shutting down and abandoning module GameplayTasksEditor (214)
[2018.09.22-12.41.48:295][582]LogModuleManager: Shutting down and abandoning module BehaviorTreeEditor (212)
[2018.09.22-12.41.48:308][582]LogModuleManager: Shutting down and abandoning module FunctionalTesting (210)
[2018.09.22-12.41.48:308][582]LogModuleManager: Shutting down and abandoning module CollisionAnalyzer (208)
[2018.09.22-12.41.48:308][582]LogModuleManager: Shutting down and abandoning module WorkspaceMenuStructure (207)
[2018.09.22-12.41.48:308][582]LogModuleManager: Shutting down and abandoning module UMG (204)
[2018.09.22-12.41.48:316][582]LogModuleManager: Shutting down and abandoning module UMGEditor (203)
[2018.09.22-12.41.48:350][582]LogModuleManager: Shutting down and abandoning module Sequencer (202)
[2018.09.22-12.41.48:356][582]LogModuleManager: Shutting down and abandoning module MessageLog (199)
[2018.09.22-12.41.48:356][582]LogModuleManager: Shutting down and abandoning module SlateReflector (194)
[2018.09.22-12.41.48:376][582]LogModuleManager: Shutting down and abandoning module Slate (192)
[2018.09.22-12.41.48:376][582]LogModuleManager: Shutting down and abandoning module EditorStyle (190)
[2018.09.22-12.41.48:377][582]LogModuleManager: Shutting down and abandoning module MRMesh (188)
[2018.09.22-12.41.48:377][582]LogModuleManager: Shutting down and abandoning module SourceCodeAccess (186)
[2018.09.22-12.41.48:377][582]LogModuleManager: Shutting down and abandoning module HeadMountedDisplay (184)
[2018.09.22-12.41.48:377][582]LogModuleManager: Shutting down and abandoning module XAudio2 (182)
[2018.09.22-12.41.48:377][582]LogModuleManager: Shutting down and abandoning module Networking (180)
[2018.09.22-12.41.48:377][582]LogModuleManager: Shutting down and abandoning module Core (178)
[2018.09.22-12.41.48:377][582]LogModuleManager: Shutting down and abandoning module LevelSequence (176)
[2018.09.22-12.41.48:377][582]LogModuleManager: Shutting down and abandoning module KismetCompiler (174)
[2018.09.22-12.41.48:377][582]LogModuleManager: Shutting down and abandoning module MeshUtilities (172)
[2018.09.22-12.41.48:388][582]LogModuleManager: Shutting down and abandoning module MeshMergeUtilities (171)
[2018.09.22-12.41.48:388][582]LogModuleManager: Shutting down and abandoning module MeshReductionInterface (170)
[2018.09.22-12.41.48:388][582]LogModuleManager: Shutting down and abandoning module SimplygonSwarm (169)
[2018.09.22-12.41.48:388][582]LogModuleManager: Shutting down and abandoning module SimplygonMeshReduction (167)
[2018.09.22-12.41.48:389][582]LogModuleManager: Shutting down and abandoning module QuadricMeshReduction (165)
[2018.09.22-12.41.48:389][582]LogModuleManager: Shutting down and abandoning module MaterialBaking (161)
[2018.09.22-12.41.48:389][582]LogModuleManager: Shutting down and abandoning module DirectoryWatcher (157)
[2018.09.22-12.41.48:390][582]LogModuleManager: Shutting down and abandoning module DerivedDataCache (154)
[2018.09.22-12.41.48:489][582]LogDerivedDataCache: Shutdown
[2018.09.22-12.41.48:489][582]LogModuleManager: Shutting down and abandoning module XGEController (152)
[2018.09.22-12.41.48:489][582]LogXGEController: Cleaning working directory: C:/Users/Tony/AppData/Local/Temp/UnrealXGEWorkingDir/
[2018.09.22-12.41.48:489][582]LogModuleManager: Shutting down and abandoning module TargetPlatform (150)
[2018.09.22-12.41.48:489][582]LogModuleManager: Shutting down and abandoning module VulkanShaderFormat (149)
[2018.09.22-12.41.48:489][582]LogModuleManager: Shutting down and abandoning module ShaderFormatVectorVM (147)
[2018.09.22-12.41.48:491][582]LogModuleManager: Shutting down and abandoning module ShaderFormatOpenGL (145)
[2018.09.22-12.41.48:497][582]LogModuleManager: Shutting down and abandoning module ShaderFormatD3D (143)
[2018.09.22-12.41.48:497][582]LogModuleManager: Shutting down and abandoning module MetalShaderFormat (141)
[2018.09.22-12.41.48:506][582]LogModuleManager: Shutting down and abandoning module TextureFormatUncompressed (139)
[2018.09.22-12.41.48:506][582]LogModuleManager: Shutting down and abandoning module TextureFormatPVR (137)
[2018.09.22-12.41.48:506][582]LogModuleManager: Shutting down and abandoning module TextureFormatDXT (135)
[2018.09.22-12.41.48:506][582]LogModuleManager: Shutting down and abandoning module TextureFormatIntelISPCTexComp (133)
[2018.09.22-12.41.48:506][582]LogModuleManager: Shutting down and abandoning module TextureFormatASTC (131)
[2018.09.22-12.41.48:506][582]LogModuleManager: Shutting down and abandoning module ImageWrapper (130)
[2018.09.22-12.41.48:506][582]LogModuleManager: Shutting down and abandoning module TextureFormatAndroid (127)
[2018.09.22-12.41.48:506][582]LogModuleManager: Shutting down and abandoning module AudioFormatOpus (125)
[2018.09.22-12.41.48:506][582]LogModuleManager: Shutting down and abandoning module AudioFormatOgg (123)
[2018.09.22-12.41.48:506][582]LogModuleManager: Shutting down and abandoning module AudioFormatADPCM (121)
[2018.09.22-12.41.48:506][582]LogModuleManager: Shutting down and abandoning module LinuxTargetPlatform (119)
[2018.09.22-12.41.48:506][582]LogModuleManager: Shutting down and abandoning module LinuxServerTargetPlatform (117)
[2018.09.22-12.41.48:506][582]LogModuleManager: Shutting down and abandoning module LinuxNoEditorTargetPlatform (115)
[2018.09.22-12.41.48:506][582]LogModuleManager: Shutting down and abandoning module LinuxClientTargetPlatform (113)
[2018.09.22-12.41.48:506][582]LogModuleManager: Shutting down and abandoning module TVOSTargetPlatform (111)
[2018.09.22-12.41.48:506][582]LogModuleManager: Shutting down and abandoning module Messaging (109)
[2018.09.22-12.41.48:506][582]LogModuleManager: Shutting down and abandoning module IOSTargetPlatform (107)
[2018.09.22-12.41.48:506][582]LogModuleManager: Shutting down and abandoning module HTML5TargetPlatform (105)
[2018.09.22-12.41.48:506][582]LogModuleManager: Shutting down and abandoning module AndroidTargetPlatform (103)
[2018.09.22-12.41.48:506][582]LogModuleManager: Shutting down and abandoning module Android_PVRTCTargetPlatform (101)
[2018.09.22-12.41.48:506][582]LogModuleManager: Shutting down and abandoning module Android_MultiTargetPlatform (99)
[2018.09.22-12.41.48:506][582]LogModuleManager: Shutting down and abandoning module Android_ETC2TargetPlatform (97)
[2018.09.22-12.41.48:506][582]LogModuleManager: Shutting down and abandoning module Android_ETC1TargetPlatform (95)
[2018.09.22-12.41.48:506][582]LogModuleManager: Shutting down and abandoning module Android_ETC1aTargetPlatform (93)
[2018.09.22-12.41.48:506][582]LogModuleManager: Shutting down and abandoning module Android_DXTTargetPlatform (91)
[2018.09.22-12.41.48:506][582]LogModuleManager: Shutting down and abandoning module Android_ATCTargetPlatform (89)
[2018.09.22-12.41.48:506][582]LogModuleManager: Shutting down and abandoning module Android_ASTCTargetPlatform (87)
[2018.09.22-12.41.48:506][582]LogModuleManager: Shutting down and abandoning module WindowsTargetPlatform (85)
[2018.09.22-12.41.48:506][582]LogModuleManager: Shutting down and abandoning module WindowsServerTargetPlatform (83)
[2018.09.22-12.41.48:506][582]LogModuleManager: Shutting down and abandoning module WindowsNoEditorTargetPlatform (81)
[2018.09.22-12.41.48:506][582]LogModuleManager: Shutting down and abandoning module WindowsClientTargetPlatform (79)
[2018.09.22-12.41.48:506][582]LogModuleManager: Shutting down and abandoning module MacTargetPlatform (77)
[2018.09.22-12.41.48:506][582]LogModuleManager: Shutting down and abandoning module MacServerTargetPlatform (75)
[2018.09.22-12.41.48:506][582]LogModuleManager: Shutting down and abandoning module MacNoEditorTargetPlatform (73)
[2018.09.22-12.41.48:506][582]LogModuleManager: Shutting down and abandoning module MacClientTargetPlatform (71)
[2018.09.22-12.41.48:506][582]LogModuleManager: Shutting down and abandoning module AllDesktopTargetPlatform (69)
[2018.09.22-12.41.48:506][582]LogModuleManager: Shutting down and abandoning module InputCore (66)
[2018.09.22-12.41.48:506][582]LogModuleManager: Shutting down and abandoning module Settings (64)
[2018.09.22-12.41.48:506][582]LogModuleManager: Shutting down and abandoning module PhysXCooking (62)
[2018.09.22-12.41.48:506][582]LogModuleManager: Shutting down and abandoning module SteamVR (60)
[2018.09.22-12.41.48:506][582]LogModuleManager: Shutting down and abandoning module OculusHMD (58)
[2018.09.22-12.41.48:506][582]LogModuleManager: Shutting down and abandoning module ExampleDeviceProfileSelector (56)
[2018.09.22-12.41.48:506][582]LogModuleManager: Shutting down and abandoning module AppleARKit (54)
[2018.09.22-12.41.48:506][582]LogModuleManager: Shutting down and abandoning module AugmentedReality (51)
[2018.09.22-12.41.48:506][582]LogModuleManager: Shutting down and abandoning module OnlineBlueprintSupport (48)
[2018.09.22-12.41.48:506][582]LogModuleManager: Shutting down and abandoning module OnlineSubsystem (44)
[2018.09.22-12.41.48:513][582]LogModuleManager: Shutting down and abandoning module XMPP (43)
[2018.09.22-12.41.48:522][582]LogModuleManager: Shutting down and abandoning module HTTP (41)
[2018.09.22-12.41.48:523][582]LogHttp: Display: Http module shutting down, but needs to wait on 1 outstanding Http requests:
[2018.09.22-12.41.48:523][582]LogHttp: Display: 	verb=[POST] url=[https://datarouter.ol.epicgames.com/datarouter/api/v1/public/data?SessionID=%7BD4CFC7F6-4B9D-4DE1-90F6-7F8B754EC662%7D&AppID=UEEditor.Rocket.Release&AppVersion=4.19.2-4033788%2B%2B%2BUE4%2BRelease-4.19&UserID=84db1b124787cb0c1b5ac191a4f1d48a%7C14e80ed0bb064eb49e15c77ad9af4df7%7C8bebd179-1d28-4297-ba36-c838396191e5&AppEnvironment=datacollector-binary&UploadType=eteventstream] status=Processing
[2018.09.22-12.41.48:556][582]LogModuleManager: Shutting down and abandoning module SSL (40)
[2018.09.22-12.41.48:558][582]LogModuleManager: Shutting down and abandoning module AnimationModifiers (36)
[2018.09.22-12.41.48:558][582]LogModuleManager: Shutting down and abandoning module PropertyEditor (35)
[2018.09.22-12.41.48:561][582]LogModuleManager: Shutting down and abandoning module AudioEditor (32)
[2018.09.22-12.41.48:566][582]LogModuleManager: Shutting down and abandoning module TextureCompressor (30)
[2018.09.22-12.41.48:566][582]LogModuleManager: Shutting down and abandoning module ShaderCore (28)
[2018.09.22-12.41.48:566][582]LogModuleManager: Shutting down and abandoning module Landscape (26)
[2018.09.22-12.41.48:566][582]LogModuleManager: Shutting down and abandoning module SlateRHIRenderer (24)
[2018.09.22-12.41.48:575][582]LogModuleManager: Shutting down and abandoning module OpenGLDrv (22)
[2018.09.22-12.41.48:580][582]LogModuleManager: Shutting down and abandoning module D3D11RHI (20)
[2018.09.22-12.41.48:581][582]LogModuleManager: Shutting down and abandoning module AnimGraphRuntime (18)
[2018.09.22-12.41.48:581][582]LogModuleManager: Shutting down and abandoning module Renderer (16)
[2018.09.22-12.41.48:581][582]LogModuleManager: Shutting down and abandoning module Engine (14)
[2018.09.22-12.41.48:581][582]LogModuleManager: Shutting down and abandoning module CoreUObject (12)
[2018.09.22-12.41.48:581][582]LogModuleManager: Shutting down and abandoning module NetworkFile (10)
[2018.09.22-12.41.48:581][582]LogModuleManager: Shutting down and abandoning module CookedIterativeFile (8)
[2018.09.22-12.41.48:581][582]LogModuleManager: Shutting down and abandoning module StreamingFile (6)
[2018.09.22-12.41.48:581][582]LogModuleManager: Shutting down and abandoning module SandboxFile (4)
[2018.09.22-12.41.48:581][582]LogModuleManager: Shutting down and abandoning module PakFile (2)
[2018.09.22-12.41.48:592][582]LogExit: Exiting.
[2018.09.22-12.41.48:602][582]Log file closed, 09/22/18 13:41:48
