Log file open, 01/09/19 10:09:44
LogWindows: Failed to load 'aqProf.dll' (GetLastError=126)
LogWindows: File 'aqProf.dll' does not exist
LogWindows: Failed to load 'VtuneApi.dll' (GetLastError=126)
LogWindows: File 'VtuneApi.dll' does not exist
LogWindows: Failed to load 'VtuneApi32e.dll' (GetLastError=126)
LogWindows: File 'VtuneApi32e.dll' does not exist
LogInit: Display: Running engine for game: SP_Prototype
LogPlatformFile: Not using cached read wrapper
LogInit: Display: RandInit(1505308682) SRandInit(1505308682).
LogInit: Read version file with build ID '3944462'
LogInit: Overriding engine version to CL 4033788, compatible CL 3944462
LogInit: Registered custom module enumerator with build ID '3944462'
LogTaskGraph: Started task graph with 5 named threads and 23 total threads with 3 sets of task threads.
LogStats: Stats thread started at 0.416681
LogD3D11RHI: Aftermath initialized
LogICUInternationalization: Display: ICU TimeZone Detection - Raw Offset: +0:00, Platform Override: ''
LogModuleManager: Display: Found up-to-date module file ../../../Engine/Plugins/2D/Paper2D/Binaries/Win64/UE4Editor-Paper2D.dll (API version 3944462).
LogModuleManager: Display: Found up-to-date module file ../../../Engine/Plugins/2D/Paper2D/Binaries/Win64/UE4Editor-Paper2DEditor.dll (API version 3944462).
LogModuleManager: Display: Found up-to-date module file ../../../Engine/Plugins/2D/Paper2D/Binaries/Win64/UE4Editor-PaperSpriteSheetImporter.dll (API version 3944462).
LogModuleManager: Display: Found up-to-date module file ../../../Engine/Plugins/2D/Paper2D/Binaries/Win64/UE4Editor-PaperTiledImporter.dll (API version 3944462).
LogModuleManager: Display: Found up-to-date module file ../../../Engine/Plugins/2D/Paper2D/Binaries/Win64/UE4Editor-SmartSnapping.dll (API version 3944462).
LogModuleManager: Display: Found up-to-date module file ../../../Engine/Plugins/Blendables/LightPropagationVolume/Binaries/Win64/UE4Editor-LightPropagationVolumeRuntime.dll (API version 3944462).
LogModuleManager: Display: Found up-to-date module file ../../../Engine/Plugins/Blendables/LightPropagationVolume/Binaries/Win64/UE4Editor-LightPropagationVolumeEditor.dll (API version 3944462).
LogModuleManager: Display: Found up-to-date module file ../../../Engine/Plugins/Developer/CLionSourceCodeAccess/Binaries/Win64/UE4Editor-CLionSourceCodeAccess.dll (API version 3944462).
LogModuleManager: Display: Found up-to-date module file ../../../Engine/Plugins/Developer/GitSourceControl/Binaries/Win64/UE4Editor-GitSourceControl.dll (API version 3944462).
LogModuleManager: Display: Found up-to-date module file ../../../Engine/Plugins/Developer/PerforceSourceControl/Binaries/Win64/UE4Editor-PerforceSourceControl.dll (API version 3944462).
LogModuleManager: Display: Found up-to-date module file ../../../Engine/Plugins/Developer/SubversionSourceControl/Binaries/Win64/UE4Editor-SubversionSourceControl.dll (API version 3944462).
LogModuleManager: Display: Found up-to-date module file ../../../Engine/Plugins/Developer/UObjectPlugin/Binaries/Win64/UE4Editor-UObjectPlugin.dll (API version 3944462).
LogModuleManager: Display: Found up-to-date module file ../../../Engine/Plugins/Developer/VisualStudioCodeSourceCodeAccess/Binaries/Win64/UE4Editor-VisualStudioCodeSourceCodeAccess.dll (API version 3944462).
LogModuleManager: Display: Found up-to-date module file ../../../Engine/Plugins/Developer/VisualStudioSourceCodeAccess/Binaries/Win64/UE4Editor-VisualStudioSourceCodeAccess.dll (API version 3944462).
LogModuleManager: Display: Found up-to-date module file ../../../Engine/Plugins/Editor/AssetManagerEditor/Binaries/Win64/UE4Editor-AssetManagerEditor.dll (API version 3944462).
LogModuleManager: Display: Found up-to-date module file ../../../Engine/Plugins/Editor/CryptoKeys/Binaries/Win64/UE4Editor-CryptoKeys.dll (API version 3944462).
LogModuleManager: Display: Found up-to-date module file ../../../Engine/Plugins/Editor/CryptoKeys/Binaries/Win64/UE4Editor-CryptoKeysOpenSSL.dll (API version 3944462).
LogModuleManager: Display: Found up-to-date module file ../../../Engine/Plugins/Editor/DataValidation/Binaries/Win64/UE4Editor-DataValidation.dll (API version 3944462).
LogModuleManager: Display: Found up-to-date module file ../../../Engine/Plugins/Editor/FacialAnimation/Binaries/Win64/UE4Editor-FacialAnimation.dll (API version 3944462).
LogModuleManager: Display: Found up-to-date module file ../../../Engine/Plugins/Editor/FacialAnimation/Binaries/Win64/UE4Editor-FacialAnimationEditor.dll (API version 3944462).
LogModuleManager: Display: Found up-to-date module file ../../../Engine/Plugins/Editor/GameplayTagsEditor/Binaries/Win64/UE4Editor-GameplayTagsEditor.dll (API version 3944462).
LogModuleManager: Display: Found up-to-date module file ../../../Engine/Plugins/Editor/MobileLauncherProfileWizard/Binaries/Win64/UE4Editor-MobileLauncherProfileWizard.dll (API version 3944462).
LogModuleManager: Display: Found up-to-date module file ../../../Engine/Plugins/Editor/PluginBrowser/Binaries/Win64/UE4Editor-PluginBrowser.dll (API version 3944462).
LogModuleManager: Display: Found up-to-date module file ../../../Engine/Plugins/Editor/SpeedTreeImporter/Binaries/Win64/UE4Editor-SpeedTreeImporter.dll (API version 3944462).
LogModuleManager: Display: Found up-to-date module file ../../../Engine/Plugins/Enterprise/DatasmithContent/Binaries/Win64/UE4Editor-DatasmithContent.dll (API version 3944462).
LogModuleManager: Display: Found up-to-date module file ../../../Engine/Plugins/Experimental/AlembicImporter/Binaries/Win64/UE4Editor-AlembicImporter.dll (API version 3944462).
LogModuleManager: Display: Found up-to-date module file ../../../Engine/Plugins/Experimental/AlembicImporter/Binaries/Win64/UE4Editor-AlembicLibrary.dll (API version 3944462).
LogModuleManager: Display: Found up-to-date module file ../../../Engine/Plugins/Experimental/CharacterAI/Binaries/Win64/UE4Editor-CharacterAI.dll (API version 3944462).
LogModuleManager: Display: Found up-to-date module file ../../../Engine/Plugins/Experimental/HTML5Networking/Binaries/Win64/UE4Editor-HTML5Networking.dll (API version 3944462).
LogModuleManager: Display: Found up-to-date module file ../../../Engine/Plugins/Media/AndroidMedia/Binaries/Win64/UE4Editor-AndroidMediaEditor.dll (API version 3944462).
LogModuleManager: Display: Found up-to-date module file ../../../Engine/Plugins/Media/AndroidMedia/Binaries/Win64/UE4Editor-AndroidMediaFactory.dll (API version 3944462).
LogModuleManager: Display: Found up-to-date module file ../../../Engine/Plugins/Media/AvfMedia/Binaries/Win64/UE4Editor-AvfMediaEditor.dll (API version 3944462).
LogModuleManager: Display: Found up-to-date module file ../../../Engine/Plugins/Media/AvfMedia/Binaries/Win64/UE4Editor-AvfMediaFactory.dll (API version 3944462).
LogModuleManager: Display: Found up-to-date module file ../../../Engine/Plugins/Media/AvfMedia/Binaries/Win64/UE4Editor-AvfMediaFactory.dll (API version 3944462).
LogModuleManager: Display: Found up-to-date module file ../../../Engine/Plugins/Media/ImgMedia/Binaries/Win64/UE4Editor-ImgMedia.dll (API version 3944462).
LogModuleManager: Display: Found up-to-date module file ../../../Engine/Plugins/Media/ImgMedia/Binaries/Win64/UE4Editor-ImgMediaEditor.dll (API version 3944462).
LogModuleManager: Display: Found up-to-date module file ../../../Engine/Plugins/Media/ImgMedia/Binaries/Win64/UE4Editor-ImgMediaFactory.dll (API version 3944462).
LogModuleManager: Display: Found up-to-date module file ../../../Engine/Plugins/Media/ImgMedia/Binaries/Win64/UE4Editor-ImgMediaFactory.dll (API version 3944462).
LogModuleManager: Display: Found up-to-date module file ../../../Engine/Plugins/Media/ImgMedia/Binaries/Win64/UE4Editor-OpenExrWrapper.dll (API version 3944462).
LogModuleManager: Display: Found up-to-date module file ../../../Engine/Plugins/Media/LinearTimecode/Binaries/Win64/UE4Editor-LinearTimecode.dll (API version 3944462).
LogModuleManager: Display: Found up-to-date module file ../../../Engine/Plugins/Media/MediaCompositing/Binaries/Win64/UE4Editor-MediaCompositing.dll (API version 3944462).
LogModuleManager: Display: Found up-to-date module file ../../../Engine/Plugins/Media/MediaCompositing/Binaries/Win64/UE4Editor-MediaCompositingEditor.dll (API version 3944462).
LogModuleManager: Display: Found up-to-date module file ../../../Engine/Plugins/Media/MediaPlayerEditor/Binaries/Win64/UE4Editor-MediaPlayerEditor.dll (API version 3944462).
LogModuleManager: Display: Found up-to-date module file ../../../Engine/Plugins/Media/WmfMedia/Binaries/Win64/UE4Editor-WmfMedia.dll (API version 3944462).
LogModuleManager: Display: Found up-to-date module file ../../../Engine/Plugins/Media/WmfMedia/Binaries/Win64/UE4Editor-WmfMediaEditor.dll (API version 3944462).
LogModuleManager: Display: Found up-to-date module file ../../../Engine/Plugins/Media/WmfMedia/Binaries/Win64/UE4Editor-WmfMediaFactory.dll (API version 3944462).
LogModuleManager: Display: Found up-to-date module file ../../../Engine/Plugins/Media/WmfMedia/Binaries/Win64/UE4Editor-WmfMediaFactory.dll (API version 3944462).
LogModuleManager: Display: Found up-to-date module file ../../../Engine/Plugins/Messaging/TcpMessaging/Binaries/Win64/UE4Editor-TcpMessaging.dll (API version 3944462).
LogModuleManager: Display: Found up-to-date module file ../../../Engine/Plugins/Messaging/UdpMessaging/Binaries/Win64/UE4Editor-UdpMessaging.dll (API version 3944462).
LogModuleManager: Display: Found up-to-date module file ../../../Engine/Plugins/MovieScene/ActorSequence/Binaries/Win64/UE4Editor-ActorSequence.dll (API version 3944462).
LogModuleManager: Display: Found up-to-date module file ../../../Engine/Plugins/MovieScene/LevelSequenceEditor/Binaries/Win64/UE4Editor-LevelSequenceEditor.dll (API version 3944462).
LogModuleManager: Display: Found up-to-date module file ../../../Engine/Plugins/MovieScene/MatineeToLevelSequence/Binaries/Win64/UE4Editor-MatineeToLevelSequence.dll (API version 3944462).
LogModuleManager: Display: Found up-to-date module file ../../../Engine/Plugins/NetcodeUnitTest/NetcodeUnitTest/Binaries/Win64/UE4Editor-NetcodeUnitTest.dll (API version 3944462).
LogModuleManager: Display: Found up-to-date module file ../../../Engine/Plugins/NetcodeUnitTest/NUTUnrealEngine4/Binaries/Win64/UE4Editor-NUTUnrealEngine4.dll (API version 3944462).
LogModuleManager: Display: Found up-to-date module file ../../../Engine/Plugins/Online/OnlineSubsystem/Binaries/Win64/UE4Editor-OnlineSubsystem.dll (API version 3944462).
LogModuleManager: Display: Found up-to-date module file ../../../Engine/Plugins/Runtime/AndroidPermission/Binaries/Win64/UE4Editor-AndroidPermission.dll (API version 3944462).
LogModuleManager: Display: Found up-to-date module file ../../../Engine/Plugins/Online/OnlineSubsystemNull/Binaries/Win64/UE4Editor-OnlineSubsystemNull.dll (API version 3944462).
LogModuleManager: Display: Found up-to-date module file ../../../Engine/Plugins/Online/OnlineSubsystemUtils/Binaries/Win64/UE4Editor-OnlineSubsystemUtils.dll (API version 3944462).
LogModuleManager: Display: Found up-to-date module file ../../../Engine/Plugins/Online/OnlineSubsystemUtils/Binaries/Win64/UE4Editor-OnlineBlueprintSupport.dll (API version 3944462).
LogModuleManager: Display: Found up-to-date module file ../../../Engine/Plugins/Runtime/AndroidDeviceProfileSelector/Binaries/Win64/UE4Editor-AndroidDeviceProfileSelector.dll (API version 3944462).
LogModuleManager: Display: Found up-to-date module file ../../../Engine/Plugins/Runtime/AppleARKit/Binaries/Win64/UE4Editor-AppleARKit.dll (API version 3944462).
LogModuleManager: Display: Found up-to-date module file ../../../Engine/Plugins/Runtime/ProceduralMeshComponent/Binaries/Win64/UE4Editor-ProceduralMeshComponent.dll (API version 3944462).
LogModuleManager: Display: Found up-to-date module file ../../../Engine/Plugins/Runtime/ProceduralMeshComponent/Binaries/Win64/UE4Editor-ProceduralMeshComponentEditor.dll (API version 3944462).
LogModuleManager: Display: Found up-to-date module file ../../../Engine/Plugins/Animation/LiveLink/Binaries/Win64/UE4Editor-LiveLink.dll (API version 3944462).
LogModuleManager: Display: Found up-to-date module file ../../../Engine/Plugins/Animation/LiveLink/Binaries/Win64/UE4Editor-LiveLinkEditor.dll (API version 3944462).
LogModuleManager: Display: Found up-to-date module file ../../../Engine/Plugins/Runtime/ArchVisCharacter/Binaries/Win64/UE4Editor-ArchVisCharacter.dll (API version 3944462).
LogModuleManager: Display: Found up-to-date module file ../../../Engine/Plugins/Runtime/AudioCapture/Binaries/Win64/UE4Editor-AudioCapture.dll (API version 3944462).
LogModuleManager: Display: Found up-to-date module file ../../../Engine/Plugins/Runtime/AudioCapture/Binaries/Win64/UE4Editor-AudioCaptureEditor.dll (API version 3944462).
LogModuleManager: Display: Found up-to-date module file ../../../Engine/Plugins/Runtime/CableComponent/Binaries/Win64/UE4Editor-CableComponent.dll (API version 3944462).
LogModuleManager: Display: Found up-to-date module file ../../../Engine/Plugins/Runtime/CustomMeshComponent/Binaries/Win64/UE4Editor-CustomMeshComponent.dll (API version 3944462).
LogModuleManager: Display: Found up-to-date module file ../../../Engine/Plugins/Runtime/ExampleDeviceProfileSelector/Binaries/Win64/UE4Editor-ExampleDeviceProfileSelector.dll (API version 3944462).
LogModuleManager: Display: Found up-to-date module file ../../../Engine/Plugins/Runtime/ImmediatePhysics/Binaries/Win64/UE4Editor-ImmediatePhysics.dll (API version 3944462).
LogModuleManager: Display: Found up-to-date module file ../../../Engine/Plugins/Runtime/ImmediatePhysics/Binaries/Win64/UE4Editor-ImmediatePhysicsEditor.dll (API version 3944462).
LogModuleManager: Display: Found up-to-date module file ../../../Engine/Plugins/Runtime/LocationServicesBPLibrary/Binaries/Win64/UE4Editor-LocationServicesBPLibrary.dll (API version 3944462).
LogModuleManager: Display: Found up-to-date module file ../../../Engine/Plugins/Runtime/MobilePatchingUtils/Binaries/Win64/UE4Editor-MobilePatchingUtils.dll (API version 3944462).
LogModuleManager: Display: Found up-to-date module file ../../../Engine/Plugins/Runtime/Oculus/OculusVR/Binaries/Win64/UE4Editor-OculusHMD.dll (API version 3944462).
LogModuleManager: Display: Found up-to-date module file ../../../Engine/Plugins/Runtime/Oculus/OculusVR/Binaries/Win64/UE4Editor-OculusInput.dll (API version 3944462).
LogModuleManager: Display: Found up-to-date module file ../../../Engine/Plugins/Runtime/Oculus/OculusVR/Binaries/Win64/UE4Editor-OculusEditor.dll (API version 3944462).
LogModuleManager: Display: Found up-to-date module file ../../../Engine/Plugins/Runtime/PhysXVehicles/Binaries/Win64/UE4Editor-PhysXVehicles.dll (API version 3944462).
LogModuleManager: Display: Found up-to-date module file ../../../Engine/Plugins/Runtime/PhysXVehicles/Binaries/Win64/UE4Editor-PhysXVehiclesEditor.dll (API version 3944462).
LogModuleManager: Display: Found up-to-date module file ../../../Engine/Plugins/Runtime/RuntimePhysXCooking/Binaries/Win64/UE4Editor-RuntimePhysXCooking.dll (API version 3944462).
LogModuleManager: Display: Found up-to-date module file ../../../Engine/Plugins/Runtime/Steam/SteamVR/Binaries/Win64/UE4Editor-SteamVR.dll (API version 3944462).
LogModuleManager: Display: Found up-to-date module file ../../../Engine/Plugins/Runtime/Steam/SteamVR/Binaries/Win64/UE4Editor-SteamVRController.dll (API version 3944462).
LogModuleManager: Display: Found up-to-date module file ../../../Engine/Plugins/Runtime/WindowsMoviePlayer/Binaries/Win64/UE4Editor-WindowsMoviePlayer.dll (API version 3944462).
LogPluginManager: Mounting plugin Paper2D
LogPluginManager: Mounting plugin LiveLink
LogPluginManager: Mounting plugin LightPropagationVolume
LogPluginManager: Mounting plugin CLionSourceCodeAccess
LogPluginManager: Mounting plugin CodeLiteSourceCodeAccess
LogPluginManager: Mounting plugin GitSourceControl
LogPluginManager: Mounting plugin KDevelopSourceCodeAccess
LogPluginManager: Mounting plugin NullSourceCodeAccess
LogPluginManager: Mounting plugin PerforceSourceControl
LogPluginManager: Mounting plugin SubversionSourceControl
LogPluginManager: Mounting plugin UObjectPlugin
LogPluginManager: Mounting plugin VisualStudioCodeSourceCodeAccess
LogPluginManager: Mounting plugin VisualStudioSourceCodeAccess
LogPluginManager: Mounting plugin XCodeSourceCodeAccess
LogPluginManager: Mounting plugin AssetManagerEditor
LogPluginManager: Mounting plugin CryptoKeys
LogPluginManager: Mounting plugin DataValidation
LogPluginManager: Mounting plugin FacialAnimation
LogPluginManager: Mounting plugin GameplayTagsEditor
LogPluginManager: Mounting plugin MobileLauncherProfileWizard
LogPluginManager: Mounting plugin PluginBrowser
LogPluginManager: Mounting plugin SpeedTreeImporter
LogPluginManager: Mounting plugin DatasmithContent
LogPluginManager: Mounting plugin AlembicImporter
LogPluginManager: Mounting plugin CharacterAI
LogPluginManager: Mounting plugin HTML5Networking
LogPluginManager: Mounting plugin AndroidMedia
LogPluginManager: Mounting plugin AvfMedia
LogPluginManager: Mounting plugin ImgMedia
LogPluginManager: Mounting plugin LinearTimecode
LogPluginManager: Mounting plugin MediaCompositing
LogPluginManager: Mounting plugin MediaPlayerEditor
LogPluginManager: Mounting plugin WmfMedia
LogPluginManager: Mounting plugin TcpMessaging
LogPluginManager: Mounting plugin UdpMessaging
LogPluginManager: Mounting plugin ActorSequence
LogPluginManager: Mounting plugin LevelSequenceEditor
LogPluginManager: Mounting plugin MatineeToLevelSequence
LogPluginManager: Mounting plugin NetcodeUnitTest
LogPluginManager: Mounting plugin NUTUnrealEngine4
LogPluginManager: Mounting plugin OnlineSubsystemGooglePlay
LogPluginManager: Mounting plugin OnlineSubsystemIOS
LogPluginManager: Mounting plugin OnlineSubsystem
LogPluginManager: Mounting plugin OnlineSubsystemNull
LogPluginManager: Mounting plugin OnlineSubsystemUtils
LogPluginManager: Mounting plugin AndroidDeviceProfileSelector
LogPluginManager: Mounting plugin AndroidMoviePlayer
LogPluginManager: Mounting plugin AndroidPermission
LogPluginManager: Mounting plugin AppleARKit
LogPluginManager: Mounting plugin AppleMoviePlayer
LogPluginManager: Mounting plugin ArchVisCharacter
LogPluginManager: Mounting plugin AudioCapture
LogPluginManager: Mounting plugin CableComponent
LogPluginManager: Mounting plugin CustomMeshComponent
LogPluginManager: Mounting plugin ExampleDeviceProfileSelector
LogPluginManager: Mounting plugin GoogleCloudMessaging
LogPluginManager: Mounting plugin ImmediatePhysics
LogPluginManager: Mounting plugin IOSDeviceProfileSelector
LogPluginManager: Mounting plugin LinuxDeviceProfileSelector
LogPluginManager: Mounting plugin LocationServicesBPLibrary
LogPluginManager: Mounting plugin MobilePatchingUtils
LogPluginManager: Mounting plugin OculusVR
LogPluginManager: Plugin shader directory ../../../Engine/Plugins/Runtime/Oculus/OculusVR/Shaders found
LogPluginManager: Mapping shader source directory ../../../Engine/Plugins/Runtime/Oculus/OculusVR/Shaders to virtual directory /Plugin/OculusVR
LogPluginManager: Mounting plugin PhysXVehicles
LogPluginManager: Mounting plugin ProceduralMeshComponent
LogPluginManager: Mounting plugin RuntimePhysXCooking
LogPluginManager: Mounting plugin SteamVR
LogPluginManager: Mounting plugin WindowsMoviePlayer
LogStreaming: Display: Took  6.827s to configure plugins.
LogInit: Using libcurl 7.47.1
LogInit:  - built for x86_64-pc-win32
LogInit:  - supports SSL with OpenSSL/1.0.2g
LogInit:  - supports HTTP deflate (compression) using libz 1.2.8
LogInit:  - other features:
LogInit:      CURL_VERSION_SSL
LogInit:      CURL_VERSION_LIBZ
LogInit:      CURL_VERSION_IPV6
LogInit:      CURL_VERSION_ASYNCHDNS
LogInit:      CURL_VERSION_LARGEFILE
LogInit:      CURL_VERSION_IDN
LogInit:  CurlRequestOptions (configurable via config and command line):
LogInit:  - bVerifyPeer = false  - Libcurl will NOT verify peer certificate
LogInit:  - bUseHttpProxy = false  - Libcurl will NOT use HTTP proxy
LogInit:  - bDontReuseConnections = false  - Libcurl will reuse connections
LogInit:  - CertBundlePath = nullptr  - Libcurl will use whatever was configured at build time.
LogInit:  - MaxHostConnections = 16  - Libcurl will limit the number of connections to a host
LogInit:  - LocalHostAddr = Default
LogInit: WinSock: version 1.1 (2.2), MaxSocks=32767, MaxUdp=65467
LogInit: WinSock: I am c115-10 (10.6.118.87:0)
LogInit: Build: ++UE4+Release-4.19-CL-4033788
LogInit: Engine Version: 4.19.2-4033788+++UE4+Release-4.19
LogInit: Compatible Engine Version: 4.19.0-3944462+++UE4+Release-4.19
LogInit: Net CL: 3944462
LogDevObjectVersion: Number of dev versions registered: 18
LogDevObjectVersion:   Dev-Blueprints (B0D832E4-1F89-4F0D-ACCF-7EB736FD4AA2): 10
LogDevObjectVersion:   Dev-Build (E1C64328-A22C-4D53-A36C-8E866417BD8C): 0
LogDevObjectVersion:   Dev-Core (375EC13C-06E4-48FB-B500-84F0262A717E): 2
LogDevObjectVersion:   Dev-Editor (E4B068ED-F494-42E9-A231-DA0B2E46BB41): 23
LogDevObjectVersion:   Dev-Framework (CFFC743F-43B0-4480-9391-14DF171D2073): 33
LogDevObjectVersion:   Dev-Mobile (B02B49B5-BB20-44E9-A304-32B752E40360): 2
LogDevObjectVersion:   Dev-Networking (A4E4105C-59A1-49B5-A7C5-40C4547EDFEE): 0
LogDevObjectVersion:   Dev-Online (39C831C9-5AE6-47DC-9A44-9C173E1C8E7C): 0
LogDevObjectVersion:   Dev-Physics (78F01B33-EBEA-4F98-B9B4-84EACCB95AA2): 0
LogDevObjectVersion:   Dev-Platform (6631380F-2D4D-43E0-8009-CF276956A95A): 0
LogDevObjectVersion:   Dev-Rendering (12F88B9F-8875-4AFC-A67C-D90C383ABD29): 25
LogDevObjectVersion:   Dev-Sequencer (7B5AE74C-D270-4C10-A958-57980B212A5A): 6
LogDevObjectVersion:   Dev-VR (D7296918-1DD6-4BDD-9DE2-64A83CC13884): 1
LogDevObjectVersion:   Dev-LoadTimes (C2A15278-BFE7-4AFE-6C17-90FF531DF755): 1
LogDevObjectVersion:   Private-Geometry (6EACA3D4-40EC-4CC1-B786-8BED09428FC5): 2
LogDevObjectVersion:   Dev-AnimPhys (29E575DD-E0A3-4627-9D10-D276232CDCEA): 16
LogDevObjectVersion:   Dev-ReflectionCapture (6B266CEC-1EC7-4B8F-A30B-E4D90942FC07): 1
LogDevObjectVersion:   Dev-Automation (0DF73D61-A23F-47EA-B727-89E90C41499A): 1
LogInit: Compiled (64-bit): Apr 27 2018 02:06:57
LogInit: Compiled with Visual C++: 19.00.24215.01
LogInit: Build Configuration: Development
LogInit: Branch Name: ++UE4+Release-4.19
LogInit: Command Line:  
LogInit: Base Directory: C:/Epic/UE4/UE_4.19/Engine/Binaries/Win64/
LogInit: Installed Engine Build: 1
LogStreaming: Display: Took  0.005s to delete old logs.
LogInit: Presizing for max 8388607 objects, including 0 objects not considered by GC, pre-allocating 0 bytes for permanent pool.
LogInit: Object subsystem initialized
[2019.01.09-10.09.52:068][  0]LogInit: Selected Device Profile: [Windows]
[2019.01.09-10.09.52:068][  0]LogInit: Applying CVar settings loaded from the selected device profile: [Windows]
[2019.01.09-10.09.52:126][  0]LogInit: Computer: C115-10
[2019.01.09-10.09.52:126][  0]LogInit: User: gw000979
[2019.01.09-10.09.52:126][  0]LogInit: CPU Page size=4096, Cores=4
[2019.01.09-10.09.52:126][  0]LogInit: High frequency timer resolution =3.410073 MHz
[2019.01.09-10.09.52:126][  0]LogMemory: Memory total: Physical=15.9GB (16GB approx)
[2019.01.09-10.09.52:126][  0]LogMemory: Platform Memory Stats for Windows
[2019.01.09-10.09.52:126][  0]LogMemory: Process Physical Memory: 274.37 MB used, 274.37 MB peak
[2019.01.09-10.09.52:126][  0]LogMemory: Process Virtual Memory: 264.65 MB used, 264.65 MB peak
[2019.01.09-10.09.52:126][  0]LogMemory: Physical Memory: 4986.94 MB used,  11313.30 MB free, 16300.24 MB total
[2019.01.09-10.09.52:126][  0]LogMemory: Virtual Memory: 4790.76 MB used,  11313.30 MB free, 134217728.00 MB total
[2019.01.09-10.09.52:537][  0]LogInit: Using OS detected language (en-US).
[2019.01.09-10.09.52:537][  0]LogInit: Using OS detected locale (en-GB).
[2019.01.09-10.09.52:637][  0]LogTextLocalizationManager: No specific localization for 'en-US' exists, so the 'en' localization will be used.
[2019.01.09-10.09.53:316][  0]LogStreaming: Display: Took  0.779s to EndInitTextLocalization.
[2019.01.09-10.09.53:316][  0]LogInit: Setting process to per monitor DPI aware
[2019.01.09-10.09.53:580][  0]LogSlate: New Slate User Created.  User Index 0, Is Virtual User: 0
[2019.01.09-10.09.53:581][  0]LogSlate: Slate User Registered.  User Index 0, Is Virtual User: 0
[2019.01.09-10.09.56:127][  0]LogD3D11RHI: D3D11 adapters:
[2019.01.09-10.09.56:227][  0]LogD3D11RHI:    0. 'NVIDIA GeForce GTX 970' (Feature Level 11_0)
[2019.01.09-10.09.56:227][  0]LogD3D11RHI:       4043/0/8150 MB DedicatedVideo/DedicatedSystem/SharedSystem, Outputs:2, VendorId:0x10de
[2019.01.09-10.09.56:229][  0]LogD3D11RHI:    1. 'Microsoft Basic Render Driver' (Feature Level 11_0)
[2019.01.09-10.09.56:229][  0]LogD3D11RHI:       0/0/8150 MB DedicatedVideo/DedicatedSystem/SharedSystem, Outputs:0, VendorId:0x1414
[2019.01.09-10.09.56:229][  0]LogD3D11RHI: Chosen D3D11 Adapter: 0
[2019.01.09-10.09.56:241][  0]LogD3D11RHI: Creating new Direct3DDevice
[2019.01.09-10.09.56:242][  0]LogD3D11RHI:     GPU DeviceId: 0x13c2 (for the marketing name, search the web for "GPU Device Id")
[2019.01.09-10.09.56:242][  0]LogWindows: EnumDisplayDevices:
[2019.01.09-10.09.56:242][  0]LogWindows:    0. 'NVIDIA GeForce GTX 970' (P:0 D:1)
[2019.01.09-10.09.56:242][  0]LogWindows:    1. 'NVIDIA GeForce GTX 970' (P:1 D:1)
[2019.01.09-10.09.56:242][  0]LogWindows:    2. 'NVIDIA GeForce GTX 970' (P:0 D:0)
[2019.01.09-10.09.56:243][  0]LogWindows:    3. 'NVIDIA GeForce GTX 970' (P:0 D:0)
[2019.01.09-10.09.56:243][  0]LogWindows: DebugString: GetVideoDriverDetailsInvalid PrimaryIsNotTheChoosenAdapter GetVideoDriverDetailsInvalid PrimaryIsNotTheChoosenAdapter GetVideoDriverDetailsInvalid PrimaryIsNotTheChoosenAdapter GetVideoDriverDetailsInvalid PrimaryIsNotTheChoosenAdapter FoundDriverCount:0 
[2019.01.09-10.09.56:243][  0]LogD3D11RHI:     Adapter Name: NVIDIA GeForce GTX 970
[2019.01.09-10.09.56:243][  0]LogD3D11RHI:   Driver Version: Unknown (internal:Unknown, unified:Unknown)
[2019.01.09-10.09.56:243][  0]LogD3D11RHI:      Driver Date: Unknown
[2019.01.09-10.09.56:243][  0]LogRHI: Texture pool is 2830 MB (70% of 4043 MB)
[2019.01.09-10.09.56:304][  0]LogD3D11RHI: [Aftermath] Aftermath enabled and primed
[2019.01.09-10.09.56:304][  0]LogD3D11RHI: [Aftermath] Aftermath enabled and primed
[2019.01.09-10.09.56:304][  0]LogD3D11RHI: Async texture creation enabled
[2019.01.09-10.09.56:325][  0]LogD3D11RHI: GPU Timing Frequency: 1000.000000 (Debug: 2 2)
[2019.01.09-10.09.56:373][  0]LogShaderCompilers: Guid format shader working directory is -27 characters bigger than the processId version (../../../../../../Users/gw000979/Documents/GitHub/SCollab-Proto/SP_Prototype/Intermediate/Shaders/WorkingDirectory/6964/).
[2019.01.09-10.09.56:373][  0]LogShaderCompilers: Cleaned the shader compiler working directory 'C:/Users/gw000979/AppData/Local/Temp/UnrealShaderWorkingDir/FD9E41EA4C98EAC617A327A3485614F3/'.
[2019.01.09-10.09.57:851][  0]LogTemp: Display: Loaded TP AllDesktopTargetPlatform
[2019.01.09-10.09.57:872][  0]LogTemp: Display: Loaded TP MacClientTargetPlatform
[2019.01.09-10.09.57:890][  0]LogTemp: Display: Loaded TP MacNoEditorTargetPlatform
[2019.01.09-10.09.57:908][  0]LogTemp: Display: Loaded TP MacServerTargetPlatform
[2019.01.09-10.09.57:943][  0]LogTemp: Display: Loaded TP MacTargetPlatform
[2019.01.09-10.09.57:967][  0]LogTemp: Display: Loaded TP WindowsClientTargetPlatform
[2019.01.09-10.09.57:992][  0]LogTemp: Display: Loaded TP WindowsNoEditorTargetPlatform
[2019.01.09-10.09.58:030][  0]LogTemp: Display: Loaded TP WindowsServerTargetPlatform
[2019.01.09-10.09.58:057][  0]LogTemp: Display: Loaded TP WindowsTargetPlatform
[2019.01.09-10.09.58:083][  0]LogTemp: Display: Loaded TP Android_ASTCTargetPlatform
[2019.01.09-10.09.58:100][  0]LogTemp: Display: Loaded TP Android_ATCTargetPlatform
[2019.01.09-10.09.58:115][  0]LogTemp: Display: Loaded TP Android_DXTTargetPlatform
[2019.01.09-10.09.58:130][  0]LogTemp: Display: Loaded TP Android_ETC1aTargetPlatform
[2019.01.09-10.09.58:145][  0]LogTemp: Display: Loaded TP Android_ETC1TargetPlatform
[2019.01.09-10.09.58:160][  0]LogTemp: Display: Loaded TP Android_ETC2TargetPlatform
[2019.01.09-10.09.58:190][  0]LogTemp: Display: Loaded TP Android_MultiTargetPlatform
[2019.01.09-10.09.58:190][  0]LogTemp: Display: Loaded TP Android_PVRTCTargetPlatform
[2019.01.09-10.09.58:222][  0]LogTemp: Display: Loaded TP AndroidTargetPlatform
[2019.01.09-10.09.58:228][  0]LogTemp: Display: Loaded TP HTML5TargetPlatform
[2019.01.09-10.09.58:393][  0]LogTemp: Display: Loaded TP IOSTargetPlatform
[2019.01.09-10.09.58:424][  0]LogTemp: Display: Loaded TP TVOSTargetPlatform
[2019.01.09-10.09.58:444][  0]LogTemp: Display: Loaded TP LinuxClientTargetPlatform
[2019.01.09-10.09.58:460][  0]LogTemp: Display: Loaded TP LinuxNoEditorTargetPlatform
[2019.01.09-10.09.58:474][  0]LogTemp: Display: Loaded TP LinuxServerTargetPlatform
[2019.01.09-10.09.58:506][  0]LogTemp: Display: Loaded TP LinuxTargetPlatform
[2019.01.09-10.09.58:506][  0]LogTargetPlatformManager: Display: Building Assets For Windows
[2019.01.09-10.09.59:658][  0]LogXGEController: Cleaning working directory: C:/Users/gw000979/AppData/Local/Temp/UnrealXGEWorkingDir/
[2019.01.09-10.09.59:659][  0]LogXGEController: Cannot use XGE Controller as Incredibuild is not installed on this machine.
[2019.01.09-10.09.59:659][  0]LogShaderCompilers: Cannot use XGE Shader Compiler as Incredibuild is not installed on this machine.
[2019.01.09-10.09.59:659][  0]LogShaderCompilers: Display: Using Local Shader Compiler.
[2019.01.09-10.10.01:865][  0]LogDerivedDataCache: Display: Max Cache Size: 512 MB
[2019.01.09-10.10.01:865][  0]LogDerivedDataCache: Display: Starting with empty Boot cache
[2019.01.09-10.10.01:866][  0]LogDerivedDataCache: FDerivedDataBackendGraph:  Pak pak cache file ../../../../../../Users/gw000979/Documents/GitHub/SCollab-Proto/SP_Prototype/DerivedDataCache/DDC.ddp not found, will not use a pak cache.
[2019.01.09-10.10.01:866][  0]LogDerivedDataCache: Unable to find inner node Pak for hierarchical cache Hierarchy.
[2019.01.09-10.10.01:866][  0]LogDerivedDataCache: FDerivedDataBackendGraph:  CompressedPak pak cache file ../../../../../../Users/gw000979/Documents/GitHub/SCollab-Proto/SP_Prototype/DerivedDataCache/Compressed.ddp not found, will not use a pak cache.
[2019.01.09-10.10.01:866][  0]LogDerivedDataCache: Unable to find inner node CompressedPak for hierarchical cache Hierarchy.
[2019.01.09-10.10.01:910][  0]LogDerivedDataCache: Display: Pak cache opened for reading ../../../Engine/DerivedDataCache/Compressed.ddp.
[2019.01.09-10.10.01:924][  0]LogDerivedDataCache: Using Local data cache path C:/Users/gw000979/AppData/Local/UnrealEngine/Common/DerivedDataCache: Writable
[2019.01.09-10.10.01:924][  0]LogDerivedDataCache: Shared data cache path not found in *engine.ini, will not use an Shared cache.
[2019.01.09-10.10.01:924][  0]LogDerivedDataCache: Unable to find inner node Shared for hierarchical cache Hierarchy.
[2019.01.09-10.10.01:962][  0]LogMaterial: Verifying Global Shaders for PCD3D_SM5
[2019.01.09-10.10.01:963][  0]LogSlate: Using Freetype 2.6.0
[2019.01.09-10.10.01:981][  0]LogSlate: SlateFontCache - WITH_FREETYPE: 1, WITH_HARFBUZZ: 1
[2019.01.09-10.10.01:981][  0]LogSlate: SlateFontCache - WITH_FREETYPE: 1, WITH_HARFBUZZ: 1
[2019.01.09-10.10.06:760][  0]LogAssetRegistry: FAssetRegistry took 0.0285 seconds to start up
[2019.01.09-10.10.07:212][  0]LogInit: Selected Device Profile: [Windows]
[2019.01.09-10.10.07:598][  0]LogSimplygon: Simplygon DLL not present - disabling.
[2019.01.09-10.10.07:604][  0]LogMeshReduction: Using SimplygonSwarm for distributed automatic mesh merging
[2019.01.09-10.10.07:604][  0]LogMeshReduction: Using QuadricMeshReduction for automatic static mesh reduction
[2019.01.09-10.10.07:604][  0]LogMeshReduction: No automatic skeletal mesh reduction module available
[2019.01.09-10.10.07:604][  0]LogMeshReduction: No automatic mesh merging module available
[2019.01.09-10.10.07:604][  0]LogMeshMerging: No automatic mesh merging module available
[2019.01.09-10.10.07:688][  0]LogNetVersion: SP_Prototype , NetCL: 3944462, EngineNetVer: 2, GameNetVer: 0 (Checksum: 4173178018)
[2019.01.09-10.10.08:962][  0]LogPackageLocalizationCache: Processed 9 localized package path(s) for 2 prioritized culture(s) in 0.110009 seconds
[2019.01.09-10.10.08:968][  0]LogUObjectArray: 36728 objects as part of root set at end of initial load.
[2019.01.09-10.10.08:968][  0]LogUObjectAllocator: 7314312 out of 0 bytes used by permanent object pool.
[2019.01.09-10.10.08:968][  0]LogUObjectArray: CloseDisregardForGC: 0/0 objects in disregard for GC pool
[2019.01.09-10.10.13:827][  0]LogTcpMessaging: Initializing TcpMessaging bridge
[2019.01.09-10.10.13:893][  0]LogUdpMessaging: Initializing bridge on interface 0.0.0.0:0 to multicast group 230.0.0.1:6666.
[2019.01.09-10.10.14:630][  0]SourceControl: Source control is disabled
[2019.01.09-10.10.14:630][  0]LogWindows: Warning: CreateProc failed: The system cannot find the file specified. (0x00000002)
[2019.01.09-10.10.14:631][  0]LogWindows: Warning: URL: C:/Program Files/Git/bin/git.exe version
[2019.01.09-10.10.14:631][  0]LogWindows: Warning: CreateProc failed: The system cannot find the file specified. (0x00000002)
[2019.01.09-10.10.14:631][  0]LogWindows: Warning: URL: C:/Program Files (x86)/Git/bin/git.exe version
[2019.01.09-10.10.14:631][  0]LogWindows: Warning: CreateProc failed: The system cannot find the file specified. (0x00000002)
[2019.01.09-10.10.14:631][  0]LogWindows: Warning: URL: C:\Users\gw000979\AppData\Local/Programs/Git/cmd/git.exe version
[2019.01.09-10.10.14:632][  0]LogWindows: Warning: CreateProc failed: The system cannot find the file specified. (0x00000002)
[2019.01.09-10.10.14:632][  0]LogWindows: Warning: URL: C:/Program Files (x86)/SmartGit/git/bin/git.exe version
[2019.01.09-10.10.14:632][  0]LogWindows: Warning: CreateProc failed: The system cannot find the file specified. (0x00000002)
[2019.01.09-10.10.14:632][  0]LogWindows: Warning: URL: C:/Program Files (x86)/SmartGit/bin/git.exe version
[2019.01.09-10.10.14:632][  0]LogWindows: Warning: CreateProc failed: The system cannot find the file specified. (0x00000002)
[2019.01.09-10.10.14:632][  0]LogWindows: Warning: URL: C:\Users\gw000979\AppData\Local/Atlassian/SourceTree/git_local/bin/git.exe version
[2019.01.09-10.10.14:633][  0]LogWindows: Warning: CreateProc failed: The system cannot find the file specified. (0x00000002)
[2019.01.09-10.10.14:633][  0]LogWindows: Warning: URL: C:/Program Files (x86)/fournova/Tower/vendor/Git/bin/git.exe version
[2019.01.09-10.10.14:673][  0]LogWindows: Warning: CreateProc failed: The system cannot find the file specified. (0x00000002)
[2019.01.09-10.10.14:673][  0]LogWindows: Warning: URL: C:/Program Files/Git/bin/git.exe version
[2019.01.09-10.10.14:673][  0]LogWindows: Warning: CreateProc failed: The system cannot find the file specified. (0x00000002)
[2019.01.09-10.10.14:673][  0]LogWindows: Warning: URL: C:/Program Files (x86)/Git/bin/git.exe version
[2019.01.09-10.10.14:673][  0]LogWindows: Warning: CreateProc failed: The system cannot find the file specified. (0x00000002)
[2019.01.09-10.10.14:673][  0]LogWindows: Warning: URL: C:\Users\gw000979\AppData\Local/Programs/Git/cmd/git.exe version
[2019.01.09-10.10.14:674][  0]LogWindows: Warning: CreateProc failed: The system cannot find the file specified. (0x00000002)
[2019.01.09-10.10.14:674][  0]LogWindows: Warning: URL: C:/Program Files (x86)/SmartGit/git/bin/git.exe version
[2019.01.09-10.10.14:674][  0]LogWindows: Warning: CreateProc failed: The system cannot find the file specified. (0x00000002)
[2019.01.09-10.10.14:674][  0]LogWindows: Warning: URL: C:/Program Files (x86)/SmartGit/bin/git.exe version
[2019.01.09-10.10.14:675][  0]LogWindows: Warning: CreateProc failed: The system cannot find the file specified. (0x00000002)
[2019.01.09-10.10.14:675][  0]LogWindows: Warning: URL: C:\Users\gw000979\AppData\Local/Atlassian/SourceTree/git_local/bin/git.exe version
[2019.01.09-10.10.14:675][  0]LogWindows: Warning: CreateProc failed: The system cannot find the file specified. (0x00000002)
[2019.01.09-10.10.14:675][  0]LogWindows: Warning: URL: C:/Program Files (x86)/fournova/Tower/vendor/Git/bin/git.exe version
[2019.01.09-10.10.14:713][  0]LogWindows: Warning: CreateProc failed: The system cannot find the file specified. (0x00000002)
[2019.01.09-10.10.14:713][  0]LogWindows: Warning: URL: C:/Program Files/Git/bin/git.exe version
[2019.01.09-10.10.14:714][  0]LogWindows: Warning: CreateProc failed: The system cannot find the file specified. (0x00000002)
[2019.01.09-10.10.14:714][  0]LogWindows: Warning: URL: C:/Program Files (x86)/Git/bin/git.exe version
[2019.01.09-10.10.14:714][  0]LogWindows: Warning: CreateProc failed: The system cannot find the file specified. (0x00000002)
[2019.01.09-10.10.14:714][  0]LogWindows: Warning: URL: C:\Users\gw000979\AppData\Local/Programs/Git/cmd/git.exe version
[2019.01.09-10.10.14:715][  0]LogWindows: Warning: CreateProc failed: The system cannot find the file specified. (0x00000002)
[2019.01.09-10.10.14:715][  0]LogWindows: Warning: URL: C:/Program Files (x86)/SmartGit/git/bin/git.exe version
[2019.01.09-10.10.14:715][  0]LogWindows: Warning: CreateProc failed: The system cannot find the file specified. (0x00000002)
[2019.01.09-10.10.14:715][  0]LogWindows: Warning: URL: C:/Program Files (x86)/SmartGit/bin/git.exe version
[2019.01.09-10.10.14:715][  0]LogWindows: Warning: CreateProc failed: The system cannot find the file specified. (0x00000002)
[2019.01.09-10.10.14:715][  0]LogWindows: Warning: URL: C:\Users\gw000979\AppData\Local/Atlassian/SourceTree/git_local/bin/git.exe version
[2019.01.09-10.10.14:716][  0]LogWindows: Warning: CreateProc failed: The system cannot find the file specified. (0x00000002)
[2019.01.09-10.10.14:716][  0]LogWindows: Warning: URL: C:/Program Files (x86)/fournova/Tower/vendor/Git/bin/git.exe version
[2019.01.09-10.10.15:708][  0]LogAndroidPermission: UAndroidPermissionCallbackProxy::GetInstance
[2019.01.09-10.10.16:004][  0]LogOcInput: OculusInput pre-init called
[2019.01.09-10.10.16:240][  0]LogEngine: Initializing Engine...
[2019.01.09-10.10.16:242][  0]LogHMD: Failed to initialize OpenVR with code 110
[2019.01.09-10.10.16:244][  0]LogStats: UGameplayTagsManager::ConstructGameplayTagTree: Construct from data asset -  0.000 s
[2019.01.09-10.10.16:244][  0]LogStats: UGameplayTagsManager::ConstructGameplayTagTree: GameplayTagTreeChangedEvent.Broadcast -  0.000 s
[2019.01.09-10.10.16:947][  0]LogAIModule: Creating AISystem for world Untitled
[2019.01.09-10.10.16:965][  0]LogInit: XAudio2 using 'Speakers (Realtek High Definition Audio)' : 2 channels at 48 kHz using 32 bits per sample (channel mask 0x3)
[2019.01.09-10.10.17:118][  0]LogInit: FAudioDevice initialized.
[2019.01.09-10.10.17:230][  0]LogDerivedDataCache: Saved boot cache 0.11s 74MB C:/Users/gw000979/AppData/Local/UnrealEngine/4.19/DerivedDataCache/Boot.ddc.
[2019.01.09-10.10.17:281][  0]LogInit: Texture streaming: Enabled
[2019.01.09-10.10.17:325][  0]LogEngineSessionManager: EngineSessionManager initialized
[2019.01.09-10.10.17:366][  0]LogWindowsTextInputMethodSystem: Display: IME system now deactivated.
[2019.01.09-10.10.17:533][  0]LogInit: Transaction tracking system initialized
[2019.01.09-10.10.17:595][  0]BlueprintLog: New page: Editor Load
[2019.01.09-10.10.17:763][  0]LocalizationService: Localization service is disabled
[2019.01.09-10.10.18:050][  0]LogConsoleResponse: Display: 
[2019.01.09-10.10.18:281][  0]LogCook: Display: Max memory allowance for cook 16384mb min free memory 0mb
[2019.01.09-10.10.18:281][  0]LogCook: Display: Mobile HDR setting 1
[2019.01.09-10.10.18:281][  0]LogGameplayTags: Display: UGameplayTagsManager::DoneAddingNativeTags. DelegateIsBound: 0
[2019.01.09-10.10.18:281][  0]LogStats: UGameplayTagsManager::ConstructGameplayTagTree: Construct from data asset -  0.000 s
[2019.01.09-10.10.18:281][  0]LogStats: UGameplayTagsManager::ConstructGameplayTagTree: GameplayTagTreeChangedEvent.Broadcast -  0.000 s
[2019.01.09-10.10.18:629][  0]LogFileCache: Scanning file cache for directory 'C:/Users/gw000979/Documents/GitHub/SCollab-Proto/SP_Prototype/Content/' took 0.03s
[2019.01.09-10.10.19:167][  0]LogWindows: Warning: CreateProc failed: The system cannot find the file specified. (0x00000002)
[2019.01.09-10.10.19:167][  0]LogWindows: Warning: URL: C:/Program Files/Git/bin/git.exe version
[2019.01.09-10.10.19:168][  0]LogWindows: Warning: CreateProc failed: The system cannot find the file specified. (0x00000002)
[2019.01.09-10.10.19:168][  0]LogWindows: Warning: URL: C:/Program Files (x86)/Git/bin/git.exe version
[2019.01.09-10.10.19:168][  0]LogWindows: Warning: CreateProc failed: The system cannot find the file specified. (0x00000002)
[2019.01.09-10.10.19:168][  0]LogWindows: Warning: URL: C:\Users\gw000979\AppData\Local/Programs/Git/cmd/git.exe version
[2019.01.09-10.10.19:169][  0]LogWindows: Warning: CreateProc failed: The system cannot find the file specified. (0x00000002)
[2019.01.09-10.10.19:169][  0]LogWindows: Warning: URL: C:/Program Files (x86)/SmartGit/git/bin/git.exe version
[2019.01.09-10.10.19:169][  0]LogWindows: Warning: CreateProc failed: The system cannot find the file specified. (0x00000002)
[2019.01.09-10.10.19:169][  0]LogWindows: Warning: URL: C:/Program Files (x86)/SmartGit/bin/git.exe version
[2019.01.09-10.10.19:170][  0]LogWindows: Warning: CreateProc failed: The system cannot find the file specified. (0x00000002)
[2019.01.09-10.10.19:170][  0]LogWindows: Warning: URL: C:\Users\gw000979\AppData\Local/Atlassian/SourceTree/git_local/bin/git.exe version
[2019.01.09-10.10.19:170][  0]LogWindows: Warning: CreateProc failed: The system cannot find the file specified. (0x00000002)
[2019.01.09-10.10.19:170][  0]LogWindows: Warning: URL: C:/Program Files (x86)/fournova/Tower/vendor/Git/bin/git.exe version
[2019.01.09-10.10.19:171][  0]Cmd: MAP LOAD FILE="../../../../../../Users/gw000979/Documents/GitHub/SCollab-Proto/SP_Prototype/Content/TopDownBP/Maps/TopDownExampleMap.umap" TEMPLATE=0 SHOWPROGRESS=1 FEATURELEVEL=3
[2019.01.09-10.10.19:171][  0]LightingResults: New page: Lighting Build
[2019.01.09-10.10.19:179][  0]MapCheck: New page: Map Check
[2019.01.09-10.10.19:179][  0]LightingResults: New page: Lighting Build
[2019.01.09-10.10.19:235][  0]LogUObjectGlobals: Created PersistentFrame Addr=0x000001dab8619a00, Size=64, Default__ThirdPerson_AnimBP_C Function /Game/Mannequin/Animations/ThirdPerson_AnimBP.ThirdPerson_AnimBP_C:ExecuteUbergraph_ThirdPerson_AnimBP
[2019.01.09-10.10.19:245][  0]LogUObjectGlobals: Destroyed PersistentFrame Addr=0x000001dab8619a00, Size=64
[2019.01.09-10.10.19:245][  0]LogUObjectGlobals: Created PersistentFrame Addr=0x000001dab8619b00, Size=64, Default__ThirdPerson_AnimBP_C Function /Engine/Transient.REINST_ThirdPerson_AnimBP_C_0:ExecuteUbergraph_ThirdPerson_AnimBP
[2019.01.09-10.10.19:254][  0]LogUObjectGlobals: Created PersistentFrame Addr=0x000001dabebd0db0, Size=72, Default__ThirdPerson_AnimBP_C Function /Game/Mannequin/Animations/ThirdPerson_AnimBP.ThirdPerson_AnimBP_C:ExecuteUbergraph_ThirdPerson_AnimBP
[2019.01.09-10.10.19:298][  0]LogUObjectGlobals: Created PersistentFrame Addr=0x000001dabeb14800, Size=1200, Default__TopDownCharacter_C Function /Game/TopDownBP/Blueprints/TopDownCharacter.TopDownCharacter_C:ExecuteUbergraph_TopDownCharacter
[2019.01.09-10.10.19:305][  0]LogUObjectGlobals: Destroyed PersistentFrame Addr=0x000001dabeb14800, Size=1200
[2019.01.09-10.10.19:305][  0]LogUObjectGlobals: Created PersistentFrame Addr=0x000001dabeafd600, Size=1200, Default__TopDownCharacter_C Function /Engine/Transient.REINST_TopDownCharacter_C_4:ExecuteUbergraph_TopDownCharacter
[2019.01.09-10.10.19:310][  0]LogUObjectGlobals: Created PersistentFrame Addr=0x000001dabeab6b00, Size=1200, Default__TopDownCharacter_C Function /Game/TopDownBP/Blueprints/TopDownCharacter.TopDownCharacter_C:ExecuteUbergraph_TopDownCharacter
[2019.01.09-10.10.19:399][  0]LogUObjectGlobals: Created PersistentFrame Addr=0x000001dabea99800, Size=512, Default__TopDownController_C Function /Game/TopDownBP/Blueprints/TopDownController.TopDownController_C:ExecuteUbergraph_TopDownController
[2019.01.09-10.10.19:408][  0]LogUObjectGlobals: Destroyed PersistentFrame Addr=0x000001dabea99800, Size=512
[2019.01.09-10.10.19:408][  0]LogUObjectGlobals: Created PersistentFrame Addr=0x000001dabea99800, Size=512, Default__TopDownController_C Function /Engine/Transient.REINST_TopDownController_C_8:ExecuteUbergraph_TopDownController
[2019.01.09-10.10.19:416][  0]LogUObjectGlobals: Created PersistentFrame Addr=0x000001dabf62b600, Size=504, Default__TopDownController_C Function /Game/TopDownBP/Blueprints/TopDownController.TopDownController_C:ExecuteUbergraph_TopDownController
[2019.01.09-10.10.19:632][  0]LogSkeletalMesh: Skeletal Mesh found in DDC [20.960548ms] /Game/Mannequin/Character/Mesh/SK_Mannequin.SK_Mannequin
[2019.01.09-10.10.19:661][  0]LogAIModule: Creating AISystem for world TopDownExampleMap
[2019.01.09-10.10.19:674][  0]LogEditorServer: Finished looking for orphan Actors (0.000 secs)
[2019.01.09-10.10.19:690][  0]LogUObjectGlobals: Destroyed PersistentFrame Addr=0x000001dab8619b00, Size=64
[2019.01.09-10.10.19:690][  0]LogUObjectGlobals: Destroyed PersistentFrame Addr=0x000001dabeafd600, Size=1200
[2019.01.09-10.10.19:690][  0]LogUObjectGlobals: Destroyed PersistentFrame Addr=0x000001dabea99800, Size=512
[2019.01.09-10.10.19:692][  0]Cmd: MAP CHECKDEP NOCLEARLOG
[2019.01.09-10.10.19:796][  0]MapCheck: Map check complete: 0 Error(s), 0 Warning(s), took 105.088ms to complete.
[2019.01.09-10.10.19:796][  0]LogFileHelpers: Loading map 'TopDownExampleMap' took 0.626
[2019.01.09-10.10.19:969][  0]LogCollectionManager: Loaded 0 collections in 0.003514 seconds
[2019.01.09-10.10.20:024][  0]LogFileCache: Scanning file cache for directory 'C:/Users/gw000979/Documents/GitHub/SCollab-Proto/SP_Prototype/Saved/Collections/' took 0.01s
[2019.01.09-10.10.20:024][  0]LogFileCache: Scanning file cache for directory 'C:/Users/gw000979/Documents/GitHub/SCollab-Proto/SP_Prototype/Content/Developers/gw000979/Collections/' took 0.01s
[2019.01.09-10.10.20:024][  0]LogFileCache: Scanning file cache for directory 'C:/Users/gw000979/Documents/GitHub/SCollab-Proto/SP_Prototype/Content/Collections/' took 0.01s
[2019.01.09-10.10.20:024][  0]LogCollectionManager: Rebuilt the GUID cache for 0 collections in 0.000000 seconds
[2019.01.09-10.10.20:036][  0]LogContentBrowser: Native class hierarchy populated in 0.0115 seconds. Added 2452 classes and 558 folders.
[2019.01.09-10.10.20:049][  0]LogContentBrowser: Native class hierarchy updated for 'WidgetCarousel' in 0.0004 seconds. Added 0 classes and 0 folders.
[2019.01.09-10.10.20:562][  0]LogContentBrowser: Native class hierarchy updated for 'AddContentDialog' in 0.0005 seconds. Added 0 classes and 0 folders.
[2019.01.09-10.10.20:579][  0]LogContentBrowser: Native class hierarchy updated for 'SceneOutliner' in 0.0005 seconds. Added 1 classes and 2 folders.
[2019.01.09-10.10.20:624][  0]LogSlate: Took 0.010104 seconds to synchronously load lazily loaded font '../../../Engine/Content/Slate/Fonts/Roboto-Regular.ttf' (155K)
[2019.01.09-10.10.20:636][  0]LogSlate: Took 0.008094 seconds to synchronously load lazily loaded font '../../../Engine/Content/Slate/Fonts/Roboto-Bold.ttf' (160K)
[2019.01.09-10.10.20:651][  0]LogSlate: Took 0.006544 seconds to synchronously load lazily loaded font '../../../Engine/Content/Editor/Slate/Fonts/FontAwesome.ttf' (139K)
[2019.01.09-10.10.20:799][  0]LogRenderer: Reallocating scene render targets to support 1208x576 Format 10 NumSamples 1 (Frame:1).
[2019.01.09-10.10.21:007][  0]LogSlate: FSceneViewport::OnFocusLost() reason 2
[2019.01.09-10.10.21:026][  0]LogSlate: Window 'Tutorials' being destroyed
[2019.01.09-10.10.21:064][  0]LogContentBrowser: Native class hierarchy updated for 'HierarchicalLODOutliner' in 0.0004 seconds. Added 0 classes and 0 folders.
[2019.01.09-10.10.21:064][  0]LogLoad: (Engine Initialization) Total time: 40.97 seconds
[2019.01.09-10.10.21:065][  0]LogLoad: (Engine Initialization) Total Blueprint compile time: 0.00 seconds
[2019.01.09-10.10.21:101][  0]LogContentStreaming: Texture pool size now 1000 MB
[2019.01.09-10.10.21:182][  1]LogAssetRegistry: Asset discovery search completed in 14.4452 seconds
[2019.01.09-10.10.21:185][  1]LogCollectionManager: Rebuilt the object cache for 0 collections in 0.000001 seconds (found 0 objects)
[2019.01.09-10.10.21:185][  1]LogCollectionManager: Fixed up redirectors for 0 collections in 0.000088 seconds (updated 0 objects)
[2019.01.09-10.10.25:171][420]LogSlate: Took 0.007771 seconds to synchronously load lazily loaded font '../../../Engine/Content/Slate/Fonts/Roboto-Light.ttf' (167K)
[2019.01.09-10.10.31:878][444]LogSynthBenchmark: Display: FSynthBenchmark (V0.95):  requested WorkScale=5.00
[2019.01.09-10.10.31:878][444]LogSynthBenchmark: Display: ===============
[2019.01.09-10.10.31:878][444]LogSynthBenchmark: Display: Main Processor:
[2019.01.09-10.10.32:078][444]LogSynthBenchmark: Display:          ... 0.020526 s/Run 'RayIntersect'
[2019.01.09-10.10.32:078][444]LogSynthBenchmark: Display:          ... 0.019480 s/Run 'Fractal'
[2019.01.09-10.10.32:078][444]LogSynthBenchmark: Display: 
[2019.01.09-10.10.32:078][444]LogSynthBenchmark: Display:   CompiledTarget_x_Bits: 64
[2019.01.09-10.10.32:078][444]LogSynthBenchmark: Display:   UE_BUILD_SHIPPING: 0
[2019.01.09-10.10.32:078][444]LogSynthBenchmark: Display:   UE_BUILD_TEST: 0
[2019.01.09-10.10.32:078][444]LogSynthBenchmark: Display:   UE_BUILD_DEBUG: 0
[2019.01.09-10.10.32:078][444]LogSynthBenchmark: Display:   TotalPhysicalGBRam: 16
[2019.01.09-10.10.32:078][444]LogSynthBenchmark: Display:   NumberOfCores (physical): 4
[2019.01.09-10.10.32:078][444]LogSynthBenchmark: Display:   NumberOfCores (logical): 8
[2019.01.09-10.10.32:078][444]LogSynthBenchmark: Display:   CPU Perf Index 0: 124.8 (weight 1.00)
[2019.01.09-10.10.32:078][444]LogSynthBenchmark: Display:   CPU Perf Index 1: 146.8 (weight 1.50)
[2019.01.09-10.10.32:079][444]LogSynthBenchmark: Display:  
[2019.01.09-10.10.32:079][444]LogSynthBenchmark: Display: Graphics:
[2019.01.09-10.10.32:079][444]LogSynthBenchmark: Display:   Adapter Name: 'NVIDIA GeForce GTX 970'
[2019.01.09-10.10.32:079][444]LogSynthBenchmark: Display:   (On Optimus the name might be wrong, memory should be ok)
[2019.01.09-10.10.32:079][444]LogSynthBenchmark: Display:   Vendor Id: 0x10DE
[2019.01.09-10.10.32:079][444]LogSynthBenchmark: Display:   Device Id: 0x13C2
[2019.01.09-10.10.32:079][444]LogSynthBenchmark: Display:   Device Revision: 0xA1
[2019.01.09-10.10.32:079][444]LogSynthBenchmark: Display:   GPU Memory: 4044/0/8151 MB
[2019.01.09-10.10.32:173][444]LogSynthBenchmark: Display:   GPU first test: 0.01s
[2019.01.09-10.10.32:173][444]LogSynthBenchmark: Display:          ... 6.470 s/GigaPix, Confidence=100% 'ALUHeavyNoise' (likely to be very inaccurate)
[2019.01.09-10.10.32:173][444]LogSynthBenchmark: Display:          ... 5.913 s/GigaPix, Confidence=89% 'TexHeavy' (likely to be very inaccurate)
[2019.01.09-10.10.32:173][444]LogSynthBenchmark: Display:          ... 4.623 s/GigaPix, Confidence=100% 'DepTexHeavy' (likely to be very inaccurate)
[2019.01.09-10.10.32:173][444]LogSynthBenchmark: Display:          ... 20.151 s/GigaPix, Confidence=100% 'FillOnly' (likely to be very inaccurate)
[2019.01.09-10.10.32:173][444]LogSynthBenchmark: Display:          ... 0.740 s/GigaPix, Confidence=100% 'Bandwidth' (likely to be very inaccurate)
[2019.01.09-10.10.32:173][444]LogSynthBenchmark: Display:          ... 6.985 s/GigaVert, Confidence=81% 'VertThroughPut1' (likely to be very inaccurate)
[2019.01.09-10.10.32:173][444]LogSynthBenchmark: Display:          ... 5.203 s/GigaVert, Confidence=100% 'VertThroughPut2' (likely to be very inaccurate)
[2019.01.09-10.10.32:340][444]LogSynthBenchmark: Display:   GPU second test: 0.12s
[2019.01.09-10.10.32:340][444]LogSynthBenchmark: Display:          ... 9.216 s/GigaPix, Confidence=100% 'ALUHeavyNoise' (likely to be inaccurate)
[2019.01.09-10.10.32:340][444]LogSynthBenchmark: Display:          ... 7.624 s/GigaPix, Confidence=100% 'TexHeavy' (likely to be inaccurate)
[2019.01.09-10.10.32:340][444]LogSynthBenchmark: Display:          ... 6.772 s/GigaPix, Confidence=100% 'DepTexHeavy' (likely to be inaccurate)
[2019.01.09-10.10.32:340][444]LogSynthBenchmark: Display:          ... 36.282 s/GigaPix, Confidence=89% 'FillOnly' (likely to be inaccurate)
[2019.01.09-10.10.32:340][444]LogSynthBenchmark: Display:          ... 0.809 s/GigaPix, Confidence=100% 'Bandwidth' (likely to be inaccurate)
[2019.01.09-10.10.32:340][444]LogSynthBenchmark: Display:          ... 3.372 s/GigaVert, Confidence=100% 'VertThroughPut1' (likely to be inaccurate)
[2019.01.09-10.10.32:340][444]LogSynthBenchmark: Display:          ... 4.382 s/GigaVert, Confidence=100% 'VertThroughPut2' (likely to be inaccurate)
[2019.01.09-10.10.32:340][444]LogSynthBenchmark: Display:   GPU Final Results:
[2019.01.09-10.10.32:340][444]LogSynthBenchmark: Display:          ... 9.216 s/GigaPix, Confidence=100% 'ALUHeavyNoise'
[2019.01.09-10.10.32:340][444]LogSynthBenchmark: Display:          ... 7.624 s/GigaPix, Confidence=100% 'TexHeavy'
[2019.01.09-10.10.32:340][444]LogSynthBenchmark: Display:          ... 6.772 s/GigaPix, Confidence=100% 'DepTexHeavy'
[2019.01.09-10.10.32:340][444]LogSynthBenchmark: Display:          ... 36.282 s/GigaPix, Confidence=89% 'FillOnly'
[2019.01.09-10.10.32:340][444]LogSynthBenchmark: Display:          ... 0.809 s/GigaPix, Confidence=100% 'Bandwidth'
[2019.01.09-10.10.32:340][444]LogSynthBenchmark: Display:          ... 3.372 s/GigaVert, Confidence=100% 'VertThroughPut1'
[2019.01.09-10.10.32:340][444]LogSynthBenchmark: Display:          ... 4.382 s/GigaVert, Confidence=100% 'VertThroughPut2'
[2019.01.09-10.10.32:340][444]LogSynthBenchmark: Display: 
[2019.01.09-10.10.32:340][444]LogSynthBenchmark: Display:   GPU Perf Index 0: 200.3 (weight 1.00)
[2019.01.09-10.10.32:340][444]LogSynthBenchmark: Display:   GPU Perf Index 1: 102.4 (weight 0.10)
[2019.01.09-10.10.32:340][444]LogSynthBenchmark: Display:   GPU Perf Index 2: 176.0 (weight 0.10)
[2019.01.09-10.10.32:340][444]LogSynthBenchmark: Display:   GPU Perf Index 3: 142.5 (weight 3.00)
[2019.01.09-10.10.32:340][444]LogSynthBenchmark: Display:   GPU Perf Index 4: 75.4 (weight 1.00)
[2019.01.09-10.10.32:340][444]LogSynthBenchmark: Display:   GPU Perf Index 5: 219.4 (weight 0.00)
[2019.01.09-10.10.32:340][444]LogSynthBenchmark: Display:   GPU Perf Index 6: 248.0 (weight 0.00)
[2019.01.09-10.10.32:340][444]LogSynthBenchmark: Display:   CPUIndex: 138.0
[2019.01.09-10.10.32:340][444]LogSynthBenchmark: Display:   GPUIndex: 140.6
[2019.01.09-10.10.32:340][444]LogSynthBenchmark: Display: 
[2019.01.09-10.10.32:340][444]LogSynthBenchmark: Display:          ... Total Time: 0.461768 sec
[2019.01.09-10.10.32:343][444]LogWindows: FWindowsPlatformSurvey::TickSurveyHardware() WinSAT assessment unavailable. Unable to examine some hardware metrics. Run the Windows Experience Index Assessment.
[2019.01.09-10.10.42:194][649]LogSlate: FSceneViewport::OnFocusLost() reason 0
[2019.01.09-10.10.57:750][462]LogSlate: FSceneViewport::OnFocusLost() reason 0
[2019.01.09-10.10.59:272][644]LogTemp: Repeating last play command: Selected Viewport
[2019.01.09-10.10.59:290][644]LogBlueprintUserMessages: Early PlayInEditor Detection: Level '/Game/TopDownBP/Maps/TopDownExampleMap.TopDownExampleMap:PersistentLevel' has LevelScriptBlueprint '/Game/TopDownBP/Maps/TopDownExampleMap.TopDownExampleMap:PersistentLevel.TopDownExampleMap' with GeneratedClass '/Game/TopDownBP/Maps/TopDownExampleMap.TopDownExampleMap_C' with ClassGeneratedBy '/Game/TopDownBP/Maps/TopDownExampleMap.TopDownExampleMap:PersistentLevel.TopDownExampleMap'
[2019.01.09-10.10.59:290][644]LogPlayLevel: PlayLevel: No blueprints needed recompiling
[2019.01.09-10.10.59:291][644]PIE: New page: PIE session: TopDownExampleMap (9 Jan 2019 10:10:59)
[2019.01.09-10.10.59:291][644]LogPlayLevel: Creating play world package: /Game/TopDownBP/Maps/UEDPIE_0_TopDownExampleMap
[2019.01.09-10.10.59:328][644]LogPlayLevel: PIE: StaticDuplicateObject took: (0.036931s)
[2019.01.09-10.10.59:329][644]LogAIModule: Creating AISystem for world TopDownExampleMap
[2019.01.09-10.10.59:329][644]LogPlayLevel: PIE: World Init took: (0.000963s)
[2019.01.09-10.10.59:329][644]LogPlayLevel: PIE: Created PIE world by copying editor world from /Game/TopDownBP/Maps/TopDownExampleMap.TopDownExampleMap to /Game/TopDownBP/Maps/UEDPIE_0_TopDownExampleMap.TopDownExampleMap (0.038113s)
[2019.01.09-10.10.59:352][644]LogInit: XAudio2 using 'Speakers (Realtek High Definition Audio)' : 2 channels at 48 kHz using 32 bits per sample (channel mask 0x3)
[2019.01.09-10.10.59:367][644]LogInit: FAudioDevice initialized.
[2019.01.09-10.10.59:411][644]LogLoad: Game class is 'TopDownGameMode_C'
[2019.01.09-10.10.59:415][644]LogWorld: Bringing World /Game/TopDownBP/Maps/UEDPIE_0_TopDownExampleMap.TopDownExampleMap up for play (max tick rate 0) at 2019.01.09-10.10.59
[2019.01.09-10.10.59:415][644]LogWorld: Bringing up level for play took: 0.002447
[2019.01.09-10.10.59:422][644]LogContentBrowser: Native class hierarchy updated for 'MovieSceneCapture' in 0.0003 seconds. Added 11 classes and 0 folders.
[2019.01.09-10.10.59:422][644]PIE: Play in editor start time for /Game/TopDownBP/Maps/UEDPIE_0_TopDownExampleMap -0.038
[2019.01.09-10.10.59:423][644]LogBlueprintUserMessages: Late PlayInEditor Detection: Level '/Game/TopDownBP/Maps/TopDownExampleMap.TopDownExampleMap:PersistentLevel' has LevelScriptBlueprint '/Game/TopDownBP/Maps/TopDownExampleMap.TopDownExampleMap:PersistentLevel.TopDownExampleMap' with GeneratedClass '/Game/TopDownBP/Maps/TopDownExampleMap.TopDownExampleMap_C' with ClassGeneratedBy '/Game/TopDownBP/Maps/TopDownExampleMap.TopDownExampleMap:PersistentLevel.TopDownExampleMap'
[2019.01.09-10.12.22:336][310]LogSlate: FSceneViewport::OnFocusLost() reason 0
[2019.01.09-10.12.22:407][318]LogBlueprintUserMessages: Early EndPlayMap Detection: Level '/Game/TopDownBP/Maps/TopDownExampleMap.TopDownExampleMap:PersistentLevel' has LevelScriptBlueprint '/Game/TopDownBP/Maps/TopDownExampleMap.TopDownExampleMap:PersistentLevel.TopDownExampleMap' with GeneratedClass '/Game/TopDownBP/Maps/TopDownExampleMap.TopDownExampleMap_C' with ClassGeneratedBy '/Game/TopDownBP/Maps/TopDownExampleMap.TopDownExampleMap:PersistentLevel.TopDownExampleMap'
[2019.01.09-10.12.22:439][318]LogBlueprintUserMessages: Late EndPlayMap Detection: Level '/Game/TopDownBP/Maps/TopDownExampleMap.TopDownExampleMap:PersistentLevel' has LevelScriptBlueprint '/Game/TopDownBP/Maps/TopDownExampleMap.TopDownExampleMap:PersistentLevel.TopDownExampleMap' with GeneratedClass '/Game/TopDownBP/Maps/TopDownExampleMap.TopDownExampleMap_C' with ClassGeneratedBy '/Game/TopDownBP/Maps/TopDownExampleMap.TopDownExampleMap:PersistentLevel.TopDownExampleMap'
[2019.01.09-10.12.41:863][613]LogSlate: Took 0.000277 seconds to synchronously load lazily loaded font '../../../Engine/Content/Slate/Fonts/Roboto-Light.ttf' (167K)
[2019.01.09-10.12.42:154][613]LogContentBrowser: Native class hierarchy updated for 'BlueprintGraph' in 0.0006 seconds. Added 116 classes and 0 folders.
[2019.01.09-10.12.42:575][613]LogUObjectGlobals: Created PersistentFrame Addr=0x000001daefe0a7d8, Size=4, Default__SKEL_PROTO_BP_AnimBlueprint_0_C Function /Engine/Transient.SKEL_PROTO_BP_AnimBlueprint_0_C:ExecuteUbergraph_PROTO_BP_AnimBlueprint_0
[2019.01.09-10.12.42:575][613]LogUObjectGlobals: Created PersistentFrame Addr=0x000001daefe0a7d0, Size=4, Default__PROTO_BP_AnimBlueprint_0_C Function /Engine/Transient.PROTO_BP_AnimBlueprint_0_C:ExecuteUbergraph_PROTO_BP_AnimBlueprint_0
[2019.01.09-10.12.43:282][613]LogSlate: Took 0.007128 seconds to synchronously load lazily loaded font '../../../Engine/Content/Slate/Fonts/Roboto-BoldCondensed.ttf' (158K)
[2019.01.09-10.12.43:524][614]LogSlate: Took 0.005944 seconds to synchronously load lazily loaded font '../../../Engine/Content/Slate/Fonts/Roboto-Italic.ttf' (157K)
[2019.01.09-10.13.03:806][846]LogSlate: Window 'TopDownController' being destroyed
[2019.01.09-10.15.37:901][457]LogRenderer: Reallocating scene render targets to support 1208x900 Format 10 NumSamples 1 (Frame:1).
[2019.01.09-10.25.17:680][356]LogSlate: Window 'Pick Parent Class' being destroyed
[2019.01.09-10.25.39:273][890]LogRenderer: Reallocating scene render targets to support 1208x1740 Format 10 NumSamples 1 (Frame:1).
[2019.01.09-10.27.11:761][485]LogSavePackage: Save=145.91ms
[2019.01.09-10.27.11:761][485]LogSavePackage: Moving '../../../../../../Users/gw000979/Documents/GitHub/SCollab-Proto/SP_Prototype/Saved/TopDownExampleMap857B6866454B855C81AAA98D9CB88F79.tmp' to '../../../../../../Users/gw000979/Documents/GitHub/SCollab-Proto/SP_Prototype/Content/TopDownBP/Maps/TopDownExampleMap.umap'
[2019.01.09-10.27.11:788][485]LogSavePackage: Display: Finished SavePackage ../../../../../../Users/gw000979/Documents/GitHub/SCollab-Proto/SP_Prototype/Content/TopDownBP/Maps/TopDownExampleMap.umap
[2019.01.09-10.28.01:573][217]BlueprintLog: New page: Compile PlayerInt
[2019.01.09-10.28.02:159][280]LogSavePackage: Save=8.75ms
[2019.01.09-10.28.02:159][280]LogSavePackage: Moving '../../../../../../Users/gw000979/Documents/GitHub/SCollab-Proto/SP_Prototype/Saved/PlayerInt8A4AA82C43A16707E6F8B58261B61874.tmp' to '../../../../../../Users/gw000979/Documents/GitHub/SCollab-Proto/SP_Prototype/Content/TopDownBP/Interfaces/PlayerInt.uasset'
[2019.01.09-10.28.02:164][280]LogSavePackage: Display: Finished SavePackage ../../../../../../Users/gw000979/Documents/GitHub/SCollab-Proto/SP_Prototype/Content/TopDownBP/Interfaces/PlayerInt.uasset
[2019.01.09-10.28.03:592][448]LogSlate: Window 'PlayerInt' being destroyed
[2019.01.09-10.28.03:595][448]LogSlate: Window 'PlayerInt' being destroyed
[2019.01.09-10.28.03:687][448]LogActorComponent: UnregisterComponent: (/Engine/Transient.EditorFloorComp) Not registered. Aborting.
[2019.01.09-10.28.09:348][ 55]LogSavePackage: Save=12.90ms
[2019.01.09-10.28.09:348][ 55]LogSavePackage: Moving '../../../../../../Users/gw000979/Documents/GitHub/SCollab-Proto/SP_Prototype/Saved/PlayerControllerDC0717EF44DD18E4104DF782FB86463F.tmp' to '../../../../../../Users/gw000979/Documents/GitHub/SCollab-Proto/SP_Prototype/Content/TopDownBP/Blueprints/PlayerController.uasset'
[2019.01.09-10.28.09:352][ 55]LogSavePackage: Display: Finished SavePackage ../../../../../../Users/gw000979/Documents/GitHub/SCollab-Proto/SP_Prototype/Content/TopDownBP/Blueprints/PlayerController.uasset
[2019.01.09-10.28.10:958][246]LogSlate: Window 'PlayerController' being destroyed
[2019.01.09-10.28.10:961][246]LogSlate: Window 'PlayerController' being destroyed
